
30121 : 0xba6bc6ffc27a : 2 : ittapi_config_mask_get :  --itt-config mask to be applied: 17
30121 : 0xba6bc6ffe905 : 2 : ittapi_config_apply_per_lib :  ITTAPI function instrumented: __itt_domain_create
30121 : 0xba6bc6fff6e5 : 2 : ittapi_config_apply_per_lib :  ITTAPI function instrumented: __itt_string_handle_create
30121 : 0xba6bc70006d4 : 2 : ittapi_config_apply_per_lib :  ITTAPI function instrumented: __itt_pause
30121 : 0xba6bc7003b99 : 2 : ittapi_config_apply_per_lib :  ITTAPI function instrumented: __itt_resume
30121 : 0xba6bc70049cb : 2 : ittapi_config_apply_per_lib :  ITTAPI function instrumented: __itt_thread_set_name
30121 : 0xba6bc700565d : 2 : ittapi_config_apply_per_lib :  ITTAPI function instrumented: __itt_thread_ignore
30121 : 0xba6bc70061d7 : 2 : ittapi_config_apply_per_lib :  ITTAPI function instrumented: __itt_thr_name_set
30121 : 0xba6bc7006cad : 2 : ittapi_config_apply_per_lib :  ITTAPI function instrumented: __itt_thr_ignore
30121 : 0xba6bc7007dd6 : 2 : ittapi_config_apply_per_lib :  ITTAPI function not implemented: __itt_enable_attach
30121 : 0xba6bc7011a00 : 2 : ittapi_config_apply_per_lib :  ITTAPI function NOT instrumented (not matched by --itt-config option): __itt_sync_create

30121 : 0xba6bc7012a37 : 2 : ittapi_config_apply_per_lib :  ITTAPI function NOT instrumented (not matched by --itt-config option): __itt_sync_rename

30121 : 0xba6bc70134e8 : 2 : ittapi_config_apply_per_lib :  ITTAPI function NOT instrumented (not matched by --itt-config option): __itt_sync_destroy

30121 : 0xba6bc7013f26 : 2 : ittapi_config_apply_per_lib :  ITTAPI function NOT instrumented (not matched by --itt-config option): __itt_sync_prepare

30121 : 0xba6bc7014826 : 2 : ittapi_config_apply_per_lib :  ITTAPI function NOT instrumented (not matched by --itt-config option): __itt_sync_cancel

30121 : 0xba6bc7015119 : 2 : ittapi_config_apply_per_lib :  ITTAPI function NOT instrumented (not matched by --itt-config option): __itt_sync_acquired

30121 : 0xba6bc7015959 : 2 : ittapi_config_apply_per_lib :  ITTAPI function NOT instrumented (not matched by --itt-config option): __itt_sync_releasing

30121 : 0xba6bc7017714 : 2 : ittapi_config_apply_per_lib :  ITTAPI function not implemented: __itt_suppress_push
30121 : 0xba6bc7018703 : 2 : ittapi_config_apply_per_lib :  ITTAPI function not implemented: __itt_suppress_pop
30121 : 0xba6bc70195e5 : 2 : ittapi_config_apply_per_lib :  ITTAPI function not implemented: __itt_suppress_mark_range
30121 : 0xba6bc701d549 : 2 : ittapi_config_apply_per_lib :  ITTAPI function not implemented: __itt_suppress_clear_range
30121 : 0xba6bc701dff0 : 2 : ittapi_config_apply_per_lib :  ITTAPI function NOT instrumented (not matched by --itt-config option): __itt_sync_prepare

30121 : 0xba6bc701e8f8 : 2 : ittapi_config_apply_per_lib :  ITTAPI function NOT instrumented (not matched by --itt-config option): __itt_sync_cancel

30121 : 0xba6bc701f1c6 : 2 : ittapi_config_apply_per_lib :  ITTAPI function NOT instrumented (not matched by --itt-config option): __itt_sync_acquired

30121 : 0xba6bc701fa27 : 2 : ittapi_config_apply_per_lib :  ITTAPI function NOT instrumented (not matched by --itt-config option): __itt_sync_releasing

30121 : 0xba6bc7020857 : 2 : ittapi_config_apply_per_lib :  ITTAPI function not implemented: __itt_model_site_begin
30121 : 0xba6bc70215a7 : 2 : ittapi_config_apply_per_lib :  ITTAPI function not implemented: __itt_model_site_end
30121 : 0xba6bc702228b : 2 : ittapi_config_apply_per_lib :  ITTAPI function not implemented: __itt_model_task_begin
30121 : 0xba6bc7022f59 : 2 : ittapi_config_apply_per_lib :  ITTAPI function not implemented: __itt_model_task_end
30121 : 0xba6bc7023c4c : 2 : ittapi_config_apply_per_lib :  ITTAPI function not implemented: __itt_model_lock_acquire
30121 : 0xba6bc702792b : 2 : ittapi_config_apply_per_lib :  ITTAPI function not implemented: __itt_model_lock_release
30121 : 0xba6bc702887a : 2 : ittapi_config_apply_per_lib :  ITTAPI function not implemented: __itt_model_record_allocation
30121 : 0xba6bc7029739 : 2 : ittapi_config_apply_per_lib :  ITTAPI function not implemented: __itt_model_record_deallocation
30121 : 0xba6bc702a56c : 2 : ittapi_config_apply_per_lib :  ITTAPI function not implemented: __itt_model_induction_uses
30121 : 0xba6bc702b3dc : 2 : ittapi_config_apply_per_lib :  ITTAPI function not implemented: __itt_model_reduction_uses
30121 : 0xba6bc702c16b : 2 : ittapi_config_apply_per_lib :  ITTAPI function not implemented: __itt_model_observe_uses
30121 : 0xba6bc702d026 : 2 : ittapi_config_apply_per_lib :  ITTAPI function not implemented: __itt_model_clear_uses
30121 : 0xba6bc702dfd0 : 2 : ittapi_config_apply_per_lib :  ITTAPI function not implemented: __itt_model_site_beginA
30121 : 0xba6bc702ef84 : 2 : ittapi_config_apply_per_lib :  ITTAPI function not implemented: __itt_model_site_beginAL
30121 : 0xba6bc702fd04 : 2 : ittapi_config_apply_per_lib :  ITTAPI function not implemented: __itt_model_task_beginA
30121 : 0xba6bc703451b : 2 : ittapi_config_apply_per_lib :  ITTAPI function not implemented: __itt_model_task_beginAL
30121 : 0xba6bc7035622 : 2 : ittapi_config_apply_per_lib :  ITTAPI function not implemented: __itt_model_iteration_taskA
30121 : 0xba6bc7036404 : 2 : ittapi_config_apply_per_lib :  ITTAPI function not implemented: __itt_model_iteration_taskAL
30121 : 0xba6bc7037117 : 2 : ittapi_config_apply_per_lib :  ITTAPI function not implemented: __itt_model_site_end_2
30121 : 0xba6bc7037e14 : 2 : ittapi_config_apply_per_lib :  ITTAPI function not implemented: __itt_model_task_end_2
30121 : 0xba6bc7038c45 : 2 : ittapi_config_apply_per_lib :  ITTAPI function not implemented: __itt_model_lock_acquire_2
30121 : 0xba6bc70399cb : 2 : ittapi_config_apply_per_lib :  ITTAPI function not implemented: __itt_model_lock_release_2
30121 : 0xba6bc703a744 : 2 : ittapi_config_apply_per_lib :  ITTAPI function not implemented: __itt_model_aggregate_task
30121 : 0xba6bc703b489 : 2 : ittapi_config_apply_per_lib :  ITTAPI function not implemented: __itt_model_disable_push
30121 : 0xba6bc703c1b3 : 2 : ittapi_config_apply_per_lib :  ITTAPI function not implemented: __itt_model_disable_pop
30121 : 0xba6bc703f7eb : 2 : ittapi_config_apply_per_lib :  ITTAPI function instrumented: __itt_heap_function_create
30121 : 0xba6bc7040584 : 2 : ittapi_config_apply_per_lib :  ITTAPI function instrumented: __itt_heap_allocate_begin
30121 : 0xba6bc70410fe : 2 : ittapi_config_apply_per_lib :  ITTAPI function instrumented: __itt_heap_allocate_end
30121 : 0xba6bc7041c9d : 2 : ittapi_config_apply_per_lib :  ITTAPI function instrumented: __itt_heap_free_begin
30121 : 0xba6bc70427cc : 2 : ittapi_config_apply_per_lib :  ITTAPI function instrumented: __itt_heap_free_end
30121 : 0xba6bc704335e : 2 : ittapi_config_apply_per_lib :  ITTAPI function instrumented: __itt_heap_reallocate_begin
30121 : 0xba6bc7043eb1 : 2 : ittapi_config_apply_per_lib :  ITTAPI function instrumented: __itt_heap_reallocate_end
30121 : 0xba6bc7044cfa : 2 : ittapi_config_apply_per_lib :  ITTAPI function not implemented: __itt_heap_internal_access_begin
30121 : 0xba6bc7045b24 : 2 : ittapi_config_apply_per_lib :  ITTAPI function not implemented: __itt_heap_internal_access_end
30121 : 0xba6bc7046922 : 2 : ittapi_config_apply_per_lib :  ITTAPI function not implemented: __itt_heap_record_memory_growth_begin
30121 : 0xba6bc704ac34 : 2 : ittapi_config_apply_per_lib :  ITTAPI function not implemented: __itt_heap_record_memory_growth_end
30121 : 0xba6bc704bb4c : 2 : ittapi_config_apply_per_lib :  ITTAPI function not implemented: __itt_heap_reset_detection
30121 : 0xba6bc704c849 : 2 : ittapi_config_apply_per_lib :  ITTAPI function not implemented: __itt_heap_record
30121 : 0xba6bc704d4fa : 2 : ittapi_config_apply_per_lib :  ITTAPI function not implemented: __itt_id_create
30121 : 0xba6bc704e180 : 2 : ittapi_config_apply_per_lib :  ITTAPI function not implemented: __itt_id_destroy
30121 : 0xba6bc704ed08 : 2 : ittapi_config_apply_per_lib :  ITTAPI function instrumented: __itt_get_timestamp
30121 : 0xba6bc704f95f : 2 : ittapi_config_apply_per_lib :  ITTAPI function not implemented: __itt_region_begin
30121 : 0xba6bc70505c2 : 2 : ittapi_config_apply_per_lib :  ITTAPI function not implemented: __itt_region_end
30121 : 0xba6bc705114f : 2 : ittapi_config_apply_per_lib :  ITTAPI function instrumented: __itt_frame_begin_v3
30121 : 0xba6bc7051cae : 2 : ittapi_config_apply_per_lib :  ITTAPI function instrumented: __itt_frame_end_v3
30121 : 0xba6bc7055d06 : 2 : ittapi_config_apply_per_lib :  ITTAPI function instrumented: __itt_frame_submit_v3
30121 : 0xba6bc70567af : 2 : ittapi_config_apply_per_lib :  ITTAPI function NOT instrumented (not matched by --itt-config option): __itt_task_group

30121 : 0xba6bc70570d8 : 2 : ittapi_config_apply_per_lib :  ITTAPI function NOT instrumented (not matched by --itt-config option): __itt_task_begin

30121 : 0xba6bc7057976 : 2 : ittapi_config_apply_per_lib :  ITTAPI function NOT instrumented (not matched by --itt-config option): __itt_task_begin_fn

30121 : 0xba6bc70581d5 : 2 : ittapi_config_apply_per_lib :  ITTAPI function NOT instrumented (not matched by --itt-config option): __itt_task_end

30121 : 0xba6bc7058ae3 : 2 : ittapi_config_apply_per_lib :  ITTAPI function NOT instrumented (not matched by --itt-config option): __itt_counter_inc_v3

30121 : 0xba6bc7059378 : 2 : ittapi_config_apply_per_lib :  ITTAPI function NOT instrumented (not matched by --itt-config option): __itt_counter_inc_delta_v3

30121 : 0xba6bc705a15d : 2 : ittapi_config_apply_per_lib :  ITTAPI function not implemented: __itt_marker
30121 : 0xba6bc705ae95 : 2 : ittapi_config_apply_per_lib :  ITTAPI function instrumented: __itt_metadata_add
30121 : 0xba6bc705bbf1 : 2 : ittapi_config_apply_per_lib :  ITTAPI function not implemented: __itt_metadata_str_add
30121 : 0xba6bc705ebd7 : 2 : ittapi_config_apply_per_lib :  ITTAPI function not implemented: __itt_relation_add_to_current
30121 : 0xba6bc705faca : 2 : ittapi_config_apply_per_lib :  ITTAPI function not implemented: __itt_relation_add
30121 : 0xba6bc706065d : 2 : ittapi_config_apply_per_lib :  ITTAPI function instrumented: __itt_event_create
30121 : 0xba6bc7060ecb : 2 : ittapi_config_apply_per_lib :  ITTAPI function NOT instrumented (not matched by --itt-config option): __itt_event_start

30121 : 0xba6bc706177d : 2 : ittapi_config_apply_per_lib :  ITTAPI function NOT instrumented (not matched by --itt-config option): __itt_event_end

30121 : 0xba6bc7062026 : 2 : ittapi_config_apply_per_lib :  ITTAPI function NOT instrumented (not matched by --itt-config option): __itt_sync_set_name

30121 : 0xba6bc70628b3 : 2 : ittapi_config_apply_per_lib :  ITTAPI function NOT instrumented (not matched by --itt-config option): __itt_notify_sync_name

30121 : 0xba6bc706314e : 2 : ittapi_config_apply_per_lib :  ITTAPI function NOT instrumented (not matched by --itt-config option): __itt_notify_sync_prepare

30121 : 0xba6bc70639d9 : 2 : ittapi_config_apply_per_lib :  ITTAPI function NOT instrumented (not matched by --itt-config option): __itt_notify_sync_cancel

30121 : 0xba6bc7064238 : 2 : ittapi_config_apply_per_lib :  ITTAPI function NOT instrumented (not matched by --itt-config option): __itt_notify_sync_acquired

30121 : 0xba6bc70669f2 : 2 : ittapi_config_apply_per_lib :  ITTAPI function NOT instrumented (not matched by --itt-config option): __itt_notify_sync_releasing

30121 : 0xba6bc70679ae : 2 : ittapi_config_apply_per_lib :  ITTAPI function not implemented: __itt_memory_read
30121 : 0xba6bc7068675 : 2 : ittapi_config_apply_per_lib :  ITTAPI function not implemented: __itt_memory_write
30121 : 0xba6bc70693eb : 2 : ittapi_config_apply_per_lib :  ITTAPI function not implemented: __itt_memory_update
30121 : 0xba6bc706a0b5 : 2 : ittapi_config_apply_per_lib :  ITTAPI function not implemented: __itt_state_get
30121 : 0xba6bc706acfb : 2 : ittapi_config_apply_per_lib :  ITTAPI function not implemented: __itt_state_set
30121 : 0xba6bc706b8f4 : 2 : ittapi_config_apply_per_lib :  ITTAPI function not implemented: __itt_obj_mode_set
30121 : 0xba6bc706c538 : 2 : ittapi_config_apply_per_lib :  ITTAPI function not implemented: __itt_thr_mode_set
30121 : 0xba6bc706d001 : 2 : ittapi_config_apply_per_lib :  ITTAPI function instrumented: __itt_frame_create
30121 : 0xba6bc706dade : 2 : ittapi_config_apply_per_lib :  ITTAPI function instrumented: __itt_frame_begin
30121 : 0xba6bc7071407 : 2 : ittapi_config_apply_per_lib :  ITTAPI function instrumented: __itt_frame_end
30121 : 0xba6bc707214a : 2 : ittapi_config_apply_per_lib :  ITTAPI function instrumented: __itt_counter_create
30121 : 0xba6bc70729f4 : 2 : ittapi_config_apply_per_lib :  ITTAPI function NOT instrumented (not matched by --itt-config option): __itt_counter_destroy

30121 : 0xba6bc70732f3 : 2 : ittapi_config_apply_per_lib :  ITTAPI function NOT instrumented (not matched by --itt-config option): __itt_counter_inc

30121 : 0xba6bc7073bf6 : 2 : ittapi_config_apply_per_lib :  ITTAPI function NOT instrumented (not matched by --itt-config option): __itt_counter_inc_delta

30121 : 0xba6bc70748c5 : 2 : ittapi_config_apply_per_lib :  ITTAPI function not implemented: __itt_mark_create
30121 : 0xba6bc70755d2 : 2 : ittapi_config_apply_per_lib :  ITTAPI function not implemented: __itt_mark
30121 : 0xba6bc70762e4 : 2 : ittapi_config_apply_per_lib :  ITTAPI function not implemented: __itt_mark_off
30121 : 0xba6bc7076f7a : 2 : ittapi_config_apply_per_lib :  ITTAPI function not implemented: __itt_mark_global
30121 : 0xba6bc7077cc2 : 2 : ittapi_config_apply_per_lib :  ITTAPI function not implemented: __itt_mark_global_off
30121 : 0xba6bc707aaed : 2 : ittapi_config_apply_per_lib :  ITTAPI function instrumented: __itt_stack_caller_create
30121 : 0xba6bc707b804 : 2 : ittapi_config_apply_per_lib :  ITTAPI function instrumented: __itt_stack_caller_destroy
30121 : 0xba6bc707c35f : 2 : ittapi_config_apply_per_lib :  ITTAPI function instrumented: __itt_stack_callee_enter
30121 : 0xba6bc707ce4a : 2 : ittapi_config_apply_per_lib :  ITTAPI function instrumented: __itt_stack_callee_leave
30121 : 0xba6bc707db6a : 2 : ittapi_config_apply_per_lib :  ITTAPI function not implemented: __itt_clock_domain_create
30121 : 0xba6bc707e88a : 2 : ittapi_config_apply_per_lib :  ITTAPI function not implemented: __itt_clock_domain_reset
30121 : 0xba6bc707f527 : 2 : ittapi_config_apply_per_lib :  ITTAPI function not implemented: __itt_id_create_ex
30121 : 0xba6bc708027a : 2 : ittapi_config_apply_per_lib :  ITTAPI function not implemented: __itt_id_destroy_ex
30121 : 0xba6bc7080b17 : 2 : ittapi_config_apply_per_lib :  ITTAPI function NOT instrumented (not matched by --itt-config option): __itt_task_begin_ex

30121 : 0xba6bc70813b7 : 2 : ittapi_config_apply_per_lib :  ITTAPI function NOT instrumented (not matched by --itt-config option): __itt_task_begin_fn_ex

30121 : 0xba6bc7083c74 : 2 : ittapi_config_apply_per_lib :  ITTAPI function NOT instrumented (not matched by --itt-config option): __itt_task_end_ex

30121 : 0xba6bc708463c : 2 : ittapi_config_apply_per_lib :  ITTAPI function NOT instrumented (not matched by --itt-config option): __itt_task_begin_overlapped

30121 : 0xba6bc7084ead : 2 : ittapi_config_apply_per_lib :  ITTAPI function NOT instrumented (not matched by --itt-config option): __itt_task_begin_overlapped_ex

30121 : 0xba6bc70856e4 : 2 : ittapi_config_apply_per_lib :  ITTAPI function NOT instrumented (not matched by --itt-config option): __itt_task_end_overlapped

30121 : 0xba6bc7085f54 : 2 : ittapi_config_apply_per_lib :  ITTAPI function NOT instrumented (not matched by --itt-config option): __itt_task_end_overlapped_ex

30121 : 0xba6bc7086ddd : 2 : ittapi_config_apply_per_lib :  ITTAPI function not implemented: __itt_marker_ex
30121 : 0xba6bc7087b9d : 2 : ittapi_config_apply_per_lib :  ITTAPI function not implemented: __itt_metadata_add_with_scope
30121 : 0xba6bc70888e7 : 2 : ittapi_config_apply_per_lib :  ITTAPI function not implemented: __itt_metadata_str_add_with_scope
30121 : 0xba6bc7089662 : 2 : ittapi_config_apply_per_lib :  ITTAPI function not implemented: __itt_relation_add_to_current_ex
30121 : 0xba6bc708a34a : 2 : ittapi_config_apply_per_lib :  ITTAPI function not implemented: __itt_relation_add_ex
30121 : 0xba6bc708d0fc : 2 : ittapi_config_apply_per_lib :  ITTAPI function not implemented: __itt_track_group_create
30121 : 0xba6bc708df3a : 2 : ittapi_config_apply_per_lib :  ITTAPI function not implemented: __itt_track_create
30121 : 0xba6bc708ec36 : 2 : ittapi_config_apply_per_lib :  ITTAPI function not implemented: __itt_set_track
30121 : 0xba6bc708f7c2 : 2 : ittapi_config_apply_per_lib :  ITTAPI function instrumented: __itt_api_version
30121 : 0xba6bc70903bc : 2 : ittapi_config_apply_per_lib :  ITTAPI function not implemented: __itt_av_save
30121 : 0xba6bc70b4fa2 : 2 : ittapi_config_mask_get :  --itt-config mask to be applied: 17
30121 : 0xba6bc70b62fd : 2 : ittapi_config_apply_per_lib :  ITTAPI function instrumented: __itt_domain_create
30121 : 0xba6bc70b6e6e : 2 : ittapi_config_apply_per_lib :  ITTAPI function instrumented: __itt_string_handle_create
30121 : 0xba6bc70b7a84 : 2 : ittapi_config_apply_per_lib :  ITTAPI function instrumented: __itt_pause
30121 : 0xba6bc70b8547 : 2 : ittapi_config_apply_per_lib :  ITTAPI function instrumented: __itt_resume
30121 : 0xba6bc70bd916 : 2 : ittapi_config_apply_per_lib :  ITTAPI function instrumented: __itt_thread_set_name
30121 : 0xba6bc70be77e : 2 : ittapi_config_apply_per_lib :  ITTAPI function instrumented: __itt_thread_ignore
30121 : 0xba6bc70bf303 : 2 : ittapi_config_apply_per_lib :  ITTAPI function instrumented: __itt_thr_name_set
30121 : 0xba6bc70bfdca : 2 : ittapi_config_apply_per_lib :  ITTAPI function instrumented: __itt_thr_ignore
30121 : 0xba6bc70c0cbd : 2 : ittapi_config_apply_per_lib :  ITTAPI function not implemented: __itt_enable_attach
30121 : 0xba6bc70c19aa : 2 : ittapi_config_apply_per_lib :  ITTAPI function instrumented: __itt_detach
30121 : 0xba6bc70c222c : 2 : ittapi_config_apply_per_lib :  ITTAPI function NOT instrumented (not matched by --itt-config option): __itt_sync_create

30121 : 0xba6bc70c2b2f : 2 : ittapi_config_apply_per_lib :  ITTAPI function NOT instrumented (not matched by --itt-config option): __itt_sync_rename

30121 : 0xba6bc70c346a : 2 : ittapi_config_apply_per_lib :  ITTAPI function NOT instrumented (not matched by --itt-config option): __itt_sync_destroy

30121 : 0xba6bc70c3ce0 : 2 : ittapi_config_apply_per_lib :  ITTAPI function NOT instrumented (not matched by --itt-config option): __itt_sync_prepare

30121 : 0xba6bc70c68c6 : 2 : ittapi_config_apply_per_lib :  ITTAPI function NOT instrumented (not matched by --itt-config option): __itt_sync_cancel

30121 : 0xba6bc70c7302 : 2 : ittapi_config_apply_per_lib :  ITTAPI function NOT instrumented (not matched by --itt-config option): __itt_sync_acquired

30121 : 0xba6bc70c7c18 : 2 : ittapi_config_apply_per_lib :  ITTAPI function NOT instrumented (not matched by --itt-config option): __itt_sync_releasing

30121 : 0xba6bc70c8b84 : 2 : ittapi_config_apply_per_lib :  ITTAPI function not implemented: __itt_suppress_push
30121 : 0xba6bc70c99ec : 2 : ittapi_config_apply_per_lib :  ITTAPI function not implemented: __itt_suppress_pop
30121 : 0xba6bc70ca782 : 2 : ittapi_config_apply_per_lib :  ITTAPI function not implemented: __itt_suppress_mark_range
30121 : 0xba6bc70cb450 : 2 : ittapi_config_apply_per_lib :  ITTAPI function not implemented: __itt_suppress_clear_range
30121 : 0xba6bc70cbcc4 : 2 : ittapi_config_apply_per_lib :  ITTAPI function NOT instrumented (not matched by --itt-config option): __itt_sync_prepare

30121 : 0xba6bc70cc56c : 2 : ittapi_config_apply_per_lib :  ITTAPI function NOT instrumented (not matched by --itt-config option): __itt_sync_cancel

30121 : 0xba6bc70ccdfe : 2 : ittapi_config_apply_per_lib :  ITTAPI function NOT instrumented (not matched by --itt-config option): __itt_sync_acquired

30121 : 0xba6bc70cf64a : 2 : ittapi_config_apply_per_lib :  ITTAPI function NOT instrumented (not matched by --itt-config option): __itt_sync_releasing

30121 : 0xba6bc70d0708 : 2 : ittapi_config_apply_per_lib :  ITTAPI function not implemented: __itt_model_site_begin
30121 : 0xba6bc70d142a : 2 : ittapi_config_apply_per_lib :  ITTAPI function not implemented: __itt_model_site_end
30121 : 0xba6bc70d2161 : 2 : ittapi_config_apply_per_lib :  ITTAPI function not implemented: __itt_model_task_begin
30121 : 0xba6bc70d2e3c : 2 : ittapi_config_apply_per_lib :  ITTAPI function not implemented: __itt_model_task_end
30121 : 0xba6bc70d3b0d : 2 : ittapi_config_apply_per_lib :  ITTAPI function not implemented: __itt_model_lock_acquire
30121 : 0xba6bc70d47e0 : 2 : ittapi_config_apply_per_lib :  ITTAPI function not implemented: __itt_model_lock_release
30121 : 0xba6bc70d545b : 2 : ittapi_config_apply_per_lib :  ITTAPI function not implemented: __itt_model_record_allocation
30121 : 0xba6bc70d6136 : 2 : ittapi_config_apply_per_lib :  ITTAPI function not implemented: __itt_model_record_deallocation
30121 : 0xba6bc70d6dd5 : 2 : ittapi_config_apply_per_lib :  ITTAPI function not implemented: __itt_model_induction_uses
30121 : 0xba6bc70daf1e : 2 : ittapi_config_apply_per_lib :  ITTAPI function not implemented: __itt_model_reduction_uses
30121 : 0xba6bc70dbf17 : 2 : ittapi_config_apply_per_lib :  ITTAPI function not implemented: __itt_model_observe_uses
30121 : 0xba6bc70dcc8d : 2 : ittapi_config_apply_per_lib :  ITTAPI function not implemented: __itt_model_clear_uses
30121 : 0xba6bc70dda31 : 2 : ittapi_config_apply_per_lib :  ITTAPI function not implemented: __itt_model_site_beginA
30121 : 0xba6bc70de817 : 2 : ittapi_config_apply_per_lib :  ITTAPI function not implemented: __itt_model_site_beginAL
30121 : 0xba6bc70df4ea : 2 : ittapi_config_apply_per_lib :  ITTAPI function not implemented: __itt_model_task_beginA
30121 : 0xba6bc70e0215 : 2 : ittapi_config_apply_per_lib :  ITTAPI function not implemented: __itt_model_task_beginAL
30121 : 0xba6bc70e0ef3 : 2 : ittapi_config_apply_per_lib :  ITTAPI function not implemented: __itt_model_iteration_taskA
30121 : 0xba6bc70e1bed : 2 : ittapi_config_apply_per_lib :  ITTAPI function not implemented: __itt_model_iteration_taskAL
30121 : 0xba6bc70e285a : 2 : ittapi_config_apply_per_lib :  ITTAPI function not implemented: __itt_model_site_end_2
30121 : 0xba6bc70e5930 : 2 : ittapi_config_apply_per_lib :  ITTAPI function not implemented: __itt_model_task_end_2
30121 : 0xba6bc70e6839 : 2 : ittapi_config_apply_per_lib :  ITTAPI function not implemented: __itt_model_lock_acquire_2
30121 : 0xba6bc70e7589 : 2 : ittapi_config_apply_per_lib :  ITTAPI function not implemented: __itt_model_lock_release_2
30121 : 0xba6bc70e8226 : 2 : ittapi_config_apply_per_lib :  ITTAPI function not implemented: __itt_model_aggregate_task
30121 : 0xba6bc70e8ebd : 2 : ittapi_config_apply_per_lib :  ITTAPI function not implemented: __itt_model_disable_push
30121 : 0xba6bc70e9b45 : 2 : ittapi_config_apply_per_lib :  ITTAPI function not implemented: __itt_model_disable_pop
30121 : 0xba6bc70ea6c6 : 2 : ittapi_config_apply_per_lib :  ITTAPI function instrumented: __itt_heap_function_create
30121 : 0xba6bc70eb1d8 : 2 : ittapi_config_apply_per_lib :  ITTAPI function instrumented: __itt_heap_allocate_begin
30121 : 0xba6bc70ebc73 : 2 : ittapi_config_apply_per_lib :  ITTAPI function instrumented: __itt_heap_allocate_end
30121 : 0xba6bc70ec71a : 2 : ittapi_config_apply_per_lib :  ITTAPI function instrumented: __itt_heap_free_begin
30121 : 0xba6bc70ef1f9 : 2 : ittapi_config_apply_per_lib :  ITTAPI function instrumented: __itt_heap_free_end
30121 : 0xba6bc70efe8c : 2 : ittapi_config_apply_per_lib :  ITTAPI function instrumented: __itt_heap_reallocate_begin
30121 : 0xba6bc70f0980 : 2 : ittapi_config_apply_per_lib :  ITTAPI function instrumented: __itt_heap_reallocate_end
30121 : 0xba6bc70f1712 : 2 : ittapi_config_apply_per_lib :  ITTAPI function not implemented: __itt_heap_internal_access_begin
30121 : 0xba6bc70f2481 : 2 : ittapi_config_apply_per_lib :  ITTAPI function not implemented: __itt_heap_internal_access_end
30121 : 0xba6bc70f31b9 : 2 : ittapi_config_apply_per_lib :  ITTAPI function not implemented: __itt_heap_record_memory_growth_begin
30121 : 0xba6bc70f3e95 : 2 : ittapi_config_apply_per_lib :  ITTAPI function not implemented: __itt_heap_record_memory_growth_end
30121 : 0xba6bc70f4b5b : 2 : ittapi_config_apply_per_lib :  ITTAPI function not implemented: __itt_heap_reset_detection
30121 : 0xba6bc70f57c6 : 2 : ittapi_config_apply_per_lib :  ITTAPI function not implemented: __itt_heap_record
30121 : 0xba6bc70f63f1 : 2 : ittapi_config_apply_per_lib :  ITTAPI function not implemented: __itt_id_create
30121 : 0xba6bc70fa1d5 : 2 : ittapi_config_apply_per_lib :  ITTAPI function not implemented: __itt_id_destroy
30121 : 0xba6bc70fafb7 : 2 : ittapi_config_apply_per_lib :  ITTAPI function instrumented: __itt_get_timestamp
30121 : 0xba6bc70fbc37 : 2 : ittapi_config_apply_per_lib :  ITTAPI function not implemented: __itt_region_begin
30121 : 0xba6bc70fc83d : 2 : ittapi_config_apply_per_lib :  ITTAPI function not implemented: __itt_region_end
30121 : 0xba6bc70fd3a9 : 2 : ittapi_config_apply_per_lib :  ITTAPI function instrumented: __itt_frame_begin_v3
30121 : 0xba6bc70fded5 : 2 : ittapi_config_apply_per_lib :  ITTAPI function instrumented: __itt_frame_end_v3
30121 : 0xba6bc70fea09 : 2 : ittapi_config_apply_per_lib :  ITTAPI function instrumented: __itt_frame_submit_v3
30121 : 0xba6bc70ff22f : 2 : ittapi_config_apply_per_lib :  ITTAPI function NOT instrumented (not matched by --itt-config option): __itt_task_group

30121 : 0xba6bc70ffb31 : 2 : ittapi_config_apply_per_lib :  ITTAPI function NOT instrumented (not matched by --itt-config option): __itt_task_begin

30121 : 0xba6bc7100426 : 2 : ittapi_config_apply_per_lib :  ITTAPI function NOT instrumented (not matched by --itt-config option): __itt_task_begin_fn

30121 : 0xba6bc7102cf6 : 2 : ittapi_config_apply_per_lib :  ITTAPI function NOT instrumented (not matched by --itt-config option): __itt_task_end

30121 : 0xba6bc7103700 : 2 : ittapi_config_apply_per_lib :  ITTAPI function NOT instrumented (not matched by --itt-config option): __itt_counter_inc_v3

30121 : 0xba6bc7103fb1 : 2 : ittapi_config_apply_per_lib :  ITTAPI function NOT instrumented (not matched by --itt-config option): __itt_counter_inc_delta_v3

30121 : 0xba6bc7104da6 : 2 : ittapi_config_apply_per_lib :  ITTAPI function not implemented: __itt_marker
30121 : 0xba6bc7105a00 : 2 : ittapi_config_apply_per_lib :  ITTAPI function instrumented: __itt_metadata_add
30121 : 0xba6bc7106722 : 2 : ittapi_config_apply_per_lib :  ITTAPI function not implemented: __itt_metadata_str_add
30121 : 0xba6bc7107448 : 2 : ittapi_config_apply_per_lib :  ITTAPI function not implemented: __itt_relation_add_to_current
30121 : 0xba6bc71080b2 : 2 : ittapi_config_apply_per_lib :  ITTAPI function not implemented: __itt_relation_add
30121 : 0xba6bc7108bd0 : 2 : ittapi_config_apply_per_lib :  ITTAPI function instrumented: __itt_event_create
30121 : 0xba6bc7109400 : 2 : ittapi_config_apply_per_lib :  ITTAPI function NOT instrumented (not matched by --itt-config option): __itt_event_start

30121 : 0xba6bc710bc20 : 2 : ittapi_config_apply_per_lib :  ITTAPI function NOT instrumented (not matched by --itt-config option): __itt_event_end

30121 : 0xba6bc710c60c : 2 : ittapi_config_apply_per_lib :  ITTAPI function NOT instrumented (not matched by --itt-config option): __itt_sync_set_name

30121 : 0xba6bc710ce93 : 2 : ittapi_config_apply_per_lib :  ITTAPI function NOT instrumented (not matched by --itt-config option): __itt_notify_sync_name

30121 : 0xba6bc710d72c : 2 : ittapi_config_apply_per_lib :  ITTAPI function NOT instrumented (not matched by --itt-config option): __itt_notify_sync_prepare

30121 : 0xba6bc710dfa6 : 2 : ittapi_config_apply_per_lib :  ITTAPI function NOT instrumented (not matched by --itt-config option): __itt_notify_sync_cancel

30121 : 0xba6bc710e816 : 2 : ittapi_config_apply_per_lib :  ITTAPI function NOT instrumented (not matched by --itt-config option): __itt_notify_sync_acquired

30121 : 0xba6bc710f0b1 : 2 : ittapi_config_apply_per_lib :  ITTAPI function NOT instrumented (not matched by --itt-config option): __itt_notify_sync_releasing

30121 : 0xba6bc710feee : 2 : ittapi_config_apply_per_lib :  ITTAPI function not implemented: __itt_memory_read
30121 : 0xba6bc7110bbc : 2 : ittapi_config_apply_per_lib :  ITTAPI function not implemented: __itt_memory_write
30121 : 0xba6bc7111909 : 2 : ittapi_config_apply_per_lib :  ITTAPI function not implemented: __itt_memory_update
30121 : 0xba6bc7114650 : 2 : ittapi_config_apply_per_lib :  ITTAPI function not implemented: __itt_state_get
30121 : 0xba6bc7115425 : 2 : ittapi_config_apply_per_lib :  ITTAPI function not implemented: __itt_state_set
30121 : 0xba6bc7116052 : 2 : ittapi_config_apply_per_lib :  ITTAPI function not implemented: __itt_obj_mode_set
30121 : 0xba6bc7116cac : 2 : ittapi_config_apply_per_lib :  ITTAPI function not implemented: __itt_thr_mode_set
30121 : 0xba6bc7117792 : 2 : ittapi_config_apply_per_lib :  ITTAPI function instrumented: __itt_frame_create
30121 : 0xba6bc711824c : 2 : ittapi_config_apply_per_lib :  ITTAPI function instrumented: __itt_frame_begin
30121 : 0xba6bc7118cd4 : 2 : ittapi_config_apply_per_lib :  ITTAPI function instrumented: __itt_frame_end
30121 : 0xba6bc7119789 : 2 : ittapi_config_apply_per_lib :  ITTAPI function instrumented: __itt_counter_create
30121 : 0xba6bc7119fd8 : 2 : ittapi_config_apply_per_lib :  ITTAPI function NOT instrumented (not matched by --itt-config option): __itt_counter_destroy

30121 : 0xba6bc711a86c : 2 : ittapi_config_apply_per_lib :  ITTAPI function NOT instrumented (not matched by --itt-config option): __itt_counter_inc

30121 : 0xba6bc711def3 : 2 : ittapi_config_apply_per_lib :  ITTAPI function NOT instrumented (not matched by --itt-config option): __itt_counter_inc_delta

30121 : 0xba6bc711eedf : 2 : ittapi_config_apply_per_lib :  ITTAPI function not implemented: __itt_mark_create
30121 : 0xba6bc711fb87 : 2 : ittapi_config_apply_per_lib :  ITTAPI function not implemented: __itt_mark
30121 : 0xba6bc71208d7 : 2 : ittapi_config_apply_per_lib :  ITTAPI function not implemented: __itt_mark_off
30121 : 0xba6bc7121535 : 2 : ittapi_config_apply_per_lib :  ITTAPI function not implemented: __itt_mark_global
30121 : 0xba6bc7122225 : 2 : ittapi_config_apply_per_lib :  ITTAPI function not implemented: __itt_mark_global_off
30121 : 0xba6bc7122ea1 : 2 : ittapi_config_apply_per_lib :  ITTAPI function instrumented: __itt_stack_caller_create
30121 : 0xba6bc71239f8 : 2 : ittapi_config_apply_per_lib :  ITTAPI function instrumented: __itt_stack_caller_destroy
30121 : 0xba6bc71244a9 : 2 : ittapi_config_apply_per_lib :  ITTAPI function instrumented: __itt_stack_callee_enter
30121 : 0xba6bc7124f62 : 2 : ittapi_config_apply_per_lib :  ITTAPI function instrumented: __itt_stack_callee_leave
30121 : 0xba6bc7127dc2 : 2 : ittapi_config_apply_per_lib :  ITTAPI function not implemented: __itt_clock_domain_create
30121 : 0xba6bc7128d1f : 2 : ittapi_config_apply_per_lib :  ITTAPI function not implemented: __itt_clock_domain_reset
30121 : 0xba6bc71299c9 : 2 : ittapi_config_apply_per_lib :  ITTAPI function not implemented: __itt_id_create_ex
30121 : 0xba6bc712a6aa : 2 : ittapi_config_apply_per_lib :  ITTAPI function not implemented: __itt_id_destroy_ex
30121 : 0xba6bc712af28 : 2 : ittapi_config_apply_per_lib :  ITTAPI function NOT instrumented (not matched by --itt-config option): __itt_task_begin_ex

30121 : 0xba6bc712b799 : 2 : ittapi_config_apply_per_lib :  ITTAPI function NOT instrumented (not matched by --itt-config option): __itt_task_begin_fn_ex

30121 : 0xba6bc712c05e : 2 : ittapi_config_apply_per_lib :  ITTAPI function NOT instrumented (not matched by --itt-config option): __itt_task_end_ex

30121 : 0xba6bc712c8bd : 2 : ittapi_config_apply_per_lib :  ITTAPI function NOT instrumented (not matched by --itt-config option): __itt_task_begin_overlapped

30121 : 0xba6bc712d127 : 2 : ittapi_config_apply_per_lib :  ITTAPI function NOT instrumented (not matched by --itt-config option): __itt_task_begin_overlapped_ex

30121 : 0xba6bc712d94e : 2 : ittapi_config_apply_per_lib :  ITTAPI function NOT instrumented (not matched by --itt-config option): __itt_task_end_overlapped

30121 : 0xba6bc71300a5 : 2 : ittapi_config_apply_per_lib :  ITTAPI function NOT instrumented (not matched by --itt-config option): __itt_task_end_overlapped_ex

30121 : 0xba6bc713109c : 2 : ittapi_config_apply_per_lib :  ITTAPI function not implemented: __itt_marker_ex
30121 : 0xba6bc7131e2e : 2 : ittapi_config_apply_per_lib :  ITTAPI function not implemented: __itt_metadata_add_with_scope
30121 : 0xba6bc7132b40 : 2 : ittapi_config_apply_per_lib :  ITTAPI function not implemented: __itt_metadata_str_add_with_scope
30121 : 0xba6bc71338b3 : 2 : ittapi_config_apply_per_lib :  ITTAPI function not implemented: __itt_relation_add_to_current_ex
30121 : 0xba6bc7134574 : 2 : ittapi_config_apply_per_lib :  ITTAPI function not implemented: __itt_relation_add_ex
30121 : 0xba6bc713521c : 2 : ittapi_config_apply_per_lib :  ITTAPI function not implemented: __itt_track_group_create
30121 : 0xba6bc7135e70 : 2 : ittapi_config_apply_per_lib :  ITTAPI function not implemented: __itt_track_create
30121 : 0xba6bc7136a8c : 2 : ittapi_config_apply_per_lib :  ITTAPI function not implemented: __itt_set_track
30121 : 0xba6bc71375ab : 2 : ittapi_config_apply_per_lib :  ITTAPI function instrumented: __itt_api_version
30121 : 0xba6bc713b1a6 : 2 : ittapi_config_apply_per_lib :  ITTAPI function not implemented: __itt_av_save