
29624 : 0xba2dbede90e4 : 2 : ittapi_config_mask_get :  --itt-config mask to be applied: 17
29624 : 0xba2dbedeb84b : 2 : ittapi_config_apply_per_lib :  ITTAPI function instrumented: __itt_domain_create
29624 : 0xba2dbedec549 : 2 : ittapi_config_apply_per_lib :  ITTAPI function instrumented: __itt_string_handle_create
29624 : 0xba2dbeded21b : 2 : ittapi_config_apply_per_lib :  ITTAPI function instrumented: __itt_pause
29624 : 0xba2dbededd93 : 2 : ittapi_config_apply_per_lib :  ITTAPI function instrumented: __itt_resume
29624 : 0xba2dbedee900 : 2 : ittapi_config_apply_per_lib :  ITTAPI function instrumented: __itt_thread_set_name
29624 : 0xba2dbedef48b : 2 : ittapi_config_apply_per_lib :  ITTAPI function instrumented: __itt_thread_ignore
29624 : 0xba2dbedf001b : 2 : ittapi_config_apply_per_lib :  ITTAPI function instrumented: __itt_thr_name_set
29624 : 0xba2dbedf0aff : 2 : ittapi_config_apply_per_lib :  ITTAPI function instrumented: __itt_thr_ignore
29624 : 0xba2dbedf1b97 : 2 : ittapi_config_apply_per_lib :  ITTAPI function not implemented: __itt_enable_attach
29624 : 0xba2dbedfab34 : 2 : ittapi_config_apply_per_lib :  ITTAPI function NOT instrumented (not matched by --itt-config option): __itt_sync_create

29624 : 0xba2dbedfb967 : 2 : ittapi_config_apply_per_lib :  ITTAPI function NOT instrumented (not matched by --itt-config option): __itt_sync_rename

29624 : 0xba2dbedfc38c : 2 : ittapi_config_apply_per_lib :  ITTAPI function NOT instrumented (not matched by --itt-config option): __itt_sync_destroy

29624 : 0xba2dbedfccca : 2 : ittapi_config_apply_per_lib :  ITTAPI function NOT instrumented (not matched by --itt-config option): __itt_sync_prepare

29624 : 0xba2dbedfd5e1 : 2 : ittapi_config_apply_per_lib :  ITTAPI function NOT instrumented (not matched by --itt-config option): __itt_sync_cancel

29624 : 0xba2dbedfe2d5 : 2 : ittapi_config_apply_per_lib :  ITTAPI function NOT instrumented (not matched by --itt-config option): __itt_sync_acquired

29624 : 0xba2dbedfec56 : 2 : ittapi_config_apply_per_lib :  ITTAPI function NOT instrumented (not matched by --itt-config option): __itt_sync_releasing

29624 : 0xba2dbee0085a : 2 : ittapi_config_apply_per_lib :  ITTAPI function not implemented: __itt_suppress_push
29624 : 0xba2dbee019d2 : 2 : ittapi_config_apply_per_lib :  ITTAPI function not implemented: __itt_suppress_pop
29624 : 0xba2dbee029df : 2 : ittapi_config_apply_per_lib :  ITTAPI function not implemented: __itt_suppress_mark_range
29624 : 0xba2dbee06b33 : 2 : ittapi_config_apply_per_lib :  ITTAPI function not implemented: __itt_suppress_clear_range
29624 : 0xba2dbee076fc : 2 : ittapi_config_apply_per_lib :  ITTAPI function NOT instrumented (not matched by --itt-config option): __itt_sync_prepare

29624 : 0xba2dbee08004 : 2 : ittapi_config_apply_per_lib :  ITTAPI function NOT instrumented (not matched by --itt-config option): __itt_sync_cancel

29624 : 0xba2dbee089f0 : 2 : ittapi_config_apply_per_lib :  ITTAPI function NOT instrumented (not matched by --itt-config option): __itt_sync_acquired

29624 : 0xba2dbee09275 : 2 : ittapi_config_apply_per_lib :  ITTAPI function NOT instrumented (not matched by --itt-config option): __itt_sync_releasing

29624 : 0xba2dbee0a325 : 2 : ittapi_config_apply_per_lib :  ITTAPI function not implemented: __itt_model_site_begin
29624 : 0xba2dbee0b04d : 2 : ittapi_config_apply_per_lib :  ITTAPI function not implemented: __itt_model_site_end
29624 : 0xba2dbee0bd2c : 2 : ittapi_config_apply_per_lib :  ITTAPI function not implemented: __itt_model_task_begin
29624 : 0xba2dbee0c9f1 : 2 : ittapi_config_apply_per_lib :  ITTAPI function not implemented: __itt_model_task_end
29624 : 0xba2dbee0d6dc : 2 : ittapi_config_apply_per_lib :  ITTAPI function not implemented: __itt_model_lock_acquire
29624 : 0xba2dbee10860 : 2 : ittapi_config_apply_per_lib :  ITTAPI function not implemented: __itt_model_lock_release
29624 : 0xba2dbee11738 : 2 : ittapi_config_apply_per_lib :  ITTAPI function not implemented: __itt_model_record_allocation
29624 : 0xba2dbee12441 : 2 : ittapi_config_apply_per_lib :  ITTAPI function not implemented: __itt_model_record_deallocation
29624 : 0xba2dbee13118 : 2 : ittapi_config_apply_per_lib :  ITTAPI function not implemented: __itt_model_induction_uses
29624 : 0xba2dbee13dcf : 2 : ittapi_config_apply_per_lib :  ITTAPI function not implemented: __itt_model_reduction_uses
29624 : 0xba2dbee14a85 : 2 : ittapi_config_apply_per_lib :  ITTAPI function not implemented: __itt_model_observe_uses
29624 : 0xba2dbee157b6 : 2 : ittapi_config_apply_per_lib :  ITTAPI function not implemented: __itt_model_clear_uses
29624 : 0xba2dbee1666a : 2 : ittapi_config_apply_per_lib :  ITTAPI function not implemented: __itt_model_site_beginA
29624 : 0xba2dbee174b8 : 2 : ittapi_config_apply_per_lib :  ITTAPI function not implemented: __itt_model_site_beginAL
29624 : 0xba2dbee18207 : 2 : ittapi_config_apply_per_lib :  ITTAPI function not implemented: __itt_model_task_beginA
29624 : 0xba2dbee1c57d : 2 : ittapi_config_apply_per_lib :  ITTAPI function not implemented: __itt_model_task_beginAL
29624 : 0xba2dbee1d7cd : 2 : ittapi_config_apply_per_lib :  ITTAPI function not implemented: __itt_model_iteration_taskA
29624 : 0xba2dbee1e522 : 2 : ittapi_config_apply_per_lib :  ITTAPI function not implemented: __itt_model_iteration_taskAL
29624 : 0xba2dbee1f18d : 2 : ittapi_config_apply_per_lib :  ITTAPI function not implemented: __itt_model_site_end_2
29624 : 0xba2dbee1ff05 : 2 : ittapi_config_apply_per_lib :  ITTAPI function not implemented: __itt_model_task_end_2
29624 : 0xba2dbee20d89 : 2 : ittapi_config_apply_per_lib :  ITTAPI function not implemented: __itt_model_lock_acquire_2
29624 : 0xba2dbee21b14 : 2 : ittapi_config_apply_per_lib :  ITTAPI function not implemented: __itt_model_lock_release_2
29624 : 0xba2dbee227da : 2 : ittapi_config_apply_per_lib :  ITTAPI function not implemented: __itt_model_aggregate_task
29624 : 0xba2dbee2347a : 2 : ittapi_config_apply_per_lib :  ITTAPI function not implemented: __itt_model_disable_push
29624 : 0xba2dbee240f6 : 2 : ittapi_config_apply_per_lib :  ITTAPI function not implemented: __itt_model_disable_pop
29624 : 0xba2dbee27486 : 2 : ittapi_config_apply_per_lib :  ITTAPI function instrumented: __itt_heap_function_create
29624 : 0xba2dbee281bb : 2 : ittapi_config_apply_per_lib :  ITTAPI function instrumented: __itt_heap_allocate_begin
29624 : 0xba2dbee28caa : 2 : ittapi_config_apply_per_lib :  ITTAPI function instrumented: __itt_heap_allocate_end
29624 : 0xba2dbee297f0 : 2 : ittapi_config_apply_per_lib :  ITTAPI function instrumented: __itt_heap_free_begin
29624 : 0xba2dbee2a298 : 2 : ittapi_config_apply_per_lib :  ITTAPI function instrumented: __itt_heap_free_end
29624 : 0xba2dbee2adc8 : 2 : ittapi_config_apply_per_lib :  ITTAPI function instrumented: __itt_heap_reallocate_begin
29624 : 0xba2dbee2b888 : 2 : ittapi_config_apply_per_lib :  ITTAPI function instrumented: __itt_heap_reallocate_end
29624 : 0xba2dbee2c62c : 2 : ittapi_config_apply_per_lib :  ITTAPI function not implemented: __itt_heap_internal_access_begin
29624 : 0xba2dbee2d393 : 2 : ittapi_config_apply_per_lib :  ITTAPI function not implemented: __itt_heap_internal_access_end
29624 : 0xba2dbee2e0dc : 2 : ittapi_config_apply_per_lib :  ITTAPI function not implemented: __itt_heap_record_memory_growth_begin
29624 : 0xba2dbee31531 : 2 : ittapi_config_apply_per_lib :  ITTAPI function not implemented: __itt_heap_record_memory_growth_end
29624 : 0xba2dbee3244a : 2 : ittapi_config_apply_per_lib :  ITTAPI function not implemented: __itt_heap_reset_detection
29624 : 0xba2dbee3312f : 2 : ittapi_config_apply_per_lib :  ITTAPI function not implemented: __itt_heap_record
29624 : 0xba2dbee33dbb : 2 : ittapi_config_apply_per_lib :  ITTAPI function not implemented: __itt_id_create
29624 : 0xba2dbee34a35 : 2 : ittapi_config_apply_per_lib :  ITTAPI function not implemented: __itt_id_destroy
29624 : 0xba2dbee355b1 : 2 : ittapi_config_apply_per_lib :  ITTAPI function instrumented: __itt_get_timestamp
29624 : 0xba2dbee36212 : 2 : ittapi_config_apply_per_lib :  ITTAPI function not implemented: __itt_region_begin
29624 : 0xba2dbee36e6c : 2 : ittapi_config_apply_per_lib :  ITTAPI function not implemented: __itt_region_end
29624 : 0xba2dbee37a0e : 2 : ittapi_config_apply_per_lib :  ITTAPI function instrumented: __itt_frame_begin_v3
29624 : 0xba2dbee3856f : 2 : ittapi_config_apply_per_lib :  ITTAPI function instrumented: __itt_frame_end_v3
29624 : 0xba2dbee3c954 : 2 : ittapi_config_apply_per_lib :  ITTAPI function instrumented: __itt_frame_submit_v3
29624 : 0xba2dbee3d416 : 2 : ittapi_config_apply_per_lib :  ITTAPI function NOT instrumented (not matched by --itt-config option): __itt_task_group

29624 : 0xba2dbee3ddc7 : 2 : ittapi_config_apply_per_lib :  ITTAPI function NOT instrumented (not matched by --itt-config option): __itt_task_begin

29624 : 0xba2dbee3e670 : 2 : ittapi_config_apply_per_lib :  ITTAPI function NOT instrumented (not matched by --itt-config option): __itt_task_begin_fn

29624 : 0xba2dbee3eeeb : 2 : ittapi_config_apply_per_lib :  ITTAPI function NOT instrumented (not matched by --itt-config option): __itt_task_end

29624 : 0xba2dbee3f7b1 : 2 : ittapi_config_apply_per_lib :  ITTAPI function NOT instrumented (not matched by --itt-config option): __itt_counter_inc_v3

29624 : 0xba2dbee4006b : 2 : ittapi_config_apply_per_lib :  ITTAPI function NOT instrumented (not matched by --itt-config option): __itt_counter_inc_delta_v3

29624 : 0xba2dbee40f61 : 2 : ittapi_config_apply_per_lib :  ITTAPI function not implemented: __itt_marker
29624 : 0xba2dbee41cc6 : 2 : ittapi_config_apply_per_lib :  ITTAPI function instrumented: __itt_metadata_add
29624 : 0xba2dbee42a49 : 2 : ittapi_config_apply_per_lib :  ITTAPI function not implemented: __itt_metadata_str_add
29624 : 0xba2dbee45d7f : 2 : ittapi_config_apply_per_lib :  ITTAPI function not implemented: __itt_relation_add_to_current
29624 : 0xba2dbee46c69 : 2 : ittapi_config_apply_per_lib :  ITTAPI function not implemented: __itt_relation_add
29624 : 0xba2dbee4782b : 2 : ittapi_config_apply_per_lib :  ITTAPI function instrumented: __itt_event_create
29624 : 0xba2dbee480a6 : 2 : ittapi_config_apply_per_lib :  ITTAPI function NOT instrumented (not matched by --itt-config option): __itt_event_start

29624 : 0xba2dbee4896b : 2 : ittapi_config_apply_per_lib :  ITTAPI function NOT instrumented (not matched by --itt-config option): __itt_event_end

29624 : 0xba2dbee49233 : 2 : ittapi_config_apply_per_lib :  ITTAPI function NOT instrumented (not matched by --itt-config option): __itt_sync_set_name

29624 : 0xba2dbee49ad2 : 2 : ittapi_config_apply_per_lib :  ITTAPI function NOT instrumented (not matched by --itt-config option): __itt_notify_sync_name

29624 : 0xba2dbee4a37e : 2 : ittapi_config_apply_per_lib :  ITTAPI function NOT instrumented (not matched by --itt-config option): __itt_notify_sync_prepare

29624 : 0xba2dbee4ac1f : 2 : ittapi_config_apply_per_lib :  ITTAPI function NOT instrumented (not matched by --itt-config option): __itt_notify_sync_cancel

29624 : 0xba2dbee4b4a0 : 2 : ittapi_config_apply_per_lib :  ITTAPI function NOT instrumented (not matched by --itt-config option): __itt_notify_sync_acquired

29624 : 0xba2dbee4dd52 : 2 : ittapi_config_apply_per_lib :  ITTAPI function NOT instrumented (not matched by --itt-config option): __itt_notify_sync_releasing

29624 : 0xba2dbee4ed60 : 2 : ittapi_config_apply_per_lib :  ITTAPI function not implemented: __itt_memory_read
29624 : 0xba2dbee4fa61 : 2 : ittapi_config_apply_per_lib :  ITTAPI function not implemented: __itt_memory_write
29624 : 0xba2dbee507b4 : 2 : ittapi_config_apply_per_lib :  ITTAPI function not implemented: __itt_memory_update
29624 : 0xba2dbee5147b : 2 : ittapi_config_apply_per_lib :  ITTAPI function not implemented: __itt_state_get
29624 : 0xba2dbee520b9 : 2 : ittapi_config_apply_per_lib :  ITTAPI function not implemented: __itt_state_set
29624 : 0xba2dbee52ca0 : 2 : ittapi_config_apply_per_lib :  ITTAPI function not implemented: __itt_obj_mode_set
29624 : 0xba2dbee538fc : 2 : ittapi_config_apply_per_lib :  ITTAPI function not implemented: __itt_thr_mode_set
29624 : 0xba2dbee543d5 : 2 : ittapi_config_apply_per_lib :  ITTAPI function instrumented: __itt_frame_create
29624 : 0xba2dbee54ec7 : 2 : ittapi_config_apply_per_lib :  ITTAPI function instrumented: __itt_frame_begin
29624 : 0xba2dbee58913 : 2 : ittapi_config_apply_per_lib :  ITTAPI function instrumented: __itt_frame_end
29624 : 0xba2dbee5966b : 2 : ittapi_config_apply_per_lib :  ITTAPI function instrumented: __itt_counter_create
29624 : 0xba2dbee59f3e : 2 : ittapi_config_apply_per_lib :  ITTAPI function NOT instrumented (not matched by --itt-config option): __itt_counter_destroy

29624 : 0xba2dbee5a81d : 2 : ittapi_config_apply_per_lib :  ITTAPI function NOT instrumented (not matched by --itt-config option): __itt_counter_inc

29624 : 0xba2dbee5b0e8 : 2 : ittapi_config_apply_per_lib :  ITTAPI function NOT instrumented (not matched by --itt-config option): __itt_counter_inc_delta

29624 : 0xba2dbee5bdd7 : 2 : ittapi_config_apply_per_lib :  ITTAPI function not implemented: __itt_mark_create
29624 : 0xba2dbee5caf4 : 2 : ittapi_config_apply_per_lib :  ITTAPI function not implemented: __itt_mark
29624 : 0xba2dbee5d7cb : 2 : ittapi_config_apply_per_lib :  ITTAPI function not implemented: __itt_mark_off
29624 : 0xba2dbee5e453 : 2 : ittapi_config_apply_per_lib :  ITTAPI function not implemented: __itt_mark_global
29624 : 0xba2dbee5f167 : 2 : ittapi_config_apply_per_lib :  ITTAPI function not implemented: __itt_mark_global_off
29624 : 0xba2dbee62230 : 2 : ittapi_config_apply_per_lib :  ITTAPI function instrumented: __itt_stack_caller_create
29624 : 0xba2dbee62f8a : 2 : ittapi_config_apply_per_lib :  ITTAPI function instrumented: __itt_stack_caller_destroy
29624 : 0xba2dbee63ac0 : 2 : ittapi_config_apply_per_lib :  ITTAPI function instrumented: __itt_stack_callee_enter
29624 : 0xba2dbee645df : 2 : ittapi_config_apply_per_lib :  ITTAPI function instrumented: __itt_stack_callee_leave
29624 : 0xba2dbee652af : 2 : ittapi_config_apply_per_lib :  ITTAPI function not implemented: __itt_clock_domain_create
29624 : 0xba2dbee65fe5 : 2 : ittapi_config_apply_per_lib :  ITTAPI function not implemented: __itt_clock_domain_reset
29624 : 0xba2dbee66c62 : 2 : ittapi_config_apply_per_lib :  ITTAPI function not implemented: __itt_id_create_ex
29624 : 0xba2dbee67984 : 2 : ittapi_config_apply_per_lib :  ITTAPI function not implemented: __itt_id_destroy_ex
29624 : 0xba2dbee68235 : 2 : ittapi_config_apply_per_lib :  ITTAPI function NOT instrumented (not matched by --itt-config option): __itt_task_begin_ex

29624 : 0xba2dbee68b03 : 2 : ittapi_config_apply_per_lib :  ITTAPI function NOT instrumented (not matched by --itt-config option): __itt_task_begin_fn_ex

29624 : 0xba2dbee6b3fd : 2 : ittapi_config_apply_per_lib :  ITTAPI function NOT instrumented (not matched by --itt-config option): __itt_task_end_ex

29624 : 0xba2dbee6be4a : 2 : ittapi_config_apply_per_lib :  ITTAPI function NOT instrumented (not matched by --itt-config option): __itt_task_begin_overlapped

29624 : 0xba2dbee6c6c5 : 2 : ittapi_config_apply_per_lib :  ITTAPI function NOT instrumented (not matched by --itt-config option): __itt_task_begin_overlapped_ex

29624 : 0xba2dbee6cf1f : 2 : ittapi_config_apply_per_lib :  ITTAPI function NOT instrumented (not matched by --itt-config option): __itt_task_end_overlapped

29624 : 0xba2dbee6d7a9 : 2 : ittapi_config_apply_per_lib :  ITTAPI function NOT instrumented (not matched by --itt-config option): __itt_task_end_overlapped_ex

29624 : 0xba2dbee6e6c2 : 2 : ittapi_config_apply_per_lib :  ITTAPI function not implemented: __itt_marker_ex
29624 : 0xba2dbee6f47c : 2 : ittapi_config_apply_per_lib :  ITTAPI function not implemented: __itt_metadata_add_with_scope
29624 : 0xba2dbee701ee : 2 : ittapi_config_apply_per_lib :  ITTAPI function not implemented: __itt_metadata_str_add_with_scope
29624 : 0xba2dbee70f35 : 2 : ittapi_config_apply_per_lib :  ITTAPI function not implemented: __itt_relation_add_to_current_ex
29624 : 0xba2dbee71c0d : 2 : ittapi_config_apply_per_lib :  ITTAPI function not implemented: __itt_relation_add_ex
29624 : 0xba2dbee74ac0 : 2 : ittapi_config_apply_per_lib :  ITTAPI function not implemented: __itt_track_group_create
29624 : 0xba2dbee75941 : 2 : ittapi_config_apply_per_lib :  ITTAPI function not implemented: __itt_track_create
29624 : 0xba2dbee7660d : 2 : ittapi_config_apply_per_lib :  ITTAPI function not implemented: __itt_set_track
29624 : 0xba2dbee771a2 : 2 : ittapi_config_apply_per_lib :  ITTAPI function instrumented: __itt_api_version
29624 : 0xba2dbee77dd0 : 2 : ittapi_config_apply_per_lib :  ITTAPI function not implemented: __itt_av_save
29624 : 0xba2dbee9b332 : 2 : ittapi_config_mask_get :  --itt-config mask to be applied: 17
29624 : 0xba2dbee9c683 : 2 : ittapi_config_apply_per_lib :  ITTAPI function instrumented: __itt_domain_create
29624 : 0xba2dbee9d219 : 2 : ittapi_config_apply_per_lib :  ITTAPI function instrumented: __itt_string_handle_create
29624 : 0xba2dbee9de2d : 2 : ittapi_config_apply_per_lib :  ITTAPI function instrumented: __itt_pause
29624 : 0xba2dbee9e928 : 2 : ittapi_config_apply_per_lib :  ITTAPI function instrumented: __itt_resume
29624 : 0xba2dbeea3e0f : 2 : ittapi_config_apply_per_lib :  ITTAPI function instrumented: __itt_thread_set_name
29624 : 0xba2dbeea4c71 : 2 : ittapi_config_apply_per_lib :  ITTAPI function instrumented: __itt_thread_ignore
29624 : 0xba2dbeea5842 : 2 : ittapi_config_apply_per_lib :  ITTAPI function instrumented: __itt_thr_name_set
29624 : 0xba2dbeea635a : 2 : ittapi_config_apply_per_lib :  ITTAPI function instrumented: __itt_thr_ignore
29624 : 0xba2dbeea7254 : 2 : ittapi_config_apply_per_lib :  ITTAPI function not implemented: __itt_enable_attach
29624 : 0xba2dbeea7fa7 : 2 : ittapi_config_apply_per_lib :  ITTAPI function instrumented: __itt_detach
29624 : 0xba2dbeea8847 : 2 : ittapi_config_apply_per_lib :  ITTAPI function NOT instrumented (not matched by --itt-config option): __itt_sync_create

29624 : 0xba2dbeea916a : 2 : ittapi_config_apply_per_lib :  ITTAPI function NOT instrumented (not matched by --itt-config option): __itt_sync_rename

29624 : 0xba2dbeea9aa0 : 2 : ittapi_config_apply_per_lib :  ITTAPI function NOT instrumented (not matched by --itt-config option): __itt_sync_destroy

29624 : 0xba2dbeeaa344 : 2 : ittapi_config_apply_per_lib :  ITTAPI function NOT instrumented (not matched by --itt-config option): __itt_sync_prepare

29624 : 0xba2dbeead24b : 2 : ittapi_config_apply_per_lib :  ITTAPI function NOT instrumented (not matched by --itt-config option): __itt_sync_cancel

29624 : 0xba2dbeeadc9b : 2 : ittapi_config_apply_per_lib :  ITTAPI function NOT instrumented (not matched by --itt-config option): __itt_sync_acquired

29624 : 0xba2dbeeae586 : 2 : ittapi_config_apply_per_lib :  ITTAPI function NOT instrumented (not matched by --itt-config option): __itt_sync_releasing

29624 : 0xba2dbeeaf50b : 2 : ittapi_config_apply_per_lib :  ITTAPI function not implemented: __itt_suppress_push
29624 : 0xba2dbeeb03da : 2 : ittapi_config_apply_per_lib :  ITTAPI function not implemented: __itt_suppress_pop
29624 : 0xba2dbeeb11a7 : 2 : ittapi_config_apply_per_lib :  ITTAPI function not implemented: __itt_suppress_mark_range
29624 : 0xba2dbeeb1e9f : 2 : ittapi_config_apply_per_lib :  ITTAPI function not implemented: __itt_suppress_clear_range
29624 : 0xba2dbeeb2735 : 2 : ittapi_config_apply_per_lib :  ITTAPI function NOT instrumented (not matched by --itt-config option): __itt_sync_prepare

29624 : 0xba2dbeeb2ff9 : 2 : ittapi_config_apply_per_lib :  ITTAPI function NOT instrumented (not matched by --itt-config option): __itt_sync_cancel

29624 : 0xba2dbeeb38a8 : 2 : ittapi_config_apply_per_lib :  ITTAPI function NOT instrumented (not matched by --itt-config option): __itt_sync_acquired

29624 : 0xba2dbeeb6268 : 2 : ittapi_config_apply_per_lib :  ITTAPI function NOT instrumented (not matched by --itt-config option): __itt_sync_releasing

29624 : 0xba2dbeeb7365 : 2 : ittapi_config_apply_per_lib :  ITTAPI function not implemented: __itt_model_site_begin
29624 : 0xba2dbeeb80b8 : 2 : ittapi_config_apply_per_lib :  ITTAPI function not implemented: __itt_model_site_end
29624 : 0xba2dbeeb8e16 : 2 : ittapi_config_apply_per_lib :  ITTAPI function not implemented: __itt_model_task_begin
29624 : 0xba2dbeeb9ada : 2 : ittapi_config_apply_per_lib :  ITTAPI function not implemented: __itt_model_task_end
29624 : 0xba2dbeeba7bb : 2 : ittapi_config_apply_per_lib :  ITTAPI function not implemented: __itt_model_lock_acquire
29624 : 0xba2dbeebb4d1 : 2 : ittapi_config_apply_per_lib :  ITTAPI function not implemented: __itt_model_lock_release
29624 : 0xba2dbeebc16b : 2 : ittapi_config_apply_per_lib :  ITTAPI function not implemented: __itt_model_record_allocation
29624 : 0xba2dbeebce5c : 2 : ittapi_config_apply_per_lib :  ITTAPI function not implemented: __itt_model_record_deallocation
29624 : 0xba2dbeebdb0e : 2 : ittapi_config_apply_per_lib :  ITTAPI function not implemented: __itt_model_induction_uses
29624 : 0xba2dbeec1dbf : 2 : ittapi_config_apply_per_lib :  ITTAPI function not implemented: __itt_model_reduction_uses
29624 : 0xba2dbeec2d6c : 2 : ittapi_config_apply_per_lib :  ITTAPI function not implemented: __itt_model_observe_uses
29624 : 0xba2dbeec3ab7 : 2 : ittapi_config_apply_per_lib :  ITTAPI function not implemented: __itt_model_clear_uses
29624 : 0xba2dbeec487b : 2 : ittapi_config_apply_per_lib :  ITTAPI function not implemented: __itt_model_site_beginA
29624 : 0xba2dbeec565d : 2 : ittapi_config_apply_per_lib :  ITTAPI function not implemented: __itt_model_site_beginAL
29624 : 0xba2dbeec6326 : 2 : ittapi_config_apply_per_lib :  ITTAPI function not implemented: __itt_model_task_beginA
29624 : 0xba2dbeec7042 : 2 : ittapi_config_apply_per_lib :  ITTAPI function not implemented: __itt_model_task_beginAL
29624 : 0xba2dbeec7d31 : 2 : ittapi_config_apply_per_lib :  ITTAPI function not implemented: __itt_model_iteration_taskA
29624 : 0xba2dbeec8a26 : 2 : ittapi_config_apply_per_lib :  ITTAPI function not implemented: __itt_model_iteration_taskAL
29624 : 0xba2dbeec96b7 : 2 : ittapi_config_apply_per_lib :  ITTAPI function not implemented: __itt_model_site_end_2
29624 : 0xba2dbeecc794 : 2 : ittapi_config_apply_per_lib :  ITTAPI function not implemented: __itt_model_task_end_2
29624 : 0xba2dbeecd68f : 2 : ittapi_config_apply_per_lib :  ITTAPI function not implemented: __itt_model_lock_acquire_2
29624 : 0xba2dbeece3d5 : 2 : ittapi_config_apply_per_lib :  ITTAPI function not implemented: __itt_model_lock_release_2
29624 : 0xba2dbeecf08c : 2 : ittapi_config_apply_per_lib :  ITTAPI function not implemented: __itt_model_aggregate_task
29624 : 0xba2dbeecfd42 : 2 : ittapi_config_apply_per_lib :  ITTAPI function not implemented: __itt_model_disable_push
29624 : 0xba2dbeed09ca : 2 : ittapi_config_apply_per_lib :  ITTAPI function not implemented: __itt_model_disable_pop
29624 : 0xba2dbeed1596 : 2 : ittapi_config_apply_per_lib :  ITTAPI function instrumented: __itt_heap_function_create
29624 : 0xba2dbeed20f3 : 2 : ittapi_config_apply_per_lib :  ITTAPI function instrumented: __itt_heap_allocate_begin
29624 : 0xba2dbeed2bad : 2 : ittapi_config_apply_per_lib :  ITTAPI function instrumented: __itt_heap_allocate_end
29624 : 0xba2dbeed36bb : 2 : ittapi_config_apply_per_lib :  ITTAPI function instrumented: __itt_heap_free_begin
29624 : 0xba2dbeed6322 : 2 : ittapi_config_apply_per_lib :  ITTAPI function instrumented: __itt_heap_free_end
29624 : 0xba2dbeed7011 : 2 : ittapi_config_apply_per_lib :  ITTAPI function instrumented: __itt_heap_reallocate_begin
29624 : 0xba2dbeed7b40 : 2 : ittapi_config_apply_per_lib :  ITTAPI function instrumented: __itt_heap_reallocate_end
29624 : 0xba2dbeed88d8 : 2 : ittapi_config_apply_per_lib :  ITTAPI function not implemented: __itt_heap_internal_access_begin
29624 : 0xba2dbeed96bc : 2 : ittapi_config_apply_per_lib :  ITTAPI function not implemented: __itt_heap_internal_access_end
29624 : 0xba2dbeeda42a : 2 : ittapi_config_apply_per_lib :  ITTAPI function not implemented: __itt_heap_record_memory_growth_begin
29624 : 0xba2dbeedb12d : 2 : ittapi_config_apply_per_lib :  ITTAPI function not implemented: __itt_heap_record_memory_growth_end
29624 : 0xba2dbeedbe37 : 2 : ittapi_config_apply_per_lib :  ITTAPI function not implemented: __itt_heap_reset_detection
29624 : 0xba2dbeedcae8 : 2 : ittapi_config_apply_per_lib :  ITTAPI function not implemented: __itt_heap_record
29624 : 0xba2dbeedd760 : 2 : ittapi_config_apply_per_lib :  ITTAPI function not implemented: __itt_id_create
29624 : 0xba2dbeee15eb : 2 : ittapi_config_apply_per_lib :  ITTAPI function not implemented: __itt_id_destroy
29624 : 0xba2dbeee2419 : 2 : ittapi_config_apply_per_lib :  ITTAPI function instrumented: __itt_get_timestamp
29624 : 0xba2dbeee3057 : 2 : ittapi_config_apply_per_lib :  ITTAPI function not implemented: __itt_region_begin
29624 : 0xba2dbeee3c83 : 2 : ittapi_config_apply_per_lib :  ITTAPI function not implemented: __itt_region_end
29624 : 0xba2dbeee4816 : 2 : ittapi_config_apply_per_lib :  ITTAPI function instrumented: __itt_frame_begin_v3
29624 : 0xba2dbeee532c : 2 : ittapi_config_apply_per_lib :  ITTAPI function instrumented: __itt_frame_end_v3
29624 : 0xba2dbeee5e64 : 2 : ittapi_config_apply_per_lib :  ITTAPI function instrumented: __itt_frame_submit_v3
29624 : 0xba2dbeee66ab : 2 : ittapi_config_apply_per_lib :  ITTAPI function NOT instrumented (not matched by --itt-config option): __itt_task_group

29624 : 0xba2dbeee6fe8 : 2 : ittapi_config_apply_per_lib :  ITTAPI function NOT instrumented (not matched by --itt-config option): __itt_task_begin

29624 : 0xba2dbeee7909 : 2 : ittapi_config_apply_per_lib :  ITTAPI function NOT instrumented (not matched by --itt-config option): __itt_task_begin_fn

29624 : 0xba2dbeeea31f : 2 : ittapi_config_apply_per_lib :  ITTAPI function NOT instrumented (not matched by --itt-config option): __itt_task_end

29624 : 0xba2dbeeead92 : 2 : ittapi_config_apply_per_lib :  ITTAPI function NOT instrumented (not matched by --itt-config option): __itt_counter_inc_v3

29624 : 0xba2dbeeeb6c1 : 2 : ittapi_config_apply_per_lib :  ITTAPI function NOT instrumented (not matched by --itt-config option): __itt_counter_inc_delta_v3

29624 : 0xba2dbeeec50c : 2 : ittapi_config_apply_per_lib :  ITTAPI function not implemented: __itt_marker
29624 : 0xba2dbeeed1e1 : 2 : ittapi_config_apply_per_lib :  ITTAPI function instrumented: __itt_metadata_add
29624 : 0xba2dbeeedf8a : 2 : ittapi_config_apply_per_lib :  ITTAPI function not implemented: __itt_metadata_str_add
29624 : 0xba2dbeeeecba : 2 : ittapi_config_apply_per_lib :  ITTAPI function not implemented: __itt_relation_add_to_current
29624 : 0xba2dbeeef949 : 2 : ittapi_config_apply_per_lib :  ITTAPI function not implemented: __itt_relation_add
29624 : 0xba2dbeef0493 : 2 : ittapi_config_apply_per_lib :  ITTAPI function instrumented: __itt_event_create
29624 : 0xba2dbeef0cef : 2 : ittapi_config_apply_per_lib :  ITTAPI function NOT instrumented (not matched by --itt-config option): __itt_event_start

29624 : 0xba2dbeef3669 : 2 : ittapi_config_apply_per_lib :  ITTAPI function NOT instrumented (not matched by --itt-config option): __itt_event_end

29624 : 0xba2dbeef408a : 2 : ittapi_config_apply_per_lib :  ITTAPI function NOT instrumented (not matched by --itt-config option): __itt_sync_set_name

29624 : 0xba2dbeef4929 : 2 : ittapi_config_apply_per_lib :  ITTAPI function NOT instrumented (not matched by --itt-config option): __itt_notify_sync_name

29624 : 0xba2dbeef51ed : 2 : ittapi_config_apply_per_lib :  ITTAPI function NOT instrumented (not matched by --itt-config option): __itt_notify_sync_prepare

29624 : 0xba2dbeef5ab0 : 2 : ittapi_config_apply_per_lib :  ITTAPI function NOT instrumented (not matched by --itt-config option): __itt_notify_sync_cancel

29624 : 0xba2dbeef635a : 2 : ittapi_config_apply_per_lib :  ITTAPI function NOT instrumented (not matched by --itt-config option): __itt_notify_sync_acquired

29624 : 0xba2dbeef6bfd : 2 : ittapi_config_apply_per_lib :  ITTAPI function NOT instrumented (not matched by --itt-config option): __itt_notify_sync_releasing

29624 : 0xba2dbeef7a79 : 2 : ittapi_config_apply_per_lib :  ITTAPI function not implemented: __itt_memory_read
29624 : 0xba2dbeef8787 : 2 : ittapi_config_apply_per_lib :  ITTAPI function not implemented: __itt_memory_write
29624 : 0xba2dbeef951c : 2 : ittapi_config_apply_per_lib :  ITTAPI function not implemented: __itt_memory_update
29624 : 0xba2dbeefc331 : 2 : ittapi_config_apply_per_lib :  ITTAPI function not implemented: __itt_state_get
29624 : 0xba2dbeefd103 : 2 : ittapi_config_apply_per_lib :  ITTAPI function not implemented: __itt_state_set
29624 : 0xba2dbeefdd9f : 2 : ittapi_config_apply_per_lib :  ITTAPI function not implemented: __itt_obj_mode_set
29624 : 0xba2dbeefea4a : 2 : ittapi_config_apply_per_lib :  ITTAPI function not implemented: __itt_thr_mode_set
29624 : 0xba2dbeeff571 : 2 : ittapi_config_apply_per_lib :  ITTAPI function instrumented: __itt_frame_create
29624 : 0xba2dbef0008c : 2 : ittapi_config_apply_per_lib :  ITTAPI function instrumented: __itt_frame_begin
29624 : 0xba2dbef00b2d : 2 : ittapi_config_apply_per_lib :  ITTAPI function instrumented: __itt_frame_end
29624 : 0xba2dbef01624 : 2 : ittapi_config_apply_per_lib :  ITTAPI function instrumented: __itt_counter_create
29624 : 0xba2dbef01e97 : 2 : ittapi_config_apply_per_lib :  ITTAPI function NOT instrumented (not matched by --itt-config option): __itt_counter_destroy

29624 : 0xba2dbef02748 : 2 : ittapi_config_apply_per_lib :  ITTAPI function NOT instrumented (not matched by --itt-config option): __itt_counter_inc

29624 : 0xba2dbef05f78 : 2 : ittapi_config_apply_per_lib :  ITTAPI function NOT instrumented (not matched by --itt-config option): __itt_counter_inc_delta

29624 : 0xba2dbef06ff4 : 2 : ittapi_config_apply_per_lib :  ITTAPI function not implemented: __itt_mark_create
29624 : 0xba2dbef07d1c : 2 : ittapi_config_apply_per_lib :  ITTAPI function not implemented: __itt_mark
29624 : 0xba2dbef08a95 : 2 : ittapi_config_apply_per_lib :  ITTAPI function not implemented: __itt_mark_off
29624 : 0xba2dbef09713 : 2 : ittapi_config_apply_per_lib :  ITTAPI function not implemented: __itt_mark_global
29624 : 0xba2dbef0a407 : 2 : ittapi_config_apply_per_lib :  ITTAPI function not implemented: __itt_mark_global_off
29624 : 0xba2dbef0b0d2 : 2 : ittapi_config_apply_per_lib :  ITTAPI function instrumented: __itt_stack_caller_create
29624 : 0xba2dbef0bc47 : 2 : ittapi_config_apply_per_lib :  ITTAPI function instrumented: __itt_stack_caller_destroy
29624 : 0xba2dbef0c752 : 2 : ittapi_config_apply_per_lib :  ITTAPI function instrumented: __itt_stack_callee_enter
29624 : 0xba2dbef0d235 : 2 : ittapi_config_apply_per_lib :  ITTAPI function instrumented: __itt_stack_callee_leave
29624 : 0xba2dbef1024d : 2 : ittapi_config_apply_per_lib :  ITTAPI function not implemented: __itt_clock_domain_create
29624 : 0xba2dbef111c7 : 2 : ittapi_config_apply_per_lib :  ITTAPI function not implemented: __itt_clock_domain_reset
29624 : 0xba2dbef11e5b : 2 : ittapi_config_apply_per_lib :  ITTAPI function not implemented: __itt_id_create_ex
29624 : 0xba2dbef12b62 : 2 : ittapi_config_apply_per_lib :  ITTAPI function not implemented: __itt_id_destroy_ex
29624 : 0xba2dbef13425 : 2 : ittapi_config_apply_per_lib :  ITTAPI function NOT instrumented (not matched by --itt-config option): __itt_task_begin_ex

29624 : 0xba2dbef13cd4 : 2 : ittapi_config_apply_per_lib :  ITTAPI function NOT instrumented (not matched by --itt-config option): __itt_task_begin_fn_ex

29624 : 0xba2dbef145cd : 2 : ittapi_config_apply_per_lib :  ITTAPI function NOT instrumented (not matched by --itt-config option): __itt_task_end_ex

29624 : 0xba2dbef14e73 : 2 : ittapi_config_apply_per_lib :  ITTAPI function NOT instrumented (not matched by --itt-config option): __itt_task_begin_overlapped

29624 : 0xba2dbef156fb : 2 : ittapi_config_apply_per_lib :  ITTAPI function NOT instrumented (not matched by --itt-config option): __itt_task_begin_overlapped_ex

29624 : 0xba2dbef15f5a : 2 : ittapi_config_apply_per_lib :  ITTAPI function NOT instrumented (not matched by --itt-config option): __itt_task_end_overlapped

29624 : 0xba2dbef1880c : 2 : ittapi_config_apply_per_lib :  ITTAPI function NOT instrumented (not matched by --itt-config option): __itt_task_end_overlapped_ex

29624 : 0xba2dbef1987a : 2 : ittapi_config_apply_per_lib :  ITTAPI function not implemented: __itt_marker_ex
29624 : 0xba2dbef1a61a : 2 : ittapi_config_apply_per_lib :  ITTAPI function not implemented: __itt_metadata_add_with_scope
29624 : 0xba2dbef1b365 : 2 : ittapi_config_apply_per_lib :  ITTAPI function not implemented: __itt_metadata_str_add_with_scope
29624 : 0xba2dbef1c0c4 : 2 : ittapi_config_apply_per_lib :  ITTAPI function not implemented: __itt_relation_add_to_current_ex
29624 : 0xba2dbef1cd9a : 2 : ittapi_config_apply_per_lib :  ITTAPI function not implemented: __itt_relation_add_ex
29624 : 0xba2dbef1da8b : 2 : ittapi_config_apply_per_lib :  ITTAPI function not implemented: __itt_track_group_create
29624 : 0xba2dbef1e701 : 2 : ittapi_config_apply_per_lib :  ITTAPI function not implemented: __itt_track_create
29624 : 0xba2dbef1f364 : 2 : ittapi_config_apply_per_lib :  ITTAPI function not implemented: __itt_set_track
29624 : 0xba2dbef1fed3 : 2 : ittapi_config_apply_per_lib :  ITTAPI function instrumented: __itt_api_version
29624 : 0xba2dbef23c72 : 2 : ittapi_config_apply_per_lib :  ITTAPI function not implemented: __itt_av_save