
30057 : 0xba6a2c3cf2db : 2 : ittapi_config_mask_get :  --itt-config mask to be applied: 17
30057 : 0xba6a2c3d1991 : 2 : ittapi_config_apply_per_lib :  ITTAPI function instrumented: __itt_domain_create
30057 : 0xba6a2c3d269a : 2 : ittapi_config_apply_per_lib :  ITTAPI function instrumented: __itt_string_handle_create
30057 : 0xba6a2c3d32f1 : 2 : ittapi_config_apply_per_lib :  ITTAPI function instrumented: __itt_pause
30057 : 0xba6a2c3d3e4a : 2 : ittapi_config_apply_per_lib :  ITTAPI function instrumented: __itt_resume
30057 : 0xba6a2c3d49a7 : 2 : ittapi_config_apply_per_lib :  ITTAPI function instrumented: __itt_thread_set_name
30057 : 0xba6a2c3d551e : 2 : ittapi_config_apply_per_lib :  ITTAPI function instrumented: __itt_thread_ignore
30057 : 0xba6a2c3d6098 : 2 : ittapi_config_apply_per_lib :  ITTAPI function instrumented: __itt_thr_name_set
30057 : 0xba6a2c3d6b49 : 2 : ittapi_config_apply_per_lib :  ITTAPI function instrumented: __itt_thr_ignore
30057 : 0xba6a2c3d7bec : 2 : ittapi_config_apply_per_lib :  ITTAPI function not implemented: __itt_enable_attach
30057 : 0xba6a2c3e09e0 : 2 : ittapi_config_apply_per_lib :  ITTAPI function NOT instrumented (not matched by --itt-config option): __itt_sync_create

30057 : 0xba6a2c3e187a : 2 : ittapi_config_apply_per_lib :  ITTAPI function NOT instrumented (not matched by --itt-config option): __itt_sync_rename

30057 : 0xba6a2c3e21bb : 2 : ittapi_config_apply_per_lib :  ITTAPI function NOT instrumented (not matched by --itt-config option): __itt_sync_destroy

30057 : 0xba6a2c3e2ace : 2 : ittapi_config_apply_per_lib :  ITTAPI function NOT instrumented (not matched by --itt-config option): __itt_sync_prepare

30057 : 0xba6a2c3e338a : 2 : ittapi_config_apply_per_lib :  ITTAPI function NOT instrumented (not matched by --itt-config option): __itt_sync_cancel

30057 : 0xba6a2c3e3c0e : 2 : ittapi_config_apply_per_lib :  ITTAPI function NOT instrumented (not matched by --itt-config option): __itt_sync_acquired

30057 : 0xba6a2c3e4853 : 2 : ittapi_config_apply_per_lib :  ITTAPI function NOT instrumented (not matched by --itt-config option): __itt_sync_releasing

30057 : 0xba6a2c3e65bf : 2 : ittapi_config_apply_per_lib :  ITTAPI function not implemented: __itt_suppress_push
30057 : 0xba6a2c3e74bb : 2 : ittapi_config_apply_per_lib :  ITTAPI function not implemented: __itt_suppress_pop
30057 : 0xba6a2c3e8433 : 2 : ittapi_config_apply_per_lib :  ITTAPI function not implemented: __itt_suppress_mark_range
30057 : 0xba6a2c3ec4d3 : 2 : ittapi_config_apply_per_lib :  ITTAPI function not implemented: __itt_suppress_clear_range
30057 : 0xba6a2c3ed0ea : 2 : ittapi_config_apply_per_lib :  ITTAPI function NOT instrumented (not matched by --itt-config option): __itt_sync_prepare

30057 : 0xba6a2c3eda63 : 2 : ittapi_config_apply_per_lib :  ITTAPI function NOT instrumented (not matched by --itt-config option): __itt_sync_cancel

30057 : 0xba6a2c3ee2c9 : 2 : ittapi_config_apply_per_lib :  ITTAPI function NOT instrumented (not matched by --itt-config option): __itt_sync_acquired

30057 : 0xba6a2c3eeb3b : 2 : ittapi_config_apply_per_lib :  ITTAPI function NOT instrumented (not matched by --itt-config option): __itt_sync_releasing

30057 : 0xba6a2c3efb04 : 2 : ittapi_config_apply_per_lib :  ITTAPI function not implemented: __itt_model_site_begin
30057 : 0xba6a2c3f083c : 2 : ittapi_config_apply_per_lib :  ITTAPI function not implemented: __itt_model_site_end
30057 : 0xba6a2c3f14dd : 2 : ittapi_config_apply_per_lib :  ITTAPI function not implemented: __itt_model_task_begin
30057 : 0xba6a2c3f2148 : 2 : ittapi_config_apply_per_lib :  ITTAPI function not implemented: __itt_model_task_end
30057 : 0xba6a2c3f2df6 : 2 : ittapi_config_apply_per_lib :  ITTAPI function not implemented: __itt_model_lock_acquire
30057 : 0xba6a2c3f5da6 : 2 : ittapi_config_apply_per_lib :  ITTAPI function not implemented: __itt_model_lock_release
30057 : 0xba6a2c3f6c1f : 2 : ittapi_config_apply_per_lib :  ITTAPI function not implemented: __itt_model_record_allocation
30057 : 0xba6a2c3f792d : 2 : ittapi_config_apply_per_lib :  ITTAPI function not implemented: __itt_model_record_deallocation
30057 : 0xba6a2c3f8604 : 2 : ittapi_config_apply_per_lib :  ITTAPI function not implemented: __itt_model_induction_uses
30057 : 0xba6a2c3f9290 : 2 : ittapi_config_apply_per_lib :  ITTAPI function not implemented: __itt_model_reduction_uses
30057 : 0xba6a2c3f9f33 : 2 : ittapi_config_apply_per_lib :  ITTAPI function not implemented: __itt_model_observe_uses
30057 : 0xba6a2c3facb5 : 2 : ittapi_config_apply_per_lib :  ITTAPI function not implemented: __itt_model_clear_uses
30057 : 0xba6a2c3fba2e : 2 : ittapi_config_apply_per_lib :  ITTAPI function not implemented: __itt_model_site_beginA
30057 : 0xba6a2c3fc839 : 2 : ittapi_config_apply_per_lib :  ITTAPI function not implemented: __itt_model_site_beginAL
30057 : 0xba6a2c3fd60d : 2 : ittapi_config_apply_per_lib :  ITTAPI function not implemented: __itt_model_task_beginA
30057 : 0xba6a2c4017ea : 2 : ittapi_config_apply_per_lib :  ITTAPI function not implemented: __itt_model_task_beginAL
30057 : 0xba6a2c402727 : 2 : ittapi_config_apply_per_lib :  ITTAPI function not implemented: __itt_model_iteration_taskA
30057 : 0xba6a2c40342f : 2 : ittapi_config_apply_per_lib :  ITTAPI function not implemented: __itt_model_iteration_taskAL
30057 : 0xba6a2c404366 : 2 : ittapi_config_apply_per_lib :  ITTAPI function not implemented: __itt_model_site_end_2
30057 : 0xba6a2c404ff7 : 2 : ittapi_config_apply_per_lib :  ITTAPI function not implemented: __itt_model_task_end_2
30057 : 0xba6a2c405d29 : 2 : ittapi_config_apply_per_lib :  ITTAPI function not implemented: __itt_model_lock_acquire_2
30057 : 0xba6a2c406bad : 2 : ittapi_config_apply_per_lib :  ITTAPI function not implemented: __itt_model_lock_release_2
30057 : 0xba6a2c407951 : 2 : ittapi_config_apply_per_lib :  ITTAPI function not implemented: __itt_model_aggregate_task
30057 : 0xba6a2c40861c : 2 : ittapi_config_apply_per_lib :  ITTAPI function not implemented: __itt_model_disable_push
30057 : 0xba6a2c40926b : 2 : ittapi_config_apply_per_lib :  ITTAPI function not implemented: __itt_model_disable_pop
30057 : 0xba6a2c40c2e0 : 2 : ittapi_config_apply_per_lib :  ITTAPI function instrumented: __itt_heap_function_create
30057 : 0xba6a2c40cfce : 2 : ittapi_config_apply_per_lib :  ITTAPI function instrumented: __itt_heap_allocate_begin
30057 : 0xba6a2c40dac0 : 2 : ittapi_config_apply_per_lib :  ITTAPI function instrumented: __itt_heap_allocate_end
30057 : 0xba6a2c40e5ee : 2 : ittapi_config_apply_per_lib :  ITTAPI function instrumented: __itt_heap_free_begin
30057 : 0xba6a2c40f066 : 2 : ittapi_config_apply_per_lib :  ITTAPI function instrumented: __itt_heap_free_end
30057 : 0xba6a2c40fb6f : 2 : ittapi_config_apply_per_lib :  ITTAPI function instrumented: __itt_heap_reallocate_begin
30057 : 0xba6a2c410630 : 2 : ittapi_config_apply_per_lib :  ITTAPI function instrumented: __itt_heap_reallocate_end
30057 : 0xba6a2c411388 : 2 : ittapi_config_apply_per_lib :  ITTAPI function not implemented: __itt_heap_internal_access_begin
30057 : 0xba6a2c4120cb : 2 : ittapi_config_apply_per_lib :  ITTAPI function not implemented: __itt_heap_internal_access_end
30057 : 0xba6a2c412dab : 2 : ittapi_config_apply_per_lib :  ITTAPI function not implemented: __itt_heap_record_memory_growth_begin
30057 : 0xba6a2c4162b2 : 2 : ittapi_config_apply_per_lib :  ITTAPI function not implemented: __itt_heap_record_memory_growth_end
30057 : 0xba6a2c41718e : 2 : ittapi_config_apply_per_lib :  ITTAPI function not implemented: __itt_heap_reset_detection
30057 : 0xba6a2c417e86 : 2 : ittapi_config_apply_per_lib :  ITTAPI function not implemented: __itt_heap_record
30057 : 0xba6a2c418ac1 : 2 : ittapi_config_apply_per_lib :  ITTAPI function not implemented: __itt_id_create
30057 : 0xba6a2c419705 : 2 : ittapi_config_apply_per_lib :  ITTAPI function not implemented: __itt_id_destroy
30057 : 0xba6a2c41a273 : 2 : ittapi_config_apply_per_lib :  ITTAPI function instrumented: __itt_get_timestamp
30057 : 0xba6a2c41ae47 : 2 : ittapi_config_apply_per_lib :  ITTAPI function not implemented: __itt_region_begin
30057 : 0xba6a2c41ba44 : 2 : ittapi_config_apply_per_lib :  ITTAPI function not implemented: __itt_region_end
30057 : 0xba6a2c41c59e : 2 : ittapi_config_apply_per_lib :  ITTAPI function instrumented: __itt_frame_begin_v3
30057 : 0xba6a2c41d0e6 : 2 : ittapi_config_apply_per_lib :  ITTAPI function instrumented: __itt_frame_end_v3
30057 : 0xba6a2c4215c4 : 2 : ittapi_config_apply_per_lib :  ITTAPI function instrumented: __itt_frame_submit_v3
30057 : 0xba6a2c42200e : 2 : ittapi_config_apply_per_lib :  ITTAPI function NOT instrumented (not matched by --itt-config option): __itt_task_group

30057 : 0xba6a2c422937 : 2 : ittapi_config_apply_per_lib :  ITTAPI function NOT instrumented (not matched by --itt-config option): __itt_task_begin

30057 : 0xba6a2c4231e7 : 2 : ittapi_config_apply_per_lib :  ITTAPI function NOT instrumented (not matched by --itt-config option): __itt_task_begin_fn

30057 : 0xba6a2c423a46 : 2 : ittapi_config_apply_per_lib :  ITTAPI function NOT instrumented (not matched by --itt-config option): __itt_task_end

30057 : 0xba6a2c4242dd : 2 : ittapi_config_apply_per_lib :  ITTAPI function NOT instrumented (not matched by --itt-config option): __itt_counter_inc_v3

30057 : 0xba6a2c424bea : 2 : ittapi_config_apply_per_lib :  ITTAPI function NOT instrumented (not matched by --itt-config option): __itt_counter_inc_delta_v3

30057 : 0xba6a2c425a17 : 2 : ittapi_config_apply_per_lib :  ITTAPI function not implemented: __itt_marker
30057 : 0xba6a2c426728 : 2 : ittapi_config_apply_per_lib :  ITTAPI function instrumented: __itt_metadata_add
30057 : 0xba6a2c427466 : 2 : ittapi_config_apply_per_lib :  ITTAPI function not implemented: __itt_metadata_str_add
30057 : 0xba6a2c42a590 : 2 : ittapi_config_apply_per_lib :  ITTAPI function not implemented: __itt_relation_add_to_current
30057 : 0xba6a2c42b456 : 2 : ittapi_config_apply_per_lib :  ITTAPI function not implemented: __itt_relation_add
30057 : 0xba6a2c42c00f : 2 : ittapi_config_apply_per_lib :  ITTAPI function instrumented: __itt_event_create
30057 : 0xba6a2c42c862 : 2 : ittapi_config_apply_per_lib :  ITTAPI function NOT instrumented (not matched by --itt-config option): __itt_event_start

30057 : 0xba6a2c42d135 : 2 : ittapi_config_apply_per_lib :  ITTAPI function NOT instrumented (not matched by --itt-config option): __itt_event_end

30057 : 0xba6a2c42d9f3 : 2 : ittapi_config_apply_per_lib :  ITTAPI function NOT instrumented (not matched by --itt-config option): __itt_sync_set_name

30057 : 0xba6a2c42e283 : 2 : ittapi_config_apply_per_lib :  ITTAPI function NOT instrumented (not matched by --itt-config option): __itt_notify_sync_name

30057 : 0xba6a2c42eb1a : 2 : ittapi_config_apply_per_lib :  ITTAPI function NOT instrumented (not matched by --itt-config option): __itt_notify_sync_prepare

30057 : 0xba6a2c42f3b5 : 2 : ittapi_config_apply_per_lib :  ITTAPI function NOT instrumented (not matched by --itt-config option): __itt_notify_sync_cancel

30057 : 0xba6a2c42fc32 : 2 : ittapi_config_apply_per_lib :  ITTAPI function NOT instrumented (not matched by --itt-config option): __itt_notify_sync_acquired

30057 : 0xba6a2c432486 : 2 : ittapi_config_apply_per_lib :  ITTAPI function NOT instrumented (not matched by --itt-config option): __itt_notify_sync_releasing

30057 : 0xba6a2c433408 : 2 : ittapi_config_apply_per_lib :  ITTAPI function not implemented: __itt_memory_read
30057 : 0xba6a2c4340cd : 2 : ittapi_config_apply_per_lib :  ITTAPI function not implemented: __itt_memory_write
30057 : 0xba6a2c434e09 : 2 : ittapi_config_apply_per_lib :  ITTAPI function not implemented: __itt_memory_update
30057 : 0xba6a2c435a8d : 2 : ittapi_config_apply_per_lib :  ITTAPI function not implemented: __itt_state_get
30057 : 0xba6a2c4366ad : 2 : ittapi_config_apply_per_lib :  ITTAPI function not implemented: __itt_state_set
30057 : 0xba6a2c437292 : 2 : ittapi_config_apply_per_lib :  ITTAPI function not implemented: __itt_obj_mode_set
30057 : 0xba6a2c437ec2 : 2 : ittapi_config_apply_per_lib :  ITTAPI function not implemented: __itt_thr_mode_set
30057 : 0xba6a2c438969 : 2 : ittapi_config_apply_per_lib :  ITTAPI function instrumented: __itt_frame_create
30057 : 0xba6a2c43942e : 2 : ittapi_config_apply_per_lib :  ITTAPI function instrumented: __itt_frame_begin
30057 : 0xba6a2c43cda6 : 2 : ittapi_config_apply_per_lib :  ITTAPI function instrumented: __itt_frame_end
30057 : 0xba6a2c43dacf : 2 : ittapi_config_apply_per_lib :  ITTAPI function instrumented: __itt_counter_create
30057 : 0xba6a2c43e39e : 2 : ittapi_config_apply_per_lib :  ITTAPI function NOT instrumented (not matched by --itt-config option): __itt_counter_destroy

30057 : 0xba6a2c43ec6d : 2 : ittapi_config_apply_per_lib :  ITTAPI function NOT instrumented (not matched by --itt-config option): __itt_counter_inc

30057 : 0xba6a2c43f574 : 2 : ittapi_config_apply_per_lib :  ITTAPI function NOT instrumented (not matched by --itt-config option): __itt_counter_inc_delta

30057 : 0xba6a2c44021e : 2 : ittapi_config_apply_per_lib :  ITTAPI function not implemented: __itt_mark_create
30057 : 0xba6a2c440ef9 : 2 : ittapi_config_apply_per_lib :  ITTAPI function not implemented: __itt_mark
30057 : 0xba6a2c441bbe : 2 : ittapi_config_apply_per_lib :  ITTAPI function not implemented: __itt_mark_off
30057 : 0xba6a2c442805 : 2 : ittapi_config_apply_per_lib :  ITTAPI function not implemented: __itt_mark_global
30057 : 0xba6a2c44350a : 2 : ittapi_config_apply_per_lib :  ITTAPI function not implemented: __itt_mark_global_off
30057 : 0xba6a2c446402 : 2 : ittapi_config_apply_per_lib :  ITTAPI function instrumented: __itt_stack_caller_create
30057 : 0xba6a2c4470d5 : 2 : ittapi_config_apply_per_lib :  ITTAPI function instrumented: __itt_stack_caller_destroy
30057 : 0xba6a2c447c2f : 2 : ittapi_config_apply_per_lib :  ITTAPI function instrumented: __itt_stack_callee_enter
30057 : 0xba6a2c44871f : 2 : ittapi_config_apply_per_lib :  ITTAPI function instrumented: __itt_stack_callee_leave
30057 : 0xba6a2c4493f0 : 2 : ittapi_config_apply_per_lib :  ITTAPI function not implemented: __itt_clock_domain_create
30057 : 0xba6a2c44a0d2 : 2 : ittapi_config_apply_per_lib :  ITTAPI function not implemented: __itt_clock_domain_reset
30057 : 0xba6a2c44ad0e : 2 : ittapi_config_apply_per_lib :  ITTAPI function not implemented: __itt_id_create_ex
30057 : 0xba6a2c44b9f6 : 2 : ittapi_config_apply_per_lib :  ITTAPI function not implemented: __itt_id_destroy_ex
30057 : 0xba6a2c44c27b : 2 : ittapi_config_apply_per_lib :  ITTAPI function NOT instrumented (not matched by --itt-config option): __itt_task_begin_ex

30057 : 0xba6a2c44cb3b : 2 : ittapi_config_apply_per_lib :  ITTAPI function NOT instrumented (not matched by --itt-config option): __itt_task_begin_fn_ex

30057 : 0xba6a2c44f341 : 2 : ittapi_config_apply_per_lib :  ITTAPI function NOT instrumented (not matched by --itt-config option): __itt_task_end_ex

30057 : 0xba6a2c44fd40 : 2 : ittapi_config_apply_per_lib :  ITTAPI function NOT instrumented (not matched by --itt-config option): __itt_task_begin_overlapped

30057 : 0xba6a2c450595 : 2 : ittapi_config_apply_per_lib :  ITTAPI function NOT instrumented (not matched by --itt-config option): __itt_task_begin_overlapped_ex

30057 : 0xba6a2c450dd0 : 2 : ittapi_config_apply_per_lib :  ITTAPI function NOT instrumented (not matched by --itt-config option): __itt_task_end_overlapped

30057 : 0xba6a2c451651 : 2 : ittapi_config_apply_per_lib :  ITTAPI function NOT instrumented (not matched by --itt-config option): __itt_task_end_overlapped_ex

30057 : 0xba6a2c452488 : 2 : ittapi_config_apply_per_lib :  ITTAPI function not implemented: __itt_marker_ex
30057 : 0xba6a2c453212 : 2 : ittapi_config_apply_per_lib :  ITTAPI function not implemented: __itt_metadata_add_with_scope
30057 : 0xba6a2c453f2a : 2 : ittapi_config_apply_per_lib :  ITTAPI function not implemented: __itt_metadata_str_add_with_scope
30057 : 0xba6a2c454c5a : 2 : ittapi_config_apply_per_lib :  ITTAPI function not implemented: __itt_relation_add_to_current_ex
30057 : 0xba6a2c455adf : 2 : ittapi_config_apply_per_lib :  ITTAPI function not implemented: __itt_relation_add_ex
30057 : 0xba6a2c4588ea : 2 : ittapi_config_apply_per_lib :  ITTAPI function not implemented: __itt_track_group_create
30057 : 0xba6a2c459717 : 2 : ittapi_config_apply_per_lib :  ITTAPI function not implemented: __itt_track_create
30057 : 0xba6a2c45a3e9 : 2 : ittapi_config_apply_per_lib :  ITTAPI function not implemented: __itt_set_track
30057 : 0xba6a2c45af61 : 2 : ittapi_config_apply_per_lib :  ITTAPI function instrumented: __itt_api_version
30057 : 0xba6a2c45bb48 : 2 : ittapi_config_apply_per_lib :  ITTAPI function not implemented: __itt_av_save
30057 : 0xba6a2c480967 : 2 : ittapi_config_mask_get :  --itt-config mask to be applied: 17
30057 : 0xba6a2c481cd7 : 2 : ittapi_config_apply_per_lib :  ITTAPI function instrumented: __itt_domain_create
30057 : 0xba6a2c482844 : 2 : ittapi_config_apply_per_lib :  ITTAPI function instrumented: __itt_string_handle_create
30057 : 0xba6a2c483444 : 2 : ittapi_config_apply_per_lib :  ITTAPI function instrumented: __itt_pause
30057 : 0xba6a2c483eff : 2 : ittapi_config_apply_per_lib :  ITTAPI function instrumented: __itt_resume
30057 : 0xba6a2c4893ab : 2 : ittapi_config_apply_per_lib :  ITTAPI function instrumented: __itt_thread_set_name
30057 : 0xba6a2c48a1d7 : 2 : ittapi_config_apply_per_lib :  ITTAPI function instrumented: __itt_thread_ignore
30057 : 0xba6a2c48ad68 : 2 : ittapi_config_apply_per_lib :  ITTAPI function instrumented: __itt_thr_name_set
30057 : 0xba6a2c48b838 : 2 : ittapi_config_apply_per_lib :  ITTAPI function instrumented: __itt_thr_ignore
30057 : 0xba6a2c48c73f : 2 : ittapi_config_apply_per_lib :  ITTAPI function not implemented: __itt_enable_attach
30057 : 0xba6a2c48d45b : 2 : ittapi_config_apply_per_lib :  ITTAPI function instrumented: __itt_detach
30057 : 0xba6a2c48dcf3 : 2 : ittapi_config_apply_per_lib :  ITTAPI function NOT instrumented (not matched by --itt-config option): __itt_sync_create

30057 : 0xba6a2c48e60d : 2 : ittapi_config_apply_per_lib :  ITTAPI function NOT instrumented (not matched by --itt-config option): __itt_sync_rename

30057 : 0xba6a2c48eecf : 2 : ittapi_config_apply_per_lib :  ITTAPI function NOT instrumented (not matched by --itt-config option): __itt_sync_destroy

30057 : 0xba6a2c48f72c : 2 : ittapi_config_apply_per_lib :  ITTAPI function NOT instrumented (not matched by --itt-config option): __itt_sync_prepare

30057 : 0xba6a2c4923b9 : 2 : ittapi_config_apply_per_lib :  ITTAPI function NOT instrumented (not matched by --itt-config option): __itt_sync_cancel

30057 : 0xba6a2c492ddd : 2 : ittapi_config_apply_per_lib :  ITTAPI function NOT instrumented (not matched by --itt-config option): __itt_sync_acquired

30057 : 0xba6a2c49365d : 2 : ittapi_config_apply_per_lib :  ITTAPI function NOT instrumented (not matched by --itt-config option): __itt_sync_releasing

30057 : 0xba6a2c494558 : 2 : ittapi_config_apply_per_lib :  ITTAPI function not implemented: __itt_suppress_push
30057 : 0xba6a2c4953ef : 2 : ittapi_config_apply_per_lib :  ITTAPI function not implemented: __itt_suppress_pop
30057 : 0xba6a2c49614a : 2 : ittapi_config_apply_per_lib :  ITTAPI function not implemented: __itt_suppress_mark_range
30057 : 0xba6a2c496df9 : 2 : ittapi_config_apply_per_lib :  ITTAPI function not implemented: __itt_suppress_clear_range
30057 : 0xba6a2c49765d : 2 : ittapi_config_apply_per_lib :  ITTAPI function NOT instrumented (not matched by --itt-config option): __itt_sync_prepare

30057 : 0xba6a2c497efc : 2 : ittapi_config_apply_per_lib :  ITTAPI function NOT instrumented (not matched by --itt-config option): __itt_sync_cancel

30057 : 0xba6a2c498789 : 2 : ittapi_config_apply_per_lib :  ITTAPI function NOT instrumented (not matched by --itt-config option): __itt_sync_acquired

30057 : 0xba6a2c49afbc : 2 : ittapi_config_apply_per_lib :  ITTAPI function NOT instrumented (not matched by --itt-config option): __itt_sync_releasing

30057 : 0xba6a2c49c02f : 2 : ittapi_config_apply_per_lib :  ITTAPI function not implemented: __itt_model_site_begin
30057 : 0xba6a2c49cd5e : 2 : ittapi_config_apply_per_lib :  ITTAPI function not implemented: __itt_model_site_end
30057 : 0xba6a2c49da8f : 2 : ittapi_config_apply_per_lib :  ITTAPI function not implemented: __itt_model_task_begin
30057 : 0xba6a2c49e723 : 2 : ittapi_config_apply_per_lib :  ITTAPI function not implemented: __itt_model_task_end
30057 : 0xba6a2c49f3db : 2 : ittapi_config_apply_per_lib :  ITTAPI function not implemented: __itt_model_lock_acquire
30057 : 0xba6a2c4a00bf : 2 : ittapi_config_apply_per_lib :  ITTAPI function not implemented: __itt_model_lock_release
30057 : 0xba6a2c4a0d35 : 2 : ittapi_config_apply_per_lib :  ITTAPI function not implemented: __itt_model_record_allocation
30057 : 0xba6a2c4a1a18 : 2 : ittapi_config_apply_per_lib :  ITTAPI function not implemented: __itt_model_record_deallocation
30057 : 0xba6a2c4a26c7 : 2 : ittapi_config_apply_per_lib :  ITTAPI function not implemented: __itt_model_induction_uses
30057 : 0xba6a2c4a6483 : 2 : ittapi_config_apply_per_lib :  ITTAPI function not implemented: __itt_model_reduction_uses
30057 : 0xba6a2c4a73c8 : 2 : ittapi_config_apply_per_lib :  ITTAPI function not implemented: __itt_model_observe_uses
30057 : 0xba6a2c4a8103 : 2 : ittapi_config_apply_per_lib :  ITTAPI function not implemented: __itt_model_clear_uses
30057 : 0xba6a2c4a8e98 : 2 : ittapi_config_apply_per_lib :  ITTAPI function not implemented: __itt_model_site_beginA
30057 : 0xba6a2c4a9c2f : 2 : ittapi_config_apply_per_lib :  ITTAPI function not implemented: __itt_model_site_beginAL
30057 : 0xba6a2c4aa8ab : 2 : ittapi_config_apply_per_lib :  ITTAPI function not implemented: __itt_model_task_beginA
30057 : 0xba6a2c4ab587 : 2 : ittapi_config_apply_per_lib :  ITTAPI function not implemented: __itt_model_task_beginAL
30057 : 0xba6a2c4ac230 : 2 : ittapi_config_apply_per_lib :  ITTAPI function not implemented: __itt_model_iteration_taskA
30057 : 0xba6a2c4acee4 : 2 : ittapi_config_apply_per_lib :  ITTAPI function not implemented: __itt_model_iteration_taskAL
30057 : 0xba6a2c4adb18 : 2 : ittapi_config_apply_per_lib :  ITTAPI function not implemented: __itt_model_site_end_2
30057 : 0xba6a2c4b0994 : 2 : ittapi_config_apply_per_lib :  ITTAPI function not implemented: __itt_model_task_end_2
30057 : 0xba6a2c4b1827 : 2 : ittapi_config_apply_per_lib :  ITTAPI function not implemented: __itt_model_lock_acquire_2
30057 : 0xba6a2c4b252f : 2 : ittapi_config_apply_per_lib :  ITTAPI function not implemented: __itt_model_lock_release_2
30057 : 0xba6a2c4b319a : 2 : ittapi_config_apply_per_lib :  ITTAPI function not implemented: __itt_model_aggregate_task
30057 : 0xba6a2c4b3e0b : 2 : ittapi_config_apply_per_lib :  ITTAPI function not implemented: __itt_model_disable_push
30057 : 0xba6a2c4b4a74 : 2 : ittapi_config_apply_per_lib :  ITTAPI function not implemented: __itt_model_disable_pop
30057 : 0xba6a2c4b5600 : 2 : ittapi_config_apply_per_lib :  ITTAPI function instrumented: __itt_heap_function_create
30057 : 0xba6a2c4b611c : 2 : ittapi_config_apply_per_lib :  ITTAPI function instrumented: __itt_heap_allocate_begin
30057 : 0xba6a2c4b846e : 2 : ittapi_config_apply_per_lib :  ITTAPI function instrumented: __itt_heap_allocate_end
30057 : 0xba6a2c4b8f62 : 2 : ittapi_config_apply_per_lib :  ITTAPI function instrumented: __itt_heap_free_begin
30057 : 0xba6a2c4bc046 : 2 : ittapi_config_apply_per_lib :  ITTAPI function instrumented: __itt_heap_free_end
30057 : 0xba6a2c4bcd64 : 2 : ittapi_config_apply_per_lib :  ITTAPI function instrumented: __itt_heap_reallocate_begin
30057 : 0xba6a2c4bd862 : 2 : ittapi_config_apply_per_lib :  ITTAPI function instrumented: __itt_heap_reallocate_end
30057 : 0xba6a2c4be62d : 2 : ittapi_config_apply_per_lib :  ITTAPI function not implemented: __itt_heap_internal_access_begin
30057 : 0xba6a2c4bf3b7 : 2 : ittapi_config_apply_per_lib :  ITTAPI function not implemented: __itt_heap_internal_access_end
30057 : 0xba6a2c4c00bb : 2 : ittapi_config_apply_per_lib :  ITTAPI function not implemented: __itt_heap_record_memory_growth_begin
30057 : 0xba6a2c4c0d69 : 2 : ittapi_config_apply_per_lib :  ITTAPI function not implemented: __itt_heap_record_memory_growth_end
30057 : 0xba6a2c4c1a05 : 2 : ittapi_config_apply_per_lib :  ITTAPI function not implemented: __itt_heap_reset_detection
30057 : 0xba6a2c4c269c : 2 : ittapi_config_apply_per_lib :  ITTAPI function not implemented: __itt_heap_record
30057 : 0xba6a2c4c32a7 : 2 : ittapi_config_apply_per_lib :  ITTAPI function not implemented: __itt_id_create
30057 : 0xba6a2c4c7145 : 2 : ittapi_config_apply_per_lib :  ITTAPI function not implemented: __itt_id_destroy
30057 : 0xba6a2c4c7f1f : 2 : ittapi_config_apply_per_lib :  ITTAPI function instrumented: __itt_get_timestamp
30057 : 0xba6a2c4c8b50 : 2 : ittapi_config_apply_per_lib :  ITTAPI function not implemented: __itt_region_begin
30057 : 0xba6a2c4c9731 : 2 : ittapi_config_apply_per_lib :  ITTAPI function not implemented: __itt_region_end
30057 : 0xba6a2c4ca29e : 2 : ittapi_config_apply_per_lib :  ITTAPI function instrumented: __itt_frame_begin_v3
30057 : 0xba6a2c4cadb0 : 2 : ittapi_config_apply_per_lib :  ITTAPI function instrumented: __itt_frame_end_v3
30057 : 0xba6a2c4cb8ef : 2 : ittapi_config_apply_per_lib :  ITTAPI function instrumented: __itt_frame_submit_v3
30057 : 0xba6a2c4cc10a : 2 : ittapi_config_apply_per_lib :  ITTAPI function NOT instrumented (not matched by --itt-config option): __itt_task_group

30057 : 0xba6a2c4cca27 : 2 : ittapi_config_apply_per_lib :  ITTAPI function NOT instrumented (not matched by --itt-config option): __itt_task_begin

30057 : 0xba6a2c4cd29e : 2 : ittapi_config_apply_per_lib :  ITTAPI function NOT instrumented (not matched by --itt-config option): __itt_task_begin_fn

30057 : 0xba6a2c4cfb4f : 2 : ittapi_config_apply_per_lib :  ITTAPI function NOT instrumented (not matched by --itt-config option): __itt_task_end

30057 : 0xba6a2c4d05c4 : 2 : ittapi_config_apply_per_lib :  ITTAPI function NOT instrumented (not matched by --itt-config option): __itt_counter_inc_v3

30057 : 0xba6a2c4d0edc : 2 : ittapi_config_apply_per_lib :  ITTAPI function NOT instrumented (not matched by --itt-config option): __itt_counter_inc_delta_v3

30057 : 0xba6a2c4d1ccd : 2 : ittapi_config_apply_per_lib :  ITTAPI function not implemented: __itt_marker
30057 : 0xba6a2c4d293a : 2 : ittapi_config_apply_per_lib :  ITTAPI function instrumented: __itt_metadata_add
30057 : 0xba6a2c4d368a : 2 : ittapi_config_apply_per_lib :  ITTAPI function not implemented: __itt_metadata_str_add
30057 : 0xba6a2c4d43be : 2 : ittapi_config_apply_per_lib :  ITTAPI function not implemented: __itt_relation_add_to_current
30057 : 0xba6a2c4d5050 : 2 : ittapi_config_apply_per_lib :  ITTAPI function not implemented: __itt_relation_add
30057 : 0xba6a2c4d5b9b : 2 : ittapi_config_apply_per_lib :  ITTAPI function instrumented: __itt_event_create
30057 : 0xba6a2c4d63d1 : 2 : ittapi_config_apply_per_lib :  ITTAPI function NOT instrumented (not matched by --itt-config option): __itt_event_start

30057 : 0xba6a2c4d8bda : 2 : ittapi_config_apply_per_lib :  ITTAPI function NOT instrumented (not matched by --itt-config option): __itt_event_end

30057 : 0xba6a2c4d95f9 : 2 : ittapi_config_apply_per_lib :  ITTAPI function NOT instrumented (not matched by --itt-config option): __itt_sync_set_name

30057 : 0xba6a2c4d9e9f : 2 : ittapi_config_apply_per_lib :  ITTAPI function NOT instrumented (not matched by --itt-config option): __itt_notify_sync_name

30057 : 0xba6a2c4da750 : 2 : ittapi_config_apply_per_lib :  ITTAPI function NOT instrumented (not matched by --itt-config option): __itt_notify_sync_prepare

30057 : 0xba6a2c4dafdd : 2 : ittapi_config_apply_per_lib :  ITTAPI function NOT instrumented (not matched by --itt-config option): __itt_notify_sync_cancel

30057 : 0xba6a2c4db849 : 2 : ittapi_config_apply_per_lib :  ITTAPI function NOT instrumented (not matched by --itt-config option): __itt_notify_sync_acquired

30057 : 0xba6a2c4dc0c2 : 2 : ittapi_config_apply_per_lib :  ITTAPI function NOT instrumented (not matched by --itt-config option): __itt_notify_sync_releasing

30057 : 0xba6a2c4dce6f : 2 : ittapi_config_apply_per_lib :  ITTAPI function not implemented: __itt_memory_read
30057 : 0xba6a2c4ddb19 : 2 : ittapi_config_apply_per_lib :  ITTAPI function not implemented: __itt_memory_write
30057 : 0xba6a2c4de85c : 2 : ittapi_config_apply_per_lib :  ITTAPI function not implemented: __itt_memory_update
30057 : 0xba6a2c4e1579 : 2 : ittapi_config_apply_per_lib :  ITTAPI function not implemented: __itt_state_get
30057 : 0xba6a2c4e2325 : 2 : ittapi_config_apply_per_lib :  ITTAPI function not implemented: __itt_state_set
30057 : 0xba6a2c4e2f2d : 2 : ittapi_config_apply_per_lib :  ITTAPI function not implemented: __itt_obj_mode_set
30057 : 0xba6a2c4e3b5f : 2 : ittapi_config_apply_per_lib :  ITTAPI function not implemented: __itt_thr_mode_set
30057 : 0xba6a2c4e4627 : 2 : ittapi_config_apply_per_lib :  ITTAPI function instrumented: __itt_frame_create
30057 : 0xba6a2c4e510e : 2 : ittapi_config_apply_per_lib :  ITTAPI function instrumented: __itt_frame_begin
30057 : 0xba6a2c4e5b86 : 2 : ittapi_config_apply_per_lib :  ITTAPI function instrumented: __itt_frame_end
30057 : 0xba6a2c4e6638 : 2 : ittapi_config_apply_per_lib :  ITTAPI function instrumented: __itt_counter_create
30057 : 0xba6a2c4e6e83 : 2 : ittapi_config_apply_per_lib :  ITTAPI function NOT instrumented (not matched by --itt-config option): __itt_counter_destroy

30057 : 0xba6a2c4e7716 : 2 : ittapi_config_apply_per_lib :  ITTAPI function NOT instrumented (not matched by --itt-config option): __itt_counter_inc

30057 : 0xba6a2c4eae92 : 2 : ittapi_config_apply_per_lib :  ITTAPI function NOT instrumented (not matched by --itt-config option): __itt_counter_inc_delta

30057 : 0xba6a2c4ebeb7 : 2 : ittapi_config_apply_per_lib :  ITTAPI function not implemented: __itt_mark_create
30057 : 0xba6a2c4ecb6d : 2 : ittapi_config_apply_per_lib :  ITTAPI function not implemented: __itt_mark
30057 : 0xba6a2c4ed88d : 2 : ittapi_config_apply_per_lib :  ITTAPI function not implemented: __itt_mark_off
30057 : 0xba6a2c4ee4bb : 2 : ittapi_config_apply_per_lib :  ITTAPI function not implemented: __itt_mark_global
30057 : 0xba6a2c4ef184 : 2 : ittapi_config_apply_per_lib :  ITTAPI function not implemented: __itt_mark_global_off
30057 : 0xba6a2c4efe26 : 2 : ittapi_config_apply_per_lib :  ITTAPI function instrumented: __itt_stack_caller_create
30057 : 0xba6a2c4f09a2 : 2 : ittapi_config_apply_per_lib :  ITTAPI function instrumented: __itt_stack_caller_destroy
30057 : 0xba6a2c4f147c : 2 : ittapi_config_apply_per_lib :  ITTAPI function instrumented: __itt_stack_callee_enter
30057 : 0xba6a2c4f1f46 : 2 : ittapi_config_apply_per_lib :  ITTAPI function instrumented: __itt_stack_callee_leave
30057 : 0xba6a2c4f4e38 : 2 : ittapi_config_apply_per_lib :  ITTAPI function not implemented: __itt_clock_domain_create
30057 : 0xba6a2c4f5da6 : 2 : ittapi_config_apply_per_lib :  ITTAPI function not implemented: __itt_clock_domain_reset
30057 : 0xba6a2c4f6a45 : 2 : ittapi_config_apply_per_lib :  ITTAPI function not implemented: __itt_id_create_ex
30057 : 0xba6a2c4f770a : 2 : ittapi_config_apply_per_lib :  ITTAPI function not implemented: __itt_id_destroy_ex
30057 : 0xba6a2c4f7f8a : 2 : ittapi_config_apply_per_lib :  ITTAPI function NOT instrumented (not matched by --itt-config option): __itt_task_begin_ex

30057 : 0xba6a2c4f8819 : 2 : ittapi_config_apply_per_lib :  ITTAPI function NOT instrumented (not matched by --itt-config option): __itt_task_begin_fn_ex

30057 : 0xba6a2c4f90e5 : 2 : ittapi_config_apply_per_lib :  ITTAPI function NOT instrumented (not matched by --itt-config option): __itt_task_end_ex

30057 : 0xba6a2c4f9956 : 2 : ittapi_config_apply_per_lib :  ITTAPI function NOT instrumented (not matched by --itt-config option): __itt_task_begin_overlapped

30057 : 0xba6a2c4fa197 : 2 : ittapi_config_apply_per_lib :  ITTAPI function NOT instrumented (not matched by --itt-config option): __itt_task_begin_overlapped_ex

30057 : 0xba6a2c4fa9be : 2 : ittapi_config_apply_per_lib :  ITTAPI function NOT instrumented (not matched by --itt-config option): __itt_task_end_overlapped

30057 : 0xba6a2c4fd1ff : 2 : ittapi_config_apply_per_lib :  ITTAPI function NOT instrumented (not matched by --itt-config option): __itt_task_end_overlapped_ex

30057 : 0xba6a2c4fe238 : 2 : ittapi_config_apply_per_lib :  ITTAPI function not implemented: __itt_marker_ex
30057 : 0xba6a2c4fef8a : 2 : ittapi_config_apply_per_lib :  ITTAPI function not implemented: __itt_metadata_add_with_scope
30057 : 0xba6a2c4ffca9 : 2 : ittapi_config_apply_per_lib :  ITTAPI function not implemented: __itt_metadata_str_add_with_scope
30057 : 0xba6a2c5009df : 2 : ittapi_config_apply_per_lib :  ITTAPI function not implemented: __itt_relation_add_to_current_ex
30057 : 0xba6a2c50168b : 2 : ittapi_config_apply_per_lib :  ITTAPI function not implemented: __itt_relation_add_ex
30057 : 0xba6a2c502348 : 2 : ittapi_config_apply_per_lib :  ITTAPI function not implemented: __itt_track_group_create
30057 : 0xba6a2c502fad : 2 : ittapi_config_apply_per_lib :  ITTAPI function not implemented: __itt_track_create
30057 : 0xba6a2c503bca : 2 : ittapi_config_apply_per_lib :  ITTAPI function not implemented: __itt_set_track
30057 : 0xba6a2c5046f6 : 2 : ittapi_config_apply_per_lib :  ITTAPI function instrumented: __itt_api_version
30057 : 0xba6a2c5085fd : 2 : ittapi_config_apply_per_lib :  ITTAPI function not implemented: __itt_av_save