14 [139662698960704] TRACE perfrun.launcher <> - ENTER: int main(int, char **)
16 [139662698960704] TRACE perfrun.launcher <> - ENTER: Start the collection
16 [139662698960704] INFO perfrun.launcher <> - argc = 7; cmdline = /opt/intel/vtune_amplifier_2018.1.0.535340/bin64/amplxe-runss --ui-output-format xml --ui-output-fd 5 --option-file /v/filer5b/v38q001/savannah/Desktop/Sp18/pfp/pfp_hw6/r015hs/config/runss.options 
16 [139662698960704] TRACE perfrun.launcher <> - ENTER: Initialize the launcher
20 [139662698960704] TRACE perfrun.launcher <> - ENTER: void runtool::CmdLineParser::declareOptions()
32 [139662698960704] TRACE perfrun.launcher <> - EXIT:  void runtool::CmdLineParser::declareOptions()
32 [139662698960704] TRACE perfrun.system <> - ENTER: static runtool::system::IController *runtool::system::IController::create()
33 [139662698960704] TRACE perfrun.system <> - ENTER: runtool::system::Controller::Controller()
33 [139662698960704] TRACE perfrun.system <> - EXIT:  runtool::system::Controller::Controller()
33 [139662698960704] TRACE perfrun.system <> - EXIT:  static runtool::system::IController *runtool::system::IController::create()
33 [139662698960704] INFO perfrun.launcher <> - plugin system has been added successfully
33 [139662698960704] TRACE perfrun.itt <> - ENTER: static runtool::sdk::IController *runtool::itt::IController::create()
33 [139662698960704] TRACE perfrun.itt <> - ENTER: create itt controller
33 [139662698960704] TRACE perfrun.itt <> - EXIT:  create itt controller
33 [139662698960704] TRACE perfrun.itt <> - EXIT:  static runtool::sdk::IController *runtool::itt::IController::create()
33 [139662698960704] INFO perfrun.launcher <> - plugin itt has been added successfully
33 [139662698960704] INFO perfrun.launcher <> - plugin ptracecollector has been added successfully
33 [139662698960704] TRACE perfrun.gpu <> - ENTER: runtool::gpu::Controller::Controller()
33 [139662698960704] TRACE perfrun.gpu <> - EXIT:  runtool::gpu::Controller::Controller()
33 [139662698960704] INFO perfrun.launcher <> - plugin gpu has been added successfully
33 [139662698960704] INFO perfrun.launcher <> - plugin  has been added successfully
33 [139662698960704] INFO perfrun.launcher <> - plugin  has been added successfully
33 [139662698960704] INFO perfrun.launcher <> - plugin  has been added successfully
33 [139662698960704] INFO perfrun.launcher <> - plugin mrte has been added successfully
33 [139662698960704] TRACE perfrun.emon <> - ENTER: runtool::emon::Controller::Controller()
33 [139662698960704] TRACE perfrun.emon <> - EXIT:  runtool::emon::Controller::Controller()
33 [139662698960704] INFO perfrun.launcher <> - plugin emon has been added successfully
34 [139662698960704] TRACE perfrun.stdsrc <> - ENTER: void runtool::stdsrc::Controller::fillCommandLineOptions()
34 [139662698960704] TRACE perfrun.stdsrc <> - EXIT:  void runtool::stdsrc::Controller::fillCommandLineOptions()
34 [139662698960704] DEBUG perfrun.stdsrc <> - stdsrc controller object has been created
34 [139662698960704] INFO perfrun.launcher <> - plugin stdsrc has been added successfully
34 [139662698960704] DEBUG perfrun.sep <> - SEP controller object has been created
34 [139662698960704] INFO perfrun.launcher <> - plugin sep has been added successfully
34 [139662698960704] DEBUG perfrun.vtsspp <> - VTSS++ controller object has been created
34 [139662698960704] INFO perfrun.launcher <> - plugin vtsspp has been added successfully
34 [139662698960704] TRACE perfrun.perfcollector <> - ENTER: runtool::perfcollector::Controller::Controller()
34 [139662698960704] INFO perfrun.sdk <> - Reading value (0) from file: /proc/sys/kernel/perf_event_paranoid
37 [139662698960704] INFO perfrun.perfcollector <> - cpu: family = 6 model = 26
37 [139662698960704] INFO perfrun.perfcollector <> - dir found : /sys/bus/event_source/devices/cpu
37 [139662698960704] INFO perfrun.perfcollector <> - format: pc config:19 mask:19
37 [139662698960704] INFO perfrun.perfcollector <> - format: any config:21 mask:21
37 [139662698960704] INFO perfrun.perfcollector <> - format: inv config:23 mask:23
37 [139662698960704] INFO perfrun.perfcollector <> - format: edge config:18 mask:18
37 [139662698960704] INFO perfrun.perfcollector <> - format: cmask config:24-31 mask:24-31
37 [139662698960704] INFO perfrun.perfcollector <> - format: event config:0-7 mask:0-7
37 [139662698960704] INFO perfrun.perfcollector <> - format: in_tx config:32 mask:32
37 [139662698960704] INFO perfrun.perfcollector <> - format: ldlat config1:0-15 mask:0-15
37 [139662698960704] INFO perfrun.perfcollector <> - format: umask config:8-15 mask:8-15
38 [139662698960704] INFO perfrun.perfcollector <> - format: in_tx_cp config:33 mask:33
38 [139662698960704] INFO perfrun.perfcollector <> - format: offcore_rsp config1:0-63 mask:0-63
38 [139662698960704] INFO perfrun.perfcollector <> - hwInfo : PERF_CPU_PMU_DETAILS
38 [139662698960704] INFO perfrun.perfcollector <> - pmu added : family : cpu , id : 0
38 [139662698960704] INFO perfrun.perfcollector <> - dir found : /sys/bus/event_source/devices/msr
38 [139662698960704] INFO perfrun.perfcollector <> - format: event config:0-63 mask:0-63
38 [139662698960704] WARN perfrun.perfcollector <> - pmu hwInfo is not set, at file: vcs/perfrun1/plugins/perfcollector/src/controller.cpp:666
38 [139662698960704] INFO perfrun.perfcollector <> - pmu added : family : msr , id : 0
38 [139662698960704] INFO perfrun.perfcollector <> - dir found : /sys/bus/event_source/devices/software
38 [139662698960704] WARN perfrun.perfcollector <> - format subdir doesn't exist, at file: vcs/perfrun1/plugins/perfcollector/src/controller.cpp:597
38 [139662698960704] WARN perfrun.perfcollector <> - pmu hwInfo is not set, at file: vcs/perfrun1/plugins/perfcollector/src/controller.cpp:666
38 [139662698960704] INFO perfrun.perfcollector <> - pmu added : family : software , id : 0
38 [139662698960704] INFO perfrun.perfcollector <> - dir found : /sys/bus/event_source/devices/tracepoint
38 [139662698960704] WARN perfrun.perfcollector <> - format subdir doesn't exist, at file: vcs/perfrun1/plugins/perfcollector/src/controller.cpp:597
38 [139662698960704] WARN perfrun.perfcollector <> - pmu hwInfo is not set, at file: vcs/perfrun1/plugins/perfcollector/src/controller.cpp:666
38 [139662698960704] INFO perfrun.perfcollector <> - pmu added : family : tracepoint , id : 0
38 [139662698960704] INFO perfrun.perfcollector <> - dir found : /sys/bus/event_source/devices/uncore
38 [139662698960704] INFO perfrun.perfcollector <> - format: inv config:23 mask:23
38 [139662698960704] INFO perfrun.perfcollector <> - format: edge config:18 mask:18
38 [139662698960704] INFO perfrun.perfcollector <> - format: cmask config:24-31 mask:24-31
38 [139662698960704] INFO perfrun.perfcollector <> - format: event config:0-7 mask:0-7
38 [139662698960704] INFO perfrun.perfcollector <> - format: umask config:8-15 mask:8-15
38 [139662698960704] WARN perfrun.perfcollector <> - pmu hwInfo is not set, at file: vcs/perfrun1/plugins/perfcollector/src/controller.cpp:666
38 [139662698960704] INFO perfrun.perfcollector <> - pmu added : family : uncore , id : 0
38 [139662698960704] INFO perfrun.perfcollector <> - dir found : /sys/bus/event_source/devices/cstate_core
38 [139662698960704] INFO perfrun.perfcollector <> - format: event config:0-63 mask:0-63
39 [139662698960704] WARN perfrun.perfcollector <> - pmu hwInfo is not set, at file: vcs/perfrun1/plugins/perfcollector/src/controller.cpp:666
39 [139662698960704] INFO perfrun.perfcollector <> - pmu added : family : cstate_core , id : 0
39 [139662698960704] INFO perfrun.perfcollector <> - dir found : /sys/bus/event_source/devices/cstate_pkg
39 [139662698960704] INFO perfrun.perfcollector <> - format: event config:0-63 mask:0-63
39 [139662698960704] WARN perfrun.perfcollector <> - pmu hwInfo is not set, at file: vcs/perfrun1/plugins/perfcollector/src/controller.cpp:666
39 [139662698960704] INFO perfrun.perfcollector <> - pmu added : family : cstate_pkg , id : 0
39 [139662698960704] INFO perfrun.perfcollector <> - dir found : /sys/bus/event_source/devices/intel_bts
39 [139662698960704] WARN perfrun.perfcollector <> - format subdir doesn't exist, at file: vcs/perfrun1/plugins/perfcollector/src/controller.cpp:597
39 [139662698960704] WARN perfrun.perfcollector <> - pmu hwInfo is not set, at file: vcs/perfrun1/plugins/perfcollector/src/controller.cpp:666
39 [139662698960704] INFO perfrun.perfcollector <> - pmu added : family : intel_bts , id : 0
39 [139662698960704] INFO perfrun.perfcollector <> - dir found : /sys/bus/event_source/devices/breakpoint
39 [139662698960704] WARN perfrun.perfcollector <> - format subdir doesn't exist, at file: vcs/perfrun1/plugins/perfcollector/src/controller.cpp:597
39 [139662698960704] WARN perfrun.perfcollector <> - pmu hwInfo is not set, at file: vcs/perfrun1/plugins/perfcollector/src/controller.cpp:666
39 [139662698960704] INFO perfrun.perfcollector <> - pmu added : family : breakpoint , id : 0
39 [139662698960704] TRACE perfrun.perfcollector <> - EXIT:  runtool::perfcollector::Controller::Controller()
39 [139662698960704] INFO perfrun.launcher <> - plugin perf has been added successfully
39 [139662698960704] TRACE perfrun.tpss <> - ENTER: static runtool::sdk::IController *runtool::tpss::IController::create()
39 [139662698960704] TRACE perfrun.tpss <> - ENTER: create tpss controller
39 [139662698960704] TRACE perfrun.tpss <> - EXIT:  create tpss controller
39 [139662698960704] TRACE perfrun.tpss <> - EXIT:  static runtool::sdk::IController *runtool::tpss::IController::create()
39 [139662698960704] INFO perfrun.launcher <> - plugin tpss has been added successfully
39 [139662698960704] DEBUG perfrun.cuscol <> - cuscol controller object has been created
39 [139662698960704] INFO perfrun.launcher <> - plugin cuscol has been added successfully
39 [139662698960704] DEBUG perfrun.exprof <> - exprof controller object has been created
39 [139662698960704] DEBUG perfrun.exprof <> - exprof controller filling command line options
39 [139662698960704] INFO perfrun.launcher <> - plugin exprof has been added successfully
39 [139662698960704] DEBUG perfrun.dpdk <> - dpdk controller object has been created
39 [139662698960704] INFO perfrun.launcher <> - plugin dpdk has been added successfully
39 [139662698960704] TRACE perfrun.media <> - ENTER: static runtool::media::IController *runtool::media::IController::create()
39 [139662698960704] TRACE perfrun.media <> - ENTER: runtool::media::Controller::Controller()
39 [139662698960704] TRACE perfrun.media <> - EXIT:  runtool::media::Controller::Controller()
39 [139662698960704] TRACE perfrun.media <> - EXIT:  static runtool::media::IController *runtool::media::IController::create()
39 [139662698960704] INFO perfrun.launcher <> - plugin media has been added successfully
39 [139662698960704] DEBUG perfrun.commcollector <> - comm controller object has been created
39 [139662698960704] INFO perfrun.launcher <> - plugin commcollector has been added successfully
39 [139662698960704] DEBUG perfrun.cvecollector <> - CVE controller object has been created
39 [139662698960704] INFO perfrun.launcher <> - plugin cve has been added successfully
40 [139662698960704] INFO perfrun.launcher <> - the option was added --interval: Specify an interval of data collection (for example, sampling) in milliseconds.
40 [139662698960704] INFO perfrun.launcher <> - the option was added --follow-child: Profile process with or without children.
41 [139662698960704] INFO perfrun.launcher <> - the option was added --gelding: BADMSG: perfrun1.launcher.plugin_manager::gelding
41 [139662698960704] INFO perfrun.launcher <> - the option was added --time-source: Specify time source for measurement. Possible values: sys - wall clock time; tsc - time stamp counter; ext - time from an external source; auto - auto select accurate time source.
41 [139662698960704] INFO perfrun.launcher <> - the option was added --stack: Enable or disable collection of stacks.
41 [139662698960704] INFO perfrun.launcher <> - the option was added --stack-stitching: Enable or disable the stack stitching algorithm for Intel TBB-based applications.
42 [139662698960704] INFO perfrun.launcher <> - the option was added --type: Specify type of data to be collected. For example, --type cpu:counters,waiting:nostack,io.
42 [139662698960704] INFO perfrun.launcher <> - the option was added --mrte-mode: Specify Java/.NET/other managed runtime collection mode. Possible values: native - collect information only for native code; managed - collect information only for managed code; mixed - collect information for both managed and native code; auto - choose the mode based on binary type.
42 [139662698960704] INFO perfrun.launcher <> - the option was added --mrte-mode-list: List supported Java/.NET/other managed runtime collection modes.
42 [139662698960704] INFO perfrun.launcher <> - the option was added --mrte-type: Specify which managed runtimes to collect. Possible values: java - collect information for Java; dotnet - collect information for .NET; python - collect information for CPython. You can specify several values separated by comma.
42 [139662698960704] INFO perfrun.launcher <> - the option was added --mrte-type-list: List supported Java/.NET/other managed runtime types.
42 [139662698960704] INFO perfrun.launcher <> - the option was added --trace-strategy: Specify how to profile a process tree. <string> can be "<process>:trace:notrace" - profile the process but do not profile its children. Shorthand parameters: t - trace, nt - notrace. For example, "vtunedemo.exe:t:t".
42 [139662698960704] INFO perfrun.launcher <> - the option was added --collector: BADMSG: perfrun1.launcher.plugin_manager::collector
42 [139662698960704] INFO perfrun.launcher <> - the option was added --system-wide: Enable system-wide profiling. This mode may require additional permissions.
42 [139662698960704] INFO perfrun.launcher <> - the option was added --kvm-guest: Enable KVM guest OS profiling.
42 [139662698960704] INFO perfrun.launcher <> - the option was added --kvm-guest-kallsyms: Specify a local path to the /proc/kallsyms file copied from the guest OS for proper symbol resolution.
42 [139662698960704] INFO perfrun.launcher <> - the option was added --kvm-guest-modules: Specify a local path to the /proc/modules file copied from the guest OS for proper symbol resolution.
42 [139662698960704] INFO perfrun.launcher <> - the option was added --dump-vdso: Dump [vdso] to result directory
42 [139662698960704] INFO perfrun.launcher <> - the option was added --bandwidth-limits: Measure bandwidth limits
43 [139662698960704] INFO perfrun.launcher <> - the option was added --bandwidth-strategy: Bandwidth limits determination specific properties (example: --bandwidth-strategy array-size=0,duration=500).
43 [139662698960704] INFO perfrun.launcher <> - the option was added --bandwidth-config: List of benchmarks to run.
43 [139662698960704] INFO perfrun.launcher <> - the option was added --system-collector-config: Specify subcollectors. Possible values: all, vdso, container, device-info, none.
43 [139662698960704] INFO perfrun.launcher <> - the option was added --itt-config: Specify a sub-set of ITT API to collect.
43 [139662698960704] INFO perfrun.launcher <> - the option was added --itt-debug: Set pseudo-breakpoint at ITT API collector's start to enable the debugger to attach early.
43 [139662698960704] INFO perfrun.launcher <> - the option was added --itt-ring-buffer-multiplier: The size of internal ITT API collector ring buffer, in bytes per second
43 [139662698960704] INFO perfrun.launcher <> - the option was added --ptrace: Ptrace collector.
43 [139662698960704] INFO perfrun.launcher <> - the option was added --target-pid: BADMSG: perfrun1.ptracecollector::target-pid
43 [139662698960704] INFO perfrun.launcher <> - the option was added --ptrace-server-pid: BADMSG: perfrun1.ptracecollector::ptrace-server-pid
43 [139662698960704] INFO perfrun.launcher <> - the option was added --ptrace-trace: BADMSG: perfrun1.ptracecollector::ptrace-trace
43 [139662698960704] INFO perfrun.launcher <> - the option was added --ptrace-time-source: BADMSG: perfrun1.ptracecollector::ptrace-time-source
43 [139662698960704] INFO perfrun.launcher <> - the option was added --ptrace-start-type: BADMSG: perfrun1.ptracecollector::ptrace-start-type
43 [139662698960704] INFO perfrun.launcher <> - the option was added --gpu-config: Specify types of GPU data to be collected. Possible values: preset1, preset2.
43 [139662698960704] INFO perfrun.launcher <> - the option was added --gpu-debug: Enable self-testing of the GPGPU profiling collector.
43 [139662698960704] INFO perfrun.launcher <> - the option was added --stdsrc-config: Specify Standard Sources category tag(s).
43 [139662698960704] INFO perfrun.launcher <> - the option was added --ftrace-config-list: List Linux Ftrace category tag(s).
44 [139662698960704] INFO perfrun.launcher <> - the option was added --ftrace-config: Specify Linux Ftrace category tag(s).
44 [139662698960704] INFO perfrun.launcher <> - the option was added --ftrace-function-groups: Enable tracing of specific groups of functions.
44 [139662698960704] INFO perfrun.launcher <> - the option was added --event-info: BADMSG: perfrun1.stdsrc::event-info
44 [139662698960704] INFO perfrun.launcher <> - the option was added --cpu-list: List supported CPUs.
44 [139662698960704] INFO perfrun.launcher <> - the option was added --target-list: List available targets for performing sampling collection.
44 [139662698960704] INFO perfrun.launcher <> - the option was added --event-value-list: Display event information.
44 [139662698960704] INFO perfrun.launcher <> - the option was added --platform-value-list: Display details of supported platforms.
44 [139662698960704] INFO perfrun.launcher <> - the option was added --uncore-event-list: List uncore events for which a sampling data collection can be performed on this platform.
44 [139662698960704] INFO perfrun.launcher <> - the option was added --modifier-list: Specify the event name <string> for which the modifiers list is requested.
44 [139662698960704] INFO perfrun.launcher <> - the option was added --pmu-list: List supported PMUs.
44 [139662698960704] INFO perfrun.launcher <> - the option was added --os-mode-only: Enable sampling data collection for OS-mode processes only.
44 [139662698960704] INFO perfrun.launcher <> - the option was added --user-mode-only: Enable sampling data collection for user-mode processes only.
44 [139662698960704] INFO perfrun.launcher <> - the option was added --target: Specify target for the sampling data collection. All other command line options are applied to the value specified for this option.
44 [139662698960704] INFO perfrun.launcher <> - the option was added --event-config: Perform data collection for the events with <string> configured using the format <event name1>":modifier1=val:modifier2=val/constraint1={:modifier3=val:modifier4=val}...,"<event name2>":... Specify the events(s) to monitor and embed the event names within double quotes("). [:modifier=val] specifies individual event modifiers along with the respective values for a given platform. Note that the modifiers can be generic to an event as well as specific to a constraint (or an event qualifier). The constraint specific special modifiers appear after [/constraint=]. The modifiers can be in decimal or hexadecimal format. Only specific modifiers accept the value as a string. Each event specification is delimited by a comma (,). For a list of supported modifiers and constraints, refer to the documentation.
44 [139662698960704] INFO perfrun.launcher <> - the option was added --chipset-event-config: BADMSG: perfrun1.sep::chipset-event-config
44 [139662698960704] INFO perfrun.launcher <> - the option was added --uncore-event-config: Perform uncore data collection in ebc count mode for the events with <string> configured using the format "<event name1>"...,"<event name2>":... Specify the events(s) to monitor and embed the event names within double quotes(").
44 [139662698960704] INFO perfrun.launcher <> - the option was added --count-emon: Enable counting mode and output the data in EMON format.
45 [139662698960704] INFO perfrun.launcher <> - the option was added --event-based-counts: Enable event-based counting mode. During sampling data collection, event counts data is collected for the list of events specified in -event-config option.
45 [139662698960704] INFO perfrun.launcher <> - the option was added --event-mux-tfactor: Specify the event multiplexing tfactor as <integer> to set the length of the interval between interrupts. The larger the tfactor value, the larger the period between interrupts. Currently this option is only available on Intel platforms codenamed Knights Corner.
45 [139662698960704] INFO perfrun.launcher <> - the option was added --full-pebs-capture: Capture full pebs information.
45 [139662698960704] INFO perfrun.launcher <> - the option was added --last-branch-records: Capture Last Branch Records information.
45 [139662698960704] INFO perfrun.launcher <> - the option was added --pmu-type: Specify the targeted PMU name as <string>.
45 [139662698960704] INFO perfrun.launcher <> - the option was added --platform-type: Specify the targeted platform number as <number>.
45 [139662698960704] INFO perfrun.launcher <> - the option was added --bts-count: Specify the <integer> number of BTS records collected after each sample or context switch (VTSS++ only).
45 [139662698960704] INFO perfrun.launcher <> - the option was added --cpu-mask: Specify which CPU(s) <string> to collect data on. For example, specify "2-8,10,12-14" to sample only CPUs 2 through 8, 10, and 12 through 14.
45 [139662698960704] INFO perfrun.launcher <> - the option was added --event-mux-alg: Specify the event multiplexing algorithm. Possible values: sequence, timer, trigger.
45 [139662698960704] INFO perfrun.launcher <> - the option was added --event-mux-timeslice: Specify the event multiplexing time slice value as <integer>. The time slice specifies the duration between cycles for each event multiplexing group. The default value is 50 milliseconds. This option is valid only for timer-based event multiplexing. Specify the event multiplexing time slice value as <integer>. The time slice specifies the duration between cycles for each event multiplexing group. The default value is 1 millisecond. This option is valid only for timer-based event multiplexing.
45 [139662698960704] INFO perfrun.launcher <> - the option was added --event-mux-factor: Specify the event multiplexing factor as <integer>. It controls the switching of event multiplexing groups. The default factor is 50. This option is valid only for trigger-based event multiplexing. Specify the event multiplexing factor as <integer>. It controls the switching of event multiplexing groups. The default factor is 1. This option is valid only for trigger-based event multiplexing.
45 [139662698960704] INFO perfrun.launcher <> - the option was added --event-mux-trigger: Specify the name of the trigger event for event multiplexing as <string>. This option is valid only for trigger-based event multiplexing. The default trigger is CPU_CLK_UNHALTED.CORE (or CPU_CLK_UNHALTED.THREAD). BADMSG: perfrun1.vtsspp::event-mux-trigger
45 [139662698960704] INFO perfrun.launcher <> - the option was added --pwr-config: BADMSG: perfrun1.vtsspp::pwr-config
45 [139662698960704] INFO perfrun.launcher <> - the option was added --sys-config: BADMSG: perfrun1.vtsspp::sys-config
46 [139662698960704] INFO perfrun.launcher <> - the option was added --pt-mode: BADMSG: perfrun1.vtsspp::pt-mode
46 [139662698960704] INFO perfrun.launcher <> - the option was added --sample-after-multiplier: Specify the sample after multiplier as <double>. This multiplier modifies the sample after value for all the events specified in -event-config option. The values can range from 0.1 to 100.0. SAV multiplier value
46 [139662698960704] INFO perfrun.launcher <> - the option was added --count: Enable counting mode. Enable counting mode
46 [139662698960704] INFO perfrun.launcher <> - the option was added --trace-mpi: Configure collector to trace MPI code.
46 [139662698960704] INFO perfrun.launcher <> - the option was added --raw-perf-config: Specify a verified configuration for the Perf collector in the format: <describer>,<content>. For example: map-events-file,<path_to_map_events_file>.
46 [139662698960704] INFO perfrun.launcher <> - the option was added --stackwalk: Specify stack unwinding method. Possible values: online - unwind stacks during collection; offline - unwind stacks after collection is finished. Specify stack unwinding method. Possible value: lbr - unwind stacks during collection. Specify stack unwinding method. Possible values: online - unwind stacks during collection; offline - unwind stacks after collection is finished; lbr - enable LBR-based call stack collection. Specify stack unwinding method. Possible values: online - unwind stacks during collection; offline - unwind stacks after collection is finished. Specify stack unwinding method. Possible values: online - unwind stacks during collection; offline - unwind stacks after collection is finished.
46 [139662698960704] INFO perfrun.launcher <> - the option was added --filter-include: Filter data during collection. Possible values: contended=<on|off> - filter out uncontended events; contended_nostack=<time> - filter out stacks for contended events that take less than <time> microseconds; wait=<time> - ignore transitions and blocks with wait time less than <time> microseconds; wait_nostack=<time> - filter out stacks for waits that take less than <time> microseconds.
46 [139662698960704] INFO perfrun.launcher <> - the option was added --debug-pin: Debug PIN tool and runtime.
46 [139662698960704] INFO perfrun.launcher <> - the option was added --debug-exception: Disallow the application to set own abnormal termination handler.
46 [139662698960704] INFO perfrun.launcher <> - the option was added --trace-type: Specify the trace file granularity. Possible values: per-thread - per-thread trace file generation; per-process - per-process trace file generation.
46 [139662698960704] INFO perfrun.launcher <> - the option was added --instrumentation-type: Specify type of instrumentation.
46 [139662698960704] INFO perfrun.launcher <> - the option was added --altstack: Enable or disable usage of altstacks for profiling signal handlers.
46 [139662698960704] INFO perfrun.launcher <> - the option was added --profiling-signal: BADMSG: perfrun1.ptracecollector::profiling-signal Alternate profiling signal.
46 [139662698960704] INFO perfrun.launcher <> - the option was added --memory-strategy: Specify a minimal memory object size to be traced and a hash table size for faster objects search; for example: --memory-strategy obj-size-min=1024,hash-table-size=4096.
46 [139662698960704] INFO perfrun.launcher <> - the option was added --gpu-profiling-config: Specify a type of deep GPU profiling applied for all kernels and a comma-separated list of GPU kernel names and invocations in the following format: profiling_type[@kernel_name[:start_idx:step:stop_idx]], where profiling_type is one of following: none, bblatency, memlatency; kernel_name is the name of GPU kernel; start_idx is the number of the first invocation; and stop_idx is the number of the last invocation to be profiled.
46 [139662698960704] INFO perfrun.launcher <> - the option was added --custom-collector: Allows to provide arbitrary command line to be run on collection steps.
46 [139662698960704] INFO perfrun.launcher <> - the option was added --exprof-com-list: List available COM ports.
47 [139662698960704] INFO perfrun.launcher <> - the option was added --exprof-dvc-list: List available DvC IDs.
47 [139662698960704] INFO perfrun.launcher <> - the option was added --exprof-trace-channel: BADMSG: perfrun1.exprof::exprof-trace-channel
47 [139662698960704] INFO perfrun.launcher <> - the option was added --exprof-event-config: Specify ExactProfiling Event Classes.
47 [139662698960704] INFO perfrun.launcher <> - the option was added --analyze-dpdk: analyze-dpdk
47 [139662698960704] INFO perfrun.launcher <> - the option was added --network-sampling-interval: network-sampling-interval
47 [139662698960704] INFO perfrun.launcher <> - the option was added --dpdk-file-prefix: dpdk-file-prefix
47 [139662698960704] INFO perfrun.launcher <> - the option was added --target-system: BADMSG: perfrun1.launcher.plugin_manager::target-system
47 [139662698960704] TRACE perfrun.launcher <> - Update configuration: tmp directory = /tmp/amplxe-tmp-savannah
47 [139662698960704] TRACE perfrun.launcher <> - EXIT:  Initialize the launcher
48 [139662698960704] TRACE perfrun.launcher <> - ENTER: void runtool::CmdLineParser::parseOptionFile(const std::basic_string<char, std::char_traits<char>, std::allocator<char>> &)
52 [139662698960704] TRACE perfrun.launcher <> - EXIT:  void runtool::CmdLineParser::parseOptionFile(const std::basic_string<char, std::char_traits<char>, std::allocator<char>> &)
52 [139662698960704] INFO perfrun.launcher <> - create msngr2::ICliToolContext
52 [139662698960704] TRACE perfrun.launcher <> - ENTER: void runtool::CmdLineParser::validateParseResult() const
52 [139662698960704] TRACE perfrun.launcher <> - EXIT:  void runtool::CmdLineParser::validateParseResult() const
52 [139662698960704] TRACE perfrun.launcher <> - ENTER: void runtool::CmdLineParser::populate(runtool::IConfiguration *) const
52 [139662698960704] TRACE perfrun.launcher <> - Update configuration: action = start
52 [139662698960704] TRACE perfrun.launcher <> - Update configuration: collection type = launcher
52 [139662698960704] TRACE perfrun.launcher <> - Update configuration: compression level = 2
52 [139662698960704] TRACE perfrun.launcher <> - Update configuration: duration = 0 sec
52 [139662698960704] TRACE perfrun.launcher <> - Update configuration: data limit = 524288000 bytes
52 [139662698960704] TRACE perfrun.launcher <> - Update configuration: disc space limit = 0 bytes
52 [139662698960704] TRACE perfrun.launcher <> - Update configuration: start-paused mode is enabled
52 [139662698960704] TRACE perfrun.launcher <> - Update configuration: return-app-exitcode = false
52 [139662698960704] TRACE perfrun.launcher <> - Update configuration: result directory = /v/filer5b/v38q001/savannah/Desktop/Sp18/pfp/pfp_hw6/r015hs
53 [139662698960704] TRACE perfrun.launcher <> - Update configuration: application = ./bf_b
53 [139662698960704] TRACE perfrun.launcher <> - Update configuration: application argument = inputs/rmat15.dimacs
53 [139662698960704] TRACE perfrun.launcher <> - Update configuration: application argument = 4
53 [139662698960704] TRACE perfrun.launcher <> - Update configuration: application argument = 0
53 [139662698960704] TRACE perfrun.launcher <> - [IN] option = interval; value = 10 !u32_t
53 [139662698960704] TRACE perfrun.launcher <> - [IN] option = follow-child; value = true !bool
53 [139662698960704] TRACE perfrun.launcher <> - [IN] option = gelding; value = false !bool
53 [139662698960704] TRACE perfrun.launcher <> - [IN] option = time-source; value = auto !ustring
53 [139662698960704] TRACE perfrun.launcher <> - [IN] option = stack; value = true !bool
53 [139662698960704] TRACE perfrun.launcher <> - [IN] option = stack-stitching; value = true !bool
53 [139662698960704] TRACE perfrun.launcher <> - [IN] option = type; value = cpu:counters:nostack !ustring
53 [139662698960704] TRACE perfrun.launcher <> - [IN] option = type; value = cpu:stack !ustring
53 [139662698960704] TRACE perfrun.launcher <> - [IN] option = mrte-mode; value = auto !ustring
53 [139662698960704] TRACE perfrun.launcher <> - [IN] option = mrte-type; value = java !ustring
53 [139662698960704] TRACE perfrun.launcher <> - [IN] option = mrte-type; value = python !ustring
53 [139662698960704] TRACE perfrun.launcher <> - [IN] option = collector; value = sep !ustring
53 [139662698960704] TRACE perfrun.launcher <> - [IN] option = system-wide; value = false !bool
53 [139662698960704] TRACE perfrun.launcher <> - [IN] option = kvm-guest; value = false !bool
53 [139662698960704] TRACE perfrun.launcher <> - [IN] option = bandwidth-limits; value = false !bool
53 [139662698960704] TRACE perfrun.launcher <> - [IN] option = system-collector-config; value = all !ustring
53 [139662698960704] TRACE perfrun.launcher <> - [IN] option = itt-config; value = frame !ustring
53 [139662698960704] TRACE perfrun.launcher <> - [IN] option = itt-ring-buffer-multiplier; value = 10485760 !s32_t
53 [139662698960704] TRACE perfrun.launcher <> - [IN] option = pmu-type; value = core !ustring
53 [139662698960704] TRACE perfrun.launcher <> - [IN] option = stackwalk; value = offline !ustring
53 [139662698960704] TRACE perfrun.launcher <> - [IN] option = trace-type; value = per-thread !ustring
53 [139662698960704] TRACE perfrun.launcher <> - [IN] option = instrumentation-type; value = pin !ustring
53 [139662698960704] TRACE perfrun.launcher <> - [IN] option = altstack; value = true !bool
53 [139662698960704] TRACE perfrun.launcher <> - [IN] option = gpu-profiling-config; value = none !ustring
53 [139662698960704] TRACE perfrun.launcher <> - EXIT:  void runtool::CmdLineParser::populate(runtool::IConfiguration *) const
53 [139662589343488] TRACE perfrun.tpss <> - ENTER: void runtool::tpss::Controller::setMessageChannel(runtool::sdk::IMessageChannel *)
53 [139662589343488] TRACE perfrun.tpss <> - EXIT:  void runtool::tpss::Controller::setMessageChannel(runtool::sdk::IMessageChannel *)
53 [139662698960704] INFO perfrun.launcher <> - create file finder object
53 [139662589343488] TRACE perfrun.itt <> - ENTER: void runtool::itt::Controller::setRequestHandler(runtool::sdk::IRequestHandler *)
53 [139662589343488] TRACE perfrun.itt <> - EXIT:  void runtool::itt::Controller::setRequestHandler(runtool::sdk::IRequestHandler *)
53 [139662589343488] TRACE perfrun.tpss <> - ENTER: void runtool::tpss::Controller::setRequestHandler(runtool::sdk::IRequestHandler *)
53 [139662589343488] TRACE perfrun.tpss <> - EXIT:  void runtool::tpss::Controller::setRequestHandler(runtool::sdk::IRequestHandler *)
53 [139662698960704] TRACE perfrun.launcher <> - Handle the user request: action = 0
53 [139662698960704] TRACE perfrun.launcher <> - ENTER: int runtool::Launcher::doStart()
53 [139662698960704] TRACE perfrun.launcher <> - ENTER: void runtool::Launcher::prepareLaunch()
53 [139662698960704] TRACE perfrun.launcher <> - ENTER: void runtool::Launcher::prepareResultDirectory()
53 [139662698960704] INFO perfrun.launcher <> - create a result directory: pattern = /v/filer5b/v38q001/savannah/Desktop/Sp18/pfp/pfp_hw6/r015hs pid = 4294967295
58 [139662698960704] TRACE perfrun.sdk <> - ENTER: bool runtool::sdk::DirectoryInfo::isLocal() const
58 [139662698960704] INFO perfrun.sdk <> - checked that the directory /v/filer5b/v38q001/savannah/Desktop/Sp18/pfp/pfp_hw6/r015hs is a local directory
58 [139662698960704] INFO perfrun.sdk <> - the directory /v/filer5b/v38q001/savannah/Desktop/Sp18/pfp/pfp_hw6/r015hs is located on a share or its FS ID is unknown 26985
58 [139662698960704] TRACE perfrun.sdk <> - EXIT:  bool runtool::sdk::DirectoryInfo::isLocal() const
59 [139662698960704] INFO perfrun.launcher <> - Create a local result directory /tmp/amplxe-tmp-savannah/amplxe-res-30669-491096960309550 due to the user result path /v/filer5b/v38q001/savannah/Desktop/Sp18/pfp/pfp_hw6/r015hs is located on a share
59 [139662698960704] TRACE perfrun.launcher <> - Update configuration: result directory = /tmp/amplxe-tmp-savannah/amplxe-res-30669-491096960309550
59 [139662698960704] INFO perfrun.launcher <> - create data directory = /tmp/amplxe-tmp-savannah/amplxe-res-30669-491096960309550/data.0
60 [139662698960704] INFO perfrun.launcher <> - create data directory = /v/filer5b/v38q001/savannah/Desktop/Sp18/pfp/pfp_hw6/r015hs/data.0
61 [139662698960704] TRACE perfrun.launcher <> - Update configuration: data directory = /tmp/amplxe-tmp-savannah/amplxe-res-30669-491096960309550/data.0
61 [139662698960704] TRACE perfrun.launcher <> - EXIT:  void runtool::Launcher::prepareResultDirectory()
66 [139662698960704] TRACE perfrun.launcher <> - IMessenger: send collection state with state = 11
66 [139662589343488] TRACE perfrun.launcher <> - Update configuration: follow child = 1
71 [139662589343488] TRACE perfrun.launcher <> - Update configuration: time source = 0
71 [139662589343488] TRACE perfrun.launcher <> - Update configuration: stack = 1
71 [139662589343488] TRACE perfrun.launcher <> - Update configuration: gelding = 0
71 [139662589343488] TRACE perfrun.launcher <> - Update configuration: stack stitching = 1
71 [139662589343488] TRACE perfrun.system <> - ENTER: int runtool::system::Controller::initialize(runtool::sdk::IConfiguration *)
71 [139662589343488] TRACE perfrun.system <> - ENTER: int runtool::system::TraceWriter::initialize(runtool::sdk::IConfiguration *, runtool::system::TraceWriter::Settings *)
71 [139662589343488] TRACE perfrun.sdk <> - 0xc510802
72 [139662589343488] TRACE perfrun.sdk <> - ENTER: runtool::sdk::TraceFile::TraceFile(tpss_tmu_creator *, unsigned int, const std::basic_string<char, std::char_traits<char>, std::allocator<char>> &, bool)
72 [139662589343488] INFO perfrun.sdk <> - Allocating TMU :/tmp/amplxe-tmp-savannah/amplxe-res-30669-491096960309550/data.0/systemcollector-30669-orcrist-22.sc
72 [139662589343488] TRACE perfrun.sdk <> - EXIT:  runtool::sdk::TraceFile::TraceFile(tpss_tmu_creator *, unsigned int, const std::basic_string<char, std::char_traits<char>, std::allocator<char>> &, bool)
72 [139662589343488] TRACE perfrun.system <> - EXIT:  int runtool::system::TraceWriter::initialize(runtool::sdk::IConfiguration *, runtool::system::TraceWriter::Settings *)
72 [139662589343488] TRACE perfrun.system <> - ENTER: int runtool::system::ContainerMapping::initialize(runtool::sdk::IConfiguration *, runtool::system::TraceWriter *, const std::basic_string<char, std::char_traits<char>, std::allocator<char>> &, boost::intrusive_ptr<runtool::sdk::IMessageChannel>, boost::intrusive_ptr<runtool::sdk::IMessageCatalog>)
73 [139662589343488] TRACE perfrun.system <> - EXIT:  int runtool::system::ContainerMapping::initialize(runtool::sdk::IConfiguration *, runtool::system::TraceWriter *, const std::basic_string<char, std::char_traits<char>, std::allocator<char>> &, boost::intrusive_ptr<runtool::sdk::IMessageChannel>, boost::intrusive_ptr<runtool::sdk::IMessageCatalog>)
73 [139662589343488] TRACE perfrun.system <> - EXIT:  int runtool::system::Controller::initialize(runtool::sdk::IConfiguration *)
73 [139662589343488] TRACE perfrun.itt <> - ENTER: int runtool::itt::Controller::initialize(runtool::sdk::IConfiguration *)
73 [139662589343488] TRACE perfrun.itt <> - EXIT:  int runtool::itt::Controller::initialize(runtool::sdk::IConfiguration *)
73 [139662589343488] INFO perfrun.launcher <> - plugin [ptracecollector] was disabled because it doesn't support the given collection type.
73 [139662589343488] TRACE perfrun.gpu <> - ENTER: int runtool::gpu::Controller::initialize(runtool::sdk::IConfiguration *)
73 [139662589343488] TRACE perfrun.gpu <> - EXIT:  int runtool::gpu::Controller::initialize(runtool::sdk::IConfiguration *)
73 [139662589343488] INFO perfrun.launcher <> - plugin [gpu] was disabled because it doesn't support the given collection type.
73 [139662589343488] INFO perfrun.launcher <> - plugin [] was disabled because it doesn't support the given collection type.
73 [139662589343488] INFO perfrun.launcher <> - plugin [] was disabled because it doesn't support the given collection type.
73 [139662589343488] INFO perfrun.launcher <> - plugin [] was disabled because it doesn't support the given collection type.
73 [139662589343488] TRACE perfrun.mrte <> - ENTER: int runtool::mrte::Controller::initialize(runtool::sdk::IConfiguration *)
73 [139662589343488] TRACE perfrun.mrte <> - EXIT:  int runtool::mrte::Controller::initialize(runtool::sdk::IConfiguration *)
73 [139662589343488] INFO perfrun.launcher <> - plugin [mrte] was disabled because it doesn't support the given collection type.
73 [139662589343488] TRACE perfrun.emon <> - ENTER: int runtool::emon::Controller::initialize(runtool::sdk::IConfiguration *)
73 [139662589343488] TRACE perfrun.emon <> - EXIT:  int runtool::emon::Controller::initialize(runtool::sdk::IConfiguration *)
73 [139662589343488] INFO perfrun.launcher <> - plugin [emon] was disabled because it doesn't support the given collection type.
73 [139662589343488] TRACE perfrun.stdsrc <> - ENTER: int runtool::stdsrc::Controller::initialize(runtool::sdk::IConfiguration *)
73 [139662589343488] TRACE perfrun.stdsrc <> - No request to enable stdsrc events
73 [139662589343488] TRACE perfrun.stdsrc <> - EXIT:  int runtool::stdsrc::Controller::initialize(runtool::sdk::IConfiguration *)
73 [139662589343488] INFO perfrun.launcher <> - plugin [stdsrc] was disabled because it doesn't support the given collection type.
73 [139662589343488] TRACE perfrun.sep <> - ENTER: int runtool::sep::SdkController::initialize(runtool::sdk::IConfiguration *)
73 [139662589343488] DEBUG perfrun.sep <> - not supported parameter in stackwalk: offline
73 [139662589343488] DEBUG perfrun.sep <> - enable event multiplexing
73 [139662589343488] DEBUG perfrun.sep <> - collection isn't enabled
73 [139662589343488] TRACE perfrun.sep <> - EXIT:  int runtool::sep::SdkController::initialize(runtool::sdk::IConfiguration *)
73 [139662589343488] INFO perfrun.launcher <> - plugin [sep] was disabled because it doesn't support the given collection type.
73 [139662589343488] TRACE perfrun.vtsspp <> - ENTER: int runtool::vtsspp::Controller::initialize(runtool::sdk::IConfiguration *)
73 [139662589343488] DEBUG perfrun.vtsspp <> - VTSS++ driver is not available
73 [139662589343488] TRACE perfrun.vtsspp <> - EXIT:  int runtool::vtsspp::Controller::initialize(runtool::sdk::IConfiguration *)
73 [139662589343488] INFO perfrun.launcher <> - plugin [vtsspp] was disabled because it doesn't support the given collection type.
73 [139662589343488] TRACE perfrun.perfcollector <> - ENTER: int runtool::perfcollector::Controller::initialize(runtool::sdk::IConfiguration *)
73 [139662589343488] TRACE perfrun.perfcollector <> - EXIT:  int runtool::perfcollector::Controller::initialize(runtool::sdk::IConfiguration *)
73 [139662589343488] INFO perfrun.launcher <> - plugin [perf] was disabled because it doesn't support the given collection type.
73 [139662589343488] TRACE perfrun.tpss <> - ENTER: int runtool::tpss::Controller::initialize(runtool::sdk::IConfiguration *)
73 [139662589343488] INFO perfrun.tpss <> - initialize tpss controller
74 [139662589343488] TRACE perfrun.tpss <> - ENTER: bool runtool::tpss::Controller::configureCollectionMode(const std::basic_string<char, std::char_traits<char>, std::allocator<char>> &)
74 [139662589343488] INFO perfrun.tpss <> - configure collection mode: value = cpu:counters:nostack
74 [139662589343488] TRACE perfrun.tpss <> - EXIT:  bool runtool::tpss::Controller::configureCollectionMode(const std::basic_string<char, std::char_traits<char>, std::allocator<char>> &)
74 [139662589343488] TRACE perfrun.tpss <> - ENTER: bool runtool::tpss::Controller::configureCollectionMode(const std::basic_string<char, std::char_traits<char>, std::allocator<char>> &)
74 [139662589343488] INFO perfrun.tpss <> - configure collection mode: value = cpu:stack
74 [139662589343488] TRACE perfrun.tpss <> - EXIT:  bool runtool::tpss::Controller::configureCollectionMode(const std::basic_string<char, std::char_traits<char>, std::allocator<char>> &)
74 [139662589343488] TRACE perfrun.tpss <> - ENTER: tpss::trace_file_t runtool::tpss::castTraceFileType(const gen_helpers2::variant_t &)
74 [139662589343488] TRACE perfrun.tpss <> - EXIT:  tpss::trace_file_t runtool::tpss::castTraceFileType(const gen_helpers2::variant_t &)
74 [139662589343488] INFO perfrun.tpss <> - default obj-size-min=1024
74 [139662589343488] INFO perfrun.tpss <> - default hash-table-size=0
155 [139662589343488] TRACE perfrun.tpss <> - EXIT:  int runtool::tpss::Controller::initialize(runtool::sdk::IConfiguration *)
155 [139662589343488] TRACE perfrun.cuscol <> - ENTER: int runtool::cuscol::Controller::initialize(runtool::sdk::IConfiguration *)
155 [139662589343488] TRACE perfrun.cuscol <> - No custom collections
155 [139662589343488] TRACE perfrun.cuscol <> - EXIT:  int runtool::cuscol::Controller::initialize(runtool::sdk::IConfiguration *)
155 [139662589343488] INFO perfrun.launcher <> - plugin [cuscol] was disabled because it doesn't support the given collection type.
155 [139662589343488] TRACE perfrun.exprof <> - Missing target system for ExactProfiling
155 [139662589343488] INFO perfrun.launcher <> - plugin [exprof] was disabled because it doesn't support the given collection type.
155 [139662589343488] INFO perfrun.launcher <> - plugin [dpdk] was disabled because it doesn't support the given collection type.
155 [139662589343488] TRACE perfrun.media <> - ENTER: int runtool::media::Controller::initialize(runtool::sdk::IConfiguration *)
155 [139662589343488] DEBUG perfrun.media <> - Requested mode tracing mode for Media SDK: 0
155 [139662589343488] DEBUG perfrun.media <> - Full path to .mfx_trace file: '/u/savannah/.mfx_trace'
155 [139662589343488] TRACE perfrun.media <> - EXIT:  int runtool::media::Controller::initialize(runtool::sdk::IConfiguration *)
155 [139662589343488] TRACE perfrun.commcollector <> - ENTER: int runtool::commcollector::Controller::initialize(runtool::sdk::IConfiguration *)
155 [139662589343488] INFO perfrun.commcollector <> - Disabling commcollector because remote-host is not specified
155 [139662589343488] TRACE perfrun.commcollector <> - EXIT:  int runtool::commcollector::Controller::initialize(runtool::sdk::IConfiguration *)
155 [139662589343488] INFO perfrun.launcher <> - plugin [commcollector] was disabled because it doesn't support the given collection type.
155 [139662589343488] TRACE perfrun.cvecollector <> - ENTER: int runtool::cvecollector::Controller::initialize(runtool::sdk::IConfiguration *)
155 [139662589343488] TRACE perfrun.cvecollector <> - EXIT:  int runtool::cvecollector::Controller::initialize(runtool::sdk::IConfiguration *)
155 [139662589343488] INFO perfrun.launcher <> - plugin [cve] was disabled because it doesn't support the given collection type.
155 [139662589343488] TRACE perfrun.cvecollector <> - ENTER: runtool::cvecollector::Controller::~Controller()
155 [139662589343488] TRACE perfrun.cvecollector <> - EXIT:  runtool::cvecollector::Controller::~Controller()
155 [139662698960704] INFO perfrun.launcher <> - set environment variable: LD_LIBRARY_PATH = /opt/intel/vtune_amplifier_2018.1.0.535340/lib32/runtime:/opt/intel/vtune_amplifier_2018.1.0.535340/lib64/runtime:/opt/intel/compilers_and_libraries_2018.1.163/linux/compiler/lib/intel64:/opt/intel/compilers_and_libraries_2018.1.163/linux/compiler/lib/intel64_lin:/opt/intel/compilers_and_libraries_2018.1.163/linux/mpi/intel64/lib:/opt/intel/compilers_and_libraries_2018.1.163/linux/mpi/mic/lib:/opt/intel/compilers_and_libraries_2018.1.163/linux/ipp/lib/intel64:/opt/intel/compilers_and_libraries_2018.1.163/linux/compiler/lib/intel64_lin:/opt/intel/compilers_and_libraries_2018.1.163/linux/mkl/lib/intel64_lin:/opt/intel/compilers_and_libraries_2018.1.163/linux/tbb/lib/intel64/gcc4.7:/opt/intel/compilers_and_libraries_2018.1.163/linux/tbb/lib/intel64/gcc4.7:/opt/intel/debugger_2018/iga/lib:/opt/intel/debugger_2018/libipt/intel64/lib:/opt/intel/compilers_and_libraries_2018.1.163/linux/daal/lib/intel64_lin:/opt/intel/itac/2018.1.017/intel64/slib:/opt/intel/compilers_and_libraries_2018.1.163/linux/compiler/lib/intel64:/opt/intel/compilers_and_libraries_2018.1.163/linux/compiler/lib/intel64_lin:/opt/intel/compilers_and_libraries_2018.1.163/linux/mpi/intel64/lib:/opt/intel/compilers_and_libraries_2018.1.163/linux/mpi/mic/lib:/opt/intel/compilers_and_libraries_2018.1.163/linux/ipp/lib/intel64:/opt/intel/compilers_and_libraries_2018.1.163/linux/compiler/lib/intel64_lin:/opt/intel/compilers_and_libraries_2018.1.163/linux/mkl/lib/intel64_lin:/opt/intel/compilers_and_libraries_2018.1.163/linux/tbb/lib/intel64/gcc4.7:/opt/intel/compilers_and_libraries_2018.1.163/linux/tbb/lib/intel64/gcc4.7:/opt/intel/debugger_2018/iga/lib:/opt/intel/debugger_2018/libipt/intel64/lib:/opt/intel/compilers_and_libraries_2018.1.163/linux/daal/lib/intel64_lin:/opt/intel/compilers_and_libraries_2018.1.163/linux/daal/../tbb/lib/intel64_lin/gcc4.4
156 [139662698960704] INFO perfrun.launcher <> - set environment variable: INTEL_LIBITTNOTIFY32 = /opt/intel/vtune_amplifier_2018.1.0.535340/lib32/runtime/libittnotify_collector.so
156 [139662698960704] INFO perfrun.launcher <> - set environment variable: INTEL_LIBITTNOTIFY64 = /opt/intel/vtune_amplifier_2018.1.0.535340/lib64/runtime/libittnotify_collector.so
157 [139662698960704] INFO perfrun.launcher <> - set environment variable: INTEL_ITTNOTIFY_GROUPS = 
157 [139662698960704] INFO perfrun.launcher <> - set environment variable: INTEL_JIT_PROFILER32 = /opt/intel/vtune_amplifier_2018.1.0.535340/lib32/runtime/libittnotify_collector.so
157 [139662698960704] INFO perfrun.launcher <> - set environment variable: INTEL_JIT_PROFILER64 = /opt/intel/vtune_amplifier_2018.1.0.535340/lib64/runtime/libittnotify_collector.so
157 [139662698960704] INFO perfrun.launcher <> - set environment variable: VS_PROFILER = libittnotify_collector.so
158 [139662698960704] INFO perfrun.launcher <> - set environment variable: ENABLE_JITPROFILING = 1
158 [139662698960704] INFO perfrun.launcher <> - set environment variable: CL_CONFIG_USE_VTUNE = True
158 [139662698960704] INFO perfrun.launcher <> - set environment variable: __OCL_MIC_INTEL_LIBITTNOTIFY64 = /amplxe/results/libittnotify_collector.so
159 [139662698960704] INFO perfrun.launcher <> - set environment variable: __OCL_MIC_INTEL_JIT_PROFILER64 = /amplxe/results/libittnotify_collector.so
159 [139662698960704] INFO perfrun.launcher <> - set environment variable: KMP_FORKJOIN_FRAMES = 0
159 [139662698960704] INFO perfrun.launcher <> - set environment variable: KMP_FORKJOIN_FRAMES_MODE = 0
159 [139662698960704] TRACE perfrun.launcher <> - RpcServer was created for IPC filename = /v/filer5b/v38q001/savannah/Desktop/Sp18/pfp/pfp_hw6/r015hs/runtool.30669.ipc
159 [139662698960704] TRACE perfrun.launcher <> - RpcServer: setup all handlers at once
159 [139662698960704] TRACE perfrun.launcher <> - RpcServer: setup a handler for ICancelRequest
159 [139662698960704] TRACE perfrun.launcher <> - RpcServer: setup a handler for IPauseRequest
159 [139662698960704] TRACE perfrun.launcher <> - RpcServer: setup a handler for IResumeRequest
159 [139662698960704] TRACE perfrun.launcher <> - RpcServer: setup a handler for IStopRequest
160 [139662698960704] TRACE perfrun.launcher <> - RpcServer: setup a handler for IStatusRequest
160 [139662698960704] TRACE perfrun.launcher <> - RpcServer: setup a handler for IDetachRequest
160 [139662698960704] TRACE perfrun.launcher <> - RpcServer: setup a handler for IMarkRequest
160 [139662698960704] INFO perfrun.launcher <> - RpcServer: run RPC server to handle requests
165 [139662698960704] DEBUG perfrun.launcher <> - RpcServer: wrote information about the RPC server into the IPC file
165 [139662698960704] TRACE perfrun.launcher <> - IMessenger: send collection state with state = 1
165 [139662698960704] TRACE perfrun.launcher <> - EXIT:  void runtool::Launcher::prepareLaunch()
165 [139662560503552] TRACE perfrun.launcher <> - ENTER: RpcServer: the main loop handles RPC requests  from clients
165 [139662698960704] INFO perfrun.launcher <> - Launcher: command line to start before modification = ./bf_b inputs/rmat15.dimacs 4 0
165 [139662589343488] TRACE perfrun.tpss <> - ENTER: void runtool::tpss::Controller::modifyCommandLine(std::basic_string<char, std::char_traits<char>, std::allocator<char>> &) const
166 [139662589343488] TRACE perfrun.tpss <> - EXIT:  void runtool::tpss::Controller::modifyCommandLine(std::basic_string<char, std::char_traits<char>, std::allocator<char>> &) const
166 [139662698960704] INFO perfrun.launcher <> - Launcher: command line to start after modification = /opt/intel/vtune_amplifier_2018.1.0.535340/bin64/pin -error_file /tmp/amplxe-tmp-savannah/amplxe-res-30669-491096960309550/data.0/pinerr.tpsslog -detach_reattach -follow_execv -tool_load_option deepbind -t64 /opt/intel/vtune_amplifier_2018.1.0.535340/lib64/libtpsstool.so -t /opt/intel/vtune_amplifier_2018.1.0.535340/lib32/libtpsstool.so -server_name tpss_ipc.30669 -prd_dir /opt/intel/vtune_amplifier_2018.1.0.535340 -- ./bf_b inputs/rmat15.dimacs 4 0
166 [139662698960704] INFO perfrun.launcher <> - ProcessCreator object was created
166 [139662698960704] TRACE perfrun.launcher <> - ENTER: unsigned int runtool::ProcessCreator::start(bool)
167 [139662698960704] TRACE perfrun.launcher <> - EXIT:  unsigned int runtool::ProcessCreator::start(bool)
167 [139662698960704] INFO perfrun.launcher <> - Launcher: the process was started in suspend mode
167 [139662589343488] TRACE perfrun.itt <> - ENTER: bool runtool::itt::Controller::pause()
167 [139662589343488] INFO perfrun.itt <> - pause itt controller
167 [139662589343488] TRACE perfrun.itt <> - EXIT:  bool runtool::itt::Controller::pause()
167 [139662589343488] TRACE perfrun.tpss <> - ENTER: bool runtool::tpss::Controller::pause()
167 [139662589343488] INFO perfrun.tpss <> - pause tpss controller
167 [139662589343488] TRACE perfrun.tpss <> - EXIT:  bool runtool::tpss::Controller::pause()
167 [139662589343488] TRACE perfrun.media <> - ENTER: bool runtool::media::Controller::pause()
167 [139662589343488] TRACE perfrun.media <> - EXIT:  bool runtool::media::Controller::pause()
167 [139662698960704] TRACE perfrun.launcher <> - IMessenger: send collection state with state = 5
168 [139662589343488] TRACE perfrun.system <> - ENTER: void runtool::system::Controller::onEvent(runtool::sdk::collection_state_t)
168 [139662589343488] TRACE perfrun.system <> - EXIT:  void runtool::system::Controller::onEvent(runtool::sdk::collection_state_t)
168 [139662589343488] TRACE perfrun.system <> - ENTER: bool runtool::system::Controller::start(unsigned int)
171 [139662589343488] INFO perfrun.system <> - Helper runtool '/opt/intel/vtune_amplifier_2018.1.0.535340/bin32/amplxe-runss -dump-vdso -r /tmp/amplxe-tmp-savannah/amplxe-res-30669-491096960309550 --tmp-dir /tmp/amplxe-tmp-savannah' returned 1
276 [139662589343488] INFO perfrun.system <> - Helper runtool '/opt/intel/vtune_amplifier_2018.1.0.535340/bin64/amplxe-runss -dump-vdso -r /tmp/amplxe-tmp-savannah/amplxe-res-30669-491096960309550 --tmp-dir /tmp/amplxe-tmp-savannah' returned 0
281 [139662589343488] TRACE perfrun.system <> - ENTER: bool runtool::system::getVideoAdapters(std::vector<runtool::system::gpu_adapter_t, std::allocator<runtool::system::gpu_adapter_t>> &)
281 [139662589343488] TRACE perfrun.system <> - EXIT:  bool runtool::system::getVideoAdapters(std::vector<runtool::system::gpu_adapter_t, std::allocator<runtool::system::gpu_adapter_t>> &)
281 [139662589343488] TRACE perfrun.sdk <> - ENTER: bool runtool::sdk::runSystemCmd(const std::basic_string<char, std::char_traits<char>, std::allocator<char>> &, std::basic_string<char, std::char_traits<char>, std::allocator<char>> *, bool, const std::basic_string<char, std::char_traits<char>, std::allocator<char>> &)
281 [139662589343488] WARN perfrun.sdk <> - Failed to find xl binary on any of the system paths: /bin, /sbin, /usr/bin, /usr/sbin., at file: vcs/perfrun1/sdk/src/utils.cpp:423
281 [139662589343488] TRACE perfrun.sdk <> - EXIT:  bool runtool::sdk::runSystemCmd(const std::basic_string<char, std::char_traits<char>, std::allocator<char>> &, std::basic_string<char, std::char_traits<char>, std::allocator<char>> *, bool, const std::basic_string<char, std::char_traits<char>, std::allocator<char>> &)
281 [139662589343488] TRACE perfrun.system <> - ENTER: bool runtool::system::ContainerMapping::start(unsigned int)
281 [139662589343488] TRACE perfrun.system <> - EXIT:  bool runtool::system::ContainerMapping::start(unsigned int)
281 [139662589343488] WARN perfrun.system <> - Could not start ContainerMapping collector, at file: vcs/perfrun1/plugins/system/src/controller.cpp:415
291 [139662589343488] TRACE perfrun.system <> - EXIT:  bool runtool::system::Controller::start(unsigned int)
291 [139662589343488] TRACE perfrun.itt <> - ENTER: bool runtool::itt::Controller::start(unsigned int)
291 [139662589343488] INFO perfrun.itt <> - start itt controller for pid #30674
291 [139662589343488] TRACE perfrun.itt <> - EXIT:  bool runtool::itt::Controller::start(unsigned int)
291 [139662589343488] TRACE perfrun.tpss <> - ENTER: bool runtool::tpss::Controller::start(unsigned int)
291 [139662589343488] INFO perfrun.tpss <> - start tpss controller for pid #30674
342 [139662589343488] TRACE perfrun.tpss <> - EXIT:  bool runtool::tpss::Controller::start(unsigned int)
342 [139662589343488] TRACE perfrun.media <> - ENTER: bool runtool::media::Controller::start(unsigned int)
342 [139662589343488] TRACE perfrun.media <> - EXIT:  bool runtool::media::Controller::start(unsigned int)
342 [139662589343488] TRACE perfrun.system <> - ENTER: void runtool::system::Controller::onEvent(runtool::sdk::collection_state_t)
342 [139662589343488] TRACE perfrun.system <> - EXIT:  void runtool::system::Controller::onEvent(runtool::sdk::collection_state_t)
342 [139662698960704] INFO perfrun.launcher <> - Launcher: all plugins were started
342 [139662698960704] INFO perfrun.launcher <> - DirectoryMonitor object was created
342 [139662698960704] INFO perfrun.launcher <> - DirectoryMonitor: a callback was added
342 [139662698960704] INFO perfrun.launcher <> - DirectoryMonitor was started with pingTime = 1000
342 [139662698960704] INFO perfrun.launcher <> - DeadlineTimer is going to be constructed
342 [139662698960704] INFO perfrun.launcher <> - DeadlineTimer: a callback was added
348 [139662698960704] TRACE perfrun.launcher <> - ENTER: void runtool::ProcessCreator::resume()
348 [139662698960704] DEBUG perfrun.launcher <> - ProcessCreator: the process with pid = 30674 is resumed
349 [139662698960704] TRACE perfrun.launcher <> - EXIT:  void runtool::ProcessCreator::resume()
349 [139662698960704] INFO perfrun.launcher <> - Launcher: resume the profiled application and  wait its termination or stop command
349 [139662698960704] TRACE perfrun.launcher <> - ENTER: int runtool::ProcessCreator::wait()
1100 [139662589343488] TRACE perfrun.itt <> - ENTER: bool runtool::itt::Controller::resume()
1100 [139662589343488] INFO perfrun.itt <> - resume itt controller
1100 [139662589343488] TRACE perfrun.itt <> - EXIT:  bool runtool::itt::Controller::resume()
1100 [139662589343488] TRACE perfrun.tpss <> - ENTER: bool runtool::tpss::Controller::resume()
1100 [139662589343488] INFO perfrun.tpss <> - resume tpss controller
1101 [139662589343488] TRACE perfrun.tpss <> - EXIT:  bool runtool::tpss::Controller::resume()
1101 [139662589343488] TRACE perfrun.media <> - ENTER: bool runtool::media::Controller::resume()
1101 [139662589343488] TRACE perfrun.media <> - EXIT:  bool runtool::media::Controller::resume()
1101 [139662320457472] TRACE perfrun.launcher <> - IMessenger: send collection state with state = 6
1126 [139662589343488] TRACE perfrun.itt <> - ENTER: bool runtool::itt::Controller::pause()
1126 [139662589343488] INFO perfrun.itt <> - pause itt controller
1127 [139662589343488] TRACE perfrun.itt <> - EXIT:  bool runtool::itt::Controller::pause()
1127 [139662589343488] TRACE perfrun.tpss <> - ENTER: bool runtool::tpss::Controller::pause()
1127 [139662589343488] INFO perfrun.tpss <> - pause tpss controller
1127 [139662589343488] TRACE perfrun.tpss <> - EXIT:  bool runtool::tpss::Controller::pause()
1127 [139662589343488] TRACE perfrun.media <> - ENTER: bool runtool::media::Controller::pause()
1127 [139662589343488] TRACE perfrun.media <> - EXIT:  bool runtool::media::Controller::pause()
1127 [139662320457472] TRACE perfrun.launcher <> - IMessenger: send collection state with state = 5
1133 [139662698960704] TRACE perfrun.launcher <> - EXIT:  int runtool::ProcessCreator::wait()
1134 [139662698960704] INFO perfrun.launcher <> - Launcher: the profiled application was terminated  with exit code = 0
1134 [139662698960704] TRACE perfrun.sdk <> - ENTER: void runtool::sdk::getFilesFromDirectoryByExt(const std::basic_string<char, std::char_traits<char>, std::allocator<char>> &, const std::basic_string<char, std::char_traits<char>, std::allocator<char>> &, std::list<std::basic_string<char, std::char_traits<char>, std::allocator<char>>, std::allocator<std::basic_string<char, std::char_traits<char>, std::allocator<char>>>> &)
1138 [139662698960704] TRACE perfrun.sdk <> - EXIT:  void runtool::sdk::getFilesFromDirectoryByExt(const std::basic_string<char, std::char_traits<char>, std::allocator<char>> &, const std::basic_string<char, std::char_traits<char>, std::allocator<char>> &, std::list<std::basic_string<char, std::char_traits<char>, std::allocator<char>>, std::allocator<std::basic_string<char, std::char_traits<char>, std::allocator<char>>>> &)
1139 [139662589343488] TRACE perfrun.itt <> - ENTER: bool runtool::itt::Controller::resume()
1139 [139662589343488] INFO perfrun.itt <> - resume itt controller
1139 [139662589343488] TRACE perfrun.itt <> - EXIT:  bool runtool::itt::Controller::resume()
1139 [139662589343488] TRACE perfrun.tpss <> - ENTER: bool runtool::tpss::Controller::resume()
1139 [139662589343488] INFO perfrun.tpss <> - resume tpss controller
1139 [139662589343488] TRACE perfrun.tpss <> - EXIT:  bool runtool::tpss::Controller::resume()
1139 [139662589343488] TRACE perfrun.media <> - ENTER: bool runtool::media::Controller::resume()
1139 [139662589343488] TRACE perfrun.media <> - EXIT:  bool runtool::media::Controller::resume()
1139 [139662698960704] TRACE perfrun.launcher <> - IMessenger: send collection state with state = 6
1139 [139662589343488] TRACE perfrun.system <> - ENTER: void runtool::system::Controller::onEvent(runtool::sdk::collection_state_t)
1139 [139662589343488] TRACE perfrun.system <> - EXIT:  void runtool::system::Controller::onEvent(runtool::sdk::collection_state_t)
1139 [139662589343488] TRACE perfrun.system <> - ENTER: bool runtool::system::Controller::stop()
1139 [139662589343488] TRACE perfrun.system <> - ENTER: bool runtool::system::ContainerMapping::stop()
1139 [139662589343488] TRACE perfrun.system <> - EXIT:  bool runtool::system::ContainerMapping::stop()
1145 [139662589343488] TRACE perfrun.system <> - EXIT:  bool runtool::system::Controller::stop()
1145 [139662589343488] TRACE perfrun.itt <> - ENTER: bool runtool::itt::Controller::stop()
1145 [139662589343488] INFO perfrun.itt <> - stop itt controller
1145 [139662589343488] TRACE perfrun.itt <> - ENTER: bool runtool::itt::Controller::detach()
1145 [139662589343488] INFO perfrun.itt <> - detach itt controller
1145 [139662589343488] TRACE perfrun.itt <> - EXIT:  bool runtool::itt::Controller::detach()
1145 [139662589343488] TRACE perfrun.itt <> - EXIT:  bool runtool::itt::Controller::stop()
1145 [139662589343488] TRACE perfrun.tpss <> - ENTER: bool runtool::tpss::Controller::stop()
1145 [139662589343488] INFO perfrun.tpss <> - stop tpss controller
1145 [139662589343488] TRACE perfrun.tpss <> - EXIT:  bool runtool::tpss::Controller::stop()
1145 [139662589343488] TRACE perfrun.media <> - ENTER: bool runtool::media::Controller::stop()
1145 [139662589343488] TRACE perfrun.media <> - EXIT:  bool runtool::media::Controller::stop()
1145 [139662589343488] ERROR perfrun.launcher <> - media can not perform an operation and will be disabled., at file: vcs/perfrun1/launcher/src/plugin_manager_impl.hpp:433
1145 [139662589343488] TRACE perfrun.system <> - ENTER: void runtool::system::Controller::onEvent(runtool::sdk::collection_state_t)
1146 [139662589343488] TRACE perfrun.sdk <> - ENTER: void runtool::sdk::TraceFile::close(boost::system::error_code &)
1146 [139662589343488] INFO perfrun.sdk <> - De-allocating TMU: /tmp/amplxe-tmp-savannah/amplxe-res-30669-491096960309550/data.0/systemcollector-30669-orcrist-22.sc
1146 [139662589343488] TRACE perfrun.sdk <> - EXIT:  void runtool::sdk::TraceFile::close(boost::system::error_code &)
1146 [139662589343488] INFO perfrun.system <> - closed the system trace file: /tmp/amplxe-tmp-savannah/amplxe-res-30669-491096960309550/data.0/systemcollector-30669-orcrist-22.sc
1146 [139662589343488] TRACE perfrun.system <> - EXIT:  void runtool::system::Controller::onEvent(runtool::sdk::collection_state_t)
1146 [139662698960704] TRACE perfrun.launcher <> - ENTER: void runtool::ProcessSetMonitor<T>::stop() [with T = unsigned int]
1146 [139662698960704] TRACE perfrun.launcher <> - EXIT:  void runtool::ProcessSetMonitor<T>::stop() [with T = unsigned int]
1146 [139662698960704] TRACE perfrun.launcher <> - ENTER: void runtool::ProcessCreator::stop()
1146 [139662698960704] TRACE perfrun.launcher <> - EXIT:  void runtool::ProcessCreator::stop()
1146 [139662698960704] INFO perfrun.launcher <> - Launcher: all plugins were stopped.
1146 [139662698960704] INFO perfrun.launcher <> - DeadlineTimer is going to be destroyed
1146 [139662698960704] INFO perfrun.launcher <> - DirectoryMonitor object was destroyed
1147 [139662698960704] WARN perfrun.launcher <> - Stop command is ignored because it is received when collection is already stopped, at file: vcs/perfrun1/launcher/src/command_handler.cpp:201
1147 [139662698960704] TRACE perfrun.launcher <> - ENTER: void runtool::Launcher::shutdownLaunch()
1147 [139662698960704] TRACE perfrun.launcher <> - ENTER: Send RPC request
1147 [139662698960704] TRACE perfrun.launcher <> - header and body of the message was send: header = 22 serialization::archive 10 0 0 8 0 0 0 0; body = 22 serialization::archive 10 0 0 8 0 0 0 0
1147 [139662698960704] TRACE perfrun.launcher <> - EXIT:  Send RPC request
1147 [139662560503552] TRACE perfrun.launcher <> - ENTER: Receive RPC request
1148 [139662560503552] TRACE perfrun.launcher <> - header of the message was received: size = 8; message =       2a
1148 [139662560503552] TRACE perfrun.launcher <> - body of the message was received: size = 42; message = 22 serialization::archive 10 0 0 8 0 0 0 0
1148 [139662560503552] TRACE perfrun.launcher <> - EXIT:  Receive RPC request
1148 [139662560503552] TRACE perfrun.launcher <> - EXIT:  RpcServer: the main loop handles RPC requests  from clients
1216 [139662698960704] TRACE perfrun.sdk <> - ENTER: void runtool::sdk::getFilesFromDirectoryByExt(const std::basic_string<char, std::char_traits<char>, std::allocator<char>> &, const std::basic_string<char, std::char_traits<char>, std::allocator<char>> &, std::list<std::basic_string<char, std::char_traits<char>, std::allocator<char>>, std::allocator<std::basic_string<char, std::char_traits<char>, std::allocator<char>>>> &)
1223 [139662698960704] TRACE perfrun.sdk <> - EXIT:  void runtool::sdk::getFilesFromDirectoryByExt(const std::basic_string<char, std::char_traits<char>, std::allocator<char>> &, const std::basic_string<char, std::char_traits<char>, std::allocator<char>> &, std::list<std::basic_string<char, std::char_traits<char>, std::allocator<char>>, std::allocator<std::basic_string<char, std::char_traits<char>, std::allocator<char>>>> &)
1223 [139662698960704] TRACE perfrun.launcher <> - EXIT:  void runtool::Launcher::shutdownLaunch()
1223 [139662698960704] TRACE perfrun.launcher <> - EXIT:  int runtool::Launcher::doStart()
1223 [139662698960704] TRACE perfrun.launcher <> - IMessenger: send collection state with state = 3
1223 [139662698960704] INFO perfrun.launcher <> - Application exit code: 0
1223 [139662698960704] INFO perfrun.launcher <> - Exit code: 0
1224 [139662698960704] TRACE perfrun.launcher <> - EXIT:  Start the collection
1224 [139662698960704] TRACE perfrun.launcher <> - ENTER: Destroy the launcher...
1224 [139662698960704] TRACE perfrun.launcher <> - EXIT:  Destroy the launcher...
1224 [139662698960704] TRACE perfrun.launcher <> - ENTER: runtool::ProcessCreator::~ProcessCreator()
1224 [139662698960704] TRACE perfrun.launcher <> - ENTER: void runtool::ProcessCreator::stop()
1224 [139662698960704] TRACE perfrun.launcher <> - EXIT:  void runtool::ProcessCreator::stop()
1224 [139662698960704] TRACE perfrun.launcher <> - EXIT:  runtool::ProcessCreator::~ProcessCreator()
1224 [139662698960704] TRACE perfrun.launcher <> - PluginManagerProxy::doOperation thread was terminated.
1230 [139662698960704] TRACE perfrun.launcher <> - EXIT:  int main(int, char **)
