
30319 : 0xba70ee7dbd52 : 2 : ittapi_config_mask_get :  --itt-config mask to be applied: 17
30319 : 0xba70ee7de401 : 2 : ittapi_config_apply_per_lib :  ITTAPI function instrumented: __itt_domain_create
30319 : 0xba70ee7df104 : 2 : ittapi_config_apply_per_lib :  ITTAPI function instrumented: __itt_string_handle_create
30319 : 0xba70ee7dfda5 : 2 : ittapi_config_apply_per_lib :  ITTAPI function instrumented: __itt_pause
30319 : 0xba70ee7e0909 : 2 : ittapi_config_apply_per_lib :  ITTAPI function instrumented: __itt_resume
30319 : 0xba70ee7e1449 : 2 : ittapi_config_apply_per_lib :  ITTAPI function instrumented: __itt_thread_set_name
30319 : 0xba70ee7e1fbe : 2 : ittapi_config_apply_per_lib :  ITTAPI function instrumented: __itt_thread_ignore
30319 : 0xba70ee7e2b18 : 2 : ittapi_config_apply_per_lib :  ITTAPI function instrumented: __itt_thr_name_set
30319 : 0xba70ee7e35c8 : 2 : ittapi_config_apply_per_lib :  ITTAPI function instrumented: __itt_thr_ignore
30319 : 0xba70ee7e4673 : 2 : ittapi_config_apply_per_lib :  ITTAPI function not implemented: __itt_enable_attach
30319 : 0xba70ee7ed4af : 2 : ittapi_config_apply_per_lib :  ITTAPI function NOT instrumented (not matched by --itt-config option): __itt_sync_create

30319 : 0xba70ee7ee349 : 2 : ittapi_config_apply_per_lib :  ITTAPI function NOT instrumented (not matched by --itt-config option): __itt_sync_rename

30319 : 0xba70ee7eec96 : 2 : ittapi_config_apply_per_lib :  ITTAPI function NOT instrumented (not matched by --itt-config option): __itt_sync_destroy

30319 : 0xba70ee7ef5a3 : 2 : ittapi_config_apply_per_lib :  ITTAPI function NOT instrumented (not matched by --itt-config option): __itt_sync_prepare

30319 : 0xba70ee7efe9f : 2 : ittapi_config_apply_per_lib :  ITTAPI function NOT instrumented (not matched by --itt-config option): __itt_sync_cancel

30319 : 0xba70ee7f0796 : 2 : ittapi_config_apply_per_lib :  ITTAPI function NOT instrumented (not matched by --itt-config option): __itt_sync_acquired

30319 : 0xba70ee7f10c9 : 2 : ittapi_config_apply_per_lib :  ITTAPI function NOT instrumented (not matched by --itt-config option): __itt_sync_releasing

30319 : 0xba70ee7f2bf9 : 2 : ittapi_config_apply_per_lib :  ITTAPI function not implemented: __itt_suppress_push
30319 : 0xba70ee7f3d28 : 2 : ittapi_config_apply_per_lib :  ITTAPI function not implemented: __itt_suppress_pop
30319 : 0xba70ee7f4d4f : 2 : ittapi_config_apply_per_lib :  ITTAPI function not implemented: __itt_suppress_mark_range
30319 : 0xba70ee7f9182 : 2 : ittapi_config_apply_per_lib :  ITTAPI function not implemented: __itt_suppress_clear_range
30319 : 0xba70ee7f9f59 : 2 : ittapi_config_apply_per_lib :  ITTAPI function NOT instrumented (not matched by --itt-config option): __itt_sync_prepare

30319 : 0xba70ee7fa8e5 : 2 : ittapi_config_apply_per_lib :  ITTAPI function NOT instrumented (not matched by --itt-config option): __itt_sync_cancel

30319 : 0xba70ee7fb1d3 : 2 : ittapi_config_apply_per_lib :  ITTAPI function NOT instrumented (not matched by --itt-config option): __itt_sync_acquired

30319 : 0xba70ee7fba5e : 2 : ittapi_config_apply_per_lib :  ITTAPI function NOT instrumented (not matched by --itt-config option): __itt_sync_releasing

30319 : 0xba70ee7fca04 : 2 : ittapi_config_apply_per_lib :  ITTAPI function not implemented: __itt_model_site_begin
30319 : 0xba70ee7fd7ca : 2 : ittapi_config_apply_per_lib :  ITTAPI function not implemented: __itt_model_site_end
30319 : 0xba70ee7fe584 : 2 : ittapi_config_apply_per_lib :  ITTAPI function not implemented: __itt_model_task_begin
30319 : 0xba70ee7ff43a : 2 : ittapi_config_apply_per_lib :  ITTAPI function not implemented: __itt_model_task_end
30319 : 0xba70ee800126 : 2 : ittapi_config_apply_per_lib :  ITTAPI function not implemented: __itt_model_lock_acquire
30319 : 0xba70ee803336 : 2 : ittapi_config_apply_per_lib :  ITTAPI function not implemented: __itt_model_lock_release
30319 : 0xba70ee80425e : 2 : ittapi_config_apply_per_lib :  ITTAPI function not implemented: __itt_model_record_allocation
30319 : 0xba70ee804fb0 : 2 : ittapi_config_apply_per_lib :  ITTAPI function not implemented: __itt_model_record_deallocation
30319 : 0xba70ee805c5c : 2 : ittapi_config_apply_per_lib :  ITTAPI function not implemented: __itt_model_induction_uses
30319 : 0xba70ee806917 : 2 : ittapi_config_apply_per_lib :  ITTAPI function not implemented: __itt_model_reduction_uses
30319 : 0xba70ee8075d0 : 2 : ittapi_config_apply_per_lib :  ITTAPI function not implemented: __itt_model_observe_uses
30319 : 0xba70ee80831c : 2 : ittapi_config_apply_per_lib :  ITTAPI function not implemented: __itt_model_clear_uses
30319 : 0xba70ee8090ea : 2 : ittapi_config_apply_per_lib :  ITTAPI function not implemented: __itt_model_site_beginA
30319 : 0xba70ee809eeb : 2 : ittapi_config_apply_per_lib :  ITTAPI function not implemented: __itt_model_site_beginAL
30319 : 0xba70ee80abba : 2 : ittapi_config_apply_per_lib :  ITTAPI function not implemented: __itt_model_task_beginA
30319 : 0xba70ee80f0f2 : 2 : ittapi_config_apply_per_lib :  ITTAPI function not implemented: __itt_model_task_beginAL
30319 : 0xba70ee8101fb : 2 : ittapi_config_apply_per_lib :  ITTAPI function not implemented: __itt_model_iteration_taskA
30319 : 0xba70ee810fb2 : 2 : ittapi_config_apply_per_lib :  ITTAPI function not implemented: __itt_model_iteration_taskAL
30319 : 0xba70ee811c3f : 2 : ittapi_config_apply_per_lib :  ITTAPI function not implemented: __itt_model_site_end_2
30319 : 0xba70ee8129e0 : 2 : ittapi_config_apply_per_lib :  ITTAPI function not implemented: __itt_model_task_end_2
30319 : 0xba70ee813894 : 2 : ittapi_config_apply_per_lib :  ITTAPI function not implemented: __itt_model_lock_acquire_2
30319 : 0xba70ee814589 : 2 : ittapi_config_apply_per_lib :  ITTAPI function not implemented: __itt_model_lock_release_2
30319 : 0xba70ee8152b2 : 2 : ittapi_config_apply_per_lib :  ITTAPI function not implemented: __itt_model_aggregate_task
30319 : 0xba70ee81604f : 2 : ittapi_config_apply_per_lib :  ITTAPI function not implemented: __itt_model_disable_push
30319 : 0xba70ee816da0 : 2 : ittapi_config_apply_per_lib :  ITTAPI function not implemented: __itt_model_disable_pop
30319 : 0xba70ee819e1a : 2 : ittapi_config_apply_per_lib :  ITTAPI function instrumented: __itt_heap_function_create
30319 : 0xba70ee81aba2 : 2 : ittapi_config_apply_per_lib :  ITTAPI function instrumented: __itt_heap_allocate_begin
30319 : 0xba70ee81b68a : 2 : ittapi_config_apply_per_lib :  ITTAPI function instrumented: __itt_heap_allocate_end
30319 : 0xba70ee81c1d4 : 2 : ittapi_config_apply_per_lib :  ITTAPI function instrumented: __itt_heap_free_begin
30319 : 0xba70ee81cc5f : 2 : ittapi_config_apply_per_lib :  ITTAPI function instrumented: __itt_heap_free_end
30319 : 0xba70ee81d76c : 2 : ittapi_config_apply_per_lib :  ITTAPI function instrumented: __itt_heap_reallocate_begin
30319 : 0xba70ee81e234 : 2 : ittapi_config_apply_per_lib :  ITTAPI function instrumented: __itt_heap_reallocate_end
30319 : 0xba70ee81efe2 : 2 : ittapi_config_apply_per_lib :  ITTAPI function not implemented: __itt_heap_internal_access_begin
30319 : 0xba70ee81fd73 : 2 : ittapi_config_apply_per_lib :  ITTAPI function not implemented: __itt_heap_internal_access_end
30319 : 0xba70ee820ab4 : 2 : ittapi_config_apply_per_lib :  ITTAPI function not implemented: __itt_heap_record_memory_growth_begin
30319 : 0xba70ee823edb : 2 : ittapi_config_apply_per_lib :  ITTAPI function not implemented: __itt_heap_record_memory_growth_end
30319 : 0xba70ee824e8e : 2 : ittapi_config_apply_per_lib :  ITTAPI function not implemented: __itt_heap_reset_detection
30319 : 0xba70ee825ba7 : 2 : ittapi_config_apply_per_lib :  ITTAPI function not implemented: __itt_heap_record
30319 : 0xba70ee82681d : 2 : ittapi_config_apply_per_lib :  ITTAPI function not implemented: __itt_id_create
30319 : 0xba70ee82748e : 2 : ittapi_config_apply_per_lib :  ITTAPI function not implemented: __itt_id_destroy
30319 : 0xba70ee828046 : 2 : ittapi_config_apply_per_lib :  ITTAPI function instrumented: __itt_get_timestamp
30319 : 0xba70ee828c5a : 2 : ittapi_config_apply_per_lib :  ITTAPI function not implemented: __itt_region_begin
30319 : 0xba70ee82988e : 2 : ittapi_config_apply_per_lib :  ITTAPI function not implemented: __itt_region_end
30319 : 0xba70ee82a414 : 2 : ittapi_config_apply_per_lib :  ITTAPI function instrumented: __itt_frame_begin_v3
30319 : 0xba70ee82af61 : 2 : ittapi_config_apply_per_lib :  ITTAPI function instrumented: __itt_frame_end_v3
30319 : 0xba70ee82f134 : 2 : ittapi_config_apply_per_lib :  ITTAPI function instrumented: __itt_frame_submit_v3
30319 : 0xba70ee82fc02 : 2 : ittapi_config_apply_per_lib :  ITTAPI function NOT instrumented (not matched by --itt-config option): __itt_task_group

30319 : 0xba70ee8305cd : 2 : ittapi_config_apply_per_lib :  ITTAPI function NOT instrumented (not matched by --itt-config option): __itt_task_begin

30319 : 0xba70ee830e98 : 2 : ittapi_config_apply_per_lib :  ITTAPI function NOT instrumented (not matched by --itt-config option): __itt_task_begin_fn

30319 : 0xba70ee83172d : 2 : ittapi_config_apply_per_lib :  ITTAPI function NOT instrumented (not matched by --itt-config option): __itt_task_end

30319 : 0xba70ee832022 : 2 : ittapi_config_apply_per_lib :  ITTAPI function NOT instrumented (not matched by --itt-config option): __itt_counter_inc_v3

30319 : 0xba70ee8328de : 2 : ittapi_config_apply_per_lib :  ITTAPI function NOT instrumented (not matched by --itt-config option): __itt_counter_inc_delta_v3

30319 : 0xba70ee8337d9 : 2 : ittapi_config_apply_per_lib :  ITTAPI function not implemented: __itt_marker
30319 : 0xba70ee83451c : 2 : ittapi_config_apply_per_lib :  ITTAPI function instrumented: __itt_metadata_add
30319 : 0xba70ee83526a : 2 : ittapi_config_apply_per_lib :  ITTAPI function not implemented: __itt_metadata_str_add
30319 : 0xba70ee83869f : 2 : ittapi_config_apply_per_lib :  ITTAPI function not implemented: __itt_relation_add_to_current
30319 : 0xba70ee8395f1 : 2 : ittapi_config_apply_per_lib :  ITTAPI function not implemented: __itt_relation_add
30319 : 0xba70ee83a15e : 2 : ittapi_config_apply_per_lib :  ITTAPI function instrumented: __itt_event_create
30319 : 0xba70ee83a9c4 : 2 : ittapi_config_apply_per_lib :  ITTAPI function NOT instrumented (not matched by --itt-config option): __itt_event_start

30319 : 0xba70ee83b2b3 : 2 : ittapi_config_apply_per_lib :  ITTAPI function NOT instrumented (not matched by --itt-config option): __itt_event_end

30319 : 0xba70ee83bb7f : 2 : ittapi_config_apply_per_lib :  ITTAPI function NOT instrumented (not matched by --itt-config option): __itt_sync_set_name

30319 : 0xba70ee83c429 : 2 : ittapi_config_apply_per_lib :  ITTAPI function NOT instrumented (not matched by --itt-config option): __itt_notify_sync_name

30319 : 0xba70ee83cce7 : 2 : ittapi_config_apply_per_lib :  ITTAPI function NOT instrumented (not matched by --itt-config option): __itt_notify_sync_prepare

30319 : 0xba70ee83d594 : 2 : ittapi_config_apply_per_lib :  ITTAPI function NOT instrumented (not matched by --itt-config option): __itt_notify_sync_cancel

30319 : 0xba70ee83de0b : 2 : ittapi_config_apply_per_lib :  ITTAPI function NOT instrumented (not matched by --itt-config option): __itt_notify_sync_acquired

30319 : 0xba70ee84076d : 2 : ittapi_config_apply_per_lib :  ITTAPI function NOT instrumented (not matched by --itt-config option): __itt_notify_sync_releasing

30319 : 0xba70ee841806 : 2 : ittapi_config_apply_per_lib :  ITTAPI function not implemented: __itt_memory_read
30319 : 0xba70ee8424ce : 2 : ittapi_config_apply_per_lib :  ITTAPI function not implemented: __itt_memory_write
30319 : 0xba70ee843225 : 2 : ittapi_config_apply_per_lib :  ITTAPI function not implemented: __itt_memory_update
30319 : 0xba70ee843edd : 2 : ittapi_config_apply_per_lib :  ITTAPI function not implemented: __itt_state_get
30319 : 0xba70ee844b09 : 2 : ittapi_config_apply_per_lib :  ITTAPI function not implemented: __itt_state_set
30319 : 0xba70ee8456f1 : 2 : ittapi_config_apply_per_lib :  ITTAPI function not implemented: __itt_obj_mode_set
30319 : 0xba70ee84634c : 2 : ittapi_config_apply_per_lib :  ITTAPI function not implemented: __itt_thr_mode_set
30319 : 0xba70ee846e3b : 2 : ittapi_config_apply_per_lib :  ITTAPI function instrumented: __itt_frame_create
30319 : 0xba70ee84792e : 2 : ittapi_config_apply_per_lib :  ITTAPI function instrumented: __itt_frame_begin
30319 : 0xba70ee84b54d : 2 : ittapi_config_apply_per_lib :  ITTAPI function instrumented: __itt_frame_end
30319 : 0xba70ee84c339 : 2 : ittapi_config_apply_per_lib :  ITTAPI function instrumented: __itt_counter_create
30319 : 0xba70ee84cbf9 : 2 : ittapi_config_apply_per_lib :  ITTAPI function NOT instrumented (not matched by --itt-config option): __itt_counter_destroy

30319 : 0xba70ee84d4f8 : 2 : ittapi_config_apply_per_lib :  ITTAPI function NOT instrumented (not matched by --itt-config option): __itt_counter_inc

30319 : 0xba70ee84de19 : 2 : ittapi_config_apply_per_lib :  ITTAPI function NOT instrumented (not matched by --itt-config option): __itt_counter_inc_delta

30319 : 0xba70ee84eb1e : 2 : ittapi_config_apply_per_lib :  ITTAPI function not implemented: __itt_mark_create
30319 : 0xba70ee84f820 : 2 : ittapi_config_apply_per_lib :  ITTAPI function not implemented: __itt_mark
30319 : 0xba70ee850505 : 2 : ittapi_config_apply_per_lib :  ITTAPI function not implemented: __itt_mark_off
30319 : 0xba70ee851171 : 2 : ittapi_config_apply_per_lib :  ITTAPI function not implemented: __itt_mark_global
30319 : 0xba70ee851e98 : 2 : ittapi_config_apply_per_lib :  ITTAPI function not implemented: __itt_mark_global_off
30319 : 0xba70ee854e91 : 2 : ittapi_config_apply_per_lib :  ITTAPI function instrumented: __itt_stack_caller_create
30319 : 0xba70ee855c16 : 2 : ittapi_config_apply_per_lib :  ITTAPI function instrumented: __itt_stack_caller_destroy
30319 : 0xba70ee85674c : 2 : ittapi_config_apply_per_lib :  ITTAPI function instrumented: __itt_stack_callee_enter
30319 : 0xba70ee857247 : 2 : ittapi_config_apply_per_lib :  ITTAPI function instrumented: __itt_stack_callee_leave
30319 : 0xba70ee857f4d : 2 : ittapi_config_apply_per_lib :  ITTAPI function not implemented: __itt_clock_domain_create
30319 : 0xba70ee858c73 : 2 : ittapi_config_apply_per_lib :  ITTAPI function not implemented: __itt_clock_domain_reset
30319 : 0xba70ee859914 : 2 : ittapi_config_apply_per_lib :  ITTAPI function not implemented: __itt_id_create_ex
30319 : 0xba70ee85a61e : 2 : ittapi_config_apply_per_lib :  ITTAPI function not implemented: __itt_id_destroy_ex
30319 : 0xba70ee85aeba : 2 : ittapi_config_apply_per_lib :  ITTAPI function NOT instrumented (not matched by --itt-config option): __itt_task_begin_ex

30319 : 0xba70ee85b779 : 2 : ittapi_config_apply_per_lib :  ITTAPI function NOT instrumented (not matched by --itt-config option): __itt_task_begin_fn_ex

30319 : 0xba70ee85e001 : 2 : ittapi_config_apply_per_lib :  ITTAPI function NOT instrumented (not matched by --itt-config option): __itt_task_end_ex

30319 : 0xba70ee85ea89 : 2 : ittapi_config_apply_per_lib :  ITTAPI function NOT instrumented (not matched by --itt-config option): __itt_task_begin_overlapped

30319 : 0xba70ee85f327 : 2 : ittapi_config_apply_per_lib :  ITTAPI function NOT instrumented (not matched by --itt-config option): __itt_task_begin_overlapped_ex

30319 : 0xba70ee85fb66 : 2 : ittapi_config_apply_per_lib :  ITTAPI function NOT instrumented (not matched by --itt-config option): __itt_task_end_overlapped

30319 : 0xba70ee8603ee : 2 : ittapi_config_apply_per_lib :  ITTAPI function NOT instrumented (not matched by --itt-config option): __itt_task_end_overlapped_ex

30319 : 0xba70ee8612a1 : 2 : ittapi_config_apply_per_lib :  ITTAPI function not implemented: __itt_marker_ex
30319 : 0xba70ee862081 : 2 : ittapi_config_apply_per_lib :  ITTAPI function not implemented: __itt_metadata_add_with_scope
30319 : 0xba70ee862e30 : 2 : ittapi_config_apply_per_lib :  ITTAPI function not implemented: __itt_metadata_str_add_with_scope
30319 : 0xba70ee863b86 : 2 : ittapi_config_apply_per_lib :  ITTAPI function not implemented: __itt_relation_add_to_current_ex
30319 : 0xba70ee86487d : 2 : ittapi_config_apply_per_lib :  ITTAPI function not implemented: __itt_relation_add_ex
30319 : 0xba70ee867772 : 2 : ittapi_config_apply_per_lib :  ITTAPI function not implemented: __itt_track_group_create
30319 : 0xba70ee86864c : 2 : ittapi_config_apply_per_lib :  ITTAPI function not implemented: __itt_track_create
30319 : 0xba70ee86930c : 2 : ittapi_config_apply_per_lib :  ITTAPI function not implemented: __itt_set_track
30319 : 0xba70ee869eb4 : 2 : ittapi_config_apply_per_lib :  ITTAPI function instrumented: __itt_api_version
30319 : 0xba70ee86aac0 : 2 : ittapi_config_apply_per_lib :  ITTAPI function not implemented: __itt_av_save
30319 : 0xba70ee88d626 : 2 : ittapi_config_mask_get :  --itt-config mask to be applied: 17
30319 : 0xba70ee88ea03 : 2 : ittapi_config_apply_per_lib :  ITTAPI function instrumented: __itt_domain_create
30319 : 0xba70ee88f552 : 2 : ittapi_config_apply_per_lib :  ITTAPI function instrumented: __itt_string_handle_create
30319 : 0xba70ee89011d : 2 : ittapi_config_apply_per_lib :  ITTAPI function instrumented: __itt_pause
30319 : 0xba70ee890be5 : 2 : ittapi_config_apply_per_lib :  ITTAPI function instrumented: __itt_resume
30319 : 0xba70ee8966e5 : 2 : ittapi_config_apply_per_lib :  ITTAPI function instrumented: __itt_thread_set_name
30319 : 0xba70ee89756b : 2 : ittapi_config_apply_per_lib :  ITTAPI function instrumented: __itt_thread_ignore
30319 : 0xba70ee898125 : 2 : ittapi_config_apply_per_lib :  ITTAPI function instrumented: __itt_thr_name_set
30319 : 0xba70ee898c32 : 2 : ittapi_config_apply_per_lib :  ITTAPI function instrumented: __itt_thr_ignore
30319 : 0xba70ee899b48 : 2 : ittapi_config_apply_per_lib :  ITTAPI function not implemented: __itt_enable_attach
30319 : 0xba70ee89a87d : 2 : ittapi_config_apply_per_lib :  ITTAPI function instrumented: __itt_detach
30319 : 0xba70ee89b10b : 2 : ittapi_config_apply_per_lib :  ITTAPI function NOT instrumented (not matched by --itt-config option): __itt_sync_create

30319 : 0xba70ee89ba13 : 2 : ittapi_config_apply_per_lib :  ITTAPI function NOT instrumented (not matched by --itt-config option): __itt_sync_rename

30319 : 0xba70ee89c312 : 2 : ittapi_config_apply_per_lib :  ITTAPI function NOT instrumented (not matched by --itt-config option): __itt_sync_destroy

30319 : 0xba70ee89cba8 : 2 : ittapi_config_apply_per_lib :  ITTAPI function NOT instrumented (not matched by --itt-config option): __itt_sync_prepare

30319 : 0xba70ee89fa1c : 2 : ittapi_config_apply_per_lib :  ITTAPI function NOT instrumented (not matched by --itt-config option): __itt_sync_cancel

30319 : 0xba70ee8a049b : 2 : ittapi_config_apply_per_lib :  ITTAPI function NOT instrumented (not matched by --itt-config option): __itt_sync_acquired

30319 : 0xba70ee8a0d78 : 2 : ittapi_config_apply_per_lib :  ITTAPI function NOT instrumented (not matched by --itt-config option): __itt_sync_releasing

30319 : 0xba70ee8a1cd3 : 2 : ittapi_config_apply_per_lib :  ITTAPI function not implemented: __itt_suppress_push
30319 : 0xba70ee8a2b60 : 2 : ittapi_config_apply_per_lib :  ITTAPI function not implemented: __itt_suppress_pop
30319 : 0xba70ee8a393a : 2 : ittapi_config_apply_per_lib :  ITTAPI function not implemented: __itt_suppress_mark_range
30319 : 0xba70ee8a4601 : 2 : ittapi_config_apply_per_lib :  ITTAPI function not implemented: __itt_suppress_clear_range
30319 : 0xba70ee8a4e88 : 2 : ittapi_config_apply_per_lib :  ITTAPI function NOT instrumented (not matched by --itt-config option): __itt_sync_prepare

30319 : 0xba70ee8a5727 : 2 : ittapi_config_apply_per_lib :  ITTAPI function NOT instrumented (not matched by --itt-config option): __itt_sync_cancel

30319 : 0xba70ee8a5fd7 : 2 : ittapi_config_apply_per_lib :  ITTAPI function NOT instrumented (not matched by --itt-config option): __itt_sync_acquired

30319 : 0xba70ee8a89ad : 2 : ittapi_config_apply_per_lib :  ITTAPI function NOT instrumented (not matched by --itt-config option): __itt_sync_releasing

30319 : 0xba70ee8a9b5c : 2 : ittapi_config_apply_per_lib :  ITTAPI function not implemented: __itt_model_site_begin
30319 : 0xba70ee8aa8d1 : 2 : ittapi_config_apply_per_lib :  ITTAPI function not implemented: __itt_model_site_end
30319 : 0xba70ee8ab625 : 2 : ittapi_config_apply_per_lib :  ITTAPI function not implemented: __itt_model_task_begin
30319 : 0xba70ee8ac2b7 : 2 : ittapi_config_apply_per_lib :  ITTAPI function not implemented: __itt_model_task_end
30319 : 0xba70ee8acfa3 : 2 : ittapi_config_apply_per_lib :  ITTAPI function not implemented: __itt_model_lock_acquire
30319 : 0xba70ee8adc8c : 2 : ittapi_config_apply_per_lib :  ITTAPI function not implemented: __itt_model_lock_release
30319 : 0xba70ee8ae90a : 2 : ittapi_config_apply_per_lib :  ITTAPI function not implemented: __itt_model_record_allocation
30319 : 0xba70ee8af5e2 : 2 : ittapi_config_apply_per_lib :  ITTAPI function not implemented: __itt_model_record_deallocation
30319 : 0xba70ee8b0296 : 2 : ittapi_config_apply_per_lib :  ITTAPI function not implemented: __itt_model_induction_uses
30319 : 0xba70ee8b4649 : 2 : ittapi_config_apply_per_lib :  ITTAPI function not implemented: __itt_model_reduction_uses
30319 : 0xba70ee8b5651 : 2 : ittapi_config_apply_per_lib :  ITTAPI function not implemented: __itt_model_observe_uses
30319 : 0xba70ee8b63b8 : 2 : ittapi_config_apply_per_lib :  ITTAPI function not implemented: __itt_model_clear_uses
30319 : 0xba70ee8b717d : 2 : ittapi_config_apply_per_lib :  ITTAPI function not implemented: __itt_model_site_beginA
30319 : 0xba70ee8b7f28 : 2 : ittapi_config_apply_per_lib :  ITTAPI function not implemented: __itt_model_site_beginAL
30319 : 0xba70ee8b8bdc : 2 : ittapi_config_apply_per_lib :  ITTAPI function not implemented: __itt_model_task_beginA
30319 : 0xba70ee8b98ff : 2 : ittapi_config_apply_per_lib :  ITTAPI function not implemented: __itt_model_task_beginAL
30319 : 0xba70ee8ba5d6 : 2 : ittapi_config_apply_per_lib :  ITTAPI function not implemented: __itt_model_iteration_taskA
30319 : 0xba70ee8bb291 : 2 : ittapi_config_apply_per_lib :  ITTAPI function not implemented: __itt_model_iteration_taskAL
30319 : 0xba70ee8bbf38 : 2 : ittapi_config_apply_per_lib :  ITTAPI function not implemented: __itt_model_site_end_2
30319 : 0xba70ee8beff4 : 2 : ittapi_config_apply_per_lib :  ITTAPI function not implemented: __itt_model_task_end_2
30319 : 0xba70ee8bff60 : 2 : ittapi_config_apply_per_lib :  ITTAPI function not implemented: __itt_model_lock_acquire_2
30319 : 0xba70ee8c0c8a : 2 : ittapi_config_apply_per_lib :  ITTAPI function not implemented: __itt_model_lock_release_2
30319 : 0xba70ee8c194b : 2 : ittapi_config_apply_per_lib :  ITTAPI function not implemented: __itt_model_aggregate_task
30319 : 0xba70ee8c25da : 2 : ittapi_config_apply_per_lib :  ITTAPI function not implemented: __itt_model_disable_push
30319 : 0xba70ee8c3274 : 2 : ittapi_config_apply_per_lib :  ITTAPI function not implemented: __itt_model_disable_pop
30319 : 0xba70ee8c3e02 : 2 : ittapi_config_apply_per_lib :  ITTAPI function instrumented: __itt_heap_function_create
30319 : 0xba70ee8c491a : 2 : ittapi_config_apply_per_lib :  ITTAPI function instrumented: __itt_heap_allocate_begin
30319 : 0xba70ee8c53c1 : 2 : ittapi_config_apply_per_lib :  ITTAPI function instrumented: __itt_heap_allocate_end
30319 : 0xba70ee8c5f2b : 2 : ittapi_config_apply_per_lib :  ITTAPI function instrumented: __itt_heap_free_begin
30319 : 0xba70ee8c8bf2 : 2 : ittapi_config_apply_per_lib :  ITTAPI function instrumented: __itt_heap_free_end
30319 : 0xba70ee8c9934 : 2 : ittapi_config_apply_per_lib :  ITTAPI function instrumented: __itt_heap_reallocate_begin
30319 : 0xba70ee8ca453 : 2 : ittapi_config_apply_per_lib :  ITTAPI function instrumented: __itt_heap_reallocate_end
30319 : 0xba70ee8cb1f7 : 2 : ittapi_config_apply_per_lib :  ITTAPI function not implemented: __itt_heap_internal_access_begin
30319 : 0xba70ee8cbfc3 : 2 : ittapi_config_apply_per_lib :  ITTAPI function not implemented: __itt_heap_internal_access_end
30319 : 0xba70ee8ccd0b : 2 : ittapi_config_apply_per_lib :  ITTAPI function not implemented: __itt_heap_record_memory_growth_begin
30319 : 0xba70ee8cd9e5 : 2 : ittapi_config_apply_per_lib :  ITTAPI function not implemented: __itt_heap_record_memory_growth_end
30319 : 0xba70ee8ce6be : 2 : ittapi_config_apply_per_lib :  ITTAPI function not implemented: __itt_heap_reset_detection
30319 : 0xba70ee8cf350 : 2 : ittapi_config_apply_per_lib :  ITTAPI function not implemented: __itt_heap_record
30319 : 0xba70ee8cff9b : 2 : ittapi_config_apply_per_lib :  ITTAPI function not implemented: __itt_id_create
30319 : 0xba70ee8d3e83 : 2 : ittapi_config_apply_per_lib :  ITTAPI function not implemented: __itt_id_destroy
30319 : 0xba70ee8d4cf0 : 2 : ittapi_config_apply_per_lib :  ITTAPI function instrumented: __itt_get_timestamp
30319 : 0xba70ee8d594c : 2 : ittapi_config_apply_per_lib :  ITTAPI function not implemented: __itt_region_begin
30319 : 0xba70ee8d656b : 2 : ittapi_config_apply_per_lib :  ITTAPI function not implemented: __itt_region_end
30319 : 0xba70ee8d70e4 : 2 : ittapi_config_apply_per_lib :  ITTAPI function instrumented: __itt_frame_begin_v3
30319 : 0xba70ee8d7bfe : 2 : ittapi_config_apply_per_lib :  ITTAPI function instrumented: __itt_frame_end_v3
30319 : 0xba70ee8d872e : 2 : ittapi_config_apply_per_lib :  ITTAPI function instrumented: __itt_frame_submit_v3
30319 : 0xba70ee8d8f63 : 2 : ittapi_config_apply_per_lib :  ITTAPI function NOT instrumented (not matched by --itt-config option): __itt_task_group

30319 : 0xba70ee8d9895 : 2 : ittapi_config_apply_per_lib :  ITTAPI function NOT instrumented (not matched by --itt-config option): __itt_task_begin

30319 : 0xba70ee8da14a : 2 : ittapi_config_apply_per_lib :  ITTAPI function NOT instrumented (not matched by --itt-config option): __itt_task_begin_fn

30319 : 0xba70ee8dcaee : 2 : ittapi_config_apply_per_lib :  ITTAPI function NOT instrumented (not matched by --itt-config option): __itt_task_end

30319 : 0xba70ee8dd5a2 : 2 : ittapi_config_apply_per_lib :  ITTAPI function NOT instrumented (not matched by --itt-config option): __itt_counter_inc_v3

30319 : 0xba70ee8ddf0f : 2 : ittapi_config_apply_per_lib :  ITTAPI function NOT instrumented (not matched by --itt-config option): __itt_counter_inc_delta_v3

30319 : 0xba70ee8ded7d : 2 : ittapi_config_apply_per_lib :  ITTAPI function not implemented: __itt_marker
30319 : 0xba70ee8dfa26 : 2 : ittapi_config_apply_per_lib :  ITTAPI function instrumented: __itt_metadata_add
30319 : 0xba70ee8e077a : 2 : ittapi_config_apply_per_lib :  ITTAPI function not implemented: __itt_metadata_str_add
30319 : 0xba70ee8e14b8 : 2 : ittapi_config_apply_per_lib :  ITTAPI function not implemented: __itt_relation_add_to_current
30319 : 0xba70ee8e212b : 2 : ittapi_config_apply_per_lib :  ITTAPI function not implemented: __itt_relation_add
30319 : 0xba70ee8e2c80 : 2 : ittapi_config_apply_per_lib :  ITTAPI function instrumented: __itt_event_create
30319 : 0xba70ee8e34c9 : 2 : ittapi_config_apply_per_lib :  ITTAPI function NOT instrumented (not matched by --itt-config option): __itt_event_start

30319 : 0xba70ee8e5d8e : 2 : ittapi_config_apply_per_lib :  ITTAPI function NOT instrumented (not matched by --itt-config option): __itt_event_end

30319 : 0xba70ee8e67f9 : 2 : ittapi_config_apply_per_lib :  ITTAPI function NOT instrumented (not matched by --itt-config option): __itt_sync_set_name

30319 : 0xba70ee8e70ae : 2 : ittapi_config_apply_per_lib :  ITTAPI function NOT instrumented (not matched by --itt-config option): __itt_notify_sync_name

30319 : 0xba70ee8e7959 : 2 : ittapi_config_apply_per_lib :  ITTAPI function NOT instrumented (not matched by --itt-config option): __itt_notify_sync_prepare

30319 : 0xba70ee8e81f5 : 2 : ittapi_config_apply_per_lib :  ITTAPI function NOT instrumented (not matched by --itt-config option): __itt_notify_sync_cancel

30319 : 0xba70ee8e8a7f : 2 : ittapi_config_apply_per_lib :  ITTAPI function NOT instrumented (not matched by --itt-config option): __itt_notify_sync_acquired

30319 : 0xba70ee8e933a : 2 : ittapi_config_apply_per_lib :  ITTAPI function NOT instrumented (not matched by --itt-config option): __itt_notify_sync_releasing

30319 : 0xba70ee8ea1a5 : 2 : ittapi_config_apply_per_lib :  ITTAPI function not implemented: __itt_memory_read
30319 : 0xba70ee8eae7f : 2 : ittapi_config_apply_per_lib :  ITTAPI function not implemented: __itt_memory_write
30319 : 0xba70ee8ebbc6 : 2 : ittapi_config_apply_per_lib :  ITTAPI function not implemented: __itt_memory_update
30319 : 0xba70ee8ee985 : 2 : ittapi_config_apply_per_lib :  ITTAPI function not implemented: __itt_state_get
30319 : 0xba70ee8ef7f4 : 2 : ittapi_config_apply_per_lib :  ITTAPI function not implemented: __itt_state_set
30319 : 0xba70ee8f0468 : 2 : ittapi_config_apply_per_lib :  ITTAPI function not implemented: __itt_obj_mode_set
30319 : 0xba70ee8f10e2 : 2 : ittapi_config_apply_per_lib :  ITTAPI function not implemented: __itt_thr_mode_set
30319 : 0xba70ee8f1be7 : 2 : ittapi_config_apply_per_lib :  ITTAPI function instrumented: __itt_frame_create
30319 : 0xba70ee8f26ec : 2 : ittapi_config_apply_per_lib :  ITTAPI function instrumented: __itt_frame_begin
30319 : 0xba70ee8f3169 : 2 : ittapi_config_apply_per_lib :  ITTAPI function instrumented: __itt_frame_end
30319 : 0xba70ee8f3c56 : 2 : ittapi_config_apply_per_lib :  ITTAPI function instrumented: __itt_counter_create
30319 : 0xba70ee8f44ba : 2 : ittapi_config_apply_per_lib :  ITTAPI function NOT instrumented (not matched by --itt-config option): __itt_counter_destroy

30319 : 0xba70ee8f4d45 : 2 : ittapi_config_apply_per_lib :  ITTAPI function NOT instrumented (not matched by --itt-config option): __itt_counter_inc

30319 : 0xba70ee8f866f : 2 : ittapi_config_apply_per_lib :  ITTAPI function NOT instrumented (not matched by --itt-config option): __itt_counter_inc_delta

30319 : 0xba70ee8f9781 : 2 : ittapi_config_apply_per_lib :  ITTAPI function not implemented: __itt_mark_create
30319 : 0xba70ee8fa481 : 2 : ittapi_config_apply_per_lib :  ITTAPI function not implemented: __itt_mark
30319 : 0xba70ee8fb1f7 : 2 : ittapi_config_apply_per_lib :  ITTAPI function not implemented: __itt_mark_off
30319 : 0xba70ee8fbe5b : 2 : ittapi_config_apply_per_lib :  ITTAPI function not implemented: __itt_mark_global
30319 : 0xba70ee8fcb86 : 2 : ittapi_config_apply_per_lib :  ITTAPI function not implemented: __itt_mark_global_off
30319 : 0xba70ee8fd82c : 2 : ittapi_config_apply_per_lib :  ITTAPI function instrumented: __itt_stack_caller_create
30319 : 0xba70ee8fe3bc : 2 : ittapi_config_apply_per_lib :  ITTAPI function instrumented: __itt_stack_caller_destroy
30319 : 0xba70ee8feea3 : 2 : ittapi_config_apply_per_lib :  ITTAPI function instrumented: __itt_stack_callee_enter
30319 : 0xba70ee8ff98e : 2 : ittapi_config_apply_per_lib :  ITTAPI function instrumented: __itt_stack_callee_leave
30319 : 0xba70ee902a3a : 2 : ittapi_config_apply_per_lib :  ITTAPI function not implemented: __itt_clock_domain_create
30319 : 0xba70ee903a51 : 2 : ittapi_config_apply_per_lib :  ITTAPI function not implemented: __itt_clock_domain_reset
30319 : 0xba70ee9046d1 : 2 : ittapi_config_apply_per_lib :  ITTAPI function not implemented: __itt_id_create_ex
30319 : 0xba70ee9053af : 2 : ittapi_config_apply_per_lib :  ITTAPI function not implemented: __itt_id_destroy_ex
30319 : 0xba70ee905c34 : 2 : ittapi_config_apply_per_lib :  ITTAPI function NOT instrumented (not matched by --itt-config option): __itt_task_begin_ex

30319 : 0xba70ee9064cd : 2 : ittapi_config_apply_per_lib :  ITTAPI function NOT instrumented (not matched by --itt-config option): __itt_task_begin_fn_ex

30319 : 0xba70ee906d9e : 2 : ittapi_config_apply_per_lib :  ITTAPI function NOT instrumented (not matched by --itt-config option): __itt_task_end_ex

30319 : 0xba70ee907647 : 2 : ittapi_config_apply_per_lib :  ITTAPI function NOT instrumented (not matched by --itt-config option): __itt_task_begin_overlapped

30319 : 0xba70ee907ea2 : 2 : ittapi_config_apply_per_lib :  ITTAPI function NOT instrumented (not matched by --itt-config option): __itt_task_begin_overlapped_ex

30319 : 0xba70ee9086f6 : 2 : ittapi_config_apply_per_lib :  ITTAPI function NOT instrumented (not matched by --itt-config option): __itt_task_end_overlapped

30319 : 0xba70ee90af58 : 2 : ittapi_config_apply_per_lib :  ITTAPI function NOT instrumented (not matched by --itt-config option): __itt_task_end_overlapped_ex

30319 : 0xba70ee90c00e : 2 : ittapi_config_apply_per_lib :  ITTAPI function not implemented: __itt_marker_ex
30319 : 0xba70ee90cdba : 2 : ittapi_config_apply_per_lib :  ITTAPI function not implemented: __itt_metadata_add_with_scope
30319 : 0xba70ee90dafb : 2 : ittapi_config_apply_per_lib :  ITTAPI function not implemented: __itt_metadata_str_add_with_scope
30319 : 0xba70ee90e876 : 2 : ittapi_config_apply_per_lib :  ITTAPI function not implemented: __itt_relation_add_to_current_ex
30319 : 0xba70ee90f52d : 2 : ittapi_config_apply_per_lib :  ITTAPI function not implemented: __itt_relation_add_ex
30319 : 0xba70ee9101fd : 2 : ittapi_config_apply_per_lib :  ITTAPI function not implemented: __itt_track_group_create
30319 : 0xba70ee910e8d : 2 : ittapi_config_apply_per_lib :  ITTAPI function not implemented: __itt_track_create
30319 : 0xba70ee911ac1 : 2 : ittapi_config_apply_per_lib :  ITTAPI function not implemented: __itt_set_track
30319 : 0xba70ee912616 : 2 : ittapi_config_apply_per_lib :  ITTAPI function instrumented: __itt_api_version
30319 : 0xba70ee9163cc : 2 : ittapi_config_apply_per_lib :  ITTAPI function not implemented: __itt_av_save