
29927 : 0xba6598ff980a : 2 : ittapi_config_mask_get :  --itt-config mask to be applied: 17
29927 : 0xba6598ffc342 : 2 : ittapi_config_apply_per_lib :  ITTAPI function instrumented: __itt_domain_create
29927 : 0xba6598ffd114 : 2 : ittapi_config_apply_per_lib :  ITTAPI function instrumented: __itt_string_handle_create
29927 : 0xba6598ffde84 : 2 : ittapi_config_apply_per_lib :  ITTAPI function instrumented: __itt_pause
29927 : 0xba6598ffea93 : 2 : ittapi_config_apply_per_lib :  ITTAPI function instrumented: __itt_resume
29927 : 0xba6598fff67e : 2 : ittapi_config_apply_per_lib :  ITTAPI function instrumented: __itt_thread_set_name
29927 : 0xba65990002a9 : 2 : ittapi_config_apply_per_lib :  ITTAPI function instrumented: __itt_thread_ignore
29927 : 0xba6599000ea3 : 2 : ittapi_config_apply_per_lib :  ITTAPI function instrumented: __itt_thr_name_set
29927 : 0xba65990019ed : 2 : ittapi_config_apply_per_lib :  ITTAPI function instrumented: __itt_thr_ignore
29927 : 0xba6599002c47 : 2 : ittapi_config_apply_per_lib :  ITTAPI function not implemented: __itt_enable_attach
29927 : 0xba659900c28c : 2 : ittapi_config_apply_per_lib :  ITTAPI function NOT instrumented (not matched by --itt-config option): __itt_sync_create

29927 : 0xba659900d453 : 2 : ittapi_config_apply_per_lib :  ITTAPI function NOT instrumented (not matched by --itt-config option): __itt_sync_rename

29927 : 0xba659900e0d3 : 2 : ittapi_config_apply_per_lib :  ITTAPI function NOT instrumented (not matched by --itt-config option): __itt_sync_destroy

29927 : 0xba659900ea09 : 2 : ittapi_config_apply_per_lib :  ITTAPI function NOT instrumented (not matched by --itt-config option): __itt_sync_prepare

29927 : 0xba659900f38e : 2 : ittapi_config_apply_per_lib :  ITTAPI function NOT instrumented (not matched by --itt-config option): __itt_sync_cancel

29927 : 0xba659900fc73 : 2 : ittapi_config_apply_per_lib :  ITTAPI function NOT instrumented (not matched by --itt-config option): __itt_sync_acquired

29927 : 0xba6599034acc : 2 : ittapi_config_apply_per_lib :  ITTAPI function NOT instrumented (not matched by --itt-config option): __itt_sync_releasing

29927 : 0xba659903792c : 2 : ittapi_config_apply_per_lib :  ITTAPI function not implemented: __itt_suppress_push
29927 : 0xba6599038991 : 2 : ittapi_config_apply_per_lib :  ITTAPI function not implemented: __itt_suppress_pop
29927 : 0xba6599039752 : 2 : ittapi_config_apply_per_lib :  ITTAPI function not implemented: __itt_suppress_mark_range
29927 : 0xba659903ebde : 2 : ittapi_config_apply_per_lib :  ITTAPI function not implemented: __itt_suppress_clear_range
29927 : 0xba659903f81b : 2 : ittapi_config_apply_per_lib :  ITTAPI function NOT instrumented (not matched by --itt-config option): __itt_sync_prepare

29927 : 0xba659904017b : 2 : ittapi_config_apply_per_lib :  ITTAPI function NOT instrumented (not matched by --itt-config option): __itt_sync_cancel

29927 : 0xba6599040a6b : 2 : ittapi_config_apply_per_lib :  ITTAPI function NOT instrumented (not matched by --itt-config option): __itt_sync_acquired

29927 : 0xba6599041358 : 2 : ittapi_config_apply_per_lib :  ITTAPI function NOT instrumented (not matched by --itt-config option): __itt_sync_releasing

29927 : 0xba6599042257 : 2 : ittapi_config_apply_per_lib :  ITTAPI function not implemented: __itt_model_site_begin
29927 : 0xba6599043037 : 2 : ittapi_config_apply_per_lib :  ITTAPI function not implemented: __itt_model_site_end
29927 : 0xba6599043dc5 : 2 : ittapi_config_apply_per_lib :  ITTAPI function not implemented: __itt_model_task_begin
29927 : 0xba6599044b21 : 2 : ittapi_config_apply_per_lib :  ITTAPI function not implemented: __itt_model_task_end
29927 : 0xba6599045894 : 2 : ittapi_config_apply_per_lib :  ITTAPI function not implemented: __itt_model_lock_acquire
29927 : 0xba6599048f89 : 2 : ittapi_config_apply_per_lib :  ITTAPI function not implemented: __itt_model_lock_release
29927 : 0xba6599049ee5 : 2 : ittapi_config_apply_per_lib :  ITTAPI function not implemented: __itt_model_record_allocation
29927 : 0xba659904adc1 : 2 : ittapi_config_apply_per_lib :  ITTAPI function not implemented: __itt_model_record_deallocation
29927 : 0xba659904bc82 : 2 : ittapi_config_apply_per_lib :  ITTAPI function not implemented: __itt_model_induction_uses
29927 : 0xba659904ca02 : 2 : ittapi_config_apply_per_lib :  ITTAPI function not implemented: __itt_model_reduction_uses
29927 : 0xba659904d768 : 2 : ittapi_config_apply_per_lib :  ITTAPI function not implemented: __itt_model_observe_uses
29927 : 0xba659904e670 : 2 : ittapi_config_apply_per_lib :  ITTAPI function not implemented: __itt_model_clear_uses
29927 : 0xba659904f4c4 : 2 : ittapi_config_apply_per_lib :  ITTAPI function not implemented: __itt_model_site_beginA
29927 : 0xba6599050451 : 2 : ittapi_config_apply_per_lib :  ITTAPI function not implemented: __itt_model_site_beginAL
29927 : 0xba65990511a8 : 2 : ittapi_config_apply_per_lib :  ITTAPI function not implemented: __itt_model_task_beginA
29927 : 0xba65990561ac : 2 : ittapi_config_apply_per_lib :  ITTAPI function not implemented: __itt_model_task_beginAL
29927 : 0xba659905722f : 2 : ittapi_config_apply_per_lib :  ITTAPI function not implemented: __itt_model_iteration_taskA
29927 : 0xba6599057fec : 2 : ittapi_config_apply_per_lib :  ITTAPI function not implemented: __itt_model_iteration_taskAL
29927 : 0xba6599058cf0 : 2 : ittapi_config_apply_per_lib :  ITTAPI function not implemented: __itt_model_site_end_2
29927 : 0xba65990599c6 : 2 : ittapi_config_apply_per_lib :  ITTAPI function not implemented: __itt_model_task_end_2
29927 : 0xba659905a7d4 : 2 : ittapi_config_apply_per_lib :  ITTAPI function not implemented: __itt_model_lock_acquire_2
29927 : 0xba659905b541 : 2 : ittapi_config_apply_per_lib :  ITTAPI function not implemented: __itt_model_lock_release_2
29927 : 0xba659905c279 : 2 : ittapi_config_apply_per_lib :  ITTAPI function not implemented: __itt_model_aggregate_task
29927 : 0xba659905cf93 : 2 : ittapi_config_apply_per_lib :  ITTAPI function not implemented: __itt_model_disable_push
29927 : 0xba659905dc9e : 2 : ittapi_config_apply_per_lib :  ITTAPI function not implemented: __itt_model_disable_pop
29927 : 0xba6599060ed3 : 2 : ittapi_config_apply_per_lib :  ITTAPI function instrumented: __itt_heap_function_create
29927 : 0xba6599061cf9 : 2 : ittapi_config_apply_per_lib :  ITTAPI function instrumented: __itt_heap_allocate_begin
29927 : 0xba659906288e : 2 : ittapi_config_apply_per_lib :  ITTAPI function instrumented: __itt_heap_allocate_end
29927 : 0xba659906345f : 2 : ittapi_config_apply_per_lib :  ITTAPI function instrumented: __itt_heap_free_begin
29927 : 0xba6599063f9b : 2 : ittapi_config_apply_per_lib :  ITTAPI function instrumented: __itt_heap_free_end
29927 : 0xba6599064b56 : 2 : ittapi_config_apply_per_lib :  ITTAPI function instrumented: __itt_heap_reallocate_begin
29927 : 0xba65990656c3 : 2 : ittapi_config_apply_per_lib :  ITTAPI function instrumented: __itt_heap_reallocate_end
29927 : 0xba6599066517 : 2 : ittapi_config_apply_per_lib :  ITTAPI function not implemented: __itt_heap_internal_access_begin
29927 : 0xba6599067318 : 2 : ittapi_config_apply_per_lib :  ITTAPI function not implemented: __itt_heap_internal_access_end
29927 : 0xba65990680ef : 2 : ittapi_config_apply_per_lib :  ITTAPI function not implemented: __itt_heap_record_memory_growth_begin
29927 : 0xba659906b335 : 2 : ittapi_config_apply_per_lib :  ITTAPI function not implemented: __itt_heap_record_memory_growth_end
29927 : 0xba659906c315 : 2 : ittapi_config_apply_per_lib :  ITTAPI function not implemented: __itt_heap_reset_detection
29927 : 0xba659906d0a1 : 2 : ittapi_config_apply_per_lib :  ITTAPI function not implemented: __itt_heap_record
29927 : 0xba659906dd8a : 2 : ittapi_config_apply_per_lib :  ITTAPI function not implemented: __itt_id_create
29927 : 0xba659906ea8b : 2 : ittapi_config_apply_per_lib :  ITTAPI function not implemented: __itt_id_destroy
29927 : 0xba659906f685 : 2 : ittapi_config_apply_per_lib :  ITTAPI function instrumented: __itt_get_timestamp
29927 : 0xba659907032e : 2 : ittapi_config_apply_per_lib :  ITTAPI function not implemented: __itt_region_begin
29927 : 0xba6599070fd2 : 2 : ittapi_config_apply_per_lib :  ITTAPI function not implemented: __itt_region_end
29927 : 0xba6599071be1 : 2 : ittapi_config_apply_per_lib :  ITTAPI function instrumented: __itt_frame_begin_v3
29927 : 0xba65990727f7 : 2 : ittapi_config_apply_per_lib :  ITTAPI function instrumented: __itt_frame_end_v3
29927 : 0xba65990767b4 : 2 : ittapi_config_apply_per_lib :  ITTAPI function instrumented: __itt_frame_submit_v3
29927 : 0xba6599077310 : 2 : ittapi_config_apply_per_lib :  ITTAPI function NOT instrumented (not matched by --itt-config option): __itt_task_group

29927 : 0xba6599077c94 : 2 : ittapi_config_apply_per_lib :  ITTAPI function NOT instrumented (not matched by --itt-config option): __itt_task_begin

29927 : 0xba6599078596 : 2 : ittapi_config_apply_per_lib :  ITTAPI function NOT instrumented (not matched by --itt-config option): __itt_task_begin_fn

29927 : 0xba6599078e7b : 2 : ittapi_config_apply_per_lib :  ITTAPI function NOT instrumented (not matched by --itt-config option): __itt_task_end

29927 : 0xba659907979d : 2 : ittapi_config_apply_per_lib :  ITTAPI function NOT instrumented (not matched by --itt-config option): __itt_counter_inc_v3

29927 : 0xba659907a0c4 : 2 : ittapi_config_apply_per_lib :  ITTAPI function NOT instrumented (not matched by --itt-config option): __itt_counter_inc_delta_v3

29927 : 0xba659907aeac : 2 : ittapi_config_apply_per_lib :  ITTAPI function not implemented: __itt_marker
29927 : 0xba659907bc4b : 2 : ittapi_config_apply_per_lib :  ITTAPI function instrumented: __itt_metadata_add
29927 : 0xba659907ca22 : 2 : ittapi_config_apply_per_lib :  ITTAPI function not implemented: __itt_metadata_str_add
29927 : 0xba659907fddc : 2 : ittapi_config_apply_per_lib :  ITTAPI function not implemented: __itt_relation_add_to_current
29927 : 0xba6599080d8c : 2 : ittapi_config_apply_per_lib :  ITTAPI function not implemented: __itt_relation_add
29927 : 0xba6599081a0b : 2 : ittapi_config_apply_per_lib :  ITTAPI function instrumented: __itt_event_create
29927 : 0xba65990822c7 : 2 : ittapi_config_apply_per_lib :  ITTAPI function NOT instrumented (not matched by --itt-config option): __itt_event_start

29927 : 0xba6599082bc9 : 2 : ittapi_config_apply_per_lib :  ITTAPI function NOT instrumented (not matched by --itt-config option): __itt_event_end

29927 : 0xba65990834e8 : 2 : ittapi_config_apply_per_lib :  ITTAPI function NOT instrumented (not matched by --itt-config option): __itt_sync_set_name

29927 : 0xba6599083df4 : 2 : ittapi_config_apply_per_lib :  ITTAPI function NOT instrumented (not matched by --itt-config option): __itt_notify_sync_name

29927 : 0xba6599084714 : 2 : ittapi_config_apply_per_lib :  ITTAPI function NOT instrumented (not matched by --itt-config option): __itt_notify_sync_prepare

29927 : 0xba6599085018 : 2 : ittapi_config_apply_per_lib :  ITTAPI function NOT instrumented (not matched by --itt-config option): __itt_notify_sync_cancel

29927 : 0xba6599085901 : 2 : ittapi_config_apply_per_lib :  ITTAPI function NOT instrumented (not matched by --itt-config option): __itt_notify_sync_acquired

29927 : 0xba65990883d2 : 2 : ittapi_config_apply_per_lib :  ITTAPI function NOT instrumented (not matched by --itt-config option): __itt_notify_sync_releasing

29927 : 0xba6599089451 : 2 : ittapi_config_apply_per_lib :  ITTAPI function not implemented: __itt_memory_read
29927 : 0xba659908a202 : 2 : ittapi_config_apply_per_lib :  ITTAPI function not implemented: __itt_memory_write
29927 : 0xba659908b00a : 2 : ittapi_config_apply_per_lib :  ITTAPI function not implemented: __itt_memory_update
29927 : 0xba659908bd6f : 2 : ittapi_config_apply_per_lib :  ITTAPI function not implemented: __itt_state_get
29927 : 0xba659908ca91 : 2 : ittapi_config_apply_per_lib :  ITTAPI function not implemented: __itt_state_set
29927 : 0xba659908d712 : 2 : ittapi_config_apply_per_lib :  ITTAPI function not implemented: __itt_obj_mode_set
29927 : 0xba659908e41c : 2 : ittapi_config_apply_per_lib :  ITTAPI function not implemented: __itt_thr_mode_set
29927 : 0xba659908ef9e : 2 : ittapi_config_apply_per_lib :  ITTAPI function instrumented: __itt_frame_create
29927 : 0xba659908fb07 : 2 : ittapi_config_apply_per_lib :  ITTAPI function instrumented: __itt_frame_begin
29927 : 0xba65990938cd : 2 : ittapi_config_apply_per_lib :  ITTAPI function instrumented: __itt_frame_end
29927 : 0xba65990946c2 : 2 : ittapi_config_apply_per_lib :  ITTAPI function instrumented: __itt_counter_create
29927 : 0xba6599094ff3 : 2 : ittapi_config_apply_per_lib :  ITTAPI function NOT instrumented (not matched by --itt-config option): __itt_counter_destroy

29927 : 0xba6599095934 : 2 : ittapi_config_apply_per_lib :  ITTAPI function NOT instrumented (not matched by --itt-config option): __itt_counter_inc

29927 : 0xba65990962b5 : 2 : ittapi_config_apply_per_lib :  ITTAPI function NOT instrumented (not matched by --itt-config option): __itt_counter_inc_delta

29927 : 0xba6599097031 : 2 : ittapi_config_apply_per_lib :  ITTAPI function not implemented: __itt_mark_create
29927 : 0xba6599097db5 : 2 : ittapi_config_apply_per_lib :  ITTAPI function not implemented: __itt_mark
29927 : 0xba6599098b19 : 2 : ittapi_config_apply_per_lib :  ITTAPI function not implemented: __itt_mark_off
29927 : 0xba6599099828 : 2 : ittapi_config_apply_per_lib :  ITTAPI function not implemented: __itt_mark_global
29927 : 0xba659909a60f : 2 : ittapi_config_apply_per_lib :  ITTAPI function not implemented: __itt_mark_global_off
29927 : 0xba659909d978 : 2 : ittapi_config_apply_per_lib :  ITTAPI function instrumented: __itt_stack_caller_create
29927 : 0xba659909e77a : 2 : ittapi_config_apply_per_lib :  ITTAPI function instrumented: __itt_stack_caller_destroy
29927 : 0xba659909f33e : 2 : ittapi_config_apply_per_lib :  ITTAPI function instrumented: __itt_stack_callee_enter
29927 : 0xba659909fed9 : 2 : ittapi_config_apply_per_lib :  ITTAPI function instrumented: __itt_stack_callee_leave
29927 : 0xba65990a0c73 : 2 : ittapi_config_apply_per_lib :  ITTAPI function not implemented: __itt_clock_domain_create
29927 : 0xba65990a1a32 : 2 : ittapi_config_apply_per_lib :  ITTAPI function not implemented: __itt_clock_domain_reset
29927 : 0xba65990a274a : 2 : ittapi_config_apply_per_lib :  ITTAPI function not implemented: __itt_id_create_ex
29927 : 0xba65990a3504 : 2 : ittapi_config_apply_per_lib :  ITTAPI function not implemented: __itt_id_destroy_ex
29927 : 0xba65990a3dda : 2 : ittapi_config_apply_per_lib :  ITTAPI function NOT instrumented (not matched by --itt-config option): __itt_task_begin_ex

29927 : 0xba65990a46de : 2 : ittapi_config_apply_per_lib :  ITTAPI function NOT instrumented (not matched by --itt-config option): __itt_task_begin_fn_ex

29927 : 0xba65990a7184 : 2 : ittapi_config_apply_per_lib :  ITTAPI function NOT instrumented (not matched by --itt-config option): __itt_task_end_ex

29927 : 0xba65990a7c1f : 2 : ittapi_config_apply_per_lib :  ITTAPI function NOT instrumented (not matched by --itt-config option): __itt_task_begin_overlapped

29927 : 0xba65990a8509 : 2 : ittapi_config_apply_per_lib :  ITTAPI function NOT instrumented (not matched by --itt-config option): __itt_task_begin_overlapped_ex

29927 : 0xba65990a8dcb : 2 : ittapi_config_apply_per_lib :  ITTAPI function NOT instrumented (not matched by --itt-config option): __itt_task_end_overlapped

29927 : 0xba65990a96bf : 2 : ittapi_config_apply_per_lib :  ITTAPI function NOT instrumented (not matched by --itt-config option): __itt_task_end_overlapped_ex

29927 : 0xba65990aa627 : 2 : ittapi_config_apply_per_lib :  ITTAPI function not implemented: __itt_marker_ex
29927 : 0xba65990ab4f0 : 2 : ittapi_config_apply_per_lib :  ITTAPI function not implemented: __itt_metadata_add_with_scope
29927 : 0xba65990ac2e7 : 2 : ittapi_config_apply_per_lib :  ITTAPI function not implemented: __itt_metadata_str_add_with_scope
29927 : 0xba65990ad0ec : 2 : ittapi_config_apply_per_lib :  ITTAPI function not implemented: __itt_relation_add_to_current_ex
29927 : 0xba65990ade4b : 2 : ittapi_config_apply_per_lib :  ITTAPI function not implemented: __itt_relation_add_ex
29927 : 0xba65990b0ef2 : 2 : ittapi_config_apply_per_lib :  ITTAPI function not implemented: __itt_track_group_create
29927 : 0xba65990b1e0e : 2 : ittapi_config_apply_per_lib :  ITTAPI function not implemented: __itt_track_create
29927 : 0xba65990b2ba0 : 2 : ittapi_config_apply_per_lib :  ITTAPI function not implemented: __itt_set_track
29927 : 0xba65990b37b8 : 2 : ittapi_config_apply_per_lib :  ITTAPI function instrumented: __itt_api_version
29927 : 0xba65990b4417 : 2 : ittapi_config_apply_per_lib :  ITTAPI function not implemented: __itt_av_save
29927 : 0xba65990dadb1 : 2 : ittapi_config_mask_get :  --itt-config mask to be applied: 17
29927 : 0xba65990dc1d6 : 2 : ittapi_config_apply_per_lib :  ITTAPI function instrumented: __itt_domain_create
29927 : 0xba65990dcd8f : 2 : ittapi_config_apply_per_lib :  ITTAPI function instrumented: __itt_string_handle_create
29927 : 0xba65990dd9bf : 2 : ittapi_config_apply_per_lib :  ITTAPI function instrumented: __itt_pause
29927 : 0xba65990de4e7 : 2 : ittapi_config_apply_per_lib :  ITTAPI function instrumented: __itt_resume
29927 : 0xba65990e3d16 : 2 : ittapi_config_apply_per_lib :  ITTAPI function instrumented: __itt_thread_set_name
29927 : 0xba65990e4bcf : 2 : ittapi_config_apply_per_lib :  ITTAPI function instrumented: __itt_thread_ignore
29927 : 0xba65990e57ff : 2 : ittapi_config_apply_per_lib :  ITTAPI function instrumented: __itt_thr_name_set
29927 : 0xba65990e637b : 2 : ittapi_config_apply_per_lib :  ITTAPI function instrumented: __itt_thr_ignore
29927 : 0xba65990e7336 : 2 : ittapi_config_apply_per_lib :  ITTAPI function not implemented: __itt_enable_attach
29927 : 0xba65990e80b0 : 2 : ittapi_config_apply_per_lib :  ITTAPI function instrumented: __itt_detach
29927 : 0xba65990e89c9 : 2 : ittapi_config_apply_per_lib :  ITTAPI function NOT instrumented (not matched by --itt-config option): __itt_sync_create

29927 : 0xba65990e9316 : 2 : ittapi_config_apply_per_lib :  ITTAPI function NOT instrumented (not matched by --itt-config option): __itt_sync_rename

29927 : 0xba65990e9c73 : 2 : ittapi_config_apply_per_lib :  ITTAPI function NOT instrumented (not matched by --itt-config option): __itt_sync_destroy

29927 : 0xba65990ea538 : 2 : ittapi_config_apply_per_lib :  ITTAPI function NOT instrumented (not matched by --itt-config option): __itt_sync_prepare

29927 : 0xba65990ed4c0 : 2 : ittapi_config_apply_per_lib :  ITTAPI function NOT instrumented (not matched by --itt-config option): __itt_sync_cancel

29927 : 0xba65990edf60 : 2 : ittapi_config_apply_per_lib :  ITTAPI function NOT instrumented (not matched by --itt-config option): __itt_sync_acquired

29927 : 0xba65990ee87e : 2 : ittapi_config_apply_per_lib :  ITTAPI function NOT instrumented (not matched by --itt-config option): __itt_sync_releasing

29927 : 0xba65990ef867 : 2 : ittapi_config_apply_per_lib :  ITTAPI function not implemented: __itt_suppress_push
29927 : 0xba65990f07fa : 2 : ittapi_config_apply_per_lib :  ITTAPI function not implemented: __itt_suppress_pop
29927 : 0xba65990f160b : 2 : ittapi_config_apply_per_lib :  ITTAPI function not implemented: __itt_suppress_mark_range
29927 : 0xba65990f238f : 2 : ittapi_config_apply_per_lib :  ITTAPI function not implemented: __itt_suppress_clear_range
29927 : 0xba65990f2c68 : 2 : ittapi_config_apply_per_lib :  ITTAPI function NOT instrumented (not matched by --itt-config option): __itt_sync_prepare

29927 : 0xba65990f356f : 2 : ittapi_config_apply_per_lib :  ITTAPI function NOT instrumented (not matched by --itt-config option): __itt_sync_cancel

29927 : 0xba65990f3e5f : 2 : ittapi_config_apply_per_lib :  ITTAPI function NOT instrumented (not matched by --itt-config option): __itt_sync_acquired

29927 : 0xba65990f69d0 : 2 : ittapi_config_apply_per_lib :  ITTAPI function NOT instrumented (not matched by --itt-config option): __itt_sync_releasing

29927 : 0xba65990f7bbf : 2 : ittapi_config_apply_per_lib :  ITTAPI function not implemented: __itt_model_site_begin
29927 : 0xba65990f898d : 2 : ittapi_config_apply_per_lib :  ITTAPI function not implemented: __itt_model_site_end
29927 : 0xba65990f976c : 2 : ittapi_config_apply_per_lib :  ITTAPI function not implemented: __itt_model_task_begin
29927 : 0xba65990fa4b8 : 2 : ittapi_config_apply_per_lib :  ITTAPI function not implemented: __itt_model_task_end
29927 : 0xba65990fb1f6 : 2 : ittapi_config_apply_per_lib :  ITTAPI function not implemented: __itt_model_lock_acquire
29927 : 0xba65990fbf47 : 2 : ittapi_config_apply_per_lib :  ITTAPI function not implemented: __itt_model_lock_release
29927 : 0xba65990fcc4c : 2 : ittapi_config_apply_per_lib :  ITTAPI function not implemented: __itt_model_record_allocation
29927 : 0xba65990fd9b3 : 2 : ittapi_config_apply_per_lib :  ITTAPI function not implemented: __itt_model_record_deallocation
29927 : 0xba65990fe6f4 : 2 : ittapi_config_apply_per_lib :  ITTAPI function not implemented: __itt_model_induction_uses
29927 : 0xba6599102e3f : 2 : ittapi_config_apply_per_lib :  ITTAPI function not implemented: __itt_model_reduction_uses
29927 : 0xba6599103ec2 : 2 : ittapi_config_apply_per_lib :  ITTAPI function not implemented: __itt_model_observe_uses
29927 : 0xba6599104ca0 : 2 : ittapi_config_apply_per_lib :  ITTAPI function not implemented: __itt_model_clear_uses
29927 : 0xba6599105acc : 2 : ittapi_config_apply_per_lib :  ITTAPI function not implemented: __itt_model_site_beginA
29927 : 0xba65991068e3 : 2 : ittapi_config_apply_per_lib :  ITTAPI function not implemented: __itt_model_site_beginAL
29927 : 0xba659910760e : 2 : ittapi_config_apply_per_lib :  ITTAPI function not implemented: __itt_model_task_beginA
29927 : 0xba6599108386 : 2 : ittapi_config_apply_per_lib :  ITTAPI function not implemented: __itt_model_task_beginAL
29927 : 0xba65991090d3 : 2 : ittapi_config_apply_per_lib :  ITTAPI function not implemented: __itt_model_iteration_taskA
29927 : 0xba6599109e01 : 2 : ittapi_config_apply_per_lib :  ITTAPI function not implemented: __itt_model_iteration_taskAL
29927 : 0xba659910aae5 : 2 : ittapi_config_apply_per_lib :  ITTAPI function not implemented: __itt_model_site_end_2
29927 : 0xba659910deb9 : 2 : ittapi_config_apply_per_lib :  ITTAPI function not implemented: __itt_model_task_end_2
29927 : 0xba659910ee44 : 2 : ittapi_config_apply_per_lib :  ITTAPI function not implemented: __itt_model_lock_acquire_2
29927 : 0xba659910fbf5 : 2 : ittapi_config_apply_per_lib :  ITTAPI function not implemented: __itt_model_lock_release_2
29927 : 0xba6599110909 : 2 : ittapi_config_apply_per_lib :  ITTAPI function not implemented: __itt_model_aggregate_task
29927 : 0xba6599111624 : 2 : ittapi_config_apply_per_lib :  ITTAPI function not implemented: __itt_model_disable_push
29927 : 0xba6599112325 : 2 : ittapi_config_apply_per_lib :  ITTAPI function not implemented: __itt_model_disable_pop
29927 : 0xba6599112f52 : 2 : ittapi_config_apply_per_lib :  ITTAPI function instrumented: __itt_heap_function_create
29927 : 0xba6599113afc : 2 : ittapi_config_apply_per_lib :  ITTAPI function instrumented: __itt_heap_allocate_begin
29927 : 0xba6599114632 : 2 : ittapi_config_apply_per_lib :  ITTAPI function instrumented: __itt_heap_allocate_end
29927 : 0xba6599115187 : 2 : ittapi_config_apply_per_lib :  ITTAPI function instrumented: __itt_heap_free_begin
29927 : 0xba6599118023 : 2 : ittapi_config_apply_per_lib :  ITTAPI function instrumented: __itt_heap_free_end
29927 : 0xba6599118d57 : 2 : ittapi_config_apply_per_lib :  ITTAPI function instrumented: __itt_heap_reallocate_begin
29927 : 0xba6599119909 : 2 : ittapi_config_apply_per_lib :  ITTAPI function instrumented: __itt_heap_reallocate_end
29927 : 0xba659911a74b : 2 : ittapi_config_apply_per_lib :  ITTAPI function not implemented: __itt_heap_internal_access_begin
29927 : 0xba659911b55d : 2 : ittapi_config_apply_per_lib :  ITTAPI function not implemented: __itt_heap_internal_access_end
29927 : 0xba659911c2fc : 2 : ittapi_config_apply_per_lib :  ITTAPI function not implemented: __itt_heap_record_memory_growth_begin
29927 : 0xba659911d032 : 2 : ittapi_config_apply_per_lib :  ITTAPI function not implemented: __itt_heap_record_memory_growth_end
29927 : 0xba659911dd76 : 2 : ittapi_config_apply_per_lib :  ITTAPI function not implemented: __itt_heap_reset_detection
29927 : 0xba659911eaa0 : 2 : ittapi_config_apply_per_lib :  ITTAPI function not implemented: __itt_heap_record
29927 : 0xba659911f77d : 2 : ittapi_config_apply_per_lib :  ITTAPI function not implemented: __itt_id_create
29927 : 0xba6599123a46 : 2 : ittapi_config_apply_per_lib :  ITTAPI function not implemented: __itt_id_destroy
29927 : 0xba659912495d : 2 : ittapi_config_apply_per_lib :  ITTAPI function instrumented: __itt_get_timestamp
29927 : 0xba6599125614 : 2 : ittapi_config_apply_per_lib :  ITTAPI function not implemented: __itt_region_begin
29927 : 0xba65991262be : 2 : ittapi_config_apply_per_lib :  ITTAPI function not implemented: __itt_region_end
29927 : 0xba6599126ea0 : 2 : ittapi_config_apply_per_lib :  ITTAPI function instrumented: __itt_frame_begin_v3
29927 : 0xba6599127a44 : 2 : ittapi_config_apply_per_lib :  ITTAPI function instrumented: __itt_frame_end_v3
29927 : 0xba6599128622 : 2 : ittapi_config_apply_per_lib :  ITTAPI function instrumented: __itt_frame_submit_v3
29927 : 0xba6599128ebd : 2 : ittapi_config_apply_per_lib :  ITTAPI function NOT instrumented (not matched by --itt-config option): __itt_task_group

29927 : 0xba6599129808 : 2 : ittapi_config_apply_per_lib :  ITTAPI function NOT instrumented (not matched by --itt-config option): __itt_task_begin

29927 : 0xba659912a1a6 : 2 : ittapi_config_apply_per_lib :  ITTAPI function NOT instrumented (not matched by --itt-config option): __itt_task_begin_fn

29927 : 0xba659912cde6 : 2 : ittapi_config_apply_per_lib :  ITTAPI function NOT instrumented (not matched by --itt-config option): __itt_task_end

29927 : 0xba659912d883 : 2 : ittapi_config_apply_per_lib :  ITTAPI function NOT instrumented (not matched by --itt-config option): __itt_counter_inc_v3

29927 : 0xba659912e1ea : 2 : ittapi_config_apply_per_lib :  ITTAPI function NOT instrumented (not matched by --itt-config option): __itt_counter_inc_delta_v3

29927 : 0xba659912f0b6 : 2 : ittapi_config_apply_per_lib :  ITTAPI function not implemented: __itt_marker
29927 : 0xba659912fdbd : 2 : ittapi_config_apply_per_lib :  ITTAPI function instrumented: __itt_metadata_add
29927 : 0xba6599130b56 : 2 : ittapi_config_apply_per_lib :  ITTAPI function not implemented: __itt_metadata_str_add
29927 : 0xba659913192e : 2 : ittapi_config_apply_per_lib :  ITTAPI function not implemented: __itt_relation_add_to_current
29927 : 0xba6599132629 : 2 : ittapi_config_apply_per_lib :  ITTAPI function not implemented: __itt_relation_add
29927 : 0xba65991331ee : 2 : ittapi_config_apply_per_lib :  ITTAPI function instrumented: __itt_event_create
29927 : 0xba6599133a8d : 2 : ittapi_config_apply_per_lib :  ITTAPI function NOT instrumented (not matched by --itt-config option): __itt_event_start

29927 : 0xba659913655e : 2 : ittapi_config_apply_per_lib :  ITTAPI function NOT instrumented (not matched by --itt-config option): __itt_event_end

29927 : 0xba6599137020 : 2 : ittapi_config_apply_per_lib :  ITTAPI function NOT instrumented (not matched by --itt-config option): __itt_sync_set_name

29927 : 0xba659913790d : 2 : ittapi_config_apply_per_lib :  ITTAPI function NOT instrumented (not matched by --itt-config option): __itt_notify_sync_name

29927 : 0xba6599138207 : 2 : ittapi_config_apply_per_lib :  ITTAPI function NOT instrumented (not matched by --itt-config option): __itt_notify_sync_prepare

29927 : 0xba6599138b11 : 2 : ittapi_config_apply_per_lib :  ITTAPI function NOT instrumented (not matched by --itt-config option): __itt_notify_sync_cancel

29927 : 0xba65991393e9 : 2 : ittapi_config_apply_per_lib :  ITTAPI function NOT instrumented (not matched by --itt-config option): __itt_notify_sync_acquired

29927 : 0xba6599139cd8 : 2 : ittapi_config_apply_per_lib :  ITTAPI function NOT instrumented (not matched by --itt-config option): __itt_notify_sync_releasing

29927 : 0xba659913aba0 : 2 : ittapi_config_apply_per_lib :  ITTAPI function not implemented: __itt_memory_read
29927 : 0xba659913b8fc : 2 : ittapi_config_apply_per_lib :  ITTAPI function not implemented: __itt_memory_write
29927 : 0xba659913c6c6 : 2 : ittapi_config_apply_per_lib :  ITTAPI function not implemented: __itt_memory_update
29927 : 0xba659913f783 : 2 : ittapi_config_apply_per_lib :  ITTAPI function not implemented: __itt_state_get
29927 : 0xba65991405fe : 2 : ittapi_config_apply_per_lib :  ITTAPI function not implemented: __itt_state_set
29927 : 0xba65991412e9 : 2 : ittapi_config_apply_per_lib :  ITTAPI function not implemented: __itt_obj_mode_set
29927 : 0xba6599141ff2 : 2 : ittapi_config_apply_per_lib :  ITTAPI function not implemented: __itt_thr_mode_set
29927 : 0xba6599142b69 : 2 : ittapi_config_apply_per_lib :  ITTAPI function instrumented: __itt_frame_create
29927 : 0xba65991436d7 : 2 : ittapi_config_apply_per_lib :  ITTAPI function instrumented: __itt_frame_begin
29927 : 0xba65991441e1 : 2 : ittapi_config_apply_per_lib :  ITTAPI function instrumented: __itt_frame_end
29927 : 0xba6599144d28 : 2 : ittapi_config_apply_per_lib :  ITTAPI function instrumented: __itt_counter_create
29927 : 0xba65991455dc : 2 : ittapi_config_apply_per_lib :  ITTAPI function NOT instrumented (not matched by --itt-config option): __itt_counter_destroy

29927 : 0xba6599145ebe : 2 : ittapi_config_apply_per_lib :  ITTAPI function NOT instrumented (not matched by --itt-config option): __itt_counter_inc

29927 : 0xba659914997b : 2 : ittapi_config_apply_per_lib :  ITTAPI function NOT instrumented (not matched by --itt-config option): __itt_counter_inc_delta

29927 : 0xba659914aacd : 2 : ittapi_config_apply_per_lib :  ITTAPI function not implemented: __itt_mark_create
29927 : 0xba659914b824 : 2 : ittapi_config_apply_per_lib :  ITTAPI function not implemented: __itt_mark
29927 : 0xba659914c5e0 : 2 : ittapi_config_apply_per_lib :  ITTAPI function not implemented: __itt_mark_off
29927 : 0xba659914d2c2 : 2 : ittapi_config_apply_per_lib :  ITTAPI function not implemented: __itt_mark_global
29927 : 0xba659914e070 : 2 : ittapi_config_apply_per_lib :  ITTAPI function not implemented: __itt_mark_global_off
29927 : 0xba659914edc4 : 2 : ittapi_config_apply_per_lib :  ITTAPI function instrumented: __itt_stack_caller_create
29927 : 0xba659914f9b8 : 2 : ittapi_config_apply_per_lib :  ITTAPI function instrumented: __itt_stack_caller_destroy
29927 : 0xba659915053a : 2 : ittapi_config_apply_per_lib :  ITTAPI function instrumented: __itt_stack_callee_enter
29927 : 0xba659915109f : 2 : ittapi_config_apply_per_lib :  ITTAPI function instrumented: __itt_stack_callee_leave
29927 : 0xba65991543f4 : 2 : ittapi_config_apply_per_lib :  ITTAPI function not implemented: __itt_clock_domain_create
29927 : 0xba6599155487 : 2 : ittapi_config_apply_per_lib :  ITTAPI function not implemented: __itt_clock_domain_reset
29927 : 0xba65991561aa : 2 : ittapi_config_apply_per_lib :  ITTAPI function not implemented: __itt_id_create_ex
29927 : 0xba6599156f3b : 2 : ittapi_config_apply_per_lib :  ITTAPI function not implemented: __itt_id_destroy_ex
29927 : 0xba659915781c : 2 : ittapi_config_apply_per_lib :  ITTAPI function NOT instrumented (not matched by --itt-config option): __itt_task_begin_ex

29927 : 0xba65991580f6 : 2 : ittapi_config_apply_per_lib :  ITTAPI function NOT instrumented (not matched by --itt-config option): __itt_task_begin_fn_ex

29927 : 0xba6599158a19 : 2 : ittapi_config_apply_per_lib :  ITTAPI function NOT instrumented (not matched by --itt-config option): __itt_task_end_ex

29927 : 0xba65991592ee : 2 : ittapi_config_apply_per_lib :  ITTAPI function NOT instrumented (not matched by --itt-config option): __itt_task_begin_overlapped

29927 : 0xba6599159ba7 : 2 : ittapi_config_apply_per_lib :  ITTAPI function NOT instrumented (not matched by --itt-config option): __itt_task_begin_overlapped_ex

29927 : 0xba659915a445 : 2 : ittapi_config_apply_per_lib :  ITTAPI function NOT instrumented (not matched by --itt-config option): __itt_task_end_overlapped

29927 : 0xba659915ce95 : 2 : ittapi_config_apply_per_lib :  ITTAPI function NOT instrumented (not matched by --itt-config option): __itt_task_end_overlapped_ex

29927 : 0xba659915df5e : 2 : ittapi_config_apply_per_lib :  ITTAPI function not implemented: __itt_marker_ex
29927 : 0xba659915ed79 : 2 : ittapi_config_apply_per_lib :  ITTAPI function not implemented: __itt_metadata_add_with_scope
29927 : 0xba659915fb59 : 2 : ittapi_config_apply_per_lib :  ITTAPI function not implemented: __itt_metadata_str_add_with_scope
29927 : 0xba6599160940 : 2 : ittapi_config_apply_per_lib :  ITTAPI function not implemented: __itt_relation_add_to_current_ex
29927 : 0xba6599161667 : 2 : ittapi_config_apply_per_lib :  ITTAPI function not implemented: __itt_relation_add_ex
29927 : 0xba65991623d9 : 2 : ittapi_config_apply_per_lib :  ITTAPI function not implemented: __itt_track_group_create
29927 : 0xba65991630cf : 2 : ittapi_config_apply_per_lib :  ITTAPI function not implemented: __itt_track_create
29927 : 0xba6599163d82 : 2 : ittapi_config_apply_per_lib :  ITTAPI function not implemented: __itt_set_track
29927 : 0xba659916493e : 2 : ittapi_config_apply_per_lib :  ITTAPI function instrumented: __itt_api_version
29927 : 0xba65991688ee : 2 : ittapi_config_apply_per_lib :  ITTAPI function not implemented: __itt_av_save