14 [139807185688384] TRACE perfrun.launcher <> - ENTER: int main(int, char **)
16 [139807185688384] TRACE perfrun.launcher <> - ENTER: Start the collection
16 [139807185688384] INFO perfrun.launcher <> - argc = 6; cmdline = /opt/intel/vtune_amplifier_2018.1.0.535340/bin64/amplxe-runss -dump-vdso -r /tmp/amplxe-tmp-savannah/amplxe-res-30463-490991580274782 --tmp-dir /tmp/amplxe-tmp-savannah 
16 [139807185688384] TRACE perfrun.launcher <> - ENTER: Initialize the launcher
19 [139807185688384] TRACE perfrun.launcher <> - ENTER: void runtool::CmdLineParser::declareOptions()
31 [139807185688384] TRACE perfrun.launcher <> - EXIT:  void runtool::CmdLineParser::declareOptions()
31 [139807185688384] TRACE perfrun.system <> - ENTER: static runtool::system::IController *runtool::system::IController::create()
32 [139807185688384] TRACE perfrun.system <> - ENTER: runtool::system::Controller::Controller()
32 [139807185688384] TRACE perfrun.system <> - EXIT:  runtool::system::Controller::Controller()
32 [139807185688384] TRACE perfrun.system <> - EXIT:  static runtool::system::IController *runtool::system::IController::create()
32 [139807185688384] INFO perfrun.launcher <> - plugin system has been added successfully
32 [139807185688384] TRACE perfrun.itt <> - ENTER: static runtool::sdk::IController *runtool::itt::IController::create()
32 [139807185688384] TRACE perfrun.itt <> - ENTER: create itt controller
32 [139807185688384] TRACE perfrun.itt <> - EXIT:  create itt controller
32 [139807185688384] TRACE perfrun.itt <> - EXIT:  static runtool::sdk::IController *runtool::itt::IController::create()
32 [139807185688384] INFO perfrun.launcher <> - plugin itt has been added successfully
32 [139807185688384] INFO perfrun.launcher <> - plugin ptracecollector has been added successfully
32 [139807185688384] TRACE perfrun.gpu <> - ENTER: runtool::gpu::Controller::Controller()
32 [139807185688384] TRACE perfrun.gpu <> - EXIT:  runtool::gpu::Controller::Controller()
32 [139807185688384] INFO perfrun.launcher <> - plugin gpu has been added successfully
32 [139807185688384] INFO perfrun.launcher <> - plugin  has been added successfully
32 [139807185688384] INFO perfrun.launcher <> - plugin  has been added successfully
32 [139807185688384] INFO perfrun.launcher <> - plugin  has been added successfully
32 [139807185688384] INFO perfrun.launcher <> - plugin mrte has been added successfully
32 [139807185688384] TRACE perfrun.emon <> - ENTER: runtool::emon::Controller::Controller()
32 [139807185688384] TRACE perfrun.emon <> - EXIT:  runtool::emon::Controller::Controller()
32 [139807185688384] INFO perfrun.launcher <> - plugin emon has been added successfully
33 [139807185688384] TRACE perfrun.stdsrc <> - ENTER: void runtool::stdsrc::Controller::fillCommandLineOptions()
33 [139807185688384] TRACE perfrun.stdsrc <> - EXIT:  void runtool::stdsrc::Controller::fillCommandLineOptions()
33 [139807185688384] DEBUG perfrun.stdsrc <> - stdsrc controller object has been created
33 [139807185688384] INFO perfrun.launcher <> - plugin stdsrc has been added successfully
33 [139807185688384] DEBUG perfrun.sep <> - SEP controller object has been created
33 [139807185688384] INFO perfrun.launcher <> - plugin sep has been added successfully
33 [139807185688384] DEBUG perfrun.vtsspp <> - VTSS++ controller object has been created
33 [139807185688384] INFO perfrun.launcher <> - plugin vtsspp has been added successfully
33 [139807185688384] TRACE perfrun.perfcollector <> - ENTER: runtool::perfcollector::Controller::Controller()
33 [139807185688384] INFO perfrun.sdk <> - Reading value (0) from file: /proc/sys/kernel/perf_event_paranoid
36 [139807185688384] INFO perfrun.perfcollector <> - cpu: family = 6 model = 26
37 [139807185688384] INFO perfrun.perfcollector <> - dir found : /sys/bus/event_source/devices/cpu
37 [139807185688384] INFO perfrun.perfcollector <> - format: pc config:19 mask:19
37 [139807185688384] INFO perfrun.perfcollector <> - format: any config:21 mask:21
37 [139807185688384] INFO perfrun.perfcollector <> - format: inv config:23 mask:23
37 [139807185688384] INFO perfrun.perfcollector <> - format: edge config:18 mask:18
37 [139807185688384] INFO perfrun.perfcollector <> - format: cmask config:24-31 mask:24-31
37 [139807185688384] INFO perfrun.perfcollector <> - format: event config:0-7 mask:0-7
37 [139807185688384] INFO perfrun.perfcollector <> - format: in_tx config:32 mask:32
37 [139807185688384] INFO perfrun.perfcollector <> - format: ldlat config1:0-15 mask:0-15
37 [139807185688384] INFO perfrun.perfcollector <> - format: umask config:8-15 mask:8-15
37 [139807185688384] INFO perfrun.perfcollector <> - format: in_tx_cp config:33 mask:33
37 [139807185688384] INFO perfrun.perfcollector <> - format: offcore_rsp config1:0-63 mask:0-63
37 [139807185688384] INFO perfrun.perfcollector <> - hwInfo : PERF_CPU_PMU_DETAILS
37 [139807185688384] INFO perfrun.perfcollector <> - pmu added : family : cpu , id : 0
37 [139807185688384] INFO perfrun.perfcollector <> - dir found : /sys/bus/event_source/devices/msr
37 [139807185688384] INFO perfrun.perfcollector <> - format: event config:0-63 mask:0-63
37 [139807185688384] WARN perfrun.perfcollector <> - pmu hwInfo is not set, at file: vcs/perfrun1/plugins/perfcollector/src/controller.cpp:666
37 [139807185688384] INFO perfrun.perfcollector <> - pmu added : family : msr , id : 0
37 [139807185688384] INFO perfrun.perfcollector <> - dir found : /sys/bus/event_source/devices/software
37 [139807185688384] WARN perfrun.perfcollector <> - format subdir doesn't exist, at file: vcs/perfrun1/plugins/perfcollector/src/controller.cpp:597
37 [139807185688384] WARN perfrun.perfcollector <> - pmu hwInfo is not set, at file: vcs/perfrun1/plugins/perfcollector/src/controller.cpp:666
37 [139807185688384] INFO perfrun.perfcollector <> - pmu added : family : software , id : 0
37 [139807185688384] INFO perfrun.perfcollector <> - dir found : /sys/bus/event_source/devices/tracepoint
37 [139807185688384] WARN perfrun.perfcollector <> - format subdir doesn't exist, at file: vcs/perfrun1/plugins/perfcollector/src/controller.cpp:597
37 [139807185688384] WARN perfrun.perfcollector <> - pmu hwInfo is not set, at file: vcs/perfrun1/plugins/perfcollector/src/controller.cpp:666
38 [139807185688384] INFO perfrun.perfcollector <> - pmu added : family : tracepoint , id : 0
38 [139807185688384] INFO perfrun.perfcollector <> - dir found : /sys/bus/event_source/devices/uncore
38 [139807185688384] INFO perfrun.perfcollector <> - format: inv config:23 mask:23
38 [139807185688384] INFO perfrun.perfcollector <> - format: edge config:18 mask:18
38 [139807185688384] INFO perfrun.perfcollector <> - format: cmask config:24-31 mask:24-31
38 [139807185688384] INFO perfrun.perfcollector <> - format: event config:0-7 mask:0-7
38 [139807185688384] INFO perfrun.perfcollector <> - format: umask config:8-15 mask:8-15
38 [139807185688384] WARN perfrun.perfcollector <> - pmu hwInfo is not set, at file: vcs/perfrun1/plugins/perfcollector/src/controller.cpp:666
38 [139807185688384] INFO perfrun.perfcollector <> - pmu added : family : uncore , id : 0
38 [139807185688384] INFO perfrun.perfcollector <> - dir found : /sys/bus/event_source/devices/cstate_core
38 [139807185688384] INFO perfrun.perfcollector <> - format: event config:0-63 mask:0-63
38 [139807185688384] WARN perfrun.perfcollector <> - pmu hwInfo is not set, at file: vcs/perfrun1/plugins/perfcollector/src/controller.cpp:666
38 [139807185688384] INFO perfrun.perfcollector <> - pmu added : family : cstate_core , id : 0
38 [139807185688384] INFO perfrun.perfcollector <> - dir found : /sys/bus/event_source/devices/cstate_pkg
38 [139807185688384] INFO perfrun.perfcollector <> - format: event config:0-63 mask:0-63
38 [139807185688384] WARN perfrun.perfcollector <> - pmu hwInfo is not set, at file: vcs/perfrun1/plugins/perfcollector/src/controller.cpp:666
38 [139807185688384] INFO perfrun.perfcollector <> - pmu added : family : cstate_pkg , id : 0
38 [139807185688384] INFO perfrun.perfcollector <> - dir found : /sys/bus/event_source/devices/intel_bts
38 [139807185688384] WARN perfrun.perfcollector <> - format subdir doesn't exist, at file: vcs/perfrun1/plugins/perfcollector/src/controller.cpp:597
38 [139807185688384] WARN perfrun.perfcollector <> - pmu hwInfo is not set, at file: vcs/perfrun1/plugins/perfcollector/src/controller.cpp:666
38 [139807185688384] INFO perfrun.perfcollector <> - pmu added : family : intel_bts , id : 0
38 [139807185688384] INFO perfrun.perfcollector <> - dir found : /sys/bus/event_source/devices/breakpoint
38 [139807185688384] WARN perfrun.perfcollector <> - format subdir doesn't exist, at file: vcs/perfrun1/plugins/perfcollector/src/controller.cpp:597
39 [139807185688384] WARN perfrun.perfcollector <> - pmu hwInfo is not set, at file: vcs/perfrun1/plugins/perfcollector/src/controller.cpp:666
39 [139807185688384] INFO perfrun.perfcollector <> - pmu added : family : breakpoint , id : 0
39 [139807185688384] TRACE perfrun.perfcollector <> - EXIT:  runtool::perfcollector::Controller::Controller()
39 [139807185688384] INFO perfrun.launcher <> - plugin perf has been added successfully
39 [139807185688384] TRACE perfrun.tpss <> - ENTER: static runtool::sdk::IController *runtool::tpss::IController::create()
39 [139807185688384] TRACE perfrun.tpss <> - ENTER: create tpss controller
39 [139807185688384] TRACE perfrun.tpss <> - EXIT:  create tpss controller
39 [139807185688384] TRACE perfrun.tpss <> - EXIT:  static runtool::sdk::IController *runtool::tpss::IController::create()
39 [139807185688384] INFO perfrun.launcher <> - plugin tpss has been added successfully
39 [139807185688384] DEBUG perfrun.cuscol <> - cuscol controller object has been created
39 [139807185688384] INFO perfrun.launcher <> - plugin cuscol has been added successfully
39 [139807185688384] DEBUG perfrun.exprof <> - exprof controller object has been created
39 [139807185688384] DEBUG perfrun.exprof <> - exprof controller filling command line options
39 [139807185688384] INFO perfrun.launcher <> - plugin exprof has been added successfully
39 [139807185688384] DEBUG perfrun.dpdk <> - dpdk controller object has been created
39 [139807185688384] INFO perfrun.launcher <> - plugin dpdk has been added successfully
39 [139807185688384] TRACE perfrun.media <> - ENTER: static runtool::media::IController *runtool::media::IController::create()
39 [139807185688384] TRACE perfrun.media <> - ENTER: runtool::media::Controller::Controller()
39 [139807185688384] TRACE perfrun.media <> - EXIT:  runtool::media::Controller::Controller()
39 [139807185688384] TRACE perfrun.media <> - EXIT:  static runtool::media::IController *runtool::media::IController::create()
39 [139807185688384] INFO perfrun.launcher <> - plugin media has been added successfully
39 [139807185688384] DEBUG perfrun.commcollector <> - comm controller object has been created
39 [139807185688384] INFO perfrun.launcher <> - plugin commcollector has been added successfully
39 [139807185688384] DEBUG perfrun.cvecollector <> - CVE controller object has been created
39 [139807185688384] INFO perfrun.launcher <> - plugin cve has been added successfully
40 [139807185688384] INFO perfrun.launcher <> - the option was added --interval: Specify an interval of data collection (for example, sampling) in milliseconds.
40 [139807185688384] INFO perfrun.launcher <> - the option was added --follow-child: Profile process with or without children.
41 [139807185688384] INFO perfrun.launcher <> - the option was added --gelding: BADMSG: perfrun1.launcher.plugin_manager::gelding
41 [139807185688384] INFO perfrun.launcher <> - the option was added --time-source: Specify time source for measurement. Possible values: sys - wall clock time; tsc - time stamp counter; ext - time from an external source; auto - auto select accurate time source.
41 [139807185688384] INFO perfrun.launcher <> - the option was added --stack: Enable or disable collection of stacks.
42 [139807185688384] INFO perfrun.launcher <> - the option was added --stack-stitching: Enable or disable the stack stitching algorithm for Intel TBB-based applications.
42 [139807185688384] INFO perfrun.launcher <> - the option was added --type: Specify type of data to be collected. For example, --type cpu:counters,waiting:nostack,io.
42 [139807185688384] INFO perfrun.launcher <> - the option was added --mrte-mode: Specify Java/.NET/other managed runtime collection mode. Possible values: native - collect information only for native code; managed - collect information only for managed code; mixed - collect information for both managed and native code; auto - choose the mode based on binary type.
43 [139807185688384] INFO perfrun.launcher <> - the option was added --mrte-mode-list: List supported Java/.NET/other managed runtime collection modes.
43 [139807185688384] INFO perfrun.launcher <> - the option was added --mrte-type: Specify which managed runtimes to collect. Possible values: java - collect information for Java; dotnet - collect information for .NET; python - collect information for CPython. You can specify several values separated by comma.
43 [139807185688384] INFO perfrun.launcher <> - the option was added --mrte-type-list: List supported Java/.NET/other managed runtime types.
43 [139807185688384] INFO perfrun.launcher <> - the option was added --trace-strategy: Specify how to profile a process tree. <string> can be "<process>:trace:notrace" - profile the process but do not profile its children. Shorthand parameters: t - trace, nt - notrace. For example, "vtunedemo.exe:t:t".
43 [139807185688384] INFO perfrun.launcher <> - the option was added --collector: BADMSG: perfrun1.launcher.plugin_manager::collector
43 [139807185688384] INFO perfrun.launcher <> - the option was added --system-wide: Enable system-wide profiling. This mode may require additional permissions.
44 [139807185688384] INFO perfrun.launcher <> - the option was added --kvm-guest: Enable KVM guest OS profiling.
44 [139807185688384] INFO perfrun.launcher <> - the option was added --kvm-guest-kallsyms: Specify a local path to the /proc/kallsyms file copied from the guest OS for proper symbol resolution.
44 [139807185688384] INFO perfrun.launcher <> - the option was added --kvm-guest-modules: Specify a local path to the /proc/modules file copied from the guest OS for proper symbol resolution.
44 [139807185688384] INFO perfrun.launcher <> - the option was added --dump-vdso: Dump [vdso] to result directory
44 [139807185688384] INFO perfrun.launcher <> - the option was added --bandwidth-limits: Measure bandwidth limits
44 [139807185688384] INFO perfrun.launcher <> - the option was added --bandwidth-strategy: Bandwidth limits determination specific properties (example: --bandwidth-strategy array-size=0,duration=500).
44 [139807185688384] INFO perfrun.launcher <> - the option was added --bandwidth-config: List of benchmarks to run.
44 [139807185688384] INFO perfrun.launcher <> - the option was added --system-collector-config: Specify subcollectors. Possible values: all, vdso, container, device-info, none.
44 [139807185688384] INFO perfrun.launcher <> - the option was added --itt-config: Specify a sub-set of ITT API to collect.
44 [139807185688384] INFO perfrun.launcher <> - the option was added --itt-debug: Set pseudo-breakpoint at ITT API collector's start to enable the debugger to attach early.
44 [139807185688384] INFO perfrun.launcher <> - the option was added --itt-ring-buffer-multiplier: The size of internal ITT API collector ring buffer, in bytes per second
45 [139807185688384] INFO perfrun.launcher <> - the option was added --ptrace: Ptrace collector.
45 [139807185688384] INFO perfrun.launcher <> - the option was added --target-pid: BADMSG: perfrun1.ptracecollector::target-pid
45 [139807185688384] INFO perfrun.launcher <> - the option was added --ptrace-server-pid: BADMSG: perfrun1.ptracecollector::ptrace-server-pid
45 [139807185688384] INFO perfrun.launcher <> - the option was added --ptrace-trace: BADMSG: perfrun1.ptracecollector::ptrace-trace
45 [139807185688384] INFO perfrun.launcher <> - the option was added --ptrace-time-source: BADMSG: perfrun1.ptracecollector::ptrace-time-source
45 [139807185688384] INFO perfrun.launcher <> - the option was added --ptrace-start-type: BADMSG: perfrun1.ptracecollector::ptrace-start-type
45 [139807185688384] INFO perfrun.launcher <> - the option was added --gpu-config: Specify types of GPU data to be collected. Possible values: preset1, preset2.
45 [139807185688384] INFO perfrun.launcher <> - the option was added --gpu-debug: Enable self-testing of the GPGPU profiling collector.
45 [139807185688384] INFO perfrun.launcher <> - the option was added --stdsrc-config: Specify Standard Sources category tag(s).
45 [139807185688384] INFO perfrun.launcher <> - the option was added --ftrace-config-list: List Linux Ftrace category tag(s).
45 [139807185688384] INFO perfrun.launcher <> - the option was added --ftrace-config: Specify Linux Ftrace category tag(s).
45 [139807185688384] INFO perfrun.launcher <> - the option was added --ftrace-function-groups: Enable tracing of specific groups of functions.
45 [139807185688384] INFO perfrun.launcher <> - the option was added --event-info: BADMSG: perfrun1.stdsrc::event-info
46 [139807185688384] INFO perfrun.launcher <> - the option was added --cpu-list: List supported CPUs.
46 [139807185688384] INFO perfrun.launcher <> - the option was added --target-list: List available targets for performing sampling collection.
46 [139807185688384] INFO perfrun.launcher <> - the option was added --event-value-list: Display event information.
46 [139807185688384] INFO perfrun.launcher <> - the option was added --platform-value-list: Display details of supported platforms.
46 [139807185688384] INFO perfrun.launcher <> - the option was added --uncore-event-list: List uncore events for which a sampling data collection can be performed on this platform.
46 [139807185688384] INFO perfrun.launcher <> - the option was added --modifier-list: Specify the event name <string> for which the modifiers list is requested.
46 [139807185688384] INFO perfrun.launcher <> - the option was added --pmu-list: List supported PMUs.
46 [139807185688384] INFO perfrun.launcher <> - the option was added --os-mode-only: Enable sampling data collection for OS-mode processes only.
46 [139807185688384] INFO perfrun.launcher <> - the option was added --user-mode-only: Enable sampling data collection for user-mode processes only.
46 [139807185688384] INFO perfrun.launcher <> - the option was added --target: Specify target for the sampling data collection. All other command line options are applied to the value specified for this option.
46 [139807185688384] INFO perfrun.launcher <> - the option was added --event-config: Perform data collection for the events with <string> configured using the format <event name1>":modifier1=val:modifier2=val/constraint1={:modifier3=val:modifier4=val}...,"<event name2>":... Specify the events(s) to monitor and embed the event names within double quotes("). [:modifier=val] specifies individual event modifiers along with the respective values for a given platform. Note that the modifiers can be generic to an event as well as specific to a constraint (or an event qualifier). The constraint specific special modifiers appear after [/constraint=]. The modifiers can be in decimal or hexadecimal format. Only specific modifiers accept the value as a string. Each event specification is delimited by a comma (,). For a list of supported modifiers and constraints, refer to the documentation.
46 [139807185688384] INFO perfrun.launcher <> - the option was added --chipset-event-config: BADMSG: perfrun1.sep::chipset-event-config
46 [139807185688384] INFO perfrun.launcher <> - the option was added --uncore-event-config: Perform uncore data collection in ebc count mode for the events with <string> configured using the format "<event name1>"...,"<event name2>":... Specify the events(s) to monitor and embed the event names within double quotes(").
46 [139807185688384] INFO perfrun.launcher <> - the option was added --count-emon: Enable counting mode and output the data in EMON format.
46 [139807185688384] INFO perfrun.launcher <> - the option was added --event-based-counts: Enable event-based counting mode. During sampling data collection, event counts data is collected for the list of events specified in -event-config option.
47 [139807185688384] INFO perfrun.launcher <> - the option was added --event-mux-tfactor: Specify the event multiplexing tfactor as <integer> to set the length of the interval between interrupts. The larger the tfactor value, the larger the period between interrupts. Currently this option is only available on Intel platforms codenamed Knights Corner.
47 [139807185688384] INFO perfrun.launcher <> - the option was added --full-pebs-capture: Capture full pebs information.
47 [139807185688384] INFO perfrun.launcher <> - the option was added --last-branch-records: Capture Last Branch Records information.
47 [139807185688384] INFO perfrun.launcher <> - the option was added --pmu-type: Specify the targeted PMU name as <string>.
47 [139807185688384] INFO perfrun.launcher <> - the option was added --platform-type: Specify the targeted platform number as <number>.
47 [139807185688384] INFO perfrun.launcher <> - the option was added --bts-count: Specify the <integer> number of BTS records collected after each sample or context switch (VTSS++ only).
47 [139807185688384] INFO perfrun.launcher <> - the option was added --cpu-mask: Specify which CPU(s) <string> to collect data on. For example, specify "2-8,10,12-14" to sample only CPUs 2 through 8, 10, and 12 through 14.
47 [139807185688384] INFO perfrun.launcher <> - the option was added --event-mux-alg: Specify the event multiplexing algorithm. Possible values: sequence, timer, trigger.
47 [139807185688384] INFO perfrun.launcher <> - the option was added --event-mux-timeslice: Specify the event multiplexing time slice value as <integer>. The time slice specifies the duration between cycles for each event multiplexing group. The default value is 50 milliseconds. This option is valid only for timer-based event multiplexing. Specify the event multiplexing time slice value as <integer>. The time slice specifies the duration between cycles for each event multiplexing group. The default value is 1 millisecond. This option is valid only for timer-based event multiplexing.
47 [139807185688384] INFO perfrun.launcher <> - the option was added --event-mux-factor: Specify the event multiplexing factor as <integer>. It controls the switching of event multiplexing groups. The default factor is 50. This option is valid only for trigger-based event multiplexing. Specify the event multiplexing factor as <integer>. It controls the switching of event multiplexing groups. The default factor is 1. This option is valid only for trigger-based event multiplexing.
47 [139807185688384] INFO perfrun.launcher <> - the option was added --event-mux-trigger: Specify the name of the trigger event for event multiplexing as <string>. This option is valid only for trigger-based event multiplexing. The default trigger is CPU_CLK_UNHALTED.CORE (or CPU_CLK_UNHALTED.THREAD). BADMSG: perfrun1.vtsspp::event-mux-trigger
47 [139807185688384] INFO perfrun.launcher <> - the option was added --pwr-config: BADMSG: perfrun1.vtsspp::pwr-config
47 [139807185688384] INFO perfrun.launcher <> - the option was added --sys-config: BADMSG: perfrun1.vtsspp::sys-config
47 [139807185688384] INFO perfrun.launcher <> - the option was added --pt-mode: BADMSG: perfrun1.vtsspp::pt-mode
47 [139807185688384] INFO perfrun.launcher <> - the option was added --sample-after-multiplier: Specify the sample after multiplier as <double>. This multiplier modifies the sample after value for all the events specified in -event-config option. The values can range from 0.1 to 100.0. SAV multiplier value
48 [139807185688384] INFO perfrun.launcher <> - the option was added --count: Enable counting mode. Enable counting mode
48 [139807185688384] INFO perfrun.launcher <> - the option was added --trace-mpi: Configure collector to trace MPI code.
48 [139807185688384] INFO perfrun.launcher <> - the option was added --raw-perf-config: Specify a verified configuration for the Perf collector in the format: <describer>,<content>. For example: map-events-file,<path_to_map_events_file>.
48 [139807185688384] INFO perfrun.launcher <> - the option was added --stackwalk: Specify stack unwinding method. Possible values: online - unwind stacks during collection; offline - unwind stacks after collection is finished. Specify stack unwinding method. Possible value: lbr - unwind stacks during collection. Specify stack unwinding method. Possible values: online - unwind stacks during collection; offline - unwind stacks after collection is finished; lbr - enable LBR-based call stack collection. Specify stack unwinding method. Possible values: online - unwind stacks during collection; offline - unwind stacks after collection is finished. Specify stack unwinding method. Possible values: online - unwind stacks during collection; offline - unwind stacks after collection is finished.
48 [139807185688384] INFO perfrun.launcher <> - the option was added --filter-include: Filter data during collection. Possible values: contended=<on|off> - filter out uncontended events; contended_nostack=<time> - filter out stacks for contended events that take less than <time> microseconds; wait=<time> - ignore transitions and blocks with wait time less than <time> microseconds; wait_nostack=<time> - filter out stacks for waits that take less than <time> microseconds.
48 [139807185688384] INFO perfrun.launcher <> - the option was added --debug-pin: Debug PIN tool and runtime.
48 [139807185688384] INFO perfrun.launcher <> - the option was added --debug-exception: Disallow the application to set own abnormal termination handler.
48 [139807185688384] INFO perfrun.launcher <> - the option was added --trace-type: Specify the trace file granularity. Possible values: per-thread - per-thread trace file generation; per-process - per-process trace file generation.
48 [139807185688384] INFO perfrun.launcher <> - the option was added --instrumentation-type: Specify type of instrumentation.
48 [139807185688384] INFO perfrun.launcher <> - the option was added --altstack: Enable or disable usage of altstacks for profiling signal handlers.
48 [139807185688384] INFO perfrun.launcher <> - the option was added --profiling-signal: BADMSG: perfrun1.ptracecollector::profiling-signal Alternate profiling signal.
48 [139807185688384] INFO perfrun.launcher <> - the option was added --memory-strategy: Specify a minimal memory object size to be traced and a hash table size for faster objects search; for example: --memory-strategy obj-size-min=1024,hash-table-size=4096.
48 [139807185688384] INFO perfrun.launcher <> - the option was added --gpu-profiling-config: Specify a type of deep GPU profiling applied for all kernels and a comma-separated list of GPU kernel names and invocations in the following format: profiling_type[@kernel_name[:start_idx:step:stop_idx]], where profiling_type is one of following: none, bblatency, memlatency; kernel_name is the name of GPU kernel; start_idx is the number of the first invocation; and stop_idx is the number of the last invocation to be profiled.
48 [139807185688384] INFO perfrun.launcher <> - the option was added --custom-collector: Allows to provide arbitrary command line to be run on collection steps.
48 [139807185688384] INFO perfrun.launcher <> - the option was added --exprof-com-list: List available COM ports.
49 [139807185688384] INFO perfrun.launcher <> - the option was added --exprof-dvc-list: List available DvC IDs.
49 [139807185688384] INFO perfrun.launcher <> - the option was added --exprof-trace-channel: BADMSG: perfrun1.exprof::exprof-trace-channel
49 [139807185688384] INFO perfrun.launcher <> - the option was added --exprof-event-config: Specify ExactProfiling Event Classes.
49 [139807185688384] INFO perfrun.launcher <> - the option was added --analyze-dpdk: analyze-dpdk
49 [139807185688384] INFO perfrun.launcher <> - the option was added --network-sampling-interval: network-sampling-interval
49 [139807185688384] INFO perfrun.launcher <> - the option was added --dpdk-file-prefix: dpdk-file-prefix
49 [139807185688384] INFO perfrun.launcher <> - the option was added --target-system: BADMSG: perfrun1.launcher.plugin_manager::target-system
49 [139807185688384] TRACE perfrun.launcher <> - Update configuration: tmp directory = /tmp/amplxe-tmp-savannah
49 [139807185688384] TRACE perfrun.launcher <> - EXIT:  Initialize the launcher
50 [139807185688384] INFO perfrun.launcher <> - create msngr2::ICliToolContext
50 [139807185688384] TRACE perfrun.launcher <> - ENTER: void runtool::CmdLineParser::validateParseResult() const
50 [139807185688384] TRACE perfrun.launcher <> - EXIT:  void runtool::CmdLineParser::validateParseResult() const
50 [139807185688384] TRACE perfrun.launcher <> - ENTER: void runtool::CmdLineParser::populate(runtool::IConfiguration *) const
50 [139807185688384] WARN perfrun.launcher <> - action #14 cannot be translated to string and will be unknown, at file: vcs/perfrun1/launcher/src/configuration.cpp:96
50 [139807185688384] TRACE perfrun.launcher <> - Update configuration: action = unknown
50 [139807185688384] TRACE perfrun.launcher <> - Update configuration: collection type = system-wide
50 [139807185688384] TRACE perfrun.launcher <> - Update configuration: compression level = 2
50 [139807185688384] TRACE perfrun.launcher <> - Update configuration: duration = 0 sec
50 [139807185688384] TRACE perfrun.launcher <> - Update configuration: data limit = 0 bytes
50 [139807185688384] TRACE perfrun.launcher <> - Update configuration: disc space limit = 0 bytes
50 [139807185688384] TRACE perfrun.launcher <> - Update configuration: return-app-exitcode = false
50 [139807185688384] TRACE perfrun.launcher <> - Update configuration: tmp directory = /tmp/amplxe-tmp-savannah
50 [139807185688384] TRACE perfrun.launcher <> - Update configuration: result directory = /tmp/amplxe-tmp-savannah/amplxe-res-30463-490991580274782
50 [139807185688384] TRACE perfrun.launcher <> - [IN] option = follow-child; value = true !bool
50 [139807185688384] TRACE perfrun.launcher <> - [IN] option = gelding; value = false !bool
50 [139807185688384] TRACE perfrun.launcher <> - [IN] option = time-source; value = auto !ustring
50 [139807185688384] TRACE perfrun.launcher <> - [IN] option = stack; value = true !bool
50 [139807185688384] TRACE perfrun.launcher <> - [IN] option = stack-stitching; value = false !bool
50 [139807185688384] TRACE perfrun.launcher <> - [IN] option = mrte-mode; value = native !ustring
50 [139807185688384] TRACE perfrun.launcher <> - [IN] option = collector; value = sep !ustring
50 [139807185688384] TRACE perfrun.launcher <> - [IN] option = system-wide; value = false !bool
50 [139807185688384] TRACE perfrun.launcher <> - [IN] option = kvm-guest; value = false !bool
50 [139807185688384] TRACE perfrun.launcher <> - [IN] option = dump-vdso; value = null
50 [139807185688384] TRACE perfrun.launcher <> - [IN] option = bandwidth-limits; value = false !bool
50 [139807185688384] TRACE perfrun.launcher <> - [IN] option = system-collector-config; value = all !ustring
51 [139807185688384] TRACE perfrun.launcher <> - [IN] option = itt-ring-buffer-multiplier; value = 10485760 !s32_t
51 [139807185688384] TRACE perfrun.launcher <> - [IN] option = pmu-type; value = core !ustring
51 [139807185688384] TRACE perfrun.launcher <> - [IN] option = trace-type; value = per-thread !ustring
51 [139807185688384] TRACE perfrun.launcher <> - [IN] option = instrumentation-type; value = pin !ustring
51 [139807185688384] TRACE perfrun.launcher <> - [IN] option = altstack; value = true !bool
51 [139807185688384] TRACE perfrun.launcher <> - [IN] option = gpu-profiling-config; value = none !ustring
51 [139807185688384] TRACE perfrun.launcher <> - EXIT:  void runtool::CmdLineParser::populate(runtool::IConfiguration *) const
51 [139807076071168] TRACE perfrun.tpss <> - ENTER: void runtool::tpss::Controller::setMessageChannel(runtool::sdk::IMessageChannel *)
51 [139807076071168] TRACE perfrun.tpss <> - EXIT:  void runtool::tpss::Controller::setMessageChannel(runtool::sdk::IMessageChannel *)
51 [139807185688384] INFO perfrun.launcher <> - create file finder object
51 [139807076071168] TRACE perfrun.itt <> - ENTER: void runtool::itt::Controller::setRequestHandler(runtool::sdk::IRequestHandler *)
51 [139807076071168] TRACE perfrun.itt <> - EXIT:  void runtool::itt::Controller::setRequestHandler(runtool::sdk::IRequestHandler *)
51 [139807076071168] TRACE perfrun.tpss <> - ENTER: void runtool::tpss::Controller::setRequestHandler(runtool::sdk::IRequestHandler *)
51 [139807076071168] TRACE perfrun.tpss <> - EXIT:  void runtool::tpss::Controller::setRequestHandler(runtool::sdk::IRequestHandler *)
51 [139807185688384] TRACE perfrun.launcher <> - Handle the user request: action = 14
51 [139807185688384] TRACE perfrun.launcher <> - Do external action
51 [139807076071168] TRACE perfrun.launcher <> - Update configuration: follow child = 1
54 [139807076071168] TRACE perfrun.launcher <> - Update configuration: time source = 0
54 [139807076071168] TRACE perfrun.launcher <> - Update configuration: stack = 1
54 [139807076071168] TRACE perfrun.launcher <> - Update configuration: gelding = 0
54 [139807076071168] TRACE perfrun.launcher <> - Update configuration: stack stitching = 0
54 [139807076071168] INFO perfrun.system <> - dumping [vdso] pseudomodule
56 [139807076071168] INFO perfrun.launcher <> - plugin [itt] was disabled because it doesn't support the given collection type.
56 [139807076071168] INFO perfrun.launcher <> - plugin [ptracecollector] was disabled because it doesn't support the given collection type.
56 [139807076071168] INFO perfrun.launcher <> - plugin [gpu] was disabled because it doesn't support the given collection type.
56 [139807076071168] INFO perfrun.launcher <> - plugin [] was disabled because it doesn't support the given collection type.
56 [139807076071168] INFO perfrun.launcher <> - plugin [] was disabled because it doesn't support the given collection type.
56 [139807076071168] INFO perfrun.launcher <> - plugin [] was disabled because it doesn't support the given collection type.
56 [139807076071168] INFO perfrun.launcher <> - plugin [mrte] was disabled because it doesn't support the given collection type.
56 [139807076071168] INFO perfrun.launcher <> - plugin [emon] was disabled because it doesn't support the given collection type.
56 [139807076071168] TRACE perfrun.stdsrc <> - ENTER: int runtool::stdsrc::Controller::doAction(runtool::sdk::IConfiguration *)
56 [139807076071168] TRACE perfrun.stdsrc <> - EXIT:  int runtool::stdsrc::Controller::doAction(runtool::sdk::IConfiguration *)
56 [139807076071168] INFO perfrun.launcher <> - plugin [stdsrc] was disabled because it doesn't support the given collection type.
56 [139807076071168] TRACE perfrun.sep <> - ENTER: int runtool::sep::SdkController::doAction(runtool::sdk::IConfiguration *)
56 [139807076071168] TRACE perfrun.sep <> - EXIT:  int runtool::sep::SdkController::doAction(runtool::sdk::IConfiguration *)
56 [139807076071168] INFO perfrun.launcher <> - plugin [sep] was disabled because it doesn't support the given collection type.
56 [139807076071168] TRACE perfrun.vtsspp <> - ENTER: int runtool::vtsspp::Controller::doAction(runtool::sdk::IConfiguration *)
56 [139807076071168] TRACE perfrun.vtsspp <> - EXIT:  int runtool::vtsspp::Controller::doAction(runtool::sdk::IConfiguration *)
56 [139807076071168] INFO perfrun.launcher <> - plugin [vtsspp] was disabled because it doesn't support the given collection type.
56 [139807076071168] INFO perfrun.launcher <> - plugin [perf] was disabled because it doesn't support the given collection type.
56 [139807076071168] INFO perfrun.launcher <> - plugin [tpss] was disabled because it doesn't support the given collection type.
56 [139807076071168] TRACE perfrun.cuscol <> - ENTER: int runtool::cuscol::Controller::doAction(runtool::sdk::IConfiguration *)
56 [139807076071168] TRACE perfrun.cuscol <> - EXIT:  int runtool::cuscol::Controller::doAction(runtool::sdk::IConfiguration *)
56 [139807076071168] INFO perfrun.launcher <> - plugin [cuscol] was disabled because it doesn't support the given collection type.
56 [139807076071168] TRACE perfrun.exprof <> - ENTER: int runtool::exprof::Controller::doAction(runtool::sdk::IConfiguration *)
56 [139807076071168] TRACE perfrun.exprof <> - EXIT:  int runtool::exprof::Controller::doAction(runtool::sdk::IConfiguration *)
56 [139807076071168] INFO perfrun.launcher <> - plugin [exprof] was disabled because it doesn't support the given collection type.
56 [139807076071168] INFO perfrun.launcher <> - plugin [dpdk] was disabled because it doesn't support the given collection type.
56 [139807076071168] INFO perfrun.launcher <> - plugin [media] was disabled because it doesn't support the given collection type.
56 [139807076071168] TRACE perfrun.commcollector <> - ENTER: int runtool::commcollector::Controller::doAction(runtool::sdk::IConfiguration *)
56 [139807076071168] TRACE perfrun.commcollector <> - EXIT:  int runtool::commcollector::Controller::doAction(runtool::sdk::IConfiguration *)
56 [139807076071168] INFO perfrun.launcher <> - plugin [commcollector] was disabled because it doesn't support the given collection type.
56 [139807076071168] TRACE perfrun.cvecollector <> - ENTER: int runtool::cvecollector::Controller::doAction(runtool::sdk::IConfiguration *)
56 [139807076071168] TRACE perfrun.cvecollector <> - EXIT:  int runtool::cvecollector::Controller::doAction(runtool::sdk::IConfiguration *)
56 [139807076071168] INFO perfrun.launcher <> - plugin [cve] was disabled because it doesn't support the given collection type.
56 [139807076071168] TRACE perfrun.cvecollector <> - ENTER: runtool::cvecollector::Controller::~Controller()
56 [139807076071168] TRACE perfrun.cvecollector <> - EXIT:  runtool::cvecollector::Controller::~Controller()
56 [139807185688384] INFO perfrun.launcher <> - Application exit code: 0
56 [139807185688384] INFO perfrun.launcher <> - Exit code: 0
56 [139807185688384] TRACE perfrun.launcher <> - EXIT:  Start the collection
56 [139807185688384] TRACE perfrun.launcher <> - ENTER: Destroy the launcher...
56 [139807185688384] TRACE perfrun.launcher <> - EXIT:  Destroy the launcher...
56 [139807185688384] TRACE perfrun.launcher <> - PluginManagerProxy::doOperation thread was terminated.
57 [139807185688384] TRACE perfrun.launcher <> - EXIT:  int main(int, char **)
