
30384 : 0xba7255581149 : 2 : ittapi_config_mask_get :  --itt-config mask to be applied: 17
30384 : 0xba7255583a08 : 2 : ittapi_config_apply_per_lib :  ITTAPI function instrumented: __itt_domain_create
30384 : 0xba7255584782 : 2 : ittapi_config_apply_per_lib :  ITTAPI function instrumented: __itt_string_handle_create
30384 : 0xba72555854d2 : 2 : ittapi_config_apply_per_lib :  ITTAPI function instrumented: __itt_pause
30384 : 0xba72555860ff : 2 : ittapi_config_apply_per_lib :  ITTAPI function instrumented: __itt_resume
30384 : 0xba7255586c6c : 2 : ittapi_config_apply_per_lib :  ITTAPI function instrumented: __itt_thread_set_name
30384 : 0xba7255587833 : 2 : ittapi_config_apply_per_lib :  ITTAPI function instrumented: __itt_thread_ignore
30384 : 0xba7255588428 : 2 : ittapi_config_apply_per_lib :  ITTAPI function instrumented: __itt_thr_name_set
30384 : 0xba7255588f1e : 2 : ittapi_config_apply_per_lib :  ITTAPI function instrumented: __itt_thr_ignore
30384 : 0xba725558a195 : 2 : ittapi_config_apply_per_lib :  ITTAPI function not implemented: __itt_enable_attach
30384 : 0xba7255596223 : 2 : ittapi_config_apply_per_lib :  ITTAPI function NOT instrumented (not matched by --itt-config option): __itt_sync_create

30384 : 0xba725559713b : 2 : ittapi_config_apply_per_lib :  ITTAPI function NOT instrumented (not matched by --itt-config option): __itt_sync_rename

30384 : 0xba7255597b32 : 2 : ittapi_config_apply_per_lib :  ITTAPI function NOT instrumented (not matched by --itt-config option): __itt_sync_destroy

30384 : 0xba7255598530 : 2 : ittapi_config_apply_per_lib :  ITTAPI function NOT instrumented (not matched by --itt-config option): __itt_sync_prepare

30384 : 0xba7255598fdf : 2 : ittapi_config_apply_per_lib :  ITTAPI function NOT instrumented (not matched by --itt-config option): __itt_sync_cancel

30384 : 0xba7255599a64 : 2 : ittapi_config_apply_per_lib :  ITTAPI function NOT instrumented (not matched by --itt-config option): __itt_sync_acquired

30384 : 0xba725559a4ae : 2 : ittapi_config_apply_per_lib :  ITTAPI function NOT instrumented (not matched by --itt-config option): __itt_sync_releasing

30384 : 0xba725559c370 : 2 : ittapi_config_apply_per_lib :  ITTAPI function not implemented: __itt_suppress_push
30384 : 0xba725559d370 : 2 : ittapi_config_apply_per_lib :  ITTAPI function not implemented: __itt_suppress_pop
30384 : 0xba725559e105 : 2 : ittapi_config_apply_per_lib :  ITTAPI function not implemented: __itt_suppress_mark_range
30384 : 0xba72555a236f : 2 : ittapi_config_apply_per_lib :  ITTAPI function not implemented: __itt_suppress_clear_range
30384 : 0xba72555a2e2a : 2 : ittapi_config_apply_per_lib :  ITTAPI function NOT instrumented (not matched by --itt-config option): __itt_sync_prepare

30384 : 0xba72555a377c : 2 : ittapi_config_apply_per_lib :  ITTAPI function NOT instrumented (not matched by --itt-config option): __itt_sync_cancel

30384 : 0xba72555a408d : 2 : ittapi_config_apply_per_lib :  ITTAPI function NOT instrumented (not matched by --itt-config option): __itt_sync_acquired

30384 : 0xba72555a492c : 2 : ittapi_config_apply_per_lib :  ITTAPI function NOT instrumented (not matched by --itt-config option): __itt_sync_releasing

30384 : 0xba72555a57df : 2 : ittapi_config_apply_per_lib :  ITTAPI function not implemented: __itt_model_site_begin
30384 : 0xba72555a6539 : 2 : ittapi_config_apply_per_lib :  ITTAPI function not implemented: __itt_model_site_end
30384 : 0xba72555a7246 : 2 : ittapi_config_apply_per_lib :  ITTAPI function not implemented: __itt_model_task_begin
30384 : 0xba72555a7f26 : 2 : ittapi_config_apply_per_lib :  ITTAPI function not implemented: __itt_model_task_end
30384 : 0xba72555a8c42 : 2 : ittapi_config_apply_per_lib :  ITTAPI function not implemented: __itt_model_lock_acquire
30384 : 0xba72555abcad : 2 : ittapi_config_apply_per_lib :  ITTAPI function not implemented: __itt_model_lock_release
30384 : 0xba72555acb47 : 2 : ittapi_config_apply_per_lib :  ITTAPI function not implemented: __itt_model_record_allocation
30384 : 0xba72555ad912 : 2 : ittapi_config_apply_per_lib :  ITTAPI function not implemented: __itt_model_record_deallocation
30384 : 0xba72555ae734 : 2 : ittapi_config_apply_per_lib :  ITTAPI function not implemented: __itt_model_induction_uses
30384 : 0xba72555af566 : 2 : ittapi_config_apply_per_lib :  ITTAPI function not implemented: __itt_model_reduction_uses
30384 : 0xba72555b028d : 2 : ittapi_config_apply_per_lib :  ITTAPI function not implemented: __itt_model_observe_uses
30384 : 0xba72555b114c : 2 : ittapi_config_apply_per_lib :  ITTAPI function not implemented: __itt_model_clear_uses
30384 : 0xba72555b1ff5 : 2 : ittapi_config_apply_per_lib :  ITTAPI function not implemented: __itt_model_site_beginA
30384 : 0xba72555b2f5f : 2 : ittapi_config_apply_per_lib :  ITTAPI function not implemented: __itt_model_site_beginAL
30384 : 0xba72555b3c24 : 2 : ittapi_config_apply_per_lib :  ITTAPI function not implemented: __itt_model_task_beginA
30384 : 0xba72555b8131 : 2 : ittapi_config_apply_per_lib :  ITTAPI function not implemented: __itt_model_task_beginAL
30384 : 0xba72555b92d7 : 2 : ittapi_config_apply_per_lib :  ITTAPI function not implemented: __itt_model_iteration_taskA
30384 : 0xba72555ba029 : 2 : ittapi_config_apply_per_lib :  ITTAPI function not implemented: __itt_model_iteration_taskAL
30384 : 0xba72555baccd : 2 : ittapi_config_apply_per_lib :  ITTAPI function not implemented: __itt_model_site_end_2
30384 : 0xba72555bb952 : 2 : ittapi_config_apply_per_lib :  ITTAPI function not implemented: __itt_model_task_end_2
30384 : 0xba72555bc746 : 2 : ittapi_config_apply_per_lib :  ITTAPI function not implemented: __itt_model_lock_acquire_2
30384 : 0xba72555bd44f : 2 : ittapi_config_apply_per_lib :  ITTAPI function not implemented: __itt_model_lock_release_2
30384 : 0xba72555be0f8 : 2 : ittapi_config_apply_per_lib :  ITTAPI function not implemented: __itt_model_aggregate_task
30384 : 0xba72555bedbe : 2 : ittapi_config_apply_per_lib :  ITTAPI function not implemented: __itt_model_disable_push
30384 : 0xba72555bfa61 : 2 : ittapi_config_apply_per_lib :  ITTAPI function not implemented: __itt_model_disable_pop
30384 : 0xba72555c2b7d : 2 : ittapi_config_apply_per_lib :  ITTAPI function instrumented: __itt_heap_function_create
30384 : 0xba72555c38b9 : 2 : ittapi_config_apply_per_lib :  ITTAPI function instrumented: __itt_heap_allocate_begin
30384 : 0xba72555c438b : 2 : ittapi_config_apply_per_lib :  ITTAPI function instrumented: __itt_heap_allocate_end
30384 : 0xba72555c4ecf : 2 : ittapi_config_apply_per_lib :  ITTAPI function instrumented: __itt_heap_free_begin
30384 : 0xba72555c5990 : 2 : ittapi_config_apply_per_lib :  ITTAPI function instrumented: __itt_heap_free_end
30384 : 0xba72555c64c0 : 2 : ittapi_config_apply_per_lib :  ITTAPI function instrumented: __itt_heap_reallocate_begin
30384 : 0xba72555c6f98 : 2 : ittapi_config_apply_per_lib :  ITTAPI function instrumented: __itt_heap_reallocate_end
30384 : 0xba72555c7d5d : 2 : ittapi_config_apply_per_lib :  ITTAPI function not implemented: __itt_heap_internal_access_begin
30384 : 0xba72555c8ac5 : 2 : ittapi_config_apply_per_lib :  ITTAPI function not implemented: __itt_heap_internal_access_end
30384 : 0xba72555c9804 : 2 : ittapi_config_apply_per_lib :  ITTAPI function not implemented: __itt_heap_record_memory_growth_begin
30384 : 0xba72555ccc7c : 2 : ittapi_config_apply_per_lib :  ITTAPI function not implemented: __itt_heap_record_memory_growth_end
30384 : 0xba72555cdb83 : 2 : ittapi_config_apply_per_lib :  ITTAPI function not implemented: __itt_heap_reset_detection
30384 : 0xba72555ce88a : 2 : ittapi_config_apply_per_lib :  ITTAPI function not implemented: __itt_heap_record
30384 : 0xba72555cf524 : 2 : ittapi_config_apply_per_lib :  ITTAPI function not implemented: __itt_id_create
30384 : 0xba72555d01aa : 2 : ittapi_config_apply_per_lib :  ITTAPI function not implemented: __itt_id_destroy
30384 : 0xba72555d0d65 : 2 : ittapi_config_apply_per_lib :  ITTAPI function instrumented: __itt_get_timestamp
30384 : 0xba72555d1995 : 2 : ittapi_config_apply_per_lib :  ITTAPI function not implemented: __itt_region_begin
30384 : 0xba72555d25cb : 2 : ittapi_config_apply_per_lib :  ITTAPI function not implemented: __itt_region_end
30384 : 0xba72555d3155 : 2 : ittapi_config_apply_per_lib :  ITTAPI function instrumented: __itt_frame_begin_v3
30384 : 0xba72555d3cce : 2 : ittapi_config_apply_per_lib :  ITTAPI function instrumented: __itt_frame_end_v3
30384 : 0xba72555d7f48 : 2 : ittapi_config_apply_per_lib :  ITTAPI function instrumented: __itt_frame_submit_v3
30384 : 0xba72555d8995 : 2 : ittapi_config_apply_per_lib :  ITTAPI function NOT instrumented (not matched by --itt-config option): __itt_task_group

30384 : 0xba72555d92de : 2 : ittapi_config_apply_per_lib :  ITTAPI function NOT instrumented (not matched by --itt-config option): __itt_task_begin

30384 : 0xba72555d9ba6 : 2 : ittapi_config_apply_per_lib :  ITTAPI function NOT instrumented (not matched by --itt-config option): __itt_task_begin_fn

30384 : 0xba72555da427 : 2 : ittapi_config_apply_per_lib :  ITTAPI function NOT instrumented (not matched by --itt-config option): __itt_task_end

30384 : 0xba72555dadc5 : 2 : ittapi_config_apply_per_lib :  ITTAPI function NOT instrumented (not matched by --itt-config option): __itt_counter_inc_v3

30384 : 0xba72555db691 : 2 : ittapi_config_apply_per_lib :  ITTAPI function NOT instrumented (not matched by --itt-config option): __itt_counter_inc_delta_v3

30384 : 0xba72555dc579 : 2 : ittapi_config_apply_per_lib :  ITTAPI function not implemented: __itt_marker
30384 : 0xba72555dd235 : 2 : ittapi_config_apply_per_lib :  ITTAPI function instrumented: __itt_metadata_add
30384 : 0xba72555ddfa4 : 2 : ittapi_config_apply_per_lib :  ITTAPI function not implemented: __itt_metadata_str_add
30384 : 0xba72555e12bf : 2 : ittapi_config_apply_per_lib :  ITTAPI function not implemented: __itt_relation_add_to_current
30384 : 0xba72555e21a1 : 2 : ittapi_config_apply_per_lib :  ITTAPI function not implemented: __itt_relation_add
30384 : 0xba72555e2d6e : 2 : ittapi_config_apply_per_lib :  ITTAPI function instrumented: __itt_event_create
30384 : 0xba72555e3609 : 2 : ittapi_config_apply_per_lib :  ITTAPI function NOT instrumented (not matched by --itt-config option): __itt_event_start

30384 : 0xba72555e3ed1 : 2 : ittapi_config_apply_per_lib :  ITTAPI function NOT instrumented (not matched by --itt-config option): __itt_event_end

30384 : 0xba72555e47c3 : 2 : ittapi_config_apply_per_lib :  ITTAPI function NOT instrumented (not matched by --itt-config option): __itt_sync_set_name

30384 : 0xba72555e508a : 2 : ittapi_config_apply_per_lib :  ITTAPI function NOT instrumented (not matched by --itt-config option): __itt_notify_sync_name

30384 : 0xba72555e5949 : 2 : ittapi_config_apply_per_lib :  ITTAPI function NOT instrumented (not matched by --itt-config option): __itt_notify_sync_prepare

30384 : 0xba72555e6208 : 2 : ittapi_config_apply_per_lib :  ITTAPI function NOT instrumented (not matched by --itt-config option): __itt_notify_sync_cancel

30384 : 0xba72555e6a86 : 2 : ittapi_config_apply_per_lib :  ITTAPI function NOT instrumented (not matched by --itt-config option): __itt_notify_sync_acquired

30384 : 0xba72555e9370 : 2 : ittapi_config_apply_per_lib :  ITTAPI function NOT instrumented (not matched by --itt-config option): __itt_notify_sync_releasing

30384 : 0xba72555ea3db : 2 : ittapi_config_apply_per_lib :  ITTAPI function not implemented: __itt_memory_read
30384 : 0xba72555eb107 : 2 : ittapi_config_apply_per_lib :  ITTAPI function not implemented: __itt_memory_write
30384 : 0xba72555ebed0 : 2 : ittapi_config_apply_per_lib :  ITTAPI function not implemented: __itt_memory_update
30384 : 0xba72555ecbeb : 2 : ittapi_config_apply_per_lib :  ITTAPI function not implemented: __itt_state_get
30384 : 0xba72555ed892 : 2 : ittapi_config_apply_per_lib :  ITTAPI function not implemented: __itt_state_set
30384 : 0xba72555ee4be : 2 : ittapi_config_apply_per_lib :  ITTAPI function not implemented: __itt_obj_mode_set
30384 : 0xba72555ef178 : 2 : ittapi_config_apply_per_lib :  ITTAPI function not implemented: __itt_thr_mode_set
30384 : 0xba72555efc83 : 2 : ittapi_config_apply_per_lib :  ITTAPI function instrumented: __itt_frame_create
30384 : 0xba72555f079c : 2 : ittapi_config_apply_per_lib :  ITTAPI function instrumented: __itt_frame_begin
30384 : 0xba72555f4271 : 2 : ittapi_config_apply_per_lib :  ITTAPI function instrumented: __itt_frame_end
30384 : 0xba72555f5000 : 2 : ittapi_config_apply_per_lib :  ITTAPI function instrumented: __itt_counter_create
30384 : 0xba72555f58fc : 2 : ittapi_config_apply_per_lib :  ITTAPI function NOT instrumented (not matched by --itt-config option): __itt_counter_destroy

30384 : 0xba72555f6254 : 2 : ittapi_config_apply_per_lib :  ITTAPI function NOT instrumented (not matched by --itt-config option): __itt_counter_inc

30384 : 0xba72555f6b7e : 2 : ittapi_config_apply_per_lib :  ITTAPI function NOT instrumented (not matched by --itt-config option): __itt_counter_inc_delta

30384 : 0xba72555f789c : 2 : ittapi_config_apply_per_lib :  ITTAPI function not implemented: __itt_mark_create
30384 : 0xba72555f85d8 : 2 : ittapi_config_apply_per_lib :  ITTAPI function not implemented: __itt_mark
30384 : 0xba72555f92d9 : 2 : ittapi_config_apply_per_lib :  ITTAPI function not implemented: __itt_mark_off
30384 : 0xba72555f9f55 : 2 : ittapi_config_apply_per_lib :  ITTAPI function not implemented: __itt_mark_global
30384 : 0xba72555fac91 : 2 : ittapi_config_apply_per_lib :  ITTAPI function not implemented: __itt_mark_global_off
30384 : 0xba72555fdc8a : 2 : ittapi_config_apply_per_lib :  ITTAPI function instrumented: __itt_stack_caller_create
30384 : 0xba72555fe9ca : 2 : ittapi_config_apply_per_lib :  ITTAPI function instrumented: __itt_stack_caller_destroy
30384 : 0xba72555ff531 : 2 : ittapi_config_apply_per_lib :  ITTAPI function instrumented: __itt_stack_callee_enter
30384 : 0xba725560002d : 2 : ittapi_config_apply_per_lib :  ITTAPI function instrumented: __itt_stack_callee_leave
30384 : 0xba7255600d53 : 2 : ittapi_config_apply_per_lib :  ITTAPI function not implemented: __itt_clock_domain_create
30384 : 0xba7255601ac5 : 2 : ittapi_config_apply_per_lib :  ITTAPI function not implemented: __itt_clock_domain_reset
30384 : 0xba725560276a : 2 : ittapi_config_apply_per_lib :  ITTAPI function not implemented: __itt_id_create_ex
30384 : 0xba72556034a9 : 2 : ittapi_config_apply_per_lib :  ITTAPI function not implemented: __itt_id_destroy_ex
30384 : 0xba7255603d59 : 2 : ittapi_config_apply_per_lib :  ITTAPI function NOT instrumented (not matched by --itt-config option): __itt_task_begin_ex

30384 : 0xba7255604620 : 2 : ittapi_config_apply_per_lib :  ITTAPI function NOT instrumented (not matched by --itt-config option): __itt_task_begin_fn_ex

30384 : 0xba725560709a : 2 : ittapi_config_apply_per_lib :  ITTAPI function NOT instrumented (not matched by --itt-config option): __itt_task_end_ex

30384 : 0xba7255607ada : 2 : ittapi_config_apply_per_lib :  ITTAPI function NOT instrumented (not matched by --itt-config option): __itt_task_begin_overlapped

30384 : 0xba7255608376 : 2 : ittapi_config_apply_per_lib :  ITTAPI function NOT instrumented (not matched by --itt-config option): __itt_task_begin_overlapped_ex

30384 : 0xba7255608bdc : 2 : ittapi_config_apply_per_lib :  ITTAPI function NOT instrumented (not matched by --itt-config option): __itt_task_end_overlapped

30384 : 0xba7255609461 : 2 : ittapi_config_apply_per_lib :  ITTAPI function NOT instrumented (not matched by --itt-config option): __itt_task_end_overlapped_ex

30384 : 0xba725560a36f : 2 : ittapi_config_apply_per_lib :  ITTAPI function not implemented: __itt_marker_ex
30384 : 0xba725560b1a7 : 2 : ittapi_config_apply_per_lib :  ITTAPI function not implemented: __itt_metadata_add_with_scope
30384 : 0xba725560bf45 : 2 : ittapi_config_apply_per_lib :  ITTAPI function not implemented: __itt_metadata_str_add_with_scope
30384 : 0xba725560cccf : 2 : ittapi_config_apply_per_lib :  ITTAPI function not implemented: __itt_relation_add_to_current_ex
30384 : 0xba725560d99e : 2 : ittapi_config_apply_per_lib :  ITTAPI function not implemented: __itt_relation_add_ex
30384 : 0xba7255610901 : 2 : ittapi_config_apply_per_lib :  ITTAPI function not implemented: __itt_track_group_create
30384 : 0xba725561173d : 2 : ittapi_config_apply_per_lib :  ITTAPI function not implemented: __itt_track_create
30384 : 0xba7255612407 : 2 : ittapi_config_apply_per_lib :  ITTAPI function not implemented: __itt_set_track
30384 : 0xba7255612fb7 : 2 : ittapi_config_apply_per_lib :  ITTAPI function instrumented: __itt_api_version
30384 : 0xba7255613bd8 : 2 : ittapi_config_apply_per_lib :  ITTAPI function not implemented: __itt_av_save
30384 : 0xba725563ab5d : 2 : ittapi_config_mask_get :  --itt-config mask to be applied: 17
30384 : 0xba725563bead : 2 : ittapi_config_apply_per_lib :  ITTAPI function instrumented: __itt_domain_create
30384 : 0xba725563ca61 : 2 : ittapi_config_apply_per_lib :  ITTAPI function instrumented: __itt_string_handle_create
30384 : 0xba725563d64f : 2 : ittapi_config_apply_per_lib :  ITTAPI function instrumented: __itt_pause
30384 : 0xba725563e144 : 2 : ittapi_config_apply_per_lib :  ITTAPI function instrumented: __itt_resume
30384 : 0xba7255643709 : 2 : ittapi_config_apply_per_lib :  ITTAPI function instrumented: __itt_thread_set_name
30384 : 0xba725564456d : 2 : ittapi_config_apply_per_lib :  ITTAPI function instrumented: __itt_thread_ignore
30384 : 0xba7255645112 : 2 : ittapi_config_apply_per_lib :  ITTAPI function instrumented: __itt_thr_name_set
30384 : 0xba7255645c21 : 2 : ittapi_config_apply_per_lib :  ITTAPI function instrumented: __itt_thr_ignore
30384 : 0xba7255646b3d : 2 : ittapi_config_apply_per_lib :  ITTAPI function not implemented: __itt_enable_attach
30384 : 0xba72556478b1 : 2 : ittapi_config_apply_per_lib :  ITTAPI function instrumented: __itt_detach
30384 : 0xba7255648188 : 2 : ittapi_config_apply_per_lib :  ITTAPI function NOT instrumented (not matched by --itt-config option): __itt_sync_create

30384 : 0xba7255648ad5 : 2 : ittapi_config_apply_per_lib :  ITTAPI function NOT instrumented (not matched by --itt-config option): __itt_sync_rename

30384 : 0xba7255649465 : 2 : ittapi_config_apply_per_lib :  ITTAPI function NOT instrumented (not matched by --itt-config option): __itt_sync_destroy

30384 : 0xba7255649d0a : 2 : ittapi_config_apply_per_lib :  ITTAPI function NOT instrumented (not matched by --itt-config option): __itt_sync_prepare

30384 : 0xba725564c9f7 : 2 : ittapi_config_apply_per_lib :  ITTAPI function NOT instrumented (not matched by --itt-config option): __itt_sync_cancel

30384 : 0xba725564d448 : 2 : ittapi_config_apply_per_lib :  ITTAPI function NOT instrumented (not matched by --itt-config option): __itt_sync_acquired

30384 : 0xba725564dd25 : 2 : ittapi_config_apply_per_lib :  ITTAPI function NOT instrumented (not matched by --itt-config option): __itt_sync_releasing

30384 : 0xba725564ecc5 : 2 : ittapi_config_apply_per_lib :  ITTAPI function not implemented: __itt_suppress_push
30384 : 0xba725564fbbf : 2 : ittapi_config_apply_per_lib :  ITTAPI function not implemented: __itt_suppress_pop
30384 : 0xba725565098e : 2 : ittapi_config_apply_per_lib :  ITTAPI function not implemented: __itt_suppress_mark_range
30384 : 0xba72556516c6 : 2 : ittapi_config_apply_per_lib :  ITTAPI function not implemented: __itt_suppress_clear_range
30384 : 0xba7255651f58 : 2 : ittapi_config_apply_per_lib :  ITTAPI function NOT instrumented (not matched by --itt-config option): __itt_sync_prepare

30384 : 0xba7255652833 : 2 : ittapi_config_apply_per_lib :  ITTAPI function NOT instrumented (not matched by --itt-config option): __itt_sync_cancel

30384 : 0xba725565310a : 2 : ittapi_config_apply_per_lib :  ITTAPI function NOT instrumented (not matched by --itt-config option): __itt_sync_acquired

30384 : 0xba7255655a62 : 2 : ittapi_config_apply_per_lib :  ITTAPI function NOT instrumented (not matched by --itt-config option): __itt_sync_releasing

30384 : 0xba7255656b75 : 2 : ittapi_config_apply_per_lib :  ITTAPI function not implemented: __itt_model_site_begin
30384 : 0xba7255657967 : 2 : ittapi_config_apply_per_lib :  ITTAPI function not implemented: __itt_model_site_end
30384 : 0xba72556586e0 : 2 : ittapi_config_apply_per_lib :  ITTAPI function not implemented: __itt_model_task_begin
30384 : 0xba72556593d0 : 2 : ittapi_config_apply_per_lib :  ITTAPI function not implemented: __itt_model_task_end
30384 : 0xba725565a0e2 : 2 : ittapi_config_apply_per_lib :  ITTAPI function not implemented: __itt_model_lock_acquire
30384 : 0xba725565adef : 2 : ittapi_config_apply_per_lib :  ITTAPI function not implemented: __itt_model_lock_release
30384 : 0xba725565ba99 : 2 : ittapi_config_apply_per_lib :  ITTAPI function not implemented: __itt_model_record_allocation
30384 : 0xba725565c7b6 : 2 : ittapi_config_apply_per_lib :  ITTAPI function not implemented: __itt_model_record_deallocation
30384 : 0xba725565d488 : 2 : ittapi_config_apply_per_lib :  ITTAPI function not implemented: __itt_model_induction_uses
30384 : 0xba7255661785 : 2 : ittapi_config_apply_per_lib :  ITTAPI function not implemented: __itt_model_reduction_uses
30384 : 0xba7255662735 : 2 : ittapi_config_apply_per_lib :  ITTAPI function not implemented: __itt_model_observe_uses
30384 : 0xba72556634ad : 2 : ittapi_config_apply_per_lib :  ITTAPI function not implemented: __itt_model_clear_uses
30384 : 0xba725566429c : 2 : ittapi_config_apply_per_lib :  ITTAPI function not implemented: __itt_model_site_beginA
30384 : 0xba7255665061 : 2 : ittapi_config_apply_per_lib :  ITTAPI function not implemented: __itt_model_site_beginAL
30384 : 0xba7255665d4f : 2 : ittapi_config_apply_per_lib :  ITTAPI function not implemented: __itt_model_task_beginA
30384 : 0xba7255666a7b : 2 : ittapi_config_apply_per_lib :  ITTAPI function not implemented: __itt_model_task_beginAL
30384 : 0xba7255667783 : 2 : ittapi_config_apply_per_lib :  ITTAPI function not implemented: __itt_model_iteration_taskA
30384 : 0xba7255668494 : 2 : ittapi_config_apply_per_lib :  ITTAPI function not implemented: __itt_model_iteration_taskAL
30384 : 0xba7255669128 : 2 : ittapi_config_apply_per_lib :  ITTAPI function not implemented: __itt_model_site_end_2
30384 : 0xba725566c1e2 : 2 : ittapi_config_apply_per_lib :  ITTAPI function not implemented: __itt_model_task_end_2
30384 : 0xba725566d0ea : 2 : ittapi_config_apply_per_lib :  ITTAPI function not implemented: __itt_model_lock_acquire_2
30384 : 0xba725566de5e : 2 : ittapi_config_apply_per_lib :  ITTAPI function not implemented: __itt_model_lock_release_2
30384 : 0xba725566eb54 : 2 : ittapi_config_apply_per_lib :  ITTAPI function not implemented: __itt_model_aggregate_task
30384 : 0xba725566f82e : 2 : ittapi_config_apply_per_lib :  ITTAPI function not implemented: __itt_model_disable_push
30384 : 0xba72556704f3 : 2 : ittapi_config_apply_per_lib :  ITTAPI function not implemented: __itt_model_disable_pop
30384 : 0xba72556710d2 : 2 : ittapi_config_apply_per_lib :  ITTAPI function instrumented: __itt_heap_function_create
30384 : 0xba7255671c1c : 2 : ittapi_config_apply_per_lib :  ITTAPI function instrumented: __itt_heap_allocate_begin
30384 : 0xba72556726d3 : 2 : ittapi_config_apply_per_lib :  ITTAPI function instrumented: __itt_heap_allocate_end
30384 : 0xba72556731c7 : 2 : ittapi_config_apply_per_lib :  ITTAPI function instrumented: __itt_heap_free_begin
30384 : 0xba7255675dde : 2 : ittapi_config_apply_per_lib :  ITTAPI function instrumented: __itt_heap_free_end
30384 : 0xba7255676ac2 : 2 : ittapi_config_apply_per_lib :  ITTAPI function instrumented: __itt_heap_reallocate_begin
30384 : 0xba72556775da : 2 : ittapi_config_apply_per_lib :  ITTAPI function instrumented: __itt_heap_reallocate_end
30384 : 0xba72556783b1 : 2 : ittapi_config_apply_per_lib :  ITTAPI function not implemented: __itt_heap_internal_access_begin
30384 : 0xba7255679137 : 2 : ittapi_config_apply_per_lib :  ITTAPI function not implemented: __itt_heap_internal_access_end
30384 : 0xba7255679ea5 : 2 : ittapi_config_apply_per_lib :  ITTAPI function not implemented: __itt_heap_record_memory_growth_begin
30384 : 0xba725567abba : 2 : ittapi_config_apply_per_lib :  ITTAPI function not implemented: __itt_heap_record_memory_growth_end
30384 : 0xba725567b8ce : 2 : ittapi_config_apply_per_lib :  ITTAPI function not implemented: __itt_heap_reset_detection
30384 : 0xba725567c598 : 2 : ittapi_config_apply_per_lib :  ITTAPI function not implemented: __itt_heap_record
30384 : 0xba725567d218 : 2 : ittapi_config_apply_per_lib :  ITTAPI function not implemented: __itt_id_create
30384 : 0xba725568107d : 2 : ittapi_config_apply_per_lib :  ITTAPI function not implemented: __itt_id_destroy
30384 : 0xba7255681e9e : 2 : ittapi_config_apply_per_lib :  ITTAPI function instrumented: __itt_get_timestamp
30384 : 0xba7255682b3f : 2 : ittapi_config_apply_per_lib :  ITTAPI function not implemented: __itt_region_begin
30384 : 0xba7255683788 : 2 : ittapi_config_apply_per_lib :  ITTAPI function not implemented: __itt_region_end
30384 : 0xba7255684321 : 2 : ittapi_config_apply_per_lib :  ITTAPI function instrumented: __itt_frame_begin_v3
30384 : 0xba7255684e3b : 2 : ittapi_config_apply_per_lib :  ITTAPI function instrumented: __itt_frame_end_v3
30384 : 0xba72556859a3 : 2 : ittapi_config_apply_per_lib :  ITTAPI function instrumented: __itt_frame_submit_v3
30384 : 0xba72556861f5 : 2 : ittapi_config_apply_per_lib :  ITTAPI function NOT instrumented (not matched by --itt-config option): __itt_task_group

30384 : 0xba7255686b2c : 2 : ittapi_config_apply_per_lib :  ITTAPI function NOT instrumented (not matched by --itt-config option): __itt_task_begin

30384 : 0xba7255687480 : 2 : ittapi_config_apply_per_lib :  ITTAPI function NOT instrumented (not matched by --itt-config option): __itt_task_begin_fn

30384 : 0xba7255689e1c : 2 : ittapi_config_apply_per_lib :  ITTAPI function NOT instrumented (not matched by --itt-config option): __itt_task_end

30384 : 0xba725568a87f : 2 : ittapi_config_apply_per_lib :  ITTAPI function NOT instrumented (not matched by --itt-config option): __itt_counter_inc_v3

30384 : 0xba725568b1a5 : 2 : ittapi_config_apply_per_lib :  ITTAPI function NOT instrumented (not matched by --itt-config option): __itt_counter_inc_delta_v3

30384 : 0xba725568bfe5 : 2 : ittapi_config_apply_per_lib :  ITTAPI function not implemented: __itt_marker
30384 : 0xba725568cc89 : 2 : ittapi_config_apply_per_lib :  ITTAPI function instrumented: __itt_metadata_add
30384 : 0xba725568d9e8 : 2 : ittapi_config_apply_per_lib :  ITTAPI function not implemented: __itt_metadata_str_add
30384 : 0xba725568e756 : 2 : ittapi_config_apply_per_lib :  ITTAPI function not implemented: __itt_relation_add_to_current
30384 : 0xba725568f41f : 2 : ittapi_config_apply_per_lib :  ITTAPI function not implemented: __itt_relation_add
30384 : 0xba725568ff89 : 2 : ittapi_config_apply_per_lib :  ITTAPI function instrumented: __itt_event_create
30384 : 0xba72556907e7 : 2 : ittapi_config_apply_per_lib :  ITTAPI function NOT instrumented (not matched by --itt-config option): __itt_event_start

30384 : 0xba72556930b5 : 2 : ittapi_config_apply_per_lib :  ITTAPI function NOT instrumented (not matched by --itt-config option): __itt_event_end

30384 : 0xba7255693b20 : 2 : ittapi_config_apply_per_lib :  ITTAPI function NOT instrumented (not matched by --itt-config option): __itt_sync_set_name

30384 : 0xba72556943ef : 2 : ittapi_config_apply_per_lib :  ITTAPI function NOT instrumented (not matched by --itt-config option): __itt_notify_sync_name

30384 : 0xba7255694cb5 : 2 : ittapi_config_apply_per_lib :  ITTAPI function NOT instrumented (not matched by --itt-config option): __itt_notify_sync_prepare

30384 : 0xba7255695578 : 2 : ittapi_config_apply_per_lib :  ITTAPI function NOT instrumented (not matched by --itt-config option): __itt_notify_sync_cancel

30384 : 0xba7255695e04 : 2 : ittapi_config_apply_per_lib :  ITTAPI function NOT instrumented (not matched by --itt-config option): __itt_notify_sync_acquired

30384 : 0xba72556966c5 : 2 : ittapi_config_apply_per_lib :  ITTAPI function NOT instrumented (not matched by --itt-config option): __itt_notify_sync_releasing

30384 : 0xba7255697535 : 2 : ittapi_config_apply_per_lib :  ITTAPI function not implemented: __itt_memory_read
30384 : 0xba725569826a : 2 : ittapi_config_apply_per_lib :  ITTAPI function not implemented: __itt_memory_write
30384 : 0xba7255698fe5 : 2 : ittapi_config_apply_per_lib :  ITTAPI function not implemented: __itt_memory_update
30384 : 0xba725569be23 : 2 : ittapi_config_apply_per_lib :  ITTAPI function not implemented: __itt_state_get
30384 : 0xba725569cc2f : 2 : ittapi_config_apply_per_lib :  ITTAPI function not implemented: __itt_state_set
30384 : 0xba725569d8ec : 2 : ittapi_config_apply_per_lib :  ITTAPI function not implemented: __itt_obj_mode_set
30384 : 0xba725569e5c8 : 2 : ittapi_config_apply_per_lib :  ITTAPI function not implemented: __itt_thr_mode_set
30384 : 0xba725569f0f5 : 2 : ittapi_config_apply_per_lib :  ITTAPI function instrumented: __itt_frame_create
30384 : 0xba725569fc1b : 2 : ittapi_config_apply_per_lib :  ITTAPI function instrumented: __itt_frame_begin
30384 : 0xba72556a06c0 : 2 : ittapi_config_apply_per_lib :  ITTAPI function instrumented: __itt_frame_end
30384 : 0xba72556a11cb : 2 : ittapi_config_apply_per_lib :  ITTAPI function instrumented: __itt_counter_create
30384 : 0xba72556a1a4a : 2 : ittapi_config_apply_per_lib :  ITTAPI function NOT instrumented (not matched by --itt-config option): __itt_counter_destroy

30384 : 0xba72556a230c : 2 : ittapi_config_apply_per_lib :  ITTAPI function NOT instrumented (not matched by --itt-config option): __itt_counter_inc

30384 : 0xba72556a5a42 : 2 : ittapi_config_apply_per_lib :  ITTAPI function NOT instrumented (not matched by --itt-config option): __itt_counter_inc_delta

30384 : 0xba72556a6ad5 : 2 : ittapi_config_apply_per_lib :  ITTAPI function not implemented: __itt_mark_create
30384 : 0xba72556a7811 : 2 : ittapi_config_apply_per_lib :  ITTAPI function not implemented: __itt_mark
30384 : 0xba72556a85a8 : 2 : ittapi_config_apply_per_lib :  ITTAPI function not implemented: __itt_mark_off
30384 : 0xba72556a9242 : 2 : ittapi_config_apply_per_lib :  ITTAPI function not implemented: __itt_mark_global
30384 : 0xba72556a9f84 : 2 : ittapi_config_apply_per_lib :  ITTAPI function not implemented: __itt_mark_global_off
30384 : 0xba72556aac93 : 2 : ittapi_config_apply_per_lib :  ITTAPI function instrumented: __itt_stack_caller_create
30384 : 0xba72556ab7f4 : 2 : ittapi_config_apply_per_lib :  ITTAPI function instrumented: __itt_stack_caller_destroy
30384 : 0xba72556ac2ef : 2 : ittapi_config_apply_per_lib :  ITTAPI function instrumented: __itt_stack_callee_enter
30384 : 0xba72556acdd0 : 2 : ittapi_config_apply_per_lib :  ITTAPI function instrumented: __itt_stack_callee_leave
30384 : 0xba72556afdbd : 2 : ittapi_config_apply_per_lib :  ITTAPI function not implemented: __itt_clock_domain_create
30384 : 0xba72556b0d6a : 2 : ittapi_config_apply_per_lib :  ITTAPI function not implemented: __itt_clock_domain_reset
30384 : 0xba72556b1a50 : 2 : ittapi_config_apply_per_lib :  ITTAPI function not implemented: __itt_id_create_ex
30384 : 0xba72556b2758 : 2 : ittapi_config_apply_per_lib :  ITTAPI function not implemented: __itt_id_destroy_ex
30384 : 0xba72556b3012 : 2 : ittapi_config_apply_per_lib :  ITTAPI function NOT instrumented (not matched by --itt-config option): __itt_task_begin_ex

30384 : 0xba72556b38bd : 2 : ittapi_config_apply_per_lib :  ITTAPI function NOT instrumented (not matched by --itt-config option): __itt_task_begin_fn_ex

30384 : 0xba72556b41cf : 2 : ittapi_config_apply_per_lib :  ITTAPI function NOT instrumented (not matched by --itt-config option): __itt_task_end_ex

30384 : 0xba72556b4a79 : 2 : ittapi_config_apply_per_lib :  ITTAPI function NOT instrumented (not matched by --itt-config option): __itt_task_begin_overlapped

30384 : 0xba72556b5326 : 2 : ittapi_config_apply_per_lib :  ITTAPI function NOT instrumented (not matched by --itt-config option): __itt_task_begin_overlapped_ex

30384 : 0xba72556b5b90 : 2 : ittapi_config_apply_per_lib :  ITTAPI function NOT instrumented (not matched by --itt-config option): __itt_task_end_overlapped

30384 : 0xba72556b83e6 : 2 : ittapi_config_apply_per_lib :  ITTAPI function NOT instrumented (not matched by --itt-config option): __itt_task_end_overlapped_ex

30384 : 0xba72556b9481 : 2 : ittapi_config_apply_per_lib :  ITTAPI function not implemented: __itt_marker_ex
30384 : 0xba72556ba252 : 2 : ittapi_config_apply_per_lib :  ITTAPI function not implemented: __itt_metadata_add_with_scope
30384 : 0xba72556bafc0 : 2 : ittapi_config_apply_per_lib :  ITTAPI function not implemented: __itt_metadata_str_add_with_scope
30384 : 0xba72556bbd3c : 2 : ittapi_config_apply_per_lib :  ITTAPI function not implemented: __itt_relation_add_to_current_ex
30384 : 0xba72556bca04 : 2 : ittapi_config_apply_per_lib :  ITTAPI function not implemented: __itt_relation_add_ex
30384 : 0xba72556bd6e5 : 2 : ittapi_config_apply_per_lib :  ITTAPI function not implemented: __itt_track_group_create
30384 : 0xba72556be385 : 2 : ittapi_config_apply_per_lib :  ITTAPI function not implemented: __itt_track_create
30384 : 0xba72556befef : 2 : ittapi_config_apply_per_lib :  ITTAPI function not implemented: __itt_set_track
30384 : 0xba72556bfb75 : 2 : ittapi_config_apply_per_lib :  ITTAPI function instrumented: __itt_api_version
30384 : 0xba72556c38e4 : 2 : ittapi_config_apply_per_lib :  ITTAPI function not implemented: __itt_av_save