
30534 : 0xba7e41f80e34 : 2 : ittapi_config_mask_get :  --itt-config mask to be applied: 17
30534 : 0xba7e41f837ca : 2 : ittapi_config_apply_per_lib :  ITTAPI function instrumented: __itt_domain_create
30534 : 0xba7e41f8456c : 2 : ittapi_config_apply_per_lib :  ITTAPI function instrumented: __itt_string_handle_create
30534 : 0xba7e41f852f7 : 2 : ittapi_config_apply_per_lib :  ITTAPI function instrumented: __itt_pause
30534 : 0xba7e41f85ef3 : 2 : ittapi_config_apply_per_lib :  ITTAPI function instrumented: __itt_resume
30534 : 0xba7e41f86b09 : 2 : ittapi_config_apply_per_lib :  ITTAPI function instrumented: __itt_thread_set_name
30534 : 0xba7e41f88868 : 2 : ittapi_config_apply_per_lib :  ITTAPI function instrumented: __itt_thread_ignore
30534 : 0xba7e41f89b54 : 2 : ittapi_config_apply_per_lib :  ITTAPI function instrumented: __itt_thr_name_set
30534 : 0xba7e41f8ad3f : 2 : ittapi_config_apply_per_lib :  ITTAPI function instrumented: __itt_thr_ignore
30534 : 0xba7e41f8c8e7 : 2 : ittapi_config_apply_per_lib :  ITTAPI function not implemented: __itt_enable_attach
30534 : 0xba7e41f9855c : 2 : ittapi_config_apply_per_lib :  ITTAPI function NOT instrumented (not matched by --itt-config option): __itt_sync_create

30534 : 0xba7e41f9950c : 2 : ittapi_config_apply_per_lib :  ITTAPI function NOT instrumented (not matched by --itt-config option): __itt_sync_rename

30534 : 0xba7e41f99e80 : 2 : ittapi_config_apply_per_lib :  ITTAPI function NOT instrumented (not matched by --itt-config option): __itt_sync_destroy

30534 : 0xba7e41f9a881 : 2 : ittapi_config_apply_per_lib :  ITTAPI function NOT instrumented (not matched by --itt-config option): __itt_sync_prepare

30534 : 0xba7e41f9b5bf : 2 : ittapi_config_apply_per_lib :  ITTAPI function NOT instrumented (not matched by --itt-config option): __itt_sync_cancel

30534 : 0xba7e41f9c089 : 2 : ittapi_config_apply_per_lib :  ITTAPI function NOT instrumented (not matched by --itt-config option): __itt_sync_acquired

30534 : 0xba7e41f9c93d : 2 : ittapi_config_apply_per_lib :  ITTAPI function NOT instrumented (not matched by --itt-config option): __itt_sync_releasing

30534 : 0xba7e41f9e59a : 2 : ittapi_config_apply_per_lib :  ITTAPI function not implemented: __itt_suppress_push
30534 : 0xba7e41f9f803 : 2 : ittapi_config_apply_per_lib :  ITTAPI function not implemented: __itt_suppress_pop
30534 : 0xba7e41fa0801 : 2 : ittapi_config_apply_per_lib :  ITTAPI function not implemented: __itt_suppress_mark_range
30534 : 0xba7e41fa533b : 2 : ittapi_config_apply_per_lib :  ITTAPI function not implemented: __itt_suppress_clear_range
30534 : 0xba7e41fa5e91 : 2 : ittapi_config_apply_per_lib :  ITTAPI function NOT instrumented (not matched by --itt-config option): __itt_sync_prepare

30534 : 0xba7e41fa6784 : 2 : ittapi_config_apply_per_lib :  ITTAPI function NOT instrumented (not matched by --itt-config option): __itt_sync_cancel

30534 : 0xba7e41fa7075 : 2 : ittapi_config_apply_per_lib :  ITTAPI function NOT instrumented (not matched by --itt-config option): __itt_sync_acquired

30534 : 0xba7e41fa791d : 2 : ittapi_config_apply_per_lib :  ITTAPI function NOT instrumented (not matched by --itt-config option): __itt_sync_releasing

30534 : 0xba7e41fa895a : 2 : ittapi_config_apply_per_lib :  ITTAPI function not implemented: __itt_model_site_begin
30534 : 0xba7e41fa968f : 2 : ittapi_config_apply_per_lib :  ITTAPI function not implemented: __itt_model_site_end
30534 : 0xba7e41faa33a : 2 : ittapi_config_apply_per_lib :  ITTAPI function not implemented: __itt_model_task_begin
30534 : 0xba7e41faafd1 : 2 : ittapi_config_apply_per_lib :  ITTAPI function not implemented: __itt_model_task_end
30534 : 0xba7e41fabc83 : 2 : ittapi_config_apply_per_lib :  ITTAPI function not implemented: __itt_model_lock_acquire
30534 : 0xba7e41faecbf : 2 : ittapi_config_apply_per_lib :  ITTAPI function not implemented: __itt_model_lock_release
30534 : 0xba7e41fafb4f : 2 : ittapi_config_apply_per_lib :  ITTAPI function not implemented: __itt_model_record_allocation
30534 : 0xba7e41fb0881 : 2 : ittapi_config_apply_per_lib :  ITTAPI function not implemented: __itt_model_record_deallocation
30534 : 0xba7e41fb1522 : 2 : ittapi_config_apply_per_lib :  ITTAPI function not implemented: __itt_model_induction_uses
30534 : 0xba7e41fb21b4 : 2 : ittapi_config_apply_per_lib :  ITTAPI function not implemented: __itt_model_reduction_uses
30534 : 0xba7e41fb2e5c : 2 : ittapi_config_apply_per_lib :  ITTAPI function not implemented: __itt_model_observe_uses
30534 : 0xba7e41fb3c62 : 2 : ittapi_config_apply_per_lib :  ITTAPI function not implemented: __itt_model_clear_uses
30534 : 0xba7e41fb49f4 : 2 : ittapi_config_apply_per_lib :  ITTAPI function not implemented: __itt_model_site_beginA
30534 : 0xba7e41fb58d0 : 2 : ittapi_config_apply_per_lib :  ITTAPI function not implemented: __itt_model_site_beginAL
30534 : 0xba7e41fb65e1 : 2 : ittapi_config_apply_per_lib :  ITTAPI function not implemented: __itt_model_task_beginA
30534 : 0xba7e41fba868 : 2 : ittapi_config_apply_per_lib :  ITTAPI function not implemented: __itt_model_task_beginAL
30534 : 0xba7e41fbb908 : 2 : ittapi_config_apply_per_lib :  ITTAPI function not implemented: __itt_model_iteration_taskA
30534 : 0xba7e41fbc5fc : 2 : ittapi_config_apply_per_lib :  ITTAPI function not implemented: __itt_model_iteration_taskAL
30534 : 0xba7e41fbd2e5 : 2 : ittapi_config_apply_per_lib :  ITTAPI function not implemented: __itt_model_site_end_2
30534 : 0xba7e41fbe02e : 2 : ittapi_config_apply_per_lib :  ITTAPI function not implemented: __itt_model_task_end_2
30534 : 0xba7e41fbedf8 : 2 : ittapi_config_apply_per_lib :  ITTAPI function not implemented: __itt_model_lock_acquire_2
30534 : 0xba7e41fbfab1 : 2 : ittapi_config_apply_per_lib :  ITTAPI function not implemented: __itt_model_lock_release_2
30534 : 0xba7e41fc072a : 2 : ittapi_config_apply_per_lib :  ITTAPI function not implemented: __itt_model_aggregate_task
30534 : 0xba7e41fc1381 : 2 : ittapi_config_apply_per_lib :  ITTAPI function not implemented: __itt_model_disable_push
30534 : 0xba7e41fc1fd9 : 2 : ittapi_config_apply_per_lib :  ITTAPI function not implemented: __itt_model_disable_pop
30534 : 0xba7e41fc529c : 2 : ittapi_config_apply_per_lib :  ITTAPI function instrumented: __itt_heap_function_create
30534 : 0xba7e41fc5f70 : 2 : ittapi_config_apply_per_lib :  ITTAPI function instrumented: __itt_heap_allocate_begin
30534 : 0xba7e41fc6a61 : 2 : ittapi_config_apply_per_lib :  ITTAPI function instrumented: __itt_heap_allocate_end
30534 : 0xba7e41fc75ca : 2 : ittapi_config_apply_per_lib :  ITTAPI function instrumented: __itt_heap_free_begin
30534 : 0xba7e41fc8066 : 2 : ittapi_config_apply_per_lib :  ITTAPI function instrumented: __itt_heap_free_end
30534 : 0xba7e41fc8b8d : 2 : ittapi_config_apply_per_lib :  ITTAPI function instrumented: __itt_heap_reallocate_begin
30534 : 0xba7e41fc964c : 2 : ittapi_config_apply_per_lib :  ITTAPI function instrumented: __itt_heap_reallocate_end
30534 : 0xba7e41fca39f : 2 : ittapi_config_apply_per_lib :  ITTAPI function not implemented: __itt_heap_internal_access_begin
30534 : 0xba7e41fcb0c4 : 2 : ittapi_config_apply_per_lib :  ITTAPI function not implemented: __itt_heap_internal_access_end
30534 : 0xba7e41fcbda7 : 2 : ittapi_config_apply_per_lib :  ITTAPI function not implemented: __itt_heap_record_memory_growth_begin
30534 : 0xba7e41fcf059 : 2 : ittapi_config_apply_per_lib :  ITTAPI function not implemented: __itt_heap_record_memory_growth_end
30534 : 0xba7e41fcff55 : 2 : ittapi_config_apply_per_lib :  ITTAPI function not implemented: __itt_heap_reset_detection
30534 : 0xba7e41fd0c39 : 2 : ittapi_config_apply_per_lib :  ITTAPI function not implemented: __itt_heap_record
30534 : 0xba7e41fd1923 : 2 : ittapi_config_apply_per_lib :  ITTAPI function not implemented: __itt_id_create
30534 : 0xba7e41fd2554 : 2 : ittapi_config_apply_per_lib :  ITTAPI function not implemented: __itt_id_destroy
30534 : 0xba7e41fd30d1 : 2 : ittapi_config_apply_per_lib :  ITTAPI function instrumented: __itt_get_timestamp
30534 : 0xba7e41fd3cca : 2 : ittapi_config_apply_per_lib :  ITTAPI function not implemented: __itt_region_begin
30534 : 0xba7e41fd48a0 : 2 : ittapi_config_apply_per_lib :  ITTAPI function not implemented: __itt_region_end
30534 : 0xba7e41fd53f0 : 2 : ittapi_config_apply_per_lib :  ITTAPI function instrumented: __itt_frame_begin_v3
30534 : 0xba7e41fd5f55 : 2 : ittapi_config_apply_per_lib :  ITTAPI function instrumented: __itt_frame_end_v3
30534 : 0xba7e41fda396 : 2 : ittapi_config_apply_per_lib :  ITTAPI function instrumented: __itt_frame_submit_v3
30534 : 0xba7e41fdae04 : 2 : ittapi_config_apply_per_lib :  ITTAPI function NOT instrumented (not matched by --itt-config option): __itt_task_group

30534 : 0xba7e41fdb740 : 2 : ittapi_config_apply_per_lib :  ITTAPI function NOT instrumented (not matched by --itt-config option): __itt_task_begin

30534 : 0xba7e41fdbfd3 : 2 : ittapi_config_apply_per_lib :  ITTAPI function NOT instrumented (not matched by --itt-config option): __itt_task_begin_fn

30534 : 0xba7e41fdc83e : 2 : ittapi_config_apply_per_lib :  ITTAPI function NOT instrumented (not matched by --itt-config option): __itt_task_end

30534 : 0xba7e41fdd0db : 2 : ittapi_config_apply_per_lib :  ITTAPI function NOT instrumented (not matched by --itt-config option): __itt_counter_inc_v3

30534 : 0xba7e41fdd984 : 2 : ittapi_config_apply_per_lib :  ITTAPI function NOT instrumented (not matched by --itt-config option): __itt_counter_inc_delta_v3

30534 : 0xba7e41fde832 : 2 : ittapi_config_apply_per_lib :  ITTAPI function not implemented: __itt_marker
30534 : 0xba7e41fdf4d4 : 2 : ittapi_config_apply_per_lib :  ITTAPI function instrumented: __itt_metadata_add
30534 : 0xba7e41fe01ce : 2 : ittapi_config_apply_per_lib :  ITTAPI function not implemented: __itt_metadata_str_add
30534 : 0xba7e41fe3441 : 2 : ittapi_config_apply_per_lib :  ITTAPI function not implemented: __itt_relation_add_to_current
30534 : 0xba7e41fe4322 : 2 : ittapi_config_apply_per_lib :  ITTAPI function not implemented: __itt_relation_add
30534 : 0xba7e41fe4ea8 : 2 : ittapi_config_apply_per_lib :  ITTAPI function instrumented: __itt_event_create
30534 : 0xba7e41fe570b : 2 : ittapi_config_apply_per_lib :  ITTAPI function NOT instrumented (not matched by --itt-config option): __itt_event_start

30534 : 0xba7e41fe5fb1 : 2 : ittapi_config_apply_per_lib :  ITTAPI function NOT instrumented (not matched by --itt-config option): __itt_event_end

30534 : 0xba7e41fe686d : 2 : ittapi_config_apply_per_lib :  ITTAPI function NOT instrumented (not matched by --itt-config option): __itt_sync_set_name

30534 : 0xba7e41fe7104 : 2 : ittapi_config_apply_per_lib :  ITTAPI function NOT instrumented (not matched by --itt-config option): __itt_notify_sync_name

30534 : 0xba7e41fe79af : 2 : ittapi_config_apply_per_lib :  ITTAPI function NOT instrumented (not matched by --itt-config option): __itt_notify_sync_prepare

30534 : 0xba7e41fe824a : 2 : ittapi_config_apply_per_lib :  ITTAPI function NOT instrumented (not matched by --itt-config option): __itt_notify_sync_cancel

30534 : 0xba7e41fe8ad6 : 2 : ittapi_config_apply_per_lib :  ITTAPI function NOT instrumented (not matched by --itt-config option): __itt_notify_sync_acquired

30534 : 0xba7e41feb2e6 : 2 : ittapi_config_apply_per_lib :  ITTAPI function NOT instrumented (not matched by --itt-config option): __itt_notify_sync_releasing

30534 : 0xba7e41fec285 : 2 : ittapi_config_apply_per_lib :  ITTAPI function not implemented: __itt_memory_read
30534 : 0xba7e41fecf31 : 2 : ittapi_config_apply_per_lib :  ITTAPI function not implemented: __itt_memory_write
30534 : 0xba7e41fedc73 : 2 : ittapi_config_apply_per_lib :  ITTAPI function not implemented: __itt_memory_update
30534 : 0xba7e41fee92c : 2 : ittapi_config_apply_per_lib :  ITTAPI function not implemented: __itt_state_get
30534 : 0xba7e41fef592 : 2 : ittapi_config_apply_per_lib :  ITTAPI function not implemented: __itt_state_set
30534 : 0xba7e41ff015f : 2 : ittapi_config_apply_per_lib :  ITTAPI function not implemented: __itt_obj_mode_set
30534 : 0xba7e41ff0d7e : 2 : ittapi_config_apply_per_lib :  ITTAPI function not implemented: __itt_thr_mode_set
30534 : 0xba7e41ff1824 : 2 : ittapi_config_apply_per_lib :  ITTAPI function instrumented: __itt_frame_create
30534 : 0xba7e41ff230c : 2 : ittapi_config_apply_per_lib :  ITTAPI function instrumented: __itt_frame_begin
30534 : 0xba7e41ff5c7b : 2 : ittapi_config_apply_per_lib :  ITTAPI function instrumented: __itt_frame_end
30534 : 0xba7e41ff69c5 : 2 : ittapi_config_apply_per_lib :  ITTAPI function instrumented: __itt_counter_create
30534 : 0xba7e41ff7292 : 2 : ittapi_config_apply_per_lib :  ITTAPI function NOT instrumented (not matched by --itt-config option): __itt_counter_destroy

30534 : 0xba7e41ff7b62 : 2 : ittapi_config_apply_per_lib :  ITTAPI function NOT instrumented (not matched by --itt-config option): __itt_counter_inc

30534 : 0xba7e41ff8477 : 2 : ittapi_config_apply_per_lib :  ITTAPI function NOT instrumented (not matched by --itt-config option): __itt_counter_inc_delta

30534 : 0xba7e41ff9148 : 2 : ittapi_config_apply_per_lib :  ITTAPI function not implemented: __itt_mark_create
30534 : 0xba7e41ff9e2f : 2 : ittapi_config_apply_per_lib :  ITTAPI function not implemented: __itt_mark
30534 : 0xba7e41ffaaf9 : 2 : ittapi_config_apply_per_lib :  ITTAPI function not implemented: __itt_mark_off
30534 : 0xba7e41ffb745 : 2 : ittapi_config_apply_per_lib :  ITTAPI function not implemented: __itt_mark_global
30534 : 0xba7e41ffc463 : 2 : ittapi_config_apply_per_lib :  ITTAPI function not implemented: __itt_mark_global_off
30534 : 0xba7e41fff33d : 2 : ittapi_config_apply_per_lib :  ITTAPI function instrumented: __itt_stack_caller_create
30534 : 0xba7e4200005b : 2 : ittapi_config_apply_per_lib :  ITTAPI function instrumented: __itt_stack_caller_destroy
30534 : 0xba7e42000b8b : 2 : ittapi_config_apply_per_lib :  ITTAPI function instrumented: __itt_stack_callee_enter
30534 : 0xba7e4200168a : 2 : ittapi_config_apply_per_lib :  ITTAPI function instrumented: __itt_stack_callee_leave
30534 : 0xba7e42002350 : 2 : ittapi_config_apply_per_lib :  ITTAPI function not implemented: __itt_clock_domain_create
30534 : 0xba7e42003068 : 2 : ittapi_config_apply_per_lib :  ITTAPI function not implemented: __itt_clock_domain_reset
30534 : 0xba7e42003cce : 2 : ittapi_config_apply_per_lib :  ITTAPI function not implemented: __itt_id_create_ex
30534 : 0xba7e420049bd : 2 : ittapi_config_apply_per_lib :  ITTAPI function not implemented: __itt_id_destroy_ex
30534 : 0xba7e42005236 : 2 : ittapi_config_apply_per_lib :  ITTAPI function NOT instrumented (not matched by --itt-config option): __itt_task_begin_ex

30534 : 0xba7e42005ad1 : 2 : ittapi_config_apply_per_lib :  ITTAPI function NOT instrumented (not matched by --itt-config option): __itt_task_begin_fn_ex

30534 : 0xba7e42008344 : 2 : ittapi_config_apply_per_lib :  ITTAPI function NOT instrumented (not matched by --itt-config option): __itt_task_end_ex

30534 : 0xba7e42008d60 : 2 : ittapi_config_apply_per_lib :  ITTAPI function NOT instrumented (not matched by --itt-config option): __itt_task_begin_overlapped

30534 : 0xba7e420095da : 2 : ittapi_config_apply_per_lib :  ITTAPI function NOT instrumented (not matched by --itt-config option): __itt_task_begin_overlapped_ex

30534 : 0xba7e42009e29 : 2 : ittapi_config_apply_per_lib :  ITTAPI function NOT instrumented (not matched by --itt-config option): __itt_task_end_overlapped

30534 : 0xba7e4200a6ae : 2 : ittapi_config_apply_per_lib :  ITTAPI function NOT instrumented (not matched by --itt-config option): __itt_task_end_overlapped_ex

30534 : 0xba7e4200b557 : 2 : ittapi_config_apply_per_lib :  ITTAPI function not implemented: __itt_marker_ex
30534 : 0xba7e4200c323 : 2 : ittapi_config_apply_per_lib :  ITTAPI function not implemented: __itt_metadata_add_with_scope
30534 : 0xba7e4200d037 : 2 : ittapi_config_apply_per_lib :  ITTAPI function not implemented: __itt_metadata_str_add_with_scope
30534 : 0xba7e4200dd75 : 2 : ittapi_config_apply_per_lib :  ITTAPI function not implemented: __itt_relation_add_to_current_ex
30534 : 0xba7e4200ea1a : 2 : ittapi_config_apply_per_lib :  ITTAPI function not implemented: __itt_relation_add_ex
30534 : 0xba7e42011959 : 2 : ittapi_config_apply_per_lib :  ITTAPI function not implemented: __itt_track_group_create
30534 : 0xba7e4201279f : 2 : ittapi_config_apply_per_lib :  ITTAPI function not implemented: __itt_track_create
30534 : 0xba7e4201343e : 2 : ittapi_config_apply_per_lib :  ITTAPI function not implemented: __itt_set_track
30534 : 0xba7e42013f8a : 2 : ittapi_config_apply_per_lib :  ITTAPI function instrumented: __itt_api_version
30534 : 0xba7e42014b55 : 2 : ittapi_config_apply_per_lib :  ITTAPI function not implemented: __itt_av_save
30534 : 0xba7e4203a8bd : 2 : ittapi_config_mask_get :  --itt-config mask to be applied: 17
30534 : 0xba7e4203bbf0 : 2 : ittapi_config_apply_per_lib :  ITTAPI function instrumented: __itt_domain_create
30534 : 0xba7e4203c768 : 2 : ittapi_config_apply_per_lib :  ITTAPI function instrumented: __itt_string_handle_create
30534 : 0xba7e4203d383 : 2 : ittapi_config_apply_per_lib :  ITTAPI function instrumented: __itt_pause
30534 : 0xba7e4203de57 : 2 : ittapi_config_apply_per_lib :  ITTAPI function instrumented: __itt_resume
30534 : 0xba7e42043297 : 2 : ittapi_config_apply_per_lib :  ITTAPI function instrumented: __itt_thread_set_name
30534 : 0xba7e42044066 : 2 : ittapi_config_apply_per_lib :  ITTAPI function instrumented: __itt_thread_ignore
30534 : 0xba7e42044be8 : 2 : ittapi_config_apply_per_lib :  ITTAPI function instrumented: __itt_thr_name_set
30534 : 0xba7e420456dd : 2 : ittapi_config_apply_per_lib :  ITTAPI function instrumented: __itt_thr_ignore
30534 : 0xba7e4204662a : 2 : ittapi_config_apply_per_lib :  ITTAPI function not implemented: __itt_enable_attach
30534 : 0xba7e420473c1 : 2 : ittapi_config_apply_per_lib :  ITTAPI function instrumented: __itt_detach
30534 : 0xba7e42047c5f : 2 : ittapi_config_apply_per_lib :  ITTAPI function NOT instrumented (not matched by --itt-config option): __itt_sync_create

30534 : 0xba7e42048552 : 2 : ittapi_config_apply_per_lib :  ITTAPI function NOT instrumented (not matched by --itt-config option): __itt_sync_rename

30534 : 0xba7e42048e42 : 2 : ittapi_config_apply_per_lib :  ITTAPI function NOT instrumented (not matched by --itt-config option): __itt_sync_destroy

30534 : 0xba7e420496bc : 2 : ittapi_config_apply_per_lib :  ITTAPI function NOT instrumented (not matched by --itt-config option): __itt_sync_prepare

30534 : 0xba7e4204c343 : 2 : ittapi_config_apply_per_lib :  ITTAPI function NOT instrumented (not matched by --itt-config option): __itt_sync_cancel

30534 : 0xba7e4204cd4c : 2 : ittapi_config_apply_per_lib :  ITTAPI function NOT instrumented (not matched by --itt-config option): __itt_sync_acquired

30534 : 0xba7e4204d5fe : 2 : ittapi_config_apply_per_lib :  ITTAPI function NOT instrumented (not matched by --itt-config option): __itt_sync_releasing

30534 : 0xba7e4204e526 : 2 : ittapi_config_apply_per_lib :  ITTAPI function not implemented: __itt_suppress_push
30534 : 0xba7e4204f3da : 2 : ittapi_config_apply_per_lib :  ITTAPI function not implemented: __itt_suppress_pop
30534 : 0xba7e42050185 : 2 : ittapi_config_apply_per_lib :  ITTAPI function not implemented: __itt_suppress_mark_range
30534 : 0xba7e42050e48 : 2 : ittapi_config_apply_per_lib :  ITTAPI function not implemented: __itt_suppress_clear_range
30534 : 0xba7e4205169e : 2 : ittapi_config_apply_per_lib :  ITTAPI function NOT instrumented (not matched by --itt-config option): __itt_sync_prepare

30534 : 0xba7e42051f52 : 2 : ittapi_config_apply_per_lib :  ITTAPI function NOT instrumented (not matched by --itt-config option): __itt_sync_cancel

30534 : 0xba7e420527f4 : 2 : ittapi_config_apply_per_lib :  ITTAPI function NOT instrumented (not matched by --itt-config option): __itt_sync_acquired

30534 : 0xba7e420550cf : 2 : ittapi_config_apply_per_lib :  ITTAPI function NOT instrumented (not matched by --itt-config option): __itt_sync_releasing

30534 : 0xba7e42056197 : 2 : ittapi_config_apply_per_lib :  ITTAPI function not implemented: __itt_model_site_begin
30534 : 0xba7e42056edb : 2 : ittapi_config_apply_per_lib :  ITTAPI function not implemented: __itt_model_site_end
30534 : 0xba7e42057c07 : 2 : ittapi_config_apply_per_lib :  ITTAPI function not implemented: __itt_model_task_begin
30534 : 0xba7e420588b7 : 2 : ittapi_config_apply_per_lib :  ITTAPI function not implemented: __itt_model_task_end
30534 : 0xba7e42059579 : 2 : ittapi_config_apply_per_lib :  ITTAPI function not implemented: __itt_model_lock_acquire
30534 : 0xba7e4205a243 : 2 : ittapi_config_apply_per_lib :  ITTAPI function not implemented: __itt_model_lock_release
30534 : 0xba7e4205aeba : 2 : ittapi_config_apply_per_lib :  ITTAPI function not implemented: __itt_model_record_allocation
30534 : 0xba7e4205bb85 : 2 : ittapi_config_apply_per_lib :  ITTAPI function not implemented: __itt_model_record_deallocation
30534 : 0xba7e4205c80b : 2 : ittapi_config_apply_per_lib :  ITTAPI function not implemented: __itt_model_induction_uses
30534 : 0xba7e420609bc : 2 : ittapi_config_apply_per_lib :  ITTAPI function not implemented: __itt_model_reduction_uses
30534 : 0xba7e42061957 : 2 : ittapi_config_apply_per_lib :  ITTAPI function not implemented: __itt_model_observe_uses
30534 : 0xba7e420626a3 : 2 : ittapi_config_apply_per_lib :  ITTAPI function not implemented: __itt_model_clear_uses
30534 : 0xba7e4206344d : 2 : ittapi_config_apply_per_lib :  ITTAPI function not implemented: __itt_model_site_beginA
30534 : 0xba7e420641b8 : 2 : ittapi_config_apply_per_lib :  ITTAPI function not implemented: __itt_model_site_beginAL
30534 : 0xba7e42064e6b : 2 : ittapi_config_apply_per_lib :  ITTAPI function not implemented: __itt_model_task_beginA
30534 : 0xba7e42065b55 : 2 : ittapi_config_apply_per_lib :  ITTAPI function not implemented: __itt_model_task_beginAL
30534 : 0xba7e4206680c : 2 : ittapi_config_apply_per_lib :  ITTAPI function not implemented: __itt_model_iteration_taskA
30534 : 0xba7e420674a5 : 2 : ittapi_config_apply_per_lib :  ITTAPI function not implemented: __itt_model_iteration_taskAL
30534 : 0xba7e420680e8 : 2 : ittapi_config_apply_per_lib :  ITTAPI function not implemented: __itt_model_site_end_2
30534 : 0xba7e4206b173 : 2 : ittapi_config_apply_per_lib :  ITTAPI function not implemented: __itt_model_task_end_2
30534 : 0xba7e4206c07d : 2 : ittapi_config_apply_per_lib :  ITTAPI function not implemented: __itt_model_lock_acquire_2
30534 : 0xba7e4206cd82 : 2 : ittapi_config_apply_per_lib :  ITTAPI function not implemented: __itt_model_lock_release_2
30534 : 0xba7e4206da0d : 2 : ittapi_config_apply_per_lib :  ITTAPI function not implemented: __itt_model_aggregate_task
30534 : 0xba7e4206e6ae : 2 : ittapi_config_apply_per_lib :  ITTAPI function not implemented: __itt_model_disable_push
30534 : 0xba7e4206f31d : 2 : ittapi_config_apply_per_lib :  ITTAPI function not implemented: __itt_model_disable_pop
30534 : 0xba7e4206fe8a : 2 : ittapi_config_apply_per_lib :  ITTAPI function instrumented: __itt_heap_function_create
30534 : 0xba7e420709ac : 2 : ittapi_config_apply_per_lib :  ITTAPI function instrumented: __itt_heap_allocate_begin
30534 : 0xba7e42071458 : 2 : ittapi_config_apply_per_lib :  ITTAPI function instrumented: __itt_heap_allocate_end
30534 : 0xba7e42071f42 : 2 : ittapi_config_apply_per_lib :  ITTAPI function instrumented: __itt_heap_free_begin
30534 : 0xba7e42074aa8 : 2 : ittapi_config_apply_per_lib :  ITTAPI function instrumented: __itt_heap_free_end
30534 : 0xba7e42075750 : 2 : ittapi_config_apply_per_lib :  ITTAPI function instrumented: __itt_heap_reallocate_begin
30534 : 0xba7e42076229 : 2 : ittapi_config_apply_per_lib :  ITTAPI function instrumented: __itt_heap_reallocate_end
30534 : 0xba7e42076f97 : 2 : ittapi_config_apply_per_lib :  ITTAPI function not implemented: __itt_heap_internal_access_begin
30534 : 0xba7e42077d09 : 2 : ittapi_config_apply_per_lib :  ITTAPI function not implemented: __itt_heap_internal_access_end
30534 : 0xba7e42078a09 : 2 : ittapi_config_apply_per_lib :  ITTAPI function not implemented: __itt_heap_record_memory_growth_begin
30534 : 0xba7e420796ba : 2 : ittapi_config_apply_per_lib :  ITTAPI function not implemented: __itt_heap_record_memory_growth_end
30534 : 0xba7e4207a370 : 2 : ittapi_config_apply_per_lib :  ITTAPI function not implemented: __itt_heap_reset_detection
30534 : 0xba7e4207b002 : 2 : ittapi_config_apply_per_lib :  ITTAPI function not implemented: __itt_heap_record
30534 : 0xba7e4207bc59 : 2 : ittapi_config_apply_per_lib :  ITTAPI function not implemented: __itt_id_create
30534 : 0xba7e4207f98d : 2 : ittapi_config_apply_per_lib :  ITTAPI function not implemented: __itt_id_destroy
30534 : 0xba7e42080773 : 2 : ittapi_config_apply_per_lib :  ITTAPI function instrumented: __itt_get_timestamp
30534 : 0xba7e420813c4 : 2 : ittapi_config_apply_per_lib :  ITTAPI function not implemented: __itt_region_begin
30534 : 0xba7e42081fc9 : 2 : ittapi_config_apply_per_lib :  ITTAPI function not implemented: __itt_region_end
30534 : 0xba7e42082b48 : 2 : ittapi_config_apply_per_lib :  ITTAPI function instrumented: __itt_frame_begin_v3
30534 : 0xba7e42083677 : 2 : ittapi_config_apply_per_lib :  ITTAPI function instrumented: __itt_frame_end_v3
30534 : 0xba7e420841d9 : 2 : ittapi_config_apply_per_lib :  ITTAPI function instrumented: __itt_frame_submit_v3
30534 : 0xba7e42084a06 : 2 : ittapi_config_apply_per_lib :  ITTAPI function NOT instrumented (not matched by --itt-config option): __itt_task_group

30534 : 0xba7e42085325 : 2 : ittapi_config_apply_per_lib :  ITTAPI function NOT instrumented (not matched by --itt-config option): __itt_task_begin

30534 : 0xba7e42085c76 : 2 : ittapi_config_apply_per_lib :  ITTAPI function NOT instrumented (not matched by --itt-config option): __itt_task_begin_fn

30534 : 0xba7e420885a4 : 2 : ittapi_config_apply_per_lib :  ITTAPI function NOT instrumented (not matched by --itt-config option): __itt_task_end

30534 : 0xba7e42088fb5 : 2 : ittapi_config_apply_per_lib :  ITTAPI function NOT instrumented (not matched by --itt-config option): __itt_counter_inc_v3

30534 : 0xba7e420898c4 : 2 : ittapi_config_apply_per_lib :  ITTAPI function NOT instrumented (not matched by --itt-config option): __itt_counter_inc_delta_v3

30534 : 0xba7e4208a6c7 : 2 : ittapi_config_apply_per_lib :  ITTAPI function not implemented: __itt_marker
30534 : 0xba7e4208b325 : 2 : ittapi_config_apply_per_lib :  ITTAPI function instrumented: __itt_metadata_add
30534 : 0xba7e4208c07b : 2 : ittapi_config_apply_per_lib :  ITTAPI function not implemented: __itt_metadata_str_add
30534 : 0xba7e4208cda8 : 2 : ittapi_config_apply_per_lib :  ITTAPI function not implemented: __itt_relation_add_to_current
30534 : 0xba7e4208da2e : 2 : ittapi_config_apply_per_lib :  ITTAPI function not implemented: __itt_relation_add
30534 : 0xba7e4208e55d : 2 : ittapi_config_apply_per_lib :  ITTAPI function instrumented: __itt_event_create
30534 : 0xba7e4208eda4 : 2 : ittapi_config_apply_per_lib :  ITTAPI function NOT instrumented (not matched by --itt-config option): __itt_event_start

30534 : 0xba7e420915bd : 2 : ittapi_config_apply_per_lib :  ITTAPI function NOT instrumented (not matched by --itt-config option): __itt_event_end

30534 : 0xba7e42091fa7 : 2 : ittapi_config_apply_per_lib :  ITTAPI function NOT instrumented (not matched by --itt-config option): __itt_sync_set_name

30534 : 0xba7e42092837 : 2 : ittapi_config_apply_per_lib :  ITTAPI function NOT instrumented (not matched by --itt-config option): __itt_notify_sync_name

30534 : 0xba7e420930d0 : 2 : ittapi_config_apply_per_lib :  ITTAPI function NOT instrumented (not matched by --itt-config option): __itt_notify_sync_prepare

30534 : 0xba7e4209396a : 2 : ittapi_config_apply_per_lib :  ITTAPI function NOT instrumented (not matched by --itt-config option): __itt_notify_sync_cancel

30534 : 0xba7e420941e1 : 2 : ittapi_config_apply_per_lib :  ITTAPI function NOT instrumented (not matched by --itt-config option): __itt_notify_sync_acquired

30534 : 0xba7e42094a5b : 2 : ittapi_config_apply_per_lib :  ITTAPI function NOT instrumented (not matched by --itt-config option): __itt_notify_sync_releasing

30534 : 0xba7e420957e7 : 2 : ittapi_config_apply_per_lib :  ITTAPI function not implemented: __itt_memory_read
30534 : 0xba7e4209649d : 2 : ittapi_config_apply_per_lib :  ITTAPI function not implemented: __itt_memory_write
30534 : 0xba7e420971e5 : 2 : ittapi_config_apply_per_lib :  ITTAPI function not implemented: __itt_memory_update
30534 : 0xba7e42099f04 : 2 : ittapi_config_apply_per_lib :  ITTAPI function not implemented: __itt_state_get
30534 : 0xba7e4209ac8c : 2 : ittapi_config_apply_per_lib :  ITTAPI function not implemented: __itt_state_set
30534 : 0xba7e4209b8eb : 2 : ittapi_config_apply_per_lib :  ITTAPI function not implemented: __itt_obj_mode_set
30534 : 0xba7e4209c555 : 2 : ittapi_config_apply_per_lib :  ITTAPI function not implemented: __itt_thr_mode_set
30534 : 0xba7e4209d05a : 2 : ittapi_config_apply_per_lib :  ITTAPI function instrumented: __itt_frame_create
30534 : 0xba7e4209db58 : 2 : ittapi_config_apply_per_lib :  ITTAPI function instrumented: __itt_frame_begin
30534 : 0xba7e4209e5cc : 2 : ittapi_config_apply_per_lib :  ITTAPI function instrumented: __itt_frame_end
30534 : 0xba7e4209f085 : 2 : ittapi_config_apply_per_lib :  ITTAPI function instrumented: __itt_counter_create
30534 : 0xba7e4209f8ea : 2 : ittapi_config_apply_per_lib :  ITTAPI function NOT instrumented (not matched by --itt-config option): __itt_counter_destroy

30534 : 0xba7e420a0183 : 2 : ittapi_config_apply_per_lib :  ITTAPI function NOT instrumented (not matched by --itt-config option): __itt_counter_inc

30534 : 0xba7e420a39d8 : 2 : ittapi_config_apply_per_lib :  ITTAPI function NOT instrumented (not matched by --itt-config option): __itt_counter_inc_delta

30534 : 0xba7e420a4a01 : 2 : ittapi_config_apply_per_lib :  ITTAPI function not implemented: __itt_mark_create
30534 : 0xba7e420a56d1 : 2 : ittapi_config_apply_per_lib :  ITTAPI function not implemented: __itt_mark
30534 : 0xba7e420a63f3 : 2 : ittapi_config_apply_per_lib :  ITTAPI function not implemented: __itt_mark_off
30534 : 0xba7e420a702b : 2 : ittapi_config_apply_per_lib :  ITTAPI function not implemented: __itt_mark_global
30534 : 0xba7e420a7cea : 2 : ittapi_config_apply_per_lib :  ITTAPI function not implemented: __itt_mark_global_off
30534 : 0xba7e420a8957 : 2 : ittapi_config_apply_per_lib :  ITTAPI function instrumented: __itt_stack_caller_create
30534 : 0xba7e420a94d0 : 2 : ittapi_config_apply_per_lib :  ITTAPI function instrumented: __itt_stack_caller_destroy
30534 : 0xba7e420a9fae : 2 : ittapi_config_apply_per_lib :  ITTAPI function instrumented: __itt_stack_callee_enter
30534 : 0xba7e420aaa83 : 2 : ittapi_config_apply_per_lib :  ITTAPI function instrumented: __itt_stack_callee_leave
30534 : 0xba7e420ada09 : 2 : ittapi_config_apply_per_lib :  ITTAPI function not implemented: __itt_clock_domain_create
30534 : 0xba7e420ae98d : 2 : ittapi_config_apply_per_lib :  ITTAPI function not implemented: __itt_clock_domain_reset
30534 : 0xba7e420af633 : 2 : ittapi_config_apply_per_lib :  ITTAPI function not implemented: __itt_id_create_ex
30534 : 0xba7e420b030a : 2 : ittapi_config_apply_per_lib :  ITTAPI function not implemented: __itt_id_destroy_ex
30534 : 0xba7e420b0ba0 : 2 : ittapi_config_apply_per_lib :  ITTAPI function NOT instrumented (not matched by --itt-config option): __itt_task_begin_ex

30534 : 0xba7e420b1424 : 2 : ittapi_config_apply_per_lib :  ITTAPI function NOT instrumented (not matched by --itt-config option): __itt_task_begin_fn_ex

30534 : 0xba7e420b1cff : 2 : ittapi_config_apply_per_lib :  ITTAPI function NOT instrumented (not matched by --itt-config option): __itt_task_end_ex

30534 : 0xba7e420b2579 : 2 : ittapi_config_apply_per_lib :  ITTAPI function NOT instrumented (not matched by --itt-config option): __itt_task_begin_overlapped

30534 : 0xba7e420b2ded : 2 : ittapi_config_apply_per_lib :  ITTAPI function NOT instrumented (not matched by --itt-config option): __itt_task_begin_overlapped_ex

30534 : 0xba7e420b3634 : 2 : ittapi_config_apply_per_lib :  ITTAPI function NOT instrumented (not matched by --itt-config option): __itt_task_end_overlapped

30534 : 0xba7e420b5e80 : 2 : ittapi_config_apply_per_lib :  ITTAPI function NOT instrumented (not matched by --itt-config option): __itt_task_end_overlapped_ex

30534 : 0xba7e420b6e9b : 2 : ittapi_config_apply_per_lib :  ITTAPI function not implemented: __itt_marker_ex
30534 : 0xba7e420b7bb9 : 2 : ittapi_config_apply_per_lib :  ITTAPI function not implemented: __itt_metadata_add_with_scope
30534 : 0xba7e420b88ce : 2 : ittapi_config_apply_per_lib :  ITTAPI function not implemented: __itt_metadata_str_add_with_scope
30534 : 0xba7e420b963c : 2 : ittapi_config_apply_per_lib :  ITTAPI function not implemented: __itt_relation_add_to_current_ex
30534 : 0xba7e420ba2c1 : 2 : ittapi_config_apply_per_lib :  ITTAPI function not implemented: __itt_relation_add_ex
30534 : 0xba7e420baf59 : 2 : ittapi_config_apply_per_lib :  ITTAPI function not implemented: __itt_track_group_create
30534 : 0xba7e420bbba1 : 2 : ittapi_config_apply_per_lib :  ITTAPI function not implemented: __itt_track_create
30534 : 0xba7e420bc79f : 2 : ittapi_config_apply_per_lib :  ITTAPI function not implemented: __itt_set_track
30534 : 0xba7e420bd2d1 : 2 : ittapi_config_apply_per_lib :  ITTAPI function instrumented: __itt_api_version
30534 : 0xba7e420c0eec : 2 : ittapi_config_apply_per_lib :  ITTAPI function not implemented: __itt_av_save
30534 : 0xba7e5e1f9735 : 2 : ittapi_config_mask_get :  --itt-config mask to be applied: 17
30534 : 0xba7e5e1fc60d : 2 : ittapi_config_apply_per_lib :  ITTAPI function instrumented: __itt_domain_create
30534 : 0xba7e5e1fd456 : 2 : ittapi_config_apply_per_lib :  ITTAPI function instrumented: __itt_string_handle_create
30534 : 0xba7e5e1fe287 : 2 : ittapi_config_apply_per_lib :  ITTAPI function instrumented: __itt_counter_create
30534 : 0xba7e5e1feecb : 2 : ittapi_config_apply_per_lib :  ITTAPI function instrumented: __itt_counter_create_typed
30534 : 0xba7e5e1ffbfb : 2 : ittapi_config_apply_per_lib :  ITTAPI function instrumented: __itt_pause
30534 : 0xba7e5e200914 : 2 : ittapi_config_apply_per_lib :  ITTAPI function instrumented: __itt_resume
30534 : 0xba7e5e20168b : 2 : ittapi_config_apply_per_lib :  ITTAPI function instrumented: __itt_thread_set_name
30534 : 0xba7e5e202255 : 2 : ittapi_config_apply_per_lib :  ITTAPI function instrumented: __itt_thread_ignore
30534 : 0xba7e5e20e836 : 2 : ittapi_config_apply_per_lib :  ITTAPI function instrumented: __itt_thr_name_set
30534 : 0xba7e5e20f66b : 2 : ittapi_config_apply_per_lib :  ITTAPI function instrumented: __itt_thr_ignore
30534 : 0xba7e5e210dcd : 2 : ittapi_config_apply_per_lib :  ITTAPI function not implemented: __itt_enable_attach
30534 : 0xba7e5e211b7e : 2 : ittapi_config_apply_per_lib :  ITTAPI function instrumented: __itt_detach
30534 : 0xba7e5e212477 : 2 : ittapi_config_apply_per_lib :  ITTAPI function NOT instrumented (not matched by --itt-config option): __itt_sync_create

30534 : 0xba7e5e212f86 : 2 : ittapi_config_apply_per_lib :  ITTAPI function NOT instrumented (not matched by --itt-config option): __itt_sync_rename

30534 : 0xba7e5e213aa9 : 2 : ittapi_config_apply_per_lib :  ITTAPI function NOT instrumented (not matched by --itt-config option): __itt_sync_destroy

30534 : 0xba7e5e2144d2 : 2 : ittapi_config_apply_per_lib :  ITTAPI function NOT instrumented (not matched by --itt-config option): __itt_sync_prepare

30534 : 0xba7e5e214ecb : 2 : ittapi_config_apply_per_lib :  ITTAPI function NOT instrumented (not matched by --itt-config option): __itt_sync_cancel

30534 : 0xba7e5e215804 : 2 : ittapi_config_apply_per_lib :  ITTAPI function NOT instrumented (not matched by --itt-config option): __itt_sync_acquired

30534 : 0xba7e5e218655 : 2 : ittapi_config_apply_per_lib :  ITTAPI function NOT instrumented (not matched by --itt-config option): __itt_sync_releasing

30534 : 0xba7e5e2197df : 2 : ittapi_config_apply_per_lib :  ITTAPI function not implemented: __itt_suppress_push
30534 : 0xba7e5e21a72b : 2 : ittapi_config_apply_per_lib :  ITTAPI function not implemented: __itt_suppress_pop
30534 : 0xba7e5e21b54d : 2 : ittapi_config_apply_per_lib :  ITTAPI function not implemented: __itt_suppress_mark_range
30534 : 0xba7e5e21c2e6 : 2 : ittapi_config_apply_per_lib :  ITTAPI function not implemented: __itt_suppress_clear_range
30534 : 0xba7e5e21cb90 : 2 : ittapi_config_apply_per_lib :  ITTAPI function NOT instrumented (not matched by --itt-config option): __itt_sync_prepare

30534 : 0xba7e5e21d4d3 : 2 : ittapi_config_apply_per_lib :  ITTAPI function NOT instrumented (not matched by --itt-config option): __itt_sync_cancel

30534 : 0xba7e5e21dd37 : 2 : ittapi_config_apply_per_lib :  ITTAPI function NOT instrumented (not matched by --itt-config option): __itt_sync_acquired

30534 : 0xba7e5e21e5d2 : 2 : ittapi_config_apply_per_lib :  ITTAPI function NOT instrumented (not matched by --itt-config option): __itt_sync_releasing

30534 : 0xba7e5e21f55a : 2 : ittapi_config_apply_per_lib :  ITTAPI function not implemented: __itt_model_site_begin
30534 : 0xba7e5e224f89 : 2 : ittapi_config_apply_per_lib :  ITTAPI function not implemented: __itt_model_site_end
30534 : 0xba7e5e22606c : 2 : ittapi_config_apply_per_lib :  ITTAPI function not implemented: __itt_model_task_begin
30534 : 0xba7e5e226ef6 : 2 : ittapi_config_apply_per_lib :  ITTAPI function not implemented: __itt_model_task_end
30534 : 0xba7e5e227c58 : 2 : ittapi_config_apply_per_lib :  ITTAPI function not implemented: __itt_model_lock_acquire
30534 : 0xba7e5e228978 : 2 : ittapi_config_apply_per_lib :  ITTAPI function not implemented: __itt_model_lock_release
30534 : 0xba7e5e22970c : 2 : ittapi_config_apply_per_lib :  ITTAPI function not implemented: __itt_model_record_allocation
30534 : 0xba7e5e22a47e : 2 : ittapi_config_apply_per_lib :  ITTAPI function not implemented: __itt_model_record_deallocation
30534 : 0xba7e5e22b2ff : 2 : ittapi_config_apply_per_lib :  ITTAPI function not implemented: __itt_model_induction_uses
30534 : 0xba7e5e22bfc6 : 2 : ittapi_config_apply_per_lib :  ITTAPI function not implemented: __itt_model_reduction_uses
30534 : 0xba7e5e22cd32 : 2 : ittapi_config_apply_per_lib :  ITTAPI function not implemented: __itt_model_observe_uses
30534 : 0xba7e5e230020 : 2 : ittapi_config_apply_per_lib :  ITTAPI function not implemented: __itt_model_clear_uses
30534 : 0xba7e5e231189 : 2 : ittapi_config_apply_per_lib :  ITTAPI function not implemented: __itt_model_site_beginA
30534 : 0xba7e5e231ee4 : 2 : ittapi_config_apply_per_lib :  ITTAPI function not implemented: __itt_model_site_beginAL
30534 : 0xba7e5e232cd3 : 2 : ittapi_config_apply_per_lib :  ITTAPI function not implemented: __itt_model_task_beginA
30534 : 0xba7e5e233a50 : 2 : ittapi_config_apply_per_lib :  ITTAPI function not implemented: __itt_model_task_beginAL
30534 : 0xba7e5e2347ef : 2 : ittapi_config_apply_per_lib :  ITTAPI function not implemented: __itt_model_iteration_taskA
30534 : 0xba7e5e235599 : 2 : ittapi_config_apply_per_lib :  ITTAPI function not implemented: __itt_model_iteration_taskAL
30534 : 0xba7e5e23650e : 2 : ittapi_config_apply_per_lib :  ITTAPI function not implemented: __itt_model_site_end_2
30534 : 0xba7e5e2373a3 : 2 : ittapi_config_apply_per_lib :  ITTAPI function not implemented: __itt_model_task_end_2
30534 : 0xba7e5e238254 : 2 : ittapi_config_apply_per_lib :  ITTAPI function not implemented: __itt_model_lock_acquire_2
30534 : 0xba7e5e23b24d : 2 : ittapi_config_apply_per_lib :  ITTAPI function not implemented: __itt_model_lock_release_2
30534 : 0xba7e5e23c19f : 2 : ittapi_config_apply_per_lib :  ITTAPI function not implemented: __itt_model_aggregate_task
30534 : 0xba7e5e23cec9 : 2 : ittapi_config_apply_per_lib :  ITTAPI function not implemented: __itt_model_disable_push
30534 : 0xba7e5e23dc61 : 2 : ittapi_config_apply_per_lib :  ITTAPI function not implemented: __itt_model_disable_pop
30534 : 0xba7e5e23e84d : 2 : ittapi_config_apply_per_lib :  ITTAPI function instrumented: __itt_heap_function_create
30534 : 0xba7e5e23f3d9 : 2 : ittapi_config_apply_per_lib :  ITTAPI function instrumented: __itt_heap_allocate_begin
30534 : 0xba7e5e23fe9e : 2 : ittapi_config_apply_per_lib :  ITTAPI function instrumented: __itt_heap_allocate_end
30534 : 0xba7e5e240a4b : 2 : ittapi_config_apply_per_lib :  ITTAPI function instrumented: __itt_heap_free_begin
30534 : 0xba7e5e24151a : 2 : ittapi_config_apply_per_lib :  ITTAPI function instrumented: __itt_heap_free_end
30534 : 0xba7e5e24201b : 2 : ittapi_config_apply_per_lib :  ITTAPI function instrumented: __itt_heap_reallocate_begin
30534 : 0xba7e5e244b98 : 2 : ittapi_config_apply_per_lib :  ITTAPI function instrumented: __itt_heap_reallocate_end
30534 : 0xba7e5e245bd0 : 2 : ittapi_config_apply_per_lib :  ITTAPI function not implemented: __itt_heap_internal_access_begin
30534 : 0xba7e5e246992 : 2 : ittapi_config_apply_per_lib :  ITTAPI function not implemented: __itt_heap_internal_access_end
30534 : 0xba7e5e247747 : 2 : ittapi_config_apply_per_lib :  ITTAPI function not implemented: __itt_heap_record_memory_growth_begin
30534 : 0xba7e5e248465 : 2 : ittapi_config_apply_per_lib :  ITTAPI function not implemented: __itt_heap_record_memory_growth_end
30534 : 0xba7e5e249262 : 2 : ittapi_config_apply_per_lib :  ITTAPI function not implemented: __itt_heap_reset_detection
30534 : 0xba7e5e249f39 : 2 : ittapi_config_apply_per_lib :  ITTAPI function not implemented: __itt_heap_record
30534 : 0xba7e5e24ab5f : 2 : ittapi_config_apply_per_lib :  ITTAPI function not implemented: __itt_id_create
30534 : 0xba7e5e24b7a3 : 2 : ittapi_config_apply_per_lib :  ITTAPI function not implemented: __itt_id_destroy
30534 : 0xba7e5e24c396 : 2 : ittapi_config_apply_per_lib :  ITTAPI function instrumented: __itt_get_timestamp
30534 : 0xba7e5e25008f : 2 : ittapi_config_apply_per_lib :  ITTAPI function not implemented: __itt_region_begin
30534 : 0xba7e5e250f99 : 2 : ittapi_config_apply_per_lib :  ITTAPI function not implemented: __itt_region_end
30534 : 0xba7e5e251b6c : 2 : ittapi_config_apply_per_lib :  ITTAPI function instrumented: __itt_frame_begin_v3
30534 : 0xba7e5e2526c4 : 2 : ittapi_config_apply_per_lib :  ITTAPI function instrumented: __itt_frame_end_v3
30534 : 0xba7e5e253249 : 2 : ittapi_config_apply_per_lib :  ITTAPI function instrumented: __itt_frame_submit_v3
30534 : 0xba7e5e253ad1 : 2 : ittapi_config_apply_per_lib :  ITTAPI function NOT instrumented (not matched by --itt-config option): __itt_task_group

30534 : 0xba7e5e254380 : 2 : ittapi_config_apply_per_lib :  ITTAPI function NOT instrumented (not matched by --itt-config option): __itt_task_begin

30534 : 0xba7e5e254cbf : 2 : ittapi_config_apply_per_lib :  ITTAPI function NOT instrumented (not matched by --itt-config option): __itt_task_begin_fn

30534 : 0xba7e5e25569f : 2 : ittapi_config_apply_per_lib :  ITTAPI function NOT instrumented (not matched by --itt-config option): __itt_task_end

30534 : 0xba7e5e255f4c : 2 : ittapi_config_apply_per_lib :  ITTAPI function NOT instrumented (not matched by --itt-config option): __itt_counter_inc_v3

30534 : 0xba7e5e258967 : 2 : ittapi_config_apply_per_lib :  ITTAPI function NOT instrumented (not matched by --itt-config option): __itt_counter_inc_delta_v3

30534 : 0xba7e5e2593ac : 2 : ittapi_config_apply_per_lib :  ITTAPI function NOT instrumented (not matched by --itt-config option): __itt_counter_dec_v3

30534 : 0xba7e5e259c22 : 2 : ittapi_config_apply_per_lib :  ITTAPI function NOT instrumented (not matched by --itt-config option): __itt_counter_dec_delta_v3

30534 : 0xba7e5e25ab5d : 2 : ittapi_config_apply_per_lib :  ITTAPI function not implemented: __itt_marker
30534 : 0xba7e5e25b7f8 : 2 : ittapi_config_apply_per_lib :  ITTAPI function instrumented: __itt_metadata_add
30534 : 0xba7e5e25c5ba : 2 : ittapi_config_apply_per_lib :  ITTAPI function not implemented: __itt_metadata_str_add
30534 : 0xba7e5e25d38d : 2 : ittapi_config_apply_per_lib :  ITTAPI function not implemented: __itt_relation_add_to_current
30534 : 0xba7e5e25e04c : 2 : ittapi_config_apply_per_lib :  ITTAPI function not implemented: __itt_relation_add
30534 : 0xba7e5e25eb87 : 2 : ittapi_config_apply_per_lib :  ITTAPI function instrumented: __itt_event_create
30534 : 0xba7e5e25f3ed : 2 : ittapi_config_apply_per_lib :  ITTAPI function NOT instrumented (not matched by --itt-config option): __itt_event_start

30534 : 0xba7e5e261c57 : 2 : ittapi_config_apply_per_lib :  ITTAPI function NOT instrumented (not matched by --itt-config option): __itt_event_end

30534 : 0xba7e5e262668 : 2 : ittapi_config_apply_per_lib :  ITTAPI function NOT instrumented (not matched by --itt-config option): __itt_sync_set_name

30534 : 0xba7e5e262f57 : 2 : ittapi_config_apply_per_lib :  ITTAPI function NOT instrumented (not matched by --itt-config option): __itt_notify_sync_name

30534 : 0xba7e5e263819 : 2 : ittapi_config_apply_per_lib :  ITTAPI function NOT instrumented (not matched by --itt-config option): __itt_notify_sync_prepare

30534 : 0xba7e5e2641b3 : 2 : ittapi_config_apply_per_lib :  ITTAPI function NOT instrumented (not matched by --itt-config option): __itt_notify_sync_cancel

30534 : 0xba7e5e264b4a : 2 : ittapi_config_apply_per_lib :  ITTAPI function NOT instrumented (not matched by --itt-config option): __itt_notify_sync_acquired

30534 : 0xba7e5e2654eb : 2 : ittapi_config_apply_per_lib :  ITTAPI function NOT instrumented (not matched by --itt-config option): __itt_notify_sync_releasing

30534 : 0xba7e5e266426 : 2 : ittapi_config_apply_per_lib :  ITTAPI function not implemented: __itt_memory_read
30534 : 0xba7e5e2671a8 : 2 : ittapi_config_apply_per_lib :  ITTAPI function not implemented: __itt_memory_write
30534 : 0xba7e5e267eef : 2 : ittapi_config_apply_per_lib :  ITTAPI function not implemented: __itt_memory_update
30534 : 0xba7e5e26bb08 : 2 : ittapi_config_apply_per_lib :  ITTAPI function not implemented: __itt_state_get
30534 : 0xba7e5e26ca32 : 2 : ittapi_config_apply_per_lib :  ITTAPI function not implemented: __itt_state_set
30534 : 0xba7e5e26d680 : 2 : ittapi_config_apply_per_lib :  ITTAPI function not implemented: __itt_obj_mode_set
30534 : 0xba7e5e26e32b : 2 : ittapi_config_apply_per_lib :  ITTAPI function not implemented: __itt_thr_mode_set
30534 : 0xba7e5e26ee36 : 2 : ittapi_config_apply_per_lib :  ITTAPI function instrumented: __itt_frame_create
30534 : 0xba7e5e26f947 : 2 : ittapi_config_apply_per_lib :  ITTAPI function instrumented: __itt_frame_begin
30534 : 0xba7e5e2703ce : 2 : ittapi_config_apply_per_lib :  ITTAPI function instrumented: __itt_frame_end
30534 : 0xba7e5e270c1e : 2 : ittapi_config_apply_per_lib :  ITTAPI function NOT instrumented (not matched by --itt-config option): __itt_counter_destroy

30534 : 0xba7e5e271602 : 2 : ittapi_config_apply_per_lib :  ITTAPI function NOT instrumented (not matched by --itt-config option): __itt_counter_inc

30534 : 0xba7e5e271eef : 2 : ittapi_config_apply_per_lib :  ITTAPI function NOT instrumented (not matched by --itt-config option): __itt_counter_inc_delta

30534 : 0xba7e5e27491e : 2 : ittapi_config_apply_per_lib :  ITTAPI function NOT instrumented (not matched by --itt-config option): __itt_counter_dec

30534 : 0xba7e5e275376 : 2 : ittapi_config_apply_per_lib :  ITTAPI function NOT instrumented (not matched by --itt-config option): __itt_counter_dec_delta

30534 : 0xba7e5e275c2c : 2 : ittapi_config_apply_per_lib :  ITTAPI function NOT instrumented (not matched by --itt-config option): __itt_counter_set_value

30534 : 0xba7e5e2764c8 : 2 : ittapi_config_apply_per_lib :  ITTAPI function NOT instrumented (not matched by --itt-config option): __itt_counter_set_value_ex

30534 : 0xba7e5e277322 : 2 : ittapi_config_apply_per_lib :  ITTAPI function not implemented: __itt_mark_create
30534 : 0xba7e5e2780b0 : 2 : ittapi_config_apply_per_lib :  ITTAPI function not implemented: __itt_mark
30534 : 0xba7e5e278e84 : 2 : ittapi_config_apply_per_lib :  ITTAPI function not implemented: __itt_mark_off
30534 : 0xba7e5e279afe : 2 : ittapi_config_apply_per_lib :  ITTAPI function not implemented: __itt_mark_global
30534 : 0xba7e5e27a8dd : 2 : ittapi_config_apply_per_lib :  ITTAPI function not implemented: __itt_mark_global_off
30534 : 0xba7e5e27b63b : 2 : ittapi_config_apply_per_lib :  ITTAPI function instrumented: __itt_stack_caller_create
30534 : 0xba7e5e27e37a : 2 : ittapi_config_apply_per_lib :  ITTAPI function instrumented: __itt_stack_caller_destroy
30534 : 0xba7e5e27f094 : 2 : ittapi_config_apply_per_lib :  ITTAPI function instrumented: __itt_stack_callee_enter
30534 : 0xba7e5e27fba3 : 2 : ittapi_config_apply_per_lib :  ITTAPI function instrumented: __itt_stack_callee_leave
30534 : 0xba7e5e2808f6 : 2 : ittapi_config_apply_per_lib :  ITTAPI function not implemented: __itt_clock_domain_create
30534 : 0xba7e5e281688 : 2 : ittapi_config_apply_per_lib :  ITTAPI function not implemented: __itt_clock_domain_reset
30534 : 0xba7e5e282332 : 2 : ittapi_config_apply_per_lib :  ITTAPI function not implemented: __itt_id_create_ex
30534 : 0xba7e5e283054 : 2 : ittapi_config_apply_per_lib :  ITTAPI function not implemented: __itt_id_destroy_ex
30534 : 0xba7e5e2838e5 : 2 : ittapi_config_apply_per_lib :  ITTAPI function NOT instrumented (not matched by --itt-config option): __itt_task_begin_ex

30534 : 0xba7e5e28419c : 2 : ittapi_config_apply_per_lib :  ITTAPI function NOT instrumented (not matched by --itt-config option): __itt_task_begin_fn_ex

30534 : 0xba7e5e284ac9 : 2 : ittapi_config_apply_per_lib :  ITTAPI function NOT instrumented (not matched by --itt-config option): __itt_task_end_ex

30534 : 0xba7e5e2880a7 : 2 : ittapi_config_apply_per_lib :  ITTAPI function NOT instrumented (not matched by --itt-config option): __itt_task_begin_overlapped

30534 : 0xba7e5e288b27 : 2 : ittapi_config_apply_per_lib :  ITTAPI function NOT instrumented (not matched by --itt-config option): __itt_task_begin_overlapped_ex

30534 : 0xba7e5e289402 : 2 : ittapi_config_apply_per_lib :  ITTAPI function NOT instrumented (not matched by --itt-config option): __itt_task_end_overlapped

30534 : 0xba7e5e289c9d : 2 : ittapi_config_apply_per_lib :  ITTAPI function NOT instrumented (not matched by --itt-config option): __itt_task_end_overlapped_ex

30534 : 0xba7e5e28ac07 : 2 : ittapi_config_apply_per_lib :  ITTAPI function not implemented: __itt_marker_ex
30534 : 0xba7e5e28ba5c : 2 : ittapi_config_apply_per_lib :  ITTAPI function not implemented: __itt_metadata_add_with_scope
30534 : 0xba7e5e28c818 : 2 : ittapi_config_apply_per_lib :  ITTAPI function not implemented: __itt_metadata_str_add_with_scope
30534 : 0xba7e5e28d59f : 2 : ittapi_config_apply_per_lib :  ITTAPI function not implemented: __itt_relation_add_to_current_ex
30534 : 0xba7e5e28e2ea : 2 : ittapi_config_apply_per_lib :  ITTAPI function not implemented: __itt_relation_add_ex
30534 : 0xba7e5e28f155 : 2 : ittapi_config_apply_per_lib :  ITTAPI function not implemented: __itt_track_group_create
30534 : 0xba7e5e292166 : 2 : ittapi_config_apply_per_lib :  ITTAPI function not implemented: __itt_track_create
30534 : 0xba7e5e293094 : 2 : ittapi_config_apply_per_lib :  ITTAPI function not implemented: __itt_set_track
30534 : 0xba7e5e293c53 : 2 : ittapi_config_apply_per_lib :  ITTAPI function instrumented: __itt_api_version
30534 : 0xba7e5e2948bf : 2 : ittapi_config_apply_per_lib :  ITTAPI function not implemented: __itt_av_save
30534 : 0xba7e5e295432 : 2 : ittapi_config_apply_per_lib :  ITTAPI function instrumented: __itt_module_load