
29556 : 0xba2a851b56ed : 2 : ittapi_config_mask_get :  --itt-config mask to be applied: 17
29556 : 0xba2a851b8172 : 2 : ittapi_config_apply_per_lib :  ITTAPI function instrumented: __itt_domain_create
29556 : 0xba2a851b8f53 : 2 : ittapi_config_apply_per_lib :  ITTAPI function instrumented: __itt_string_handle_create
29556 : 0xba2a851b9cad : 2 : ittapi_config_apply_per_lib :  ITTAPI function instrumented: __itt_pause
29556 : 0xba2a851ba84b : 2 : ittapi_config_apply_per_lib :  ITTAPI function instrumented: __itt_resume
29556 : 0xba2a851bb421 : 2 : ittapi_config_apply_per_lib :  ITTAPI function instrumented: __itt_thread_set_name
29556 : 0xba2a851bc040 : 2 : ittapi_config_apply_per_lib :  ITTAPI function instrumented: __itt_thread_ignore
29556 : 0xba2a851bcbe0 : 2 : ittapi_config_apply_per_lib :  ITTAPI function instrumented: __itt_thr_name_set
29556 : 0xba2a851bd6d3 : 2 : ittapi_config_apply_per_lib :  ITTAPI function instrumented: __itt_thr_ignore
29556 : 0xba2a851be8e8 : 2 : ittapi_config_apply_per_lib :  ITTAPI function not implemented: __itt_enable_attach
29556 : 0xba2a851c79c2 : 2 : ittapi_config_apply_per_lib :  ITTAPI function NOT instrumented (not matched by --itt-config option): __itt_sync_create

29556 : 0xba2a851c89da : 2 : ittapi_config_apply_per_lib :  ITTAPI function NOT instrumented (not matched by --itt-config option): __itt_sync_rename

29556 : 0xba2a851c9625 : 2 : ittapi_config_apply_per_lib :  ITTAPI function NOT instrumented (not matched by --itt-config option): __itt_sync_destroy

29556 : 0xba2a851ca31a : 2 : ittapi_config_apply_per_lib :  ITTAPI function NOT instrumented (not matched by --itt-config option): __itt_sync_prepare

29556 : 0xba2a851cad8a : 2 : ittapi_config_apply_per_lib :  ITTAPI function NOT instrumented (not matched by --itt-config option): __itt_sync_cancel

29556 : 0xba2a851cb6f4 : 2 : ittapi_config_apply_per_lib :  ITTAPI function NOT instrumented (not matched by --itt-config option): __itt_sync_acquired

29556 : 0xba2a851cbfd2 : 2 : ittapi_config_apply_per_lib :  ITTAPI function NOT instrumented (not matched by --itt-config option): __itt_sync_releasing

29556 : 0xba2a851cde31 : 2 : ittapi_config_apply_per_lib :  ITTAPI function not implemented: __itt_suppress_push
29556 : 0xba2a851cf104 : 2 : ittapi_config_apply_per_lib :  ITTAPI function not implemented: __itt_suppress_pop
29556 : 0xba2a851cff26 : 2 : ittapi_config_apply_per_lib :  ITTAPI function not implemented: __itt_suppress_mark_range
29556 : 0xba2a851d402d : 2 : ittapi_config_apply_per_lib :  ITTAPI function not implemented: __itt_suppress_clear_range
29556 : 0xba2a851d4b95 : 2 : ittapi_config_apply_per_lib :  ITTAPI function NOT instrumented (not matched by --itt-config option): __itt_sync_prepare

29556 : 0xba2a851d54dd : 2 : ittapi_config_apply_per_lib :  ITTAPI function NOT instrumented (not matched by --itt-config option): __itt_sync_cancel

29556 : 0xba2a851d5dce : 2 : ittapi_config_apply_per_lib :  ITTAPI function NOT instrumented (not matched by --itt-config option): __itt_sync_acquired

29556 : 0xba2a851d664b : 2 : ittapi_config_apply_per_lib :  ITTAPI function NOT instrumented (not matched by --itt-config option): __itt_sync_releasing

29556 : 0xba2a851d75ef : 2 : ittapi_config_apply_per_lib :  ITTAPI function not implemented: __itt_model_site_begin
29556 : 0xba2a851d8337 : 2 : ittapi_config_apply_per_lib :  ITTAPI function not implemented: __itt_model_site_end
29556 : 0xba2a851d909a : 2 : ittapi_config_apply_per_lib :  ITTAPI function not implemented: __itt_model_task_begin
29556 : 0xba2a851d9db8 : 2 : ittapi_config_apply_per_lib :  ITTAPI function not implemented: __itt_model_task_end
29556 : 0xba2a851daaaf : 2 : ittapi_config_apply_per_lib :  ITTAPI function not implemented: __itt_model_lock_acquire
29556 : 0xba2a851ddab3 : 2 : ittapi_config_apply_per_lib :  ITTAPI function not implemented: __itt_model_lock_release
29556 : 0xba2a851de9b0 : 2 : ittapi_config_apply_per_lib :  ITTAPI function not implemented: __itt_model_record_allocation
29556 : 0xba2a851df727 : 2 : ittapi_config_apply_per_lib :  ITTAPI function not implemented: __itt_model_record_deallocation
29556 : 0xba2a851e0480 : 2 : ittapi_config_apply_per_lib :  ITTAPI function not implemented: __itt_model_induction_uses
29556 : 0xba2a851e1147 : 2 : ittapi_config_apply_per_lib :  ITTAPI function not implemented: __itt_model_reduction_uses
29556 : 0xba2a851e1f46 : 2 : ittapi_config_apply_per_lib :  ITTAPI function not implemented: __itt_model_observe_uses
29556 : 0xba2a851e2dc3 : 2 : ittapi_config_apply_per_lib :  ITTAPI function not implemented: __itt_model_clear_uses
29556 : 0xba2a851e3e5b : 2 : ittapi_config_apply_per_lib :  ITTAPI function not implemented: __itt_model_site_beginA
29556 : 0xba2a851e4d74 : 2 : ittapi_config_apply_per_lib :  ITTAPI function not implemented: __itt_model_site_beginAL
29556 : 0xba2a851e5a33 : 2 : ittapi_config_apply_per_lib :  ITTAPI function not implemented: __itt_model_task_beginA
29556 : 0xba2a851e9f72 : 2 : ittapi_config_apply_per_lib :  ITTAPI function not implemented: __itt_model_task_beginAL
29556 : 0xba2a851eb073 : 2 : ittapi_config_apply_per_lib :  ITTAPI function not implemented: __itt_model_iteration_taskA
29556 : 0xba2a851ebe81 : 2 : ittapi_config_apply_per_lib :  ITTAPI function not implemented: __itt_model_iteration_taskAL
29556 : 0xba2a851ecddb : 2 : ittapi_config_apply_per_lib :  ITTAPI function not implemented: __itt_model_site_end_2
29556 : 0xba2a851edc83 : 2 : ittapi_config_apply_per_lib :  ITTAPI function not implemented: __itt_model_task_end_2
29556 : 0xba2a851eeabd : 2 : ittapi_config_apply_per_lib :  ITTAPI function not implemented: __itt_model_lock_acquire_2
29556 : 0xba2a851ef7ad : 2 : ittapi_config_apply_per_lib :  ITTAPI function not implemented: __itt_model_lock_release_2
29556 : 0xba2a851f045b : 2 : ittapi_config_apply_per_lib :  ITTAPI function not implemented: __itt_model_aggregate_task
29556 : 0xba2a851f10e1 : 2 : ittapi_config_apply_per_lib :  ITTAPI function not implemented: __itt_model_disable_push
29556 : 0xba2a851f1d47 : 2 : ittapi_config_apply_per_lib :  ITTAPI function not implemented: __itt_model_disable_pop
29556 : 0xba2a851f4fa2 : 2 : ittapi_config_apply_per_lib :  ITTAPI function instrumented: __itt_heap_function_create
29556 : 0xba2a851f5d08 : 2 : ittapi_config_apply_per_lib :  ITTAPI function instrumented: __itt_heap_allocate_begin
29556 : 0xba2a851f6858 : 2 : ittapi_config_apply_per_lib :  ITTAPI function instrumented: __itt_heap_allocate_end
29556 : 0xba2a851f73c7 : 2 : ittapi_config_apply_per_lib :  ITTAPI function instrumented: __itt_heap_free_begin
29556 : 0xba2a851f7e93 : 2 : ittapi_config_apply_per_lib :  ITTAPI function instrumented: __itt_heap_free_end
29556 : 0xba2a851f89e5 : 2 : ittapi_config_apply_per_lib :  ITTAPI function instrumented: __itt_heap_reallocate_begin
29556 : 0xba2a851f94cb : 2 : ittapi_config_apply_per_lib :  ITTAPI function instrumented: __itt_heap_reallocate_end
29556 : 0xba2a851fa23c : 2 : ittapi_config_apply_per_lib :  ITTAPI function not implemented: __itt_heap_internal_access_begin
29556 : 0xba2a851fafdc : 2 : ittapi_config_apply_per_lib :  ITTAPI function not implemented: __itt_heap_internal_access_end
29556 : 0xba2a851fbd71 : 2 : ittapi_config_apply_per_lib :  ITTAPI function not implemented: __itt_heap_record_memory_growth_begin
29556 : 0xba2a851ff035 : 2 : ittapi_config_apply_per_lib :  ITTAPI function not implemented: __itt_heap_record_memory_growth_end
29556 : 0xba2a851fff76 : 2 : ittapi_config_apply_per_lib :  ITTAPI function not implemented: __itt_heap_reset_detection
29556 : 0xba2a85200c9d : 2 : ittapi_config_apply_per_lib :  ITTAPI function not implemented: __itt_heap_record
29556 : 0xba2a85201917 : 2 : ittapi_config_apply_per_lib :  ITTAPI function not implemented: __itt_id_create
29556 : 0xba2a8520258f : 2 : ittapi_config_apply_per_lib :  ITTAPI function not implemented: __itt_id_destroy
29556 : 0xba2a85203146 : 2 : ittapi_config_apply_per_lib :  ITTAPI function instrumented: __itt_get_timestamp
29556 : 0xba2a85203d54 : 2 : ittapi_config_apply_per_lib :  ITTAPI function not implemented: __itt_region_begin
29556 : 0xba2a8520498c : 2 : ittapi_config_apply_per_lib :  ITTAPI function not implemented: __itt_region_end
29556 : 0xba2a852054fe : 2 : ittapi_config_apply_per_lib :  ITTAPI function instrumented: __itt_frame_begin_v3
29556 : 0xba2a85206078 : 2 : ittapi_config_apply_per_lib :  ITTAPI function instrumented: __itt_frame_end_v3
29556 : 0xba2a8520a233 : 2 : ittapi_config_apply_per_lib :  ITTAPI function instrumented: __itt_frame_submit_v3
29556 : 0xba2a8520ad0f : 2 : ittapi_config_apply_per_lib :  ITTAPI function NOT instrumented (not matched by --itt-config option): __itt_task_group

29556 : 0xba2a8520b639 : 2 : ittapi_config_apply_per_lib :  ITTAPI function NOT instrumented (not matched by --itt-config option): __itt_task_begin

29556 : 0xba2a8520bee3 : 2 : ittapi_config_apply_per_lib :  ITTAPI function NOT instrumented (not matched by --itt-config option): __itt_task_begin_fn

29556 : 0xba2a8520c76f : 2 : ittapi_config_apply_per_lib :  ITTAPI function NOT instrumented (not matched by --itt-config option): __itt_task_end

29556 : 0xba2a8520d16e : 2 : ittapi_config_apply_per_lib :  ITTAPI function NOT instrumented (not matched by --itt-config option): __itt_counter_inc_v3

29556 : 0xba2a8520da28 : 2 : ittapi_config_apply_per_lib :  ITTAPI function NOT instrumented (not matched by --itt-config option): __itt_counter_inc_delta_v3

29556 : 0xba2a8520e975 : 2 : ittapi_config_apply_per_lib :  ITTAPI function not implemented: __itt_marker
29556 : 0xba2a8520f68b : 2 : ittapi_config_apply_per_lib :  ITTAPI function instrumented: __itt_metadata_add
29556 : 0xba2a852103d9 : 2 : ittapi_config_apply_per_lib :  ITTAPI function not implemented: __itt_metadata_str_add
29556 : 0xba2a85213559 : 2 : ittapi_config_apply_per_lib :  ITTAPI function not implemented: __itt_relation_add_to_current
29556 : 0xba2a85214434 : 2 : ittapi_config_apply_per_lib :  ITTAPI function not implemented: __itt_relation_add
29556 : 0xba2a8521503f : 2 : ittapi_config_apply_per_lib :  ITTAPI function instrumented: __itt_event_create
29556 : 0xba2a852158a5 : 2 : ittapi_config_apply_per_lib :  ITTAPI function NOT instrumented (not matched by --itt-config option): __itt_event_start

29556 : 0xba2a8521615c : 2 : ittapi_config_apply_per_lib :  ITTAPI function NOT instrumented (not matched by --itt-config option): __itt_event_end

29556 : 0xba2a85216a29 : 2 : ittapi_config_apply_per_lib :  ITTAPI function NOT instrumented (not matched by --itt-config option): __itt_sync_set_name

29556 : 0xba2a852172d2 : 2 : ittapi_config_apply_per_lib :  ITTAPI function NOT instrumented (not matched by --itt-config option): __itt_notify_sync_name

29556 : 0xba2a85217b8f : 2 : ittapi_config_apply_per_lib :  ITTAPI function NOT instrumented (not matched by --itt-config option): __itt_notify_sync_prepare

29556 : 0xba2a85218440 : 2 : ittapi_config_apply_per_lib :  ITTAPI function NOT instrumented (not matched by --itt-config option): __itt_notify_sync_cancel

29556 : 0xba2a85218cc6 : 2 : ittapi_config_apply_per_lib :  ITTAPI function NOT instrumented (not matched by --itt-config option): __itt_notify_sync_acquired

29556 : 0xba2a8521b4de : 2 : ittapi_config_apply_per_lib :  ITTAPI function NOT instrumented (not matched by --itt-config option): __itt_notify_sync_releasing

29556 : 0xba2a8521c4df : 2 : ittapi_config_apply_per_lib :  ITTAPI function not implemented: __itt_memory_read
29556 : 0xba2a8521d1dd : 2 : ittapi_config_apply_per_lib :  ITTAPI function not implemented: __itt_memory_write
29556 : 0xba2a8521df3b : 2 : ittapi_config_apply_per_lib :  ITTAPI function not implemented: __itt_memory_update
29556 : 0xba2a8521ec2b : 2 : ittapi_config_apply_per_lib :  ITTAPI function not implemented: __itt_state_get
29556 : 0xba2a8521f8b7 : 2 : ittapi_config_apply_per_lib :  ITTAPI function not implemented: __itt_state_set
29556 : 0xba2a852204d3 : 2 : ittapi_config_apply_per_lib :  ITTAPI function not implemented: __itt_obj_mode_set
29556 : 0xba2a85221147 : 2 : ittapi_config_apply_per_lib :  ITTAPI function not implemented: __itt_thr_mode_set
29556 : 0xba2a85221c5f : 2 : ittapi_config_apply_per_lib :  ITTAPI function instrumented: __itt_frame_create
29556 : 0xba2a8522275c : 2 : ittapi_config_apply_per_lib :  ITTAPI function instrumented: __itt_frame_begin
29556 : 0xba2a85226212 : 2 : ittapi_config_apply_per_lib :  ITTAPI function instrumented: __itt_frame_end
29556 : 0xba2a85226fc2 : 2 : ittapi_config_apply_per_lib :  ITTAPI function instrumented: __itt_counter_create
29556 : 0xba2a8522788f : 2 : ittapi_config_apply_per_lib :  ITTAPI function NOT instrumented (not matched by --itt-config option): __itt_counter_destroy

29556 : 0xba2a852281e5 : 2 : ittapi_config_apply_per_lib :  ITTAPI function NOT instrumented (not matched by --itt-config option): __itt_counter_inc

29556 : 0xba2a85228b01 : 2 : ittapi_config_apply_per_lib :  ITTAPI function NOT instrumented (not matched by --itt-config option): __itt_counter_inc_delta

29556 : 0xba2a852297ee : 2 : ittapi_config_apply_per_lib :  ITTAPI function not implemented: __itt_mark_create
29556 : 0xba2a8522a532 : 2 : ittapi_config_apply_per_lib :  ITTAPI function not implemented: __itt_mark
29556 : 0xba2a8522b238 : 2 : ittapi_config_apply_per_lib :  ITTAPI function not implemented: __itt_mark_off
29556 : 0xba2a8522bec7 : 2 : ittapi_config_apply_per_lib :  ITTAPI function not implemented: __itt_mark_global
29556 : 0xba2a8522cc18 : 2 : ittapi_config_apply_per_lib :  ITTAPI function not implemented: __itt_mark_global_off
29556 : 0xba2a8522fb4b : 2 : ittapi_config_apply_per_lib :  ITTAPI function instrumented: __itt_stack_caller_create
29556 : 0xba2a852308bf : 2 : ittapi_config_apply_per_lib :  ITTAPI function instrumented: __itt_stack_caller_destroy
29556 : 0xba2a8523142a : 2 : ittapi_config_apply_per_lib :  ITTAPI function instrumented: __itt_stack_callee_enter
29556 : 0xba2a85231f83 : 2 : ittapi_config_apply_per_lib :  ITTAPI function instrumented: __itt_stack_callee_leave
29556 : 0xba2a85232c87 : 2 : ittapi_config_apply_per_lib :  ITTAPI function not implemented: __itt_clock_domain_create
29556 : 0xba2a852339be : 2 : ittapi_config_apply_per_lib :  ITTAPI function not implemented: __itt_clock_domain_reset
29556 : 0xba2a85234637 : 2 : ittapi_config_apply_per_lib :  ITTAPI function not implemented: __itt_id_create_ex
29556 : 0xba2a85235375 : 2 : ittapi_config_apply_per_lib :  ITTAPI function not implemented: __itt_id_destroy_ex
29556 : 0xba2a85235c0c : 2 : ittapi_config_apply_per_lib :  ITTAPI function NOT instrumented (not matched by --itt-config option): __itt_task_begin_ex

29556 : 0xba2a852364c4 : 2 : ittapi_config_apply_per_lib :  ITTAPI function NOT instrumented (not matched by --itt-config option): __itt_task_begin_fn_ex

29556 : 0xba2a85238dc5 : 2 : ittapi_config_apply_per_lib :  ITTAPI function NOT instrumented (not matched by --itt-config option): __itt_task_end_ex

29556 : 0xba2a85239827 : 2 : ittapi_config_apply_per_lib :  ITTAPI function NOT instrumented (not matched by --itt-config option): __itt_task_begin_overlapped

29556 : 0xba2a8523a0ba : 2 : ittapi_config_apply_per_lib :  ITTAPI function NOT instrumented (not matched by --itt-config option): __itt_task_begin_overlapped_ex

29556 : 0xba2a8523a929 : 2 : ittapi_config_apply_per_lib :  ITTAPI function NOT instrumented (not matched by --itt-config option): __itt_task_end_overlapped

29556 : 0xba2a8523b1b6 : 2 : ittapi_config_apply_per_lib :  ITTAPI function NOT instrumented (not matched by --itt-config option): __itt_task_end_overlapped_ex

29556 : 0xba2a8523c150 : 2 : ittapi_config_apply_per_lib :  ITTAPI function not implemented: __itt_marker_ex
29556 : 0xba2a8523cf3f : 2 : ittapi_config_apply_per_lib :  ITTAPI function not implemented: __itt_metadata_add_with_scope
29556 : 0xba2a8523dc7e : 2 : ittapi_config_apply_per_lib :  ITTAPI function not implemented: __itt_metadata_str_add_with_scope
29556 : 0xba2a8523e9cc : 2 : ittapi_config_apply_per_lib :  ITTAPI function not implemented: __itt_relation_add_to_current_ex
29556 : 0xba2a8523f679 : 2 : ittapi_config_apply_per_lib :  ITTAPI function not implemented: __itt_relation_add_ex
29556 : 0xba2a852426f8 : 2 : ittapi_config_apply_per_lib :  ITTAPI function not implemented: __itt_track_group_create
29556 : 0xba2a852435e3 : 2 : ittapi_config_apply_per_lib :  ITTAPI function not implemented: __itt_track_create
29556 : 0xba2a852442c8 : 2 : ittapi_config_apply_per_lib :  ITTAPI function not implemented: __itt_set_track
29556 : 0xba2a85244e76 : 2 : ittapi_config_apply_per_lib :  ITTAPI function instrumented: __itt_api_version
29556 : 0xba2a85245a51 : 2 : ittapi_config_apply_per_lib :  ITTAPI function not implemented: __itt_av_save
29556 : 0xba2a8526b3b1 : 2 : ittapi_config_mask_get :  --itt-config mask to be applied: 17
29556 : 0xba2a8526c718 : 2 : ittapi_config_apply_per_lib :  ITTAPI function instrumented: __itt_domain_create
29556 : 0xba2a8526d28b : 2 : ittapi_config_apply_per_lib :  ITTAPI function instrumented: __itt_string_handle_create
29556 : 0xba2a8526ded7 : 2 : ittapi_config_apply_per_lib :  ITTAPI function instrumented: __itt_pause
29556 : 0xba2a8526e99a : 2 : ittapi_config_apply_per_lib :  ITTAPI function instrumented: __itt_resume
29556 : 0xba2a85273ec8 : 2 : ittapi_config_apply_per_lib :  ITTAPI function instrumented: __itt_thread_set_name
29556 : 0xba2a85274d2e : 2 : ittapi_config_apply_per_lib :  ITTAPI function instrumented: __itt_thread_ignore
29556 : 0xba2a852758d3 : 2 : ittapi_config_apply_per_lib :  ITTAPI function instrumented: __itt_thr_name_set
29556 : 0xba2a852763af : 2 : ittapi_config_apply_per_lib :  ITTAPI function instrumented: __itt_thr_ignore
29556 : 0xba2a85277335 : 2 : ittapi_config_apply_per_lib :  ITTAPI function not implemented: __itt_enable_attach
29556 : 0xba2a8527802f : 2 : ittapi_config_apply_per_lib :  ITTAPI function instrumented: __itt_detach
29556 : 0xba2a852788c2 : 2 : ittapi_config_apply_per_lib :  ITTAPI function NOT instrumented (not matched by --itt-config option): __itt_sync_create

29556 : 0xba2a852791b5 : 2 : ittapi_config_apply_per_lib :  ITTAPI function NOT instrumented (not matched by --itt-config option): __itt_sync_rename

29556 : 0xba2a85279b64 : 2 : ittapi_config_apply_per_lib :  ITTAPI function NOT instrumented (not matched by --itt-config option): __itt_sync_destroy

29556 : 0xba2a8527a3e9 : 2 : ittapi_config_apply_per_lib :  ITTAPI function NOT instrumented (not matched by --itt-config option): __itt_sync_prepare

29556 : 0xba2a8527d0f9 : 2 : ittapi_config_apply_per_lib :  ITTAPI function NOT instrumented (not matched by --itt-config option): __itt_sync_cancel

29556 : 0xba2a8527db30 : 2 : ittapi_config_apply_per_lib :  ITTAPI function NOT instrumented (not matched by --itt-config option): __itt_sync_acquired

29556 : 0xba2a8527e3e8 : 2 : ittapi_config_apply_per_lib :  ITTAPI function NOT instrumented (not matched by --itt-config option): __itt_sync_releasing

29556 : 0xba2a8527f330 : 2 : ittapi_config_apply_per_lib :  ITTAPI function not implemented: __itt_suppress_push
29556 : 0xba2a852801eb : 2 : ittapi_config_apply_per_lib :  ITTAPI function not implemented: __itt_suppress_pop
29556 : 0xba2a85280f53 : 2 : ittapi_config_apply_per_lib :  ITTAPI function not implemented: __itt_suppress_mark_range
29556 : 0xba2a85281c44 : 2 : ittapi_config_apply_per_lib :  ITTAPI function not implemented: __itt_suppress_clear_range
29556 : 0xba2a852824b2 : 2 : ittapi_config_apply_per_lib :  ITTAPI function NOT instrumented (not matched by --itt-config option): __itt_sync_prepare

29556 : 0xba2a85282d53 : 2 : ittapi_config_apply_per_lib :  ITTAPI function NOT instrumented (not matched by --itt-config option): __itt_sync_cancel

29556 : 0xba2a852835e7 : 2 : ittapi_config_apply_per_lib :  ITTAPI function NOT instrumented (not matched by --itt-config option): __itt_sync_acquired

29556 : 0xba2a85285ecd : 2 : ittapi_config_apply_per_lib :  ITTAPI function NOT instrumented (not matched by --itt-config option): __itt_sync_releasing

29556 : 0xba2a85286fa0 : 2 : ittapi_config_apply_per_lib :  ITTAPI function not implemented: __itt_model_site_begin
29556 : 0xba2a85287cde : 2 : ittapi_config_apply_per_lib :  ITTAPI function not implemented: __itt_model_site_end
29556 : 0xba2a85288a5f : 2 : ittapi_config_apply_per_lib :  ITTAPI function not implemented: __itt_model_task_begin
29556 : 0xba2a8528972d : 2 : ittapi_config_apply_per_lib :  ITTAPI function not implemented: __itt_model_task_end
29556 : 0xba2a8528a402 : 2 : ittapi_config_apply_per_lib :  ITTAPI function not implemented: __itt_model_lock_acquire
29556 : 0xba2a8528b0df : 2 : ittapi_config_apply_per_lib :  ITTAPI function not implemented: __itt_model_lock_release
29556 : 0xba2a8528bd74 : 2 : ittapi_config_apply_per_lib :  ITTAPI function not implemented: __itt_model_record_allocation
29556 : 0xba2a8528ca5b : 2 : ittapi_config_apply_per_lib :  ITTAPI function not implemented: __itt_model_record_deallocation
29556 : 0xba2a8528d70f : 2 : ittapi_config_apply_per_lib :  ITTAPI function not implemented: __itt_model_induction_uses
29556 : 0xba2a85291443 : 2 : ittapi_config_apply_per_lib :  ITTAPI function not implemented: __itt_model_reduction_uses
29556 : 0xba2a852923fd : 2 : ittapi_config_apply_per_lib :  ITTAPI function not implemented: __itt_model_observe_uses
29556 : 0xba2a85293167 : 2 : ittapi_config_apply_per_lib :  ITTAPI function not implemented: __itt_model_clear_uses
29556 : 0xba2a85293f07 : 2 : ittapi_config_apply_per_lib :  ITTAPI function not implemented: __itt_model_site_beginA
29556 : 0xba2a85294c57 : 2 : ittapi_config_apply_per_lib :  ITTAPI function not implemented: __itt_model_site_beginAL
29556 : 0xba2a852958df : 2 : ittapi_config_apply_per_lib :  ITTAPI function not implemented: __itt_model_task_beginA
29556 : 0xba2a852965c9 : 2 : ittapi_config_apply_per_lib :  ITTAPI function not implemented: __itt_model_task_beginAL
29556 : 0xba2a8529727c : 2 : ittapi_config_apply_per_lib :  ITTAPI function not implemented: __itt_model_iteration_taskA
29556 : 0xba2a85297f29 : 2 : ittapi_config_apply_per_lib :  ITTAPI function not implemented: __itt_model_iteration_taskAL
29556 : 0xba2a85298b76 : 2 : ittapi_config_apply_per_lib :  ITTAPI function not implemented: __itt_model_site_end_2
29556 : 0xba2a8529bb18 : 2 : ittapi_config_apply_per_lib :  ITTAPI function not implemented: __itt_model_task_end_2
29556 : 0xba2a8529ca4a : 2 : ittapi_config_apply_per_lib :  ITTAPI function not implemented: __itt_model_lock_acquire_2
29556 : 0xba2a8529d775 : 2 : ittapi_config_apply_per_lib :  ITTAPI function not implemented: __itt_model_lock_release_2
29556 : 0xba2a8529e40c : 2 : ittapi_config_apply_per_lib :  ITTAPI function not implemented: __itt_model_aggregate_task
29556 : 0xba2a8529f094 : 2 : ittapi_config_apply_per_lib :  ITTAPI function not implemented: __itt_model_disable_push
29556 : 0xba2a8529fd12 : 2 : ittapi_config_apply_per_lib :  ITTAPI function not implemented: __itt_model_disable_pop
29556 : 0xba2a852a088e : 2 : ittapi_config_apply_per_lib :  ITTAPI function instrumented: __itt_heap_function_create
29556 : 0xba2a852a13c2 : 2 : ittapi_config_apply_per_lib :  ITTAPI function instrumented: __itt_heap_allocate_begin
29556 : 0xba2a852a1e76 : 2 : ittapi_config_apply_per_lib :  ITTAPI function instrumented: __itt_heap_allocate_end
29556 : 0xba2a852a2928 : 2 : ittapi_config_apply_per_lib :  ITTAPI function instrumented: __itt_heap_free_begin
29556 : 0xba2a852a553c : 2 : ittapi_config_apply_per_lib :  ITTAPI function instrumented: __itt_heap_free_end
29556 : 0xba2a852a6245 : 2 : ittapi_config_apply_per_lib :  ITTAPI function instrumented: __itt_heap_reallocate_begin
29556 : 0xba2a852a6d44 : 2 : ittapi_config_apply_per_lib :  ITTAPI function instrumented: __itt_heap_reallocate_end
29556 : 0xba2a852a7ac4 : 2 : ittapi_config_apply_per_lib :  ITTAPI function not implemented: __itt_heap_internal_access_begin
29556 : 0xba2a852a8848 : 2 : ittapi_config_apply_per_lib :  ITTAPI function not implemented: __itt_heap_internal_access_end
29556 : 0xba2a852a9543 : 2 : ittapi_config_apply_per_lib :  ITTAPI function not implemented: __itt_heap_record_memory_growth_begin
29556 : 0xba2a852aa20b : 2 : ittapi_config_apply_per_lib :  ITTAPI function not implemented: __itt_heap_record_memory_growth_end
29556 : 0xba2a852aaec2 : 2 : ittapi_config_apply_per_lib :  ITTAPI function not implemented: __itt_heap_reset_detection
29556 : 0xba2a852abb69 : 2 : ittapi_config_apply_per_lib :  ITTAPI function not implemented: __itt_heap_record
29556 : 0xba2a852ac7af : 2 : ittapi_config_apply_per_lib :  ITTAPI function not implemented: __itt_id_create
29556 : 0xba2a852b138d : 2 : ittapi_config_apply_per_lib :  ITTAPI function not implemented: __itt_id_destroy
29556 : 0xba2a852b221d : 2 : ittapi_config_apply_per_lib :  ITTAPI function instrumented: __itt_get_timestamp
29556 : 0xba2a852b2e51 : 2 : ittapi_config_apply_per_lib :  ITTAPI function not implemented: __itt_region_begin
29556 : 0xba2a852b3a71 : 2 : ittapi_config_apply_per_lib :  ITTAPI function not implemented: __itt_region_end
29556 : 0xba2a852b45d4 : 2 : ittapi_config_apply_per_lib :  ITTAPI function instrumented: __itt_frame_begin_v3
29556 : 0xba2a852b5117 : 2 : ittapi_config_apply_per_lib :  ITTAPI function instrumented: __itt_frame_end_v3
29556 : 0xba2a852b5c44 : 2 : ittapi_config_apply_per_lib :  ITTAPI function instrumented: __itt_frame_submit_v3
29556 : 0xba2a852b6484 : 2 : ittapi_config_apply_per_lib :  ITTAPI function NOT instrumented (not matched by --itt-config option): __itt_task_group

29556 : 0xba2a852b6d7d : 2 : ittapi_config_apply_per_lib :  ITTAPI function NOT instrumented (not matched by --itt-config option): __itt_task_begin

29556 : 0xba2a852b76ca : 2 : ittapi_config_apply_per_lib :  ITTAPI function NOT instrumented (not matched by --itt-config option): __itt_task_begin_fn

29556 : 0xba2a852ba0bf : 2 : ittapi_config_apply_per_lib :  ITTAPI function NOT instrumented (not matched by --itt-config option): __itt_task_end

29556 : 0xba2a852bab6c : 2 : ittapi_config_apply_per_lib :  ITTAPI function NOT instrumented (not matched by --itt-config option): __itt_counter_inc_v3

29556 : 0xba2a852bb47f : 2 : ittapi_config_apply_per_lib :  ITTAPI function NOT instrumented (not matched by --itt-config option): __itt_counter_inc_delta_v3

29556 : 0xba2a852bc25e : 2 : ittapi_config_apply_per_lib :  ITTAPI function not implemented: __itt_marker
29556 : 0xba2a852bced0 : 2 : ittapi_config_apply_per_lib :  ITTAPI function instrumented: __itt_metadata_add
29556 : 0xba2a852bdbc5 : 2 : ittapi_config_apply_per_lib :  ITTAPI function not implemented: __itt_metadata_str_add
29556 : 0xba2a852be906 : 2 : ittapi_config_apply_per_lib :  ITTAPI function not implemented: __itt_relation_add_to_current
29556 : 0xba2a852bf58e : 2 : ittapi_config_apply_per_lib :  ITTAPI function not implemented: __itt_relation_add
29556 : 0xba2a852c00dc : 2 : ittapi_config_apply_per_lib :  ITTAPI function instrumented: __itt_event_create
29556 : 0xba2a852c0915 : 2 : ittapi_config_apply_per_lib :  ITTAPI function NOT instrumented (not matched by --itt-config option): __itt_event_start

29556 : 0xba2a852c316b : 2 : ittapi_config_apply_per_lib :  ITTAPI function NOT instrumented (not matched by --itt-config option): __itt_event_end

29556 : 0xba2a852c3b9d : 2 : ittapi_config_apply_per_lib :  ITTAPI function NOT instrumented (not matched by --itt-config option): __itt_sync_set_name

29556 : 0xba2a852c443b : 2 : ittapi_config_apply_per_lib :  ITTAPI function NOT instrumented (not matched by --itt-config option): __itt_notify_sync_name

29556 : 0xba2a852c4cc7 : 2 : ittapi_config_apply_per_lib :  ITTAPI function NOT instrumented (not matched by --itt-config option): __itt_notify_sync_prepare

29556 : 0xba2a852c555f : 2 : ittapi_config_apply_per_lib :  ITTAPI function NOT instrumented (not matched by --itt-config option): __itt_notify_sync_cancel

29556 : 0xba2a852c5de0 : 2 : ittapi_config_apply_per_lib :  ITTAPI function NOT instrumented (not matched by --itt-config option): __itt_notify_sync_acquired

29556 : 0xba2a852c666c : 2 : ittapi_config_apply_per_lib :  ITTAPI function NOT instrumented (not matched by --itt-config option): __itt_notify_sync_releasing

29556 : 0xba2a852c7418 : 2 : ittapi_config_apply_per_lib :  ITTAPI function not implemented: __itt_memory_read
29556 : 0xba2a852c80cc : 2 : ittapi_config_apply_per_lib :  ITTAPI function not implemented: __itt_memory_write
29556 : 0xba2a852c8e24 : 2 : ittapi_config_apply_per_lib :  ITTAPI function not implemented: __itt_memory_update
29556 : 0xba2a852cbb95 : 2 : ittapi_config_apply_per_lib :  ITTAPI function not implemented: __itt_state_get
29556 : 0xba2a852cc9c3 : 2 : ittapi_config_apply_per_lib :  ITTAPI function not implemented: __itt_state_set
29556 : 0xba2a852cd62d : 2 : ittapi_config_apply_per_lib :  ITTAPI function not implemented: __itt_obj_mode_set
29556 : 0xba2a852ce28d : 2 : ittapi_config_apply_per_lib :  ITTAPI function not implemented: __itt_thr_mode_set
29556 : 0xba2a852ced8a : 2 : ittapi_config_apply_per_lib :  ITTAPI function instrumented: __itt_frame_create
29556 : 0xba2a852cf877 : 2 : ittapi_config_apply_per_lib :  ITTAPI function instrumented: __itt_frame_begin
29556 : 0xba2a852d02f2 : 2 : ittapi_config_apply_per_lib :  ITTAPI function instrumented: __itt_frame_end
29556 : 0xba2a852d0d9a : 2 : ittapi_config_apply_per_lib :  ITTAPI function instrumented: __itt_counter_create
29556 : 0xba2a852d15ed : 2 : ittapi_config_apply_per_lib :  ITTAPI function NOT instrumented (not matched by --itt-config option): __itt_counter_destroy

29556 : 0xba2a852d1e88 : 2 : ittapi_config_apply_per_lib :  ITTAPI function NOT instrumented (not matched by --itt-config option): __itt_counter_inc

29556 : 0xba2a852d5524 : 2 : ittapi_config_apply_per_lib :  ITTAPI function NOT instrumented (not matched by --itt-config option): __itt_counter_inc_delta

29556 : 0xba2a852d6565 : 2 : ittapi_config_apply_per_lib :  ITTAPI function not implemented: __itt_mark_create
29556 : 0xba2a852d725e : 2 : ittapi_config_apply_per_lib :  ITTAPI function not implemented: __itt_mark
29556 : 0xba2a852d7fa4 : 2 : ittapi_config_apply_per_lib :  ITTAPI function not implemented: __itt_mark_off
29556 : 0xba2a852d8c1b : 2 : ittapi_config_apply_per_lib :  ITTAPI function not implemented: __itt_mark_global
29556 : 0xba2a852d9933 : 2 : ittapi_config_apply_per_lib :  ITTAPI function not implemented: __itt_mark_global_off
29556 : 0xba2a852da608 : 2 : ittapi_config_apply_per_lib :  ITTAPI function instrumented: __itt_stack_caller_create
29556 : 0xba2a852db164 : 2 : ittapi_config_apply_per_lib :  ITTAPI function instrumented: __itt_stack_caller_destroy
29556 : 0xba2a852dbc33 : 2 : ittapi_config_apply_per_lib :  ITTAPI function instrumented: __itt_stack_callee_enter
29556 : 0xba2a852dc6f6 : 2 : ittapi_config_apply_per_lib :  ITTAPI function instrumented: __itt_stack_callee_leave
29556 : 0xba2a852df595 : 2 : ittapi_config_apply_per_lib :  ITTAPI function not implemented: __itt_clock_domain_create
29556 : 0xba2a852e0522 : 2 : ittapi_config_apply_per_lib :  ITTAPI function not implemented: __itt_clock_domain_reset
29556 : 0xba2a852e119a : 2 : ittapi_config_apply_per_lib :  ITTAPI function not implemented: __itt_id_create_ex
29556 : 0xba2a852e1eae : 2 : ittapi_config_apply_per_lib :  ITTAPI function not implemented: __itt_id_destroy_ex
29556 : 0xba2a852e2736 : 2 : ittapi_config_apply_per_lib :  ITTAPI function NOT instrumented (not matched by --itt-config option): __itt_task_begin_ex

29556 : 0xba2a852e2fd8 : 2 : ittapi_config_apply_per_lib :  ITTAPI function NOT instrumented (not matched by --itt-config option): __itt_task_begin_fn_ex

29556 : 0xba2a852e38a6 : 2 : ittapi_config_apply_per_lib :  ITTAPI function NOT instrumented (not matched by --itt-config option): __itt_task_end_ex

29556 : 0xba2a852e4107 : 2 : ittapi_config_apply_per_lib :  ITTAPI function NOT instrumented (not matched by --itt-config option): __itt_task_begin_overlapped

29556 : 0xba2a852e4976 : 2 : ittapi_config_apply_per_lib :  ITTAPI function NOT instrumented (not matched by --itt-config option): __itt_task_begin_overlapped_ex

29556 : 0xba2a852e51ad : 2 : ittapi_config_apply_per_lib :  ITTAPI function NOT instrumented (not matched by --itt-config option): __itt_task_end_overlapped

29556 : 0xba2a852e79da : 2 : ittapi_config_apply_per_lib :  ITTAPI function NOT instrumented (not matched by --itt-config option): __itt_task_end_overlapped_ex

29556 : 0xba2a852e8a11 : 2 : ittapi_config_apply_per_lib :  ITTAPI function not implemented: __itt_marker_ex
29556 : 0xba2a852e979d : 2 : ittapi_config_apply_per_lib :  ITTAPI function not implemented: __itt_metadata_add_with_scope
29556 : 0xba2a852ea4cd : 2 : ittapi_config_apply_per_lib :  ITTAPI function not implemented: __itt_metadata_str_add_with_scope
29556 : 0xba2a852eb22a : 2 : ittapi_config_apply_per_lib :  ITTAPI function not implemented: __itt_relation_add_to_current_ex
29556 : 0xba2a852ebed0 : 2 : ittapi_config_apply_per_lib :  ITTAPI function not implemented: __itt_relation_add_ex
29556 : 0xba2a852ecbae : 2 : ittapi_config_apply_per_lib :  ITTAPI function not implemented: __itt_track_group_create
29556 : 0xba2a852ed813 : 2 : ittapi_config_apply_per_lib :  ITTAPI function not implemented: __itt_track_create
29556 : 0xba2a852ee469 : 2 : ittapi_config_apply_per_lib :  ITTAPI function not implemented: __itt_set_track
29556 : 0xba2a852eefc1 : 2 : ittapi_config_apply_per_lib :  ITTAPI function instrumented: __itt_api_version
29556 : 0xba2a852f2c2b : 2 : ittapi_config_apply_per_lib :  ITTAPI function not implemented: __itt_av_save